[ 2012-11-25T09:15:20+08:00 ] 127.0.0.1 /blog/
INFO: [ app_begin ] --START--
INFO: Run ReadHtmlCache Behavior [ RunTime:0.049248s ]
INFO: [ app_begin ] --END-- [ RunTime:0.059200s ]

[ 2012-11-25T09:15:21+08:00 ] 127.0.0.1 /blog/Login/login
INFO: [ route_check ] --START--
INFO: Run CheckRoute Behavior [ RunTime:0.026095s ]
INFO: [ route_check ] --END-- [ RunTime:0.026452s ]
INFO: [ app_begin ] --START--
INFO: Run ReadHtmlCache Behavior [ RunTime:-0.001789s ]
INFO: [ app_begin ] --END-- [ RunTime:0.001998s ]
INFO: [ view_template ] --START--
INFO: Run LocationTemplate Behavior [ RunTime:-0.084737s ]
INFO: [ view_template ] --END-- [ RunTime:0.107466s ]
INFO: [ view_parse ] --START--
INFO: Run ParseTemplate Behavior [ RunTime:-0.192884s ]
INFO: [ view_parse ] --END-- [ RunTime:0.264679s ]
INFO: [ view_filter ] --START--
INFO: Run ContentReplace Behavior [ RunTime:-0.457491s ]
INFO: Run TokenBuild Behavior [ RunTime:-0.497938s ]
INFO: Run WriteHtmlCache Behavior [ RunTime:-0.553089s ]
INFO: Run ShowRuntime Behavior [ RunTime:-0.555710s ]
INFO: [ view_filter ] --END-- [ RunTime:0.142449s ]
INFO: [ view_end ] --START--
INFO: Run ShowPageTrace Behavior [ RunTime:-0.600641s ]
INFO: [ view_end ] --END-- [ RunTime:0.051092s ]

[ 2012-11-25T09:15:22+08:00 ] ERR: (ThinkException) 无法加载模块:Tpl
[ 2012-11-25T09:15:29+08:00 ] 127.0.0.1 /blog/Login/loginCheck
INFO: [ route_check ] --START--
INFO: Run CheckRoute Behavior [ RunTime:0.001721s ]
INFO: [ route_check ] --END-- [ RunTime:0.002196s ]
INFO: [ app_begin ] --START--
INFO: Run ReadHtmlCache Behavior [ RunTime:-0.002057s ]
INFO: [ app_begin ] --END-- [ RunTime:0.001644s ]
SQL: SHOW COLUMNS FROM `blog_user` [ RunTime:0.134280s ]
SQL: SELECT * FROM `blog_user` WHERE ( `name` = 'hlr' )  [ RunTime:0.002088s ]

[ 2012-11-25T09:15:29+08:00 ] 127.0.0.1 /blog/Home/home
INFO: [ route_check ] --START--
INFO: Run CheckRoute Behavior [ RunTime:0.001410s ]
INFO: [ route_check ] --END-- [ RunTime:0.001762s ]
INFO: [ app_begin ] --START--
INFO: Run ReadHtmlCache Behavior [ RunTime:-0.001685s ]
INFO: [ app_begin ] --END-- [ RunTime:0.001546s ]
INFO: [ view_template ] --START--
INFO: Run LocationTemplate Behavior [ RunTime:-0.054899s ]
INFO: [ view_template ] --END-- [ RunTime:0.001940s ]
INFO: [ view_parse ] --START--
NOTIC: [8] Undefined variable: home_self_text E:\workspace\webApplication\blog\Runtime\Cache\7e66580c47f9b1911a04bb9d9c96d7a2.php 第 32 行.
NOTIC: [8] Undefined variable: home_self_pic E:\workspace\webApplication\blog\Runtime\Cache\7e66580c47f9b1911a04bb9d9c96d7a2.php 第 34 行.
NOTIC: [8] Undefined variable: home_self_music E:\workspace\webApplication\blog\Runtime\Cache\7e66580c47f9b1911a04bb9d9c96d7a2.php 第 36 行.
NOTIC: [8] Undefined variable: home_self_video E:\workspace\webApplication\blog\Runtime\Cache\7e66580c47f9b1911a04bb9d9c96d7a2.php 第 38 行.
INFO: Run ParseTemplate Behavior [ RunTime:-0.057030s ]
INFO: [ view_parse ] --END-- [ RunTime:0.017019s ]
INFO: [ view_filter ] --START--
INFO: Run ContentReplace Behavior [ RunTime:-0.074230s ]
INFO: Run TokenBuild Behavior [ RunTime:-0.074942s ]
INFO: Run WriteHtmlCache Behavior [ RunTime:-0.075704s ]
INFO: Run ShowRuntime Behavior [ RunTime:-0.076196s ]
INFO: [ view_filter ] --END-- [ RunTime:0.003104s ]
INFO: [ view_end ] --START--
INFO: Run ShowPageTrace Behavior [ RunTime:-0.077638s ]
INFO: [ view_end ] --END-- [ RunTime:0.001035s ]

[ 2012-11-25T09:15:30+08:00 ] 127.0.0.1 /blog/Home/loadFeed
INFO: [ route_check ] --START--
INFO: Run CheckRoute Behavior [ RunTime:0.001292s ]
INFO: [ route_check ] --END-- [ RunTime:0.001605s ]
INFO: [ app_begin ] --START--
INFO: Run ReadHtmlCache Behavior [ RunTime:-0.001193s ]
INFO: [ app_begin ] --END-- [ RunTime:0.001635s ]

[ 2012-11-25T09:33:30+08:00 ] 127.0.0.1 /blog/Home/home
INFO: [ route_check ] --START--
INFO: Run CheckRoute Behavior [ RunTime:0.002467s ]
INFO: [ route_check ] --END-- [ RunTime:0.003687s ]
INFO: [ app_begin ] --START--
INFO: Run ReadHtmlCache Behavior [ RunTime:-0.002545s ]
INFO: [ app_begin ] --END-- [ RunTime:0.001679s ]
INFO: [ view_template ] --START--
INFO: Run LocationTemplate Behavior [ RunTime:-0.007812s ]
INFO: [ view_template ] --END-- [ RunTime:0.001436s ]
INFO: [ view_parse ] --START--
INFO: Run ParseTemplate Behavior [ RunTime:-0.009454s ]
INFO: [ view_parse ] --END-- [ RunTime:0.049288s ]
INFO: [ view_filter ] --START--
INFO: Run ContentReplace Behavior [ RunTime:-0.059136s ]
INFO: Run TokenBuild Behavior [ RunTime:-0.060689s ]
INFO: Run WriteHtmlCache Behavior [ RunTime:-0.062116s ]
INFO: Run ShowRuntime Behavior [ RunTime:-0.063094s ]
INFO: [ view_filter ] --END-- [ RunTime:0.005530s ]
INFO: [ view_end ] --START--
INFO: Run ShowPageTrace Behavior [ RunTime:-0.064878s ]
INFO: [ view_end ] --END-- [ RunTime:0.001735s ]

[ 2012-11-25T09:33:31+08:00 ] 127.0.0.1 /blog/Home/loadFeed
INFO: [ route_check ] --START--
INFO: Run CheckRoute Behavior [ RunTime:0.002638s ]
INFO: [ route_check ] --END-- [ RunTime:0.003212s ]
INFO: [ app_begin ] --START--
INFO: Run ReadHtmlCache Behavior [ RunTime:-0.003210s ]
INFO: [ app_begin ] --END-- [ RunTime:0.002299s ]

[ 2012-11-25T09:33:51+08:00 ] 127.0.0.1 /blog/Home/home
INFO: [ route_check ] --START--
INFO: Run CheckRoute Behavior [ RunTime:0.002221s ]
INFO: [ route_check ] --END-- [ RunTime:0.002666s ]
INFO: [ app_begin ] --START--
INFO: Run ReadHtmlCache Behavior [ RunTime:-0.002505s ]
INFO: [ app_begin ] --END-- [ RunTime:0.002497s ]
INFO: [ view_template ] --START--
INFO: Run LocationTemplate Behavior [ RunTime:-0.009404s ]
INFO: [ view_template ] --END-- [ RunTime:0.002140s ]
INFO: [ view_parse ] --START--
INFO: Run ParseTemplate Behavior [ RunTime:-0.011868s ]
INFO: [ view_parse ] --END-- [ RunTime:0.022790s ]
INFO: [ view_filter ] --START--
INFO: Run ContentReplace Behavior [ RunTime:-0.034986s ]
INFO: Run TokenBuild Behavior [ RunTime:-0.036557s ]
INFO: Run WriteHtmlCache Behavior [ RunTime:-0.037703s ]
INFO: Run ShowRuntime Behavior [ RunTime:-0.038676s ]
INFO: [ view_filter ] --END-- [ RunTime:0.005621s ]
INFO: [ view_end ] --START--
INFO: Run ShowPageTrace Behavior [ RunTime:-0.041061s ]
INFO: [ view_end ] --END-- [ RunTime:0.001856s ]

[ 2012-11-25T09:33:55+08:00 ] 127.0.0.1 /blog/Home/loadFeed
INFO: [ route_check ] --START--
INFO: Run CheckRoute Behavior [ RunTime:0.001502s ]
INFO: [ route_check ] --END-- [ RunTime:0.001843s ]
INFO: [ app_begin ] --START--
INFO: Run ReadHtmlCache Behavior [ RunTime:-0.001208s ]
INFO: [ app_begin ] --END-- [ RunTime:0.001045s ]

[ 2012-11-25T09:36:43+08:00 ] 127.0.0.1 /blog/Home/home
INFO: [ route_check ] --START--
INFO: Run CheckRoute Behavior [ RunTime:0.001735s ]
INFO: [ route_check ] --END-- [ RunTime:0.002132s ]
INFO: [ app_begin ] --START--
INFO: Run ReadHtmlCache Behavior [ RunTime:-0.002230s ]
INFO: [ app_begin ] --END-- [ RunTime:0.002208s ]
INFO: [ view_template ] --START--
INFO: Run LocationTemplate Behavior [ RunTime:-0.008168s ]
INFO: [ view_template ] --END-- [ RunTime:0.002562s ]
INFO: [ view_parse ] --START--
INFO: Run ParseTemplate Behavior [ RunTime:-0.010926s ]
INFO: [ view_parse ] --END-- [ RunTime:0.019997s ]
INFO: [ view_filter ] --START--
INFO: Run ContentReplace Behavior [ RunTime:-0.031312s ]
INFO: Run TokenBuild Behavior [ RunTime:-0.033214s ]
INFO: Run WriteHtmlCache Behavior [ RunTime:-0.034845s ]
INFO: Run ShowRuntime Behavior [ RunTime:-0.036305s ]
INFO: [ view_filter ] --END-- [ RunTime:0.007155s ]
INFO: [ view_end ] --START--
INFO: Run ShowPageTrace Behavior [ RunTime:-0.038839s ]
INFO: [ view_end ] --END-- [ RunTime:0.001578s ]

[ 2012-11-25T09:36:45+08:00 ] 127.0.0.1 /blog/Home/loadFeed
INFO: [ route_check ] --START--
INFO: Run CheckRoute Behavior [ RunTime:0.001160s ]
INFO: [ route_check ] --END-- [ RunTime:0.001467s ]
INFO: [ app_begin ] --START--
INFO: Run ReadHtmlCache Behavior [ RunTime:-0.001168s ]
INFO: [ app_begin ] --END-- [ RunTime:0.001518s ]

[ 2012-11-25T09:37:08+08:00 ] 127.0.0.1 /blog/Home/home
INFO: [ route_check ] --START--
INFO: Run CheckRoute Behavior [ RunTime:0.001455s ]
INFO: [ route_check ] --END-- [ RunTime:0.001755s ]
INFO: [ app_begin ] --START--
INFO: Run ReadHtmlCache Behavior [ RunTime:-0.001482s ]
INFO: [ app_begin ] --END-- [ RunTime:0.001168s ]
INFO: [ view_template ] --START--
INFO: Run LocationTemplate Behavior [ RunTime:-0.005268s ]
INFO: [ view_template ] --END-- [ RunTime:0.001369s ]
INFO: [ view_parse ] --START--
INFO: Run ParseTemplate Behavior [ RunTime:-0.006884s ]
INFO: [ view_parse ] --END-- [ RunTime:0.016316s ]
INFO: [ view_filter ] --START--
INFO: Run ContentReplace Behavior [ RunTime:-0.023402s ]
INFO: Run TokenBuild Behavior [ RunTime:-0.024464s ]
INFO: Run WriteHtmlCache Behavior [ RunTime:-0.025449s ]
INFO: Run ShowRuntime Behavior [ RunTime:-0.026107s ]
INFO: [ view_filter ] --END-- [ RunTime:0.004062s ]
INFO: [ view_end ] --START--
INFO: Run ShowPageTrace Behavior [ RunTime:-0.027838s ]
INFO: [ view_end ] --END-- [ RunTime:0.001320s ]

[ 2012-11-25T09:37:11+08:00 ] 127.0.0.1 /blog/Home/loadFeed
INFO: [ route_check ] --START--
INFO: Run CheckRoute Behavior [ RunTime:0.002186s ]
INFO: [ route_check ] --END-- [ RunTime:0.002759s ]
INFO: [ app_begin ] --START--
INFO: Run ReadHtmlCache Behavior [ RunTime:-0.002434s ]
INFO: [ app_begin ] --END-- [ RunTime:0.001473s ]

[ 2012-11-25T09:40:53+08:00 ] 127.0.0.1 /blog/Home/home
INFO: [ route_check ] --START--
INFO: Run CheckRoute Behavior [ RunTime:0.001707s ]
INFO: [ route_check ] --END-- [ RunTime:0.002056s ]
INFO: [ app_begin ] --START--
INFO: Run ReadHtmlCache Behavior [ RunTime:-0.001624s ]
INFO: [ app_begin ] --END-- [ RunTime:0.001176s ]
INFO: [ view_template ] --START--
INFO: Run LocationTemplate Behavior [ RunTime:-0.005415s ]
INFO: [ view_template ] --END-- [ RunTime:0.001319s ]
INFO: [ view_parse ] --START--
INFO: Run ParseTemplate Behavior [ RunTime:-0.006935s ]
INFO: [ view_parse ] --END-- [ RunTime:0.016045s ]
INFO: [ view_filter ] --START--
INFO: Run ContentReplace Behavior [ RunTime:-0.023182s ]
INFO: Run TokenBuild Behavior [ RunTime:-0.024274s ]
INFO: Run WriteHtmlCache Behavior [ RunTime:-0.025186s ]
INFO: Run ShowRuntime Behavior [ RunTime:-0.025814s ]
INFO: [ view_filter ] --END-- [ RunTime:0.004205s ]
INFO: [ view_end ] --START--
INFO: Run ShowPageTrace Behavior [ RunTime:-0.027920s ]
INFO: [ view_end ] --END-- [ RunTime:0.001367s ]

[ 2012-11-25T09:40:56+08:00 ] 127.0.0.1 /blog/Home/loadFeed
INFO: [ route_check ] --START--
INFO: Run CheckRoute Behavior [ RunTime:0.001001s ]
INFO: [ route_check ] --END-- [ RunTime:0.001248s ]
INFO: [ app_begin ] --START--
INFO: Run ReadHtmlCache Behavior [ RunTime:-0.001147s ]
INFO: [ app_begin ] --END-- [ RunTime:0.001036s ]

[ 2012-11-25T09:58:09+08:00 ] 127.0.0.1 /blog/Home/home
INFO: [ route_check ] --START--
INFO: Run CheckRoute Behavior [ RunTime:0.006947s ]
INFO: [ route_check ] --END-- [ RunTime:0.007290s ]
INFO: [ app_begin ] --START--
INFO: Run ReadHtmlCache Behavior [ RunTime:-0.002601s ]
INFO: [ app_begin ] --END-- [ RunTime:0.015246s ]
INFO: [ view_template ] --START--
INFO: Run LocationTemplate Behavior [ RunTime:-0.035184s ]
INFO: [ view_template ] --END-- [ RunTime:0.014700s ]
INFO: [ view_parse ] --START--
INFO: Run ParseTemplate Behavior [ RunTime:-0.050152s ]
INFO: [ view_parse ] --END-- [ RunTime:0.034570s ]
INFO: [ view_filter ] --START--
INFO: Run ContentReplace Behavior [ RunTime:-0.084971s ]
INFO: Run TokenBuild Behavior [ RunTime:-0.087433s ]
INFO: Run WriteHtmlCache Behavior [ RunTime:-0.095358s ]
INFO: Run ShowRuntime Behavior [ RunTime:-0.097141s ]
INFO: [ view_filter ] --END-- [ RunTime:0.014392s ]
INFO: [ view_end ] --START--
INFO: Run ShowPageTrace Behavior [ RunTime:-0.099814s ]
INFO: [ view_end ] --END-- [ RunTime:0.013967s ]

[ 2012-11-25T09:58:11+08:00 ] 127.0.0.1 /blog/Home/loadFeed
INFO: [ route_check ] --START--
INFO: Run CheckRoute Behavior [ RunTime:0.002090s ]
INFO: [ route_check ] --END-- [ RunTime:0.002650s ]
INFO: [ app_begin ] --START--
INFO: Run ReadHtmlCache Behavior [ RunTime:-0.002140s ]
INFO: [ app_begin ] --END-- [ RunTime:0.002081s ]
NOTIC: [8] Undefined index: hot_point E:\workspace\webApplication\blog\Lib\ViewTpl\TplHomePage.class.php 第 73 行.
NOTIC: [8] Undefined index: hot_point E:\workspace\webApplication\blog\Lib\ViewTpl\TplHomePage.class.php 第 73 行.

[ 2012-11-25T09:58:21+08:00 ] 127.0.0.1 /blog/Home/home
INFO: [ route_check ] --START--
INFO: Run CheckRoute Behavior [ RunTime:0.001880s ]
INFO: [ route_check ] --END-- [ RunTime:0.002381s ]
INFO: [ app_begin ] --START--
INFO: Run ReadHtmlCache Behavior [ RunTime:-0.001630s ]
INFO: [ app_begin ] --END-- [ RunTime:0.001551s ]
INFO: [ view_template ] --START--
INFO: Run LocationTemplate Behavior [ RunTime:-0.006110s ]
INFO: [ view_template ] --END-- [ RunTime:0.001507s ]
INFO: [ view_parse ] --START--
INFO: Run ParseTemplate Behavior [ RunTime:-0.007834s ]
INFO: [ view_parse ] --END-- [ RunTime:0.019338s ]
INFO: [ view_filter ] --START--
INFO: Run ContentReplace Behavior [ RunTime:-0.027369s ]
INFO: Run TokenBuild Behavior [ RunTime:-0.028433s ]
INFO: Run WriteHtmlCache Behavior [ RunTime:-0.029451s ]
INFO: Run ShowRuntime Behavior [ RunTime:-0.030285s ]
INFO: [ view_filter ] --END-- [ RunTime:0.005029s ]
INFO: [ view_end ] --START--
INFO: Run ShowPageTrace Behavior [ RunTime:-0.032743s ]
INFO: [ view_end ] --END-- [ RunTime:0.001434s ]

[ 2012-11-25T09:58:24+08:00 ] 127.0.0.1 /blog/Home/loadFeed
INFO: [ route_check ] --START--
INFO: Run CheckRoute Behavior [ RunTime:0.002345s ]
INFO: [ route_check ] --END-- [ RunTime:0.002790s ]
INFO: [ app_begin ] --START--
INFO: Run ReadHtmlCache Behavior [ RunTime:-0.002149s ]
INFO: [ app_begin ] --END-- [ RunTime:0.002097s ]
NOTIC: [8] Undefined index: hot_point E:\workspace\webApplication\blog\Lib\ViewTpl\TplHomePage.class.php 第 73 行.
NOTIC: [8] Undefined index: hot_point E:\workspace\webApplication\blog\Lib\ViewTpl\TplHomePage.class.php 第 73 行.

[ 2012-11-25T09:58:46+08:00 ] 127.0.0.1 /blog/Home/home
INFO: [ route_check ] --START--
INFO: Run CheckRoute Behavior [ RunTime:0.001299s ]
INFO: [ route_check ] --END-- [ RunTime:0.001668s ]
INFO: [ app_begin ] --START--
INFO: Run ReadHtmlCache Behavior [ RunTime:-0.001212s ]
INFO: [ app_begin ] --END-- [ RunTime:0.001078s ]
INFO: [ view_template ] --START--
INFO: Run LocationTemplate Behavior [ RunTime:-0.005032s ]
INFO: [ view_template ] --END-- [ RunTime:0.001402s ]
INFO: [ view_parse ] --START--
INFO: Run ParseTemplate Behavior [ RunTime:-0.006853s ]
INFO: [ view_parse ] --END-- [ RunTime:0.016181s ]
INFO: [ view_filter ] --START--
INFO: Run ContentReplace Behavior [ RunTime:-0.023135s ]
INFO: Run TokenBuild Behavior [ RunTime:-0.024035s ]
INFO: Run WriteHtmlCache Behavior [ RunTime:-0.024837s ]
INFO: Run ShowRuntime Behavior [ RunTime:-0.025327s ]
INFO: [ view_filter ] --END-- [ RunTime:0.003303s ]
INFO: [ view_end ] --START--
INFO: Run ShowPageTrace Behavior [ RunTime:-0.026798s ]
INFO: [ view_end ] --END-- [ RunTime:0.001713s ]

[ 2012-11-25T09:58:50+08:00 ] 127.0.0.1 /blog/Home/loadFeed
INFO: [ route_check ] --START--
INFO: Run CheckRoute Behavior [ RunTime:0.001033s ]
INFO: [ route_check ] --END-- [ RunTime:0.001307s ]
INFO: [ app_begin ] --START--
INFO: Run ReadHtmlCache Behavior [ RunTime:-0.001089s ]
INFO: [ app_begin ] --END-- [ RunTime:0.001090s ]
NOTIC: [8] Undefined index: hot_point E:\workspace\webApplication\blog\Lib\ViewTpl\TplHomePage.class.php 第 73 行.
NOTIC: [8] Undefined index: hot_point E:\workspace\webApplication\blog\Lib\ViewTpl\TplHomePage.class.php 第 73 行.

[ 2012-11-25T10:24:09+08:00 ] 127.0.0.1 /blog/Home/home
INFO: [ route_check ] --START--
INFO: Run CheckRoute Behavior [ RunTime:0.001845s ]
INFO: [ route_check ] --END-- [ RunTime:0.002259s ]
INFO: [ app_begin ] --START--
INFO: Run ReadHtmlCache Behavior [ RunTime:-0.002098s ]
INFO: [ app_begin ] --END-- [ RunTime:0.001310s ]
INFO: [ view_template ] --START--
INFO: Run LocationTemplate Behavior [ RunTime:-0.006826s ]
INFO: [ view_template ] --END-- [ RunTime:0.001547s ]
INFO: [ view_parse ] --START--
INFO: Run ParseTemplate Behavior [ RunTime:-0.008609s ]
INFO: [ view_parse ] --END-- [ RunTime:0.017016s ]
INFO: [ view_filter ] --START--
INFO: Run ContentReplace Behavior [ RunTime:-0.025780s ]
INFO: Run TokenBuild Behavior [ RunTime:-0.026771s ]
INFO: Run WriteHtmlCache Behavior [ RunTime:-0.027715s ]
INFO: Run ShowRuntime Behavior [ RunTime:-0.028352s ]
INFO: [ view_filter ] --END-- [ RunTime:0.003833s ]
INFO: [ view_end ] --START--
INFO: Run ShowPageTrace Behavior [ RunTime:-0.029925s ]
INFO: [ view_end ] --END-- [ RunTime:0.001189s ]

[ 2012-11-25T10:24:12+08:00 ] 127.0.0.1 /blog/Home/loadFeed
INFO: [ route_check ] --START--
INFO: Run CheckRoute Behavior [ RunTime:0.002259s ]
INFO: [ route_check ] --END-- [ RunTime:0.002846s ]
INFO: [ app_begin ] --START--
INFO: Run ReadHtmlCache Behavior [ RunTime:-0.002230s ]
INFO: [ app_begin ] --END-- [ RunTime:0.002027s ]
NOTIC: [8] Undefined index: hot_point E:\workspace\webApplication\blog\Lib\ViewTpl\TplHomePage.class.php 第 74 行.
NOTIC: [8] Undefined index: hot_point E:\workspace\webApplication\blog\Lib\ViewTpl\TplHomePage.class.php 第 74 行.

[ 2012-11-25T10:24:20+08:00 ] 127.0.0.1 /blog/Home/home
INFO: [ route_check ] --START--
INFO: Run CheckRoute Behavior [ RunTime:0.001062s ]
INFO: [ route_check ] --END-- [ RunTime:0.001334s ]
INFO: [ app_begin ] --START--
INFO: Run ReadHtmlCache Behavior [ RunTime:-0.001433s ]
INFO: [ app_begin ] --END-- [ RunTime:0.001360s ]
INFO: [ view_template ] --START--
INFO: Run LocationTemplate Behavior [ RunTime:-0.005045s ]
INFO: [ view_template ] --END-- [ RunTime:0.000957s ]
INFO: [ view_parse ] --START--
INFO: Run ParseTemplate Behavior [ RunTime:-0.006217s ]
INFO: [ view_parse ] --END-- [ RunTime:0.015956s ]
INFO: [ view_filter ] --START--
INFO: Run ContentReplace Behavior [ RunTime:-0.022356s ]
INFO: Run TokenBuild Behavior [ RunTime:-0.023241s ]
INFO: Run WriteHtmlCache Behavior [ RunTime:-0.024068s ]
INFO: Run ShowRuntime Behavior [ RunTime:-0.024602s ]
INFO: [ view_filter ] --END-- [ RunTime:0.003429s ]
INFO: [ view_end ] --START--
INFO: Run ShowPageTrace Behavior [ RunTime:-0.026123s ]
INFO: [ view_end ] --END-- [ RunTime:0.001079s ]

[ 2012-11-25T10:24:22+08:00 ] 127.0.0.1 /blog/Home/loadFeed
INFO: [ route_check ] --START--
INFO: Run CheckRoute Behavior [ RunTime:0.001852s ]
INFO: [ route_check ] --END-- [ RunTime:0.002293s ]
INFO: [ app_begin ] --START--
INFO: Run ReadHtmlCache Behavior [ RunTime:-0.001409s ]
INFO: [ app_begin ] --END-- [ RunTime:0.001331s ]
NOTIC: [8] Undefined index: hot_point E:\workspace\webApplication\blog\Lib\ViewTpl\TplHomePage.class.php 第 74 行.
NOTIC: [8] Undefined index: hot_point E:\workspace\webApplication\blog\Lib\ViewTpl\TplHomePage.class.php 第 74 行.

[ 2012-11-25T10:24:33+08:00 ] 127.0.0.1 /blog/Home/home
INFO: [ route_check ] --START--
INFO: Run CheckRoute Behavior [ RunTime:0.001439s ]
INFO: [ route_check ] --END-- [ RunTime:0.001714s ]
INFO: [ app_begin ] --START--
INFO: Run ReadHtmlCache Behavior [ RunTime:-0.001413s ]
INFO: [ app_begin ] --END-- [ RunTime:0.001181s ]
INFO: [ view_template ] --START--
INFO: Run LocationTemplate Behavior [ RunTime:-0.005252s ]
INFO: [ view_template ] --END-- [ RunTime:0.001333s ]
INFO: [ view_parse ] --START--
INFO: Run ParseTemplate Behavior [ RunTime:-0.006771s ]
INFO: [ view_parse ] --END-- [ RunTime:0.016039s ]
INFO: [ view_filter ] --START--
INFO: Run ContentReplace Behavior [ RunTime:-0.022987s ]
INFO: Run TokenBuild Behavior [ RunTime:-0.023982s ]
INFO: Run WriteHtmlCache Behavior [ RunTime:-0.024971s ]
INFO: Run ShowRuntime Behavior [ RunTime:-0.025604s ]
INFO: [ view_filter ] --END-- [ RunTime:0.003840s ]
INFO: [ view_end ] --START--
INFO: Run ShowPageTrace Behavior [ RunTime:-0.027130s ]
INFO: [ view_end ] --END-- [ RunTime:0.001142s ]

[ 2012-11-25T10:24:35+08:00 ] 127.0.0.1 /blog/Home/loadFeed
INFO: [ route_check ] --START--
INFO: Run CheckRoute Behavior [ RunTime:0.003088s ]
INFO: [ route_check ] --END-- [ RunTime:0.003772s ]
INFO: [ app_begin ] --START--
INFO: Run ReadHtmlCache Behavior [ RunTime:-0.003265s ]
INFO: [ app_begin ] --END-- [ RunTime:0.002052s ]
NOTIC: [8] Undefined index: hot_point E:\workspace\webApplication\blog\Lib\ViewTpl\TplHomePage.class.php 第 74 行.
NOTIC: [8] Undefined index: hot_point E:\workspace\webApplication\blog\Lib\ViewTpl\TplHomePage.class.php 第 74 行.

[ 2012-11-25T10:27:04+08:00 ] 127.0.0.1 /blog/Home/home
INFO: [ route_check ] --START--
INFO: Run CheckRoute Behavior [ RunTime:0.001583s ]
INFO: [ route_check ] --END-- [ RunTime:0.001912s ]
INFO: [ app_begin ] --START--
INFO: Run ReadHtmlCache Behavior [ RunTime:-0.001458s ]
INFO: [ app_begin ] --END-- [ RunTime:0.001251s ]
INFO: [ view_template ] --START--
INFO: Run LocationTemplate Behavior [ RunTime:-0.005450s ]
INFO: [ view_template ] --END-- [ RunTime:0.001438s ]
INFO: [ view_parse ] --START--
INFO: Run ParseTemplate Behavior [ RunTime:-0.007097s ]
INFO: [ view_parse ] --END-- [ RunTime:0.017997s ]
INFO: [ view_filter ] --START--
INFO: Run ContentReplace Behavior [ RunTime:-0.025335s ]
INFO: Run TokenBuild Behavior [ RunTime:-0.026436s ]
INFO: Run WriteHtmlCache Behavior [ RunTime:-0.027402s ]
INFO: Run ShowRuntime Behavior [ RunTime:-0.028036s ]
INFO: [ view_filter ] --END-- [ RunTime:0.004080s ]
INFO: [ view_end ] --START--
INFO: Run ShowPageTrace Behavior [ RunTime:-0.029999s ]
INFO: [ view_end ] --END-- [ RunTime:0.002010s ]

[ 2012-11-25T10:27:04+08:00 ] ERR: (ThinkException) 无法加载模块:Tpg
[ 2012-11-25T10:27:06+08:00 ] 127.0.0.1 /blog/Home/loadFeed
INFO: [ route_check ] --START--
INFO: Run CheckRoute Behavior [ RunTime:0.001725s ]
INFO: [ route_check ] --END-- [ RunTime:0.002056s ]
INFO: [ app_begin ] --START--
INFO: Run ReadHtmlCache Behavior [ RunTime:-0.001464s ]
INFO: [ app_begin ] --END-- [ RunTime:0.001730s ]
NOTIC: [8] Undefined index: hot_point E:\workspace\webApplication\blog\Lib\ViewTpl\TplHomePage.class.php 第 74 行.
NOTIC: [8] Undefined index: hot_point E:\workspace\webApplication\blog\Lib\ViewTpl\TplHomePage.class.php 第 74 行.

[ 2012-11-25T10:27:18+08:00 ] ERR: (ThinkException) 无法加载模块:Tpg
[ 2012-11-25T10:27:31+08:00 ] 127.0.0.1 /blog/Home/home
INFO: [ route_check ] --START--
INFO: Run CheckRoute Behavior [ RunTime:0.001235s ]
INFO: [ route_check ] --END-- [ RunTime:0.001585s ]
INFO: [ app_begin ] --START--
INFO: Run ReadHtmlCache Behavior [ RunTime:-0.001346s ]
INFO: [ app_begin ] --END-- [ RunTime:0.001241s ]
INFO: [ view_template ] --START--
INFO: Run LocationTemplate Behavior [ RunTime:-0.004951s ]
INFO: [ view_template ] --END-- [ RunTime:0.000986s ]
INFO: [ view_parse ] --START--
INFO: Run ParseTemplate Behavior [ RunTime:-0.006156s ]
INFO: [ view_parse ] --END-- [ RunTime:0.015569s ]
INFO: [ view_filter ] --START--
INFO: Run ContentReplace Behavior [ RunTime:-0.021990s ]
INFO: Run TokenBuild Behavior [ RunTime:-0.023120s ]
INFO: Run WriteHtmlCache Behavior [ RunTime:-0.024012s ]
INFO: Run ShowRuntime Behavior [ RunTime:-0.024545s ]
INFO: [ view_filter ] --END-- [ RunTime:0.003755s ]
INFO: [ view_end ] --START--
INFO: Run ShowPageTrace Behavior [ RunTime:-0.026065s ]
INFO: [ view_end ] --END-- [ RunTime:0.001071s ]

[ 2012-11-25T10:27:33+08:00 ] 127.0.0.1 /blog/Home/loadFeed
INFO: [ route_check ] --START--
INFO: Run CheckRoute Behavior [ RunTime:0.001196s ]
INFO: [ route_check ] --END-- [ RunTime:0.001646s ]
INFO: [ app_begin ] --START--
INFO: Run ReadHtmlCache Behavior [ RunTime:-0.001254s ]
INFO: [ app_begin ] --END-- [ RunTime:0.001074s ]
NOTIC: [8] Undefined index: hot_point E:\workspace\webApplication\blog\Lib\ViewTpl\TplHomePage.class.php 第 74 行.
NOTIC: [8] Undefined index: hot_point E:\workspace\webApplication\blog\Lib\ViewTpl\TplHomePage.class.php 第 74 行.

[ 2012-11-25T10:46:16+08:00 ] 127.0.0.1 /blog/
INFO: [ app_begin ] --START--
INFO: Run ReadHtmlCache Behavior [ RunTime:0.001113s ]
INFO: [ app_begin ] --END-- [ RunTime:0.001380s ]

[ 2012-11-25T10:46:16+08:00 ] 127.0.0.1 /blog/Login/login
INFO: [ route_check ] --START--
INFO: Run CheckRoute Behavior [ RunTime:0.001191s ]
INFO: [ route_check ] --END-- [ RunTime:0.001473s ]
INFO: [ app_begin ] --START--
INFO: Run ReadHtmlCache Behavior [ RunTime:-0.001285s ]
INFO: [ app_begin ] --END-- [ RunTime:0.001150s ]
INFO: [ view_template ] --START--
INFO: Run LocationTemplate Behavior [ RunTime:-0.069910s ]
INFO: [ view_template ] --END-- [ RunTime:0.045094s ]
INFO: [ view_parse ] --START--
INFO: Run ParseTemplate Behavior [ RunTime:-0.115373s ]
INFO: [ view_parse ] --END-- [ RunTime:0.072801s ]
INFO: [ view_filter ] --START--
INFO: Run ContentReplace Behavior [ RunTime:-0.188547s ]
INFO: Run TokenBuild Behavior [ RunTime:-0.190117s ]
INFO: Run WriteHtmlCache Behavior [ RunTime:-0.192010s ]
INFO: Run ShowRuntime Behavior [ RunTime:-0.193226s ]
INFO: [ view_filter ] --END-- [ RunTime:0.007110s ]
INFO: [ view_end ] --START--
INFO: Run ShowPageTrace Behavior [ RunTime:-0.196234s ]
INFO: [ view_end ] --END-- [ RunTime:0.002247s ]

[ 2012-11-25T10:46:17+08:00 ] ERR: (ThinkException) 无法加载模块:Tpl
[ 2012-11-25T10:46:22+08:00 ] 127.0.0.1 /blog/Login/loginCheck
INFO: [ route_check ] --START--
INFO: Run CheckRoute Behavior [ RunTime:0.001311s ]
INFO: [ route_check ] --END-- [ RunTime:0.001652s ]
INFO: [ app_begin ] --START--
INFO: Run ReadHtmlCache Behavior [ RunTime:-0.001536s ]
INFO: [ app_begin ] --END-- [ RunTime:0.001592s ]
SQL: SHOW COLUMNS FROM `blog_user` [ RunTime:0.160519s ]
SQL: SELECT * FROM `blog_user` WHERE ( `name` = 'hlr' )  [ RunTime:0.003351s ]

[ 2012-11-25T10:46:22+08:00 ] 127.0.0.1 /blog/Home/home
INFO: [ route_check ] --START--
INFO: Run CheckRoute Behavior [ RunTime:0.001089s ]
INFO: [ route_check ] --END-- [ RunTime:0.001366s ]
INFO: [ app_begin ] --START--
INFO: Run ReadHtmlCache Behavior [ RunTime:-0.001349s ]
INFO: [ app_begin ] --END-- [ RunTime:0.001116s ]
INFO: [ view_template ] --START--
INFO: Run LocationTemplate Behavior [ RunTime:-0.004886s ]
INFO: [ view_template ] --END-- [ RunTime:0.001234s ]
INFO: [ view_parse ] --START--
NOTIC: [8] Undefined variable: home_self_text E:\workspace\webApplication\blog\Runtime\Cache\7e66580c47f9b1911a04bb9d9c96d7a2.php 第 32 行.
NOTIC: [8] Undefined variable: home_self_pic E:\workspace\webApplication\blog\Runtime\Cache\7e66580c47f9b1911a04bb9d9c96d7a2.php 第 34 行.
NOTIC: [8] Undefined variable: home_self_music E:\workspace\webApplication\blog\Runtime\Cache\7e66580c47f9b1911a04bb9d9c96d7a2.php 第 36 行.
NOTIC: [8] Undefined variable: home_self_video E:\workspace\webApplication\blog\Runtime\Cache\7e66580c47f9b1911a04bb9d9c96d7a2.php 第 38 行.
INFO: Run ParseTemplate Behavior [ RunTime:-0.006334s ]
INFO: [ view_parse ] --END-- [ RunTime:0.034396s ]
INFO: [ view_filter ] --START--
INFO: Run ContentReplace Behavior [ RunTime:-0.040955s ]
INFO: Run TokenBuild Behavior [ RunTime:-0.041841s ]
INFO: Run WriteHtmlCache Behavior [ RunTime:-0.042986s ]
INFO: Run ShowRuntime Behavior [ RunTime:-0.043581s ]
INFO: [ view_filter ] --END-- [ RunTime:0.003818s ]
INFO: [ view_end ] --START--
INFO: Run ShowPageTrace Behavior [ RunTime:-0.045109s ]
INFO: [ view_end ] --END-- [ RunTime:0.001204s ]

[ 2012-11-25T10:46:24+08:00 ] 127.0.0.1 /blog/Home/loadFeed
INFO: [ route_check ] --START--
INFO: Run CheckRoute Behavior [ RunTime:0.001058s ]
INFO: [ route_check ] --END-- [ RunTime:0.001331s ]
INFO: [ app_begin ] --START--
INFO: Run ReadHtmlCache Behavior [ RunTime:-0.001144s ]
INFO: [ app_begin ] --END-- [ RunTime:0.001134s ]

[ 2012-11-25T10:46:29+08:00 ] 127.0.0.1 /blog/Home/home
INFO: [ route_check ] --START--
INFO: Run CheckRoute Behavior [ RunTime:0.001105s ]
INFO: [ route_check ] --END-- [ RunTime:0.001381s ]
INFO: [ app_begin ] --START--
INFO: Run ReadHtmlCache Behavior [ RunTime:-0.001249s ]
INFO: [ app_begin ] --END-- [ RunTime:0.001370s ]
INFO: [ view_template ] --START--
INFO: Run LocationTemplate Behavior [ RunTime:-0.005302s ]
INFO: [ view_template ] --END-- [ RunTime:0.001008s ]
INFO: [ view_parse ] --START--
NOTIC: [8] Undefined variable: home_self_text E:\workspace\webApplication\blog\Runtime\Cache\7e66580c47f9b1911a04bb9d9c96d7a2.php 第 32 行.
NOTIC: [8] Undefined variable: home_self_pic E:\workspace\webApplication\blog\Runtime\Cache\7e66580c47f9b1911a04bb9d9c96d7a2.php 第 34 行.
NOTIC: [8] Undefined variable: home_self_music E:\workspace\webApplication\blog\Runtime\Cache\7e66580c47f9b1911a04bb9d9c96d7a2.php 第 36 行.
NOTIC: [8] Undefined variable: home_self_video E:\workspace\webApplication\blog\Runtime\Cache\7e66580c47f9b1911a04bb9d9c96d7a2.php 第 38 行.
INFO: Run ParseTemplate Behavior [ RunTime:-0.006538s ]
INFO: [ view_parse ] --END-- [ RunTime:0.010995s ]
INFO: [ view_filter ] --START--
INFO: Run ContentReplace Behavior [ RunTime:-0.017724s ]
INFO: Run TokenBuild Behavior [ RunTime:-0.018461s ]
INFO: Run WriteHtmlCache Behavior [ RunTime:-0.019279s ]
INFO: Run ShowRuntime Behavior [ RunTime:-0.019814s ]
INFO: [ view_filter ] --END-- [ RunTime:0.003321s ]
INFO: [ view_end ] --START--
INFO: Run ShowPageTrace Behavior [ RunTime:-0.021389s ]
INFO: [ view_end ] --END-- [ RunTime:0.001358s ]

[ 2012-11-25T10:46:32+08:00 ] 127.0.0.1 /blog/Home/loadFeed
INFO: [ route_check ] --START--
INFO: Run CheckRoute Behavior [ RunTime:0.001301s ]
INFO: [ route_check ] --END-- [ RunTime:0.001648s ]
INFO: [ app_begin ] --START--
INFO: Run ReadHtmlCache Behavior [ RunTime:-0.001378s ]
INFO: [ app_begin ] --END-- [ RunTime:0.001164s ]

[ 2012-11-25T10:46:47+08:00 ] 127.0.0.1 /blog/Home/home
INFO: [ route_check ] --START--
INFO: Run CheckRoute Behavior [ RunTime:0.001326s ]
INFO: [ route_check ] --END-- [ RunTime:0.001597s ]
INFO: [ app_begin ] --START--
INFO: Run ReadHtmlCache Behavior [ RunTime:-0.001434s ]
INFO: [ app_begin ] --END-- [ RunTime:0.001169s ]
INFO: [ view_template ] --START--
INFO: Run LocationTemplate Behavior [ RunTime:-0.005311s ]
INFO: [ view_template ] --END-- [ RunTime:0.001362s ]
INFO: [ view_parse ] --START--
NOTIC: [8] Undefined variable: home_self_text E:\workspace\webApplication\blog\Runtime\Cache\7e66580c47f9b1911a04bb9d9c96d7a2.php 第 32 行.
NOTIC: [8] Undefined variable: home_self_pic E:\workspace\webApplication\blog\Runtime\Cache\7e66580c47f9b1911a04bb9d9c96d7a2.php 第 34 行.
NOTIC: [8] Undefined variable: home_self_music E:\workspace\webApplication\blog\Runtime\Cache\7e66580c47f9b1911a04bb9d9c96d7a2.php 第 36 行.
NOTIC: [8] Undefined variable: home_self_video E:\workspace\webApplication\blog\Runtime\Cache\7e66580c47f9b1911a04bb9d9c96d7a2.php 第 38 行.
INFO: Run ParseTemplate Behavior [ RunTime:-0.006888s ]
INFO: [ view_parse ] --END-- [ RunTime:0.012522s ]
INFO: [ view_filter ] --START--
INFO: Run ContentReplace Behavior [ RunTime:-0.019617s ]
INFO: Run TokenBuild Behavior [ RunTime:-0.020494s ]
INFO: Run WriteHtmlCache Behavior [ RunTime:-0.021444s ]
INFO: Run ShowRuntime Behavior [ RunTime:-0.022079s ]
INFO: [ view_filter ] --END-- [ RunTime:0.003721s ]
INFO: [ view_end ] --START--
INFO: Run ShowPageTrace Behavior [ RunTime:-0.023650s ]
INFO: [ view_end ] --END-- [ RunTime:0.001230s ]

[ 2012-11-25T10:46:47+08:00 ] 127.0.0.1 /blog/Home/loadFeed
INFO: [ route_check ] --START--
INFO: Run CheckRoute Behavior [ RunTime:0.001096s ]
INFO: [ route_check ] --END-- [ RunTime:0.001362s ]
INFO: [ app_begin ] --START--
INFO: Run ReadHtmlCache Behavior [ RunTime:-0.001154s ]
INFO: [ app_begin ] --END-- [ RunTime:0.001090s ]

[ 2012-11-25T10:49:02+08:00 ] 127.0.0.1 /blog/Home/home
INFO: [ route_check ] --START--
INFO: Run CheckRoute Behavior [ RunTime:0.001261s ]
INFO: [ route_check ] --END-- [ RunTime:0.001509s ]
INFO: [ app_begin ] --START--
INFO: Run ReadHtmlCache Behavior [ RunTime:-0.001336s ]
INFO: [ app_begin ] --END-- [ RunTime:0.001136s ]
INFO: [ view_template ] --START--
INFO: Run LocationTemplate Behavior [ RunTime:-0.005749s ]
INFO: [ view_template ] --END-- [ RunTime:0.001634s ]
INFO: [ view_parse ] --START--
NOTIC: [8] Undefined variable: home_self_text E:\workspace\webApplication\blog\Runtime\Cache\7e66580c47f9b1911a04bb9d9c96d7a2.php 第 32 行.
NOTIC: [8] Undefined variable: home_self_pic E:\workspace\webApplication\blog\Runtime\Cache\7e66580c47f9b1911a04bb9d9c96d7a2.php 第 34 行.
NOTIC: [8] Undefined variable: home_self_music E:\workspace\webApplication\blog\Runtime\Cache\7e66580c47f9b1911a04bb9d9c96d7a2.php 第 36 行.
NOTIC: [8] Undefined variable: home_self_video E:\workspace\webApplication\blog\Runtime\Cache\7e66580c47f9b1911a04bb9d9c96d7a2.php 第 38 行.
INFO: Run ParseTemplate Behavior [ RunTime:-0.007618s ]
INFO: [ view_parse ] --END-- [ RunTime:0.011987s ]
INFO: [ view_filter ] --START--
INFO: Run ContentReplace Behavior [ RunTime:-0.019886s ]
INFO: Run TokenBuild Behavior [ RunTime:-0.020819s ]
INFO: Run WriteHtmlCache Behavior [ RunTime:-0.021774s ]
INFO: Run ShowRuntime Behavior [ RunTime:-0.022467s ]
INFO: [ view_filter ] --END-- [ RunTime:0.003920s ]
INFO: [ view_end ] --START--
INFO: Run ShowPageTrace Behavior [ RunTime:-0.024157s ]
INFO: [ view_end ] --END-- [ RunTime:0.001157s ]

[ 2012-11-25T10:49:03+08:00 ] 127.0.0.1 /blog/Home/loadFeed
INFO: [ route_check ] --START--
INFO: Run CheckRoute Behavior [ RunTime:0.001699s ]
INFO: [ route_check ] --END-- [ RunTime:0.002039s ]
INFO: [ app_begin ] --START--
INFO: Run ReadHtmlCache Behavior [ RunTime:-0.001252s ]
INFO: [ app_begin ] --END-- [ RunTime:0.001303s ]

[ 2012-11-25T10:49:17+08:00 ] 127.0.0.1 /blog/Home/home
INFO: [ route_check ] --START--
INFO: Run CheckRoute Behavior [ RunTime:0.001308s ]
INFO: [ route_check ] --END-- [ RunTime:0.001570s ]
INFO: [ app_begin ] --START--
INFO: Run ReadHtmlCache Behavior [ RunTime:-0.001398s ]
INFO: [ app_begin ] --END-- [ RunTime:0.001178s ]
INFO: [ view_template ] --START--
INFO: Run LocationTemplate Behavior [ RunTime:-0.005471s ]
INFO: [ view_template ] --END-- [ RunTime:0.001464s ]
INFO: [ view_parse ] --START--
NOTIC: [8] Undefined variable: home_self_text E:\workspace\webApplication\blog\Runtime\Cache\7e66580c47f9b1911a04bb9d9c96d7a2.php 第 32 行.
NOTIC: [8] Undefined variable: home_self_pic E:\workspace\webApplication\blog\Runtime\Cache\7e66580c47f9b1911a04bb9d9c96d7a2.php 第 34 行.
NOTIC: [8] Undefined variable: home_self_music E:\workspace\webApplication\blog\Runtime\Cache\7e66580c47f9b1911a04bb9d9c96d7a2.php 第 36 行.
NOTIC: [8] Undefined variable: home_self_video E:\workspace\webApplication\blog\Runtime\Cache\7e66580c47f9b1911a04bb9d9c96d7a2.php 第 38 行.
INFO: Run ParseTemplate Behavior [ RunTime:-0.007148s ]
INFO: [ view_parse ] --END-- [ RunTime:0.014508s ]
INFO: [ view_filter ] --START--
INFO: Run ContentReplace Behavior [ RunTime:-0.021903s ]
INFO: Run TokenBuild Behavior [ RunTime:-0.022866s ]
INFO: Run WriteHtmlCache Behavior [ RunTime:-0.023882s ]
INFO: Run ShowRuntime Behavior [ RunTime:-0.024537s ]
INFO: [ view_filter ] --END-- [ RunTime:0.004110s ]
INFO: [ view_end ] --START--
INFO: Run ShowPageTrace Behavior [ RunTime:-0.026314s ]
INFO: [ view_end ] --END-- [ RunTime:0.001274s ]

[ 2012-11-25T10:49:17+08:00 ] 127.0.0.1 /blog/Home/loadFeed
INFO: [ route_check ] --START--
INFO: Run CheckRoute Behavior [ RunTime:0.001616s ]
INFO: [ route_check ] --END-- [ RunTime:0.001996s ]
INFO: [ app_begin ] --START--
INFO: Run ReadHtmlCache Behavior [ RunTime:-0.001484s ]
INFO: [ app_begin ] --END-- [ RunTime:0.001639s ]

[ 2012-11-25T10:52:44+08:00 ] 127.0.0.1 /blog/Home/home
INFO: [ route_check ] --START--
INFO: Run CheckRoute Behavior [ RunTime:0.001253s ]
INFO: [ route_check ] --END-- [ RunTime:0.001518s ]
INFO: [ app_begin ] --START--
INFO: Run ReadHtmlCache Behavior [ RunTime:-0.001871s ]
INFO: [ app_begin ] --END-- [ RunTime:0.001261s ]
INFO: [ view_template ] --START--
INFO: Run LocationTemplate Behavior [ RunTime:-0.006408s ]
INFO: [ view_template ] --END-- [ RunTime:0.001508s ]
INFO: [ view_parse ] --START--
NOTIC: [8] Undefined variable: home_self_text E:\workspace\webApplication\blog\Runtime\Cache\7e66580c47f9b1911a04bb9d9c96d7a2.php 第 32 行.
NOTIC: [8] Undefined variable: home_self_pic E:\workspace\webApplication\blog\Runtime\Cache\7e66580c47f9b1911a04bb9d9c96d7a2.php 第 34 行.
NOTIC: [8] Undefined variable: home_self_music E:\workspace\webApplication\blog\Runtime\Cache\7e66580c47f9b1911a04bb9d9c96d7a2.php 第 36 行.
NOTIC: [8] Undefined variable: home_self_video E:\workspace\webApplication\blog\Runtime\Cache\7e66580c47f9b1911a04bb9d9c96d7a2.php 第 38 行.
INFO: Run ParseTemplate Behavior [ RunTime:-0.008121s ]
INFO: [ view_parse ] --END-- [ RunTime:0.012017s ]
INFO: [ view_filter ] --START--
INFO: Run ContentReplace Behavior [ RunTime:-0.020352s ]
INFO: Run TokenBuild Behavior [ RunTime:-0.021256s ]
INFO: Run WriteHtmlCache Behavior [ RunTime:-0.022214s ]
INFO: Run ShowRuntime Behavior [ RunTime:-0.022872s ]
INFO: [ view_filter ] --END-- [ RunTime:0.003809s ]
INFO: [ view_end ] --START--
INFO: Run ShowPageTrace Behavior [ RunTime:-0.024420s ]
INFO: [ view_end ] --END-- [ RunTime:0.001205s ]

[ 2012-11-25T10:52:44+08:00 ] 127.0.0.1 /blog/Home/loadFeed
INFO: [ route_check ] --START--
INFO: Run CheckRoute Behavior [ RunTime:0.001244s ]
INFO: [ route_check ] --END-- [ RunTime:0.001505s ]
INFO: [ app_begin ] --START--
INFO: Run ReadHtmlCache Behavior [ RunTime:-0.001089s ]
INFO: [ app_begin ] --END-- [ RunTime:0.000974s ]

[ 2012-11-25T11:12:11+08:00 ] 127.0.0.1 /blog/Home/home
INFO: [ route_check ] --START--
INFO: Run CheckRoute Behavior [ RunTime:0.051348s ]
INFO: [ route_check ] --END-- [ RunTime:0.059536s ]
INFO: [ app_begin ] --START--
INFO: Run ReadHtmlCache Behavior [ RunTime:-0.031757s ]
INFO: [ app_begin ] --END-- [ RunTime:0.009659s ]
INFO: [ view_template ] --START--
INFO: Run LocationTemplate Behavior [ RunTime:-0.127912s ]
INFO: [ view_template ] --END-- [ RunTime:0.004298s ]
INFO: [ view_parse ] --START--
INFO: Run ParseTemplate Behavior [ RunTime:-0.132592s ]
INFO: [ view_parse ] --END-- [ RunTime:0.206530s ]
INFO: [ view_filter ] --START--
INFO: Run ContentReplace Behavior [ RunTime:-0.339424s ]
INFO: Run TokenBuild Behavior [ RunTime:-0.356236s ]
INFO: Run WriteHtmlCache Behavior [ RunTime:-0.367441s ]
INFO: Run ShowRuntime Behavior [ RunTime:-0.369731s ]
INFO: [ view_filter ] --END-- [ RunTime:0.033462s ]
INFO: [ view_end ] --START--
INFO: Run ShowPageTrace Behavior [ RunTime:-0.374237s ]
INFO: [ view_end ] --END-- [ RunTime:0.003089s ]

[ 2012-11-25T11:12:13+08:00 ] 127.0.0.1 /blog/Home/loadFeed
INFO: [ route_check ] --START--
INFO: Run CheckRoute Behavior [ RunTime:0.001373s ]
INFO: [ route_check ] --END-- [ RunTime:0.001703s ]
INFO: [ app_begin ] --START--
INFO: Run ReadHtmlCache Behavior [ RunTime:-0.001281s ]
INFO: [ app_begin ] --END-- [ RunTime:0.001291s ]

[ 2012-11-25T11:19:30+08:00 ] 127.0.0.1 /blog/Home/home
INFO: [ route_check ] --START--
INFO: Run CheckRoute Behavior [ RunTime:0.002981s ]
INFO: [ route_check ] --END-- [ RunTime:0.003342s ]
INFO: [ app_begin ] --START--
INFO: Run ReadHtmlCache Behavior [ RunTime:-0.001519s ]
INFO: [ app_begin ] --END-- [ RunTime:0.011593s ]
INFO: [ view_template ] --START--
INFO: Run LocationTemplate Behavior [ RunTime:-0.047392s ]
INFO: [ view_template ] --END-- [ RunTime:0.006352s ]
INFO: [ view_parse ] --START--
INFO: Run ParseTemplate Behavior [ RunTime:-0.054353s ]
INFO: [ view_parse ] --END-- [ RunTime:0.055497s ]
INFO: [ view_filter ] --START--
INFO: Run ContentReplace Behavior [ RunTime:-0.109575s ]
INFO: Run TokenBuild Behavior [ RunTime:-0.111594s ]
INFO: Run WriteHtmlCache Behavior [ RunTime:-0.123589s ]
INFO: Run ShowRuntime Behavior [ RunTime:-0.125453s ]
INFO: [ view_filter ] --END-- [ RunTime:0.017744s ]
INFO: [ view_end ] --START--
INFO: Run ShowPageTrace Behavior [ RunTime:-0.127645s ]
INFO: [ view_end ] --END-- [ RunTime:0.014583s ]

[ 2012-11-25T11:19:31+08:00 ] 127.0.0.1 /blog/Home/loadFeed
INFO: [ route_check ] --START--
INFO: Run CheckRoute Behavior [ RunTime:0.002342s ]
INFO: [ route_check ] --END-- [ RunTime:0.061325s ]
INFO: [ app_begin ] --START--
INFO: Run ReadHtmlCache Behavior [ RunTime:-0.001426s ]
INFO: [ app_begin ] --END-- [ RunTime:0.001099s ]

[ 2012-11-25T11:19:36+08:00 ] 127.0.0.1 /blog/Home/home
INFO: [ route_check ] --START--
INFO: Run CheckRoute Behavior [ RunTime:0.001550s ]
INFO: [ route_check ] --END-- [ RunTime:0.001983s ]
INFO: [ app_begin ] --START--
INFO: Run ReadHtmlCache Behavior [ RunTime:-0.002991s ]
INFO: [ app_begin ] --END-- [ RunTime:0.002327s ]
INFO: [ view_template ] --START--
INFO: Run LocationTemplate Behavior [ RunTime:-0.009643s ]
INFO: [ view_template ] --END-- [ RunTime:0.001865s ]
INFO: [ view_parse ] --START--
INFO: Run ParseTemplate Behavior [ RunTime:-0.011759s ]
INFO: [ view_parse ] --END-- [ RunTime:0.020948s ]
INFO: [ view_filter ] --START--
INFO: Run ContentReplace Behavior [ RunTime:-0.032849s ]
INFO: Run TokenBuild Behavior [ RunTime:-0.033951s ]
INFO: Run WriteHtmlCache Behavior [ RunTime:-0.035162s ]
INFO: Run ShowRuntime Behavior [ RunTime:-0.035952s ]
INFO: [ view_filter ] --END-- [ RunTime:0.004422s ]
INFO: [ view_end ] --START--
INFO: Run ShowPageTrace Behavior [ RunTime:-0.037835s ]
INFO: [ view_end ] --END-- [ RunTime:0.002203s ]

[ 2012-11-25T11:19:37+08:00 ] 127.0.0.1 /blog/Home/loadFeed
INFO: [ route_check ] --START--
INFO: Run CheckRoute Behavior [ RunTime:0.002522s ]
INFO: [ route_check ] --END-- [ RunTime:0.004974s ]
INFO: [ app_begin ] --START--
INFO: Run ReadHtmlCache Behavior [ RunTime:-0.002405s ]
INFO: [ app_begin ] --END-- [ RunTime:0.002054s ]

[ 2012-11-25T11:20:42+08:00 ] 127.0.0.1 /blog/
INFO: [ app_begin ] --START--
INFO: Run ReadHtmlCache Behavior [ RunTime:0.001369s ]
INFO: [ app_begin ] --END-- [ RunTime:0.001687s ]

[ 2012-11-25T11:20:42+08:00 ] 127.0.0.1 /blog/Login/login
INFO: [ route_check ] --START--
INFO: Run CheckRoute Behavior [ RunTime:0.013099s ]
INFO: [ route_check ] --END-- [ RunTime:0.013446s ]
INFO: [ app_begin ] --START--
INFO: Run ReadHtmlCache Behavior [ RunTime:-0.002255s ]
INFO: [ app_begin ] --END-- [ RunTime:0.001668s ]
INFO: [ view_template ] --START--
INFO: Run LocationTemplate Behavior [ RunTime:-0.047733s ]
INFO: [ view_template ] --END-- [ RunTime:0.020427s ]
INFO: [ view_parse ] --START--
INFO: Run ParseTemplate Behavior [ RunTime:-0.068370s ]
INFO: [ view_parse ] --END-- [ RunTime:0.056202s ]
INFO: [ view_filter ] --START--
INFO: Run ContentReplace Behavior [ RunTime:-0.124759s ]
INFO: Run TokenBuild Behavior [ RunTime:-0.125901s ]
INFO: Run WriteHtmlCache Behavior [ RunTime:-0.127014s ]
INFO: Run ShowRuntime Behavior [ RunTime:-0.127658s ]
INFO: [ view_filter ] --END-- [ RunTime:0.004500s ]
INFO: [ view_end ] --START--
INFO: Run ShowPageTrace Behavior [ RunTime:-0.129707s ]
INFO: [ view_end ] --END-- [ RunTime:0.001583s ]

[ 2012-11-25T11:20:43+08:00 ] ERR: (ThinkException) 无法加载模块:Tpl
[ 2012-11-25T11:21:18+08:00 ] 127.0.0.1 /blog/Login/loginCheck
INFO: [ route_check ] --START--
INFO: Run CheckRoute Behavior [ RunTime:0.003126s ]
INFO: [ route_check ] --END-- [ RunTime:0.003644s ]
INFO: [ app_begin ] --START--
INFO: Run ReadHtmlCache Behavior [ RunTime:-0.003977s ]
INFO: [ app_begin ] --END-- [ RunTime:0.002421s ]
SQL: SHOW COLUMNS FROM `blog_user` [ RunTime:0.461911s ]
SQL: SELECT * FROM `blog_user` WHERE ( `name` = 'hlr' )  [ RunTime:0.032299s ]

[ 2012-11-25T11:21:18+08:00 ] 127.0.0.1 /blog/Home/home
INFO: [ route_check ] --START--
INFO: Run CheckRoute Behavior [ RunTime:0.001248s ]
INFO: [ route_check ] --END-- [ RunTime:0.001572s ]
INFO: [ app_begin ] --START--
INFO: Run ReadHtmlCache Behavior [ RunTime:-0.001475s ]
INFO: [ app_begin ] --END-- [ RunTime:0.001485s ]
INFO: [ view_template ] --START--
INFO: Run LocationTemplate Behavior [ RunTime:-0.005938s ]
INFO: [ view_template ] --END-- [ RunTime:0.001629s ]
INFO: [ view_parse ] --START--
INFO: Run ParseTemplate Behavior [ RunTime:-0.007752s ]
INFO: [ view_parse ] --END-- [ RunTime:0.031211s ]
INFO: [ view_filter ] --START--
INFO: Run ContentReplace Behavior [ RunTime:-0.039186s ]
INFO: Run TokenBuild Behavior [ RunTime:-0.040357s ]
INFO: Run WriteHtmlCache Behavior [ RunTime:-0.041358s ]
INFO: Run ShowRuntime Behavior [ RunTime:-0.042219s ]
INFO: [ view_filter ] --END-- [ RunTime:0.004557s ]
INFO: [ view_end ] --START--
INFO: Run ShowPageTrace Behavior [ RunTime:-0.044118s ]
INFO: [ view_end ] --END-- [ RunTime:0.001282s ]

[ 2012-11-25T11:21:19+08:00 ] 127.0.0.1 /blog/Home/loadFeed
INFO: [ route_check ] --START--
INFO: Run CheckRoute Behavior [ RunTime:0.001781s ]
INFO: [ route_check ] --END-- [ RunTime:0.002337s ]
INFO: [ app_begin ] --START--
INFO: Run ReadHtmlCache Behavior [ RunTime:-0.001467s ]
INFO: [ app_begin ] --END-- [ RunTime:0.001518s ]

[ 2012-11-25T11:31:03+08:00 ] 127.0.0.1 /blog/Home/home
INFO: [ route_check ] --START--
INFO: Run CheckRoute Behavior [ RunTime:0.001565s ]
INFO: [ route_check ] --END-- [ RunTime:0.001877s ]
INFO: [ app_begin ] --START--
INFO: Run ReadHtmlCache Behavior [ RunTime:-0.001694s ]
INFO: [ app_begin ] --END-- [ RunTime:0.001506s ]
INFO: [ view_template ] --START--
INFO: Run LocationTemplate Behavior [ RunTime:-0.006262s ]
INFO: [ view_template ] --END-- [ RunTime:0.001668s ]
INFO: [ view_parse ] --START--
INFO: Run ParseTemplate Behavior [ RunTime:-0.008445s ]
INFO: [ view_parse ] --END-- [ RunTime:0.037674s ]
INFO: [ view_filter ] --START--
INFO: Run ContentReplace Behavior [ RunTime:-0.046741s ]
INFO: Run TokenBuild Behavior [ RunTime:-0.048853s ]
INFO: Run WriteHtmlCache Behavior [ RunTime:-0.050321s ]
INFO: Run ShowRuntime Behavior [ RunTime:-0.051044s ]
INFO: [ view_filter ] --END-- [ RunTime:0.005779s ]
INFO: [ view_end ] --START--
INFO: Run ShowPageTrace Behavior [ RunTime:-0.052791s ]
INFO: [ view_end ] --END-- [ RunTime:0.001212s ]

[ 2012-11-25T11:31:04+08:00 ] 127.0.0.1 /blog/Home/loadFeed
INFO: [ route_check ] --START--
INFO: Run CheckRoute Behavior [ RunTime:0.001774s ]
INFO: [ route_check ] --END-- [ RunTime:0.002156s ]
INFO: [ app_begin ] --START--
INFO: Run ReadHtmlCache Behavior [ RunTime:-0.001369s ]
INFO: [ app_begin ] --END-- [ RunTime:0.001873s ]

[ 2012-11-25T11:33:47+08:00 ] 127.0.0.1 /blog/Home/home
INFO: [ route_check ] --START--
INFO: Run CheckRoute Behavior [ RunTime:0.001729s ]
INFO: [ route_check ] --END-- [ RunTime:0.002029s ]
INFO: [ app_begin ] --START--
INFO: Run ReadHtmlCache Behavior [ RunTime:-0.001478s ]
INFO: [ app_begin ] --END-- [ RunTime:0.001525s ]
INFO: [ view_template ] --START--
INFO: Run LocationTemplate Behavior [ RunTime:-0.021166s ]
INFO: [ view_template ] --END-- [ RunTime:0.001995s ]
INFO: [ view_parse ] --START--
INFO: Run ParseTemplate Behavior [ RunTime:-0.023382s ]
INFO: [ view_parse ] --END-- [ RunTime:0.022714s ]
INFO: [ view_filter ] --START--
INFO: Run ContentReplace Behavior [ RunTime:-0.046256s ]
INFO: Run TokenBuild Behavior [ RunTime:-0.047287s ]
INFO: Run WriteHtmlCache Behavior [ RunTime:-0.048216s ]
INFO: Run ShowRuntime Behavior [ RunTime:-0.048850s ]
INFO: [ view_filter ] --END-- [ RunTime:0.003902s ]
INFO: [ view_end ] --START--
INFO: Run ShowPageTrace Behavior [ RunTime:-0.050535s ]
INFO: [ view_end ] --END-- [ RunTime:0.001148s ]

[ 2012-11-25T11:33:48+08:00 ] 127.0.0.1 /blog/Home/loadFeed
INFO: [ route_check ] --START--
INFO: Run CheckRoute Behavior [ RunTime:0.001118s ]
INFO: [ route_check ] --END-- [ RunTime:0.001410s ]
INFO: [ app_begin ] --START--
INFO: Run ReadHtmlCache Behavior [ RunTime:-0.001351s ]
INFO: [ app_begin ] --END-- [ RunTime:0.001634s ]

[ 2012-11-25T11:34:04+08:00 ] 127.0.0.1 /blog/Home/home
INFO: [ route_check ] --START--
INFO: Run CheckRoute Behavior [ RunTime:0.001530s ]
INFO: [ route_check ] --END-- [ RunTime:0.001909s ]
INFO: [ app_begin ] --START--
INFO: Run ReadHtmlCache Behavior [ RunTime:-0.001264s ]
INFO: [ app_begin ] --END-- [ RunTime:0.001328s ]
INFO: [ view_template ] --START--
INFO: Run LocationTemplate Behavior [ RunTime:-0.004912s ]
INFO: [ view_template ] --END-- [ RunTime:0.001037s ]
INFO: [ view_parse ] --START--
INFO: Run ParseTemplate Behavior [ RunTime:-0.006165s ]
INFO: [ view_parse ] --END-- [ RunTime:0.022790s ]
INFO: [ view_filter ] --START--
INFO: Run ContentReplace Behavior [ RunTime:-0.029122s ]
INFO: Run TokenBuild Behavior [ RunTime:-0.030071s ]
INFO: Run WriteHtmlCache Behavior [ RunTime:-0.030900s ]
INFO: Run ShowRuntime Behavior [ RunTime:-0.031502s ]
INFO: [ view_filter ] --END-- [ RunTime:0.003560s ]
INFO: [ view_end ] --START--
INFO: Run ShowPageTrace Behavior [ RunTime:-0.033075s ]
INFO: [ view_end ] --END-- [ RunTime:0.001326s ]

[ 2012-11-25T11:34:05+08:00 ] 127.0.0.1 /blog/Home/loadFeed
INFO: [ route_check ] --START--
INFO: Run CheckRoute Behavior [ RunTime:0.001049s ]
INFO: [ route_check ] --END-- [ RunTime:0.001312s ]
INFO: [ app_begin ] --START--
INFO: Run ReadHtmlCache Behavior [ RunTime:-0.001190s ]
INFO: [ app_begin ] --END-- [ RunTime:0.001131s ]

[ 2012-11-25T11:37:43+08:00 ] 127.0.0.1 /blog/Home/home
INFO: [ route_check ] --START--
INFO: Run CheckRoute Behavior [ RunTime:0.090021s ]
INFO: [ route_check ] --END-- [ RunTime:0.090546s ]
INFO: [ app_begin ] --START--
INFO: Run ReadHtmlCache Behavior [ RunTime:-0.004033s ]
INFO: [ app_begin ] --END-- [ RunTime:0.087403s ]
INFO: [ view_template ] --START--
INFO: Run LocationTemplate Behavior [ RunTime:-0.191709s ]
INFO: [ view_template ] --END-- [ RunTime:0.051282s ]
INFO: [ view_parse ] --START--
INFO: Run ParseTemplate Behavior [ RunTime:-0.243819s ]
INFO: [ view_parse ] --END-- [ RunTime:0.051309s ]
INFO: [ view_filter ] --START--
INFO: Run ContentReplace Behavior [ RunTime:-0.295062s ]
INFO: Run TokenBuild Behavior [ RunTime:-0.297659s ]
INFO: Run WriteHtmlCache Behavior [ RunTime:-0.308668s ]
INFO: Run ShowRuntime Behavior [ RunTime:-0.310331s ]
INFO: [ view_filter ] --END-- [ RunTime:0.016930s ]
INFO: [ view_end ] --START--
INFO: Run ShowPageTrace Behavior [ RunTime:-0.312652s ]
INFO: [ view_end ] --END-- [ RunTime:0.015121s ]

[ 2012-11-25T11:37:44+08:00 ] 127.0.0.1 /blog/Home/loadFeed
INFO: [ route_check ] --START--
INFO: Run CheckRoute Behavior [ RunTime:0.001071s ]
INFO: [ route_check ] --END-- [ RunTime:0.001340s ]
INFO: [ app_begin ] --START--
INFO: Run ReadHtmlCache Behavior [ RunTime:-0.001427s ]
INFO: [ app_begin ] --END-- [ RunTime:0.001606s ]

[ 2012-11-25T11:49:49+08:00 ] ERR: [4] syntax error, unexpected ')', expecting '&' or T_VARIABLE E:\workspace\webApplication\blog\Lib\ViewTpl\TplHomePage.class.php 第 165 行.
[ 2012-11-25T11:49:55+08:00 ] ERR: (ThinkException) 无法加载模块:Tpl
[ 2012-11-25T11:49:58+08:00 ] 127.0.0.1 /blog/Login/loginCheck
INFO: [ route_check ] --START--
INFO: Run CheckRoute Behavior [ RunTime:0.001872s ]
INFO: [ route_check ] --END-- [ RunTime:0.002229s ]
INFO: [ app_begin ] --START--
INFO: Run ReadHtmlCache Behavior [ RunTime:-0.001577s ]
INFO: [ app_begin ] --END-- [ RunTime:0.001235s ]
SQL: SHOW COLUMNS FROM `blog_user` [ RunTime:0.128470s ]
SQL: SELECT * FROM `blog_user` WHERE ( `name` = 'hlr' )  [ RunTime:0.000718s ]

[ 2012-11-25T11:49:58+08:00 ] ERR: [4] syntax error, unexpected ')', expecting '&' or T_VARIABLE E:\workspace\webApplication\blog\Lib\ViewTpl\TplHomePage.class.php 第 165 行.
[ 2012-11-25T11:50:06+08:00 ] ERR: [4] syntax error, unexpected ')', expecting '&' or T_VARIABLE E:\workspace\webApplication\blog\Lib\ViewTpl\TplHomePage.class.php 第 165 行.
[ 2012-11-25T11:50:25+08:00 ] 127.0.0.1 /blog/Home/home
INFO: [ route_check ] --START--
INFO: Run CheckRoute Behavior [ RunTime:0.001413s ]
INFO: [ route_check ] --END-- [ RunTime:0.001748s ]
INFO: [ app_begin ] --START--
INFO: Run ReadHtmlCache Behavior [ RunTime:-0.001407s ]
INFO: [ app_begin ] --END-- [ RunTime:0.001472s ]
INFO: [ view_template ] --START--
INFO: Run LocationTemplate Behavior [ RunTime:-0.005344s ]
INFO: [ view_template ] --END-- [ RunTime:0.001766s ]
INFO: [ view_parse ] --START--
INFO: Run ParseTemplate Behavior [ RunTime:-0.007302s ]
INFO: [ view_parse ] --END-- [ RunTime:0.029502s ]
INFO: [ view_filter ] --START--
INFO: Run ContentReplace Behavior [ RunTime:-0.037004s ]
INFO: Run TokenBuild Behavior [ RunTime:-0.038034s ]
INFO: Run WriteHtmlCache Behavior [ RunTime:-0.038987s ]
INFO: Run ShowRuntime Behavior [ RunTime:-0.039625s ]
INFO: [ view_filter ] --END-- [ RunTime:0.003954s ]
INFO: [ view_end ] --START--
INFO: Run ShowPageTrace Behavior [ RunTime:-0.041294s ]
INFO: [ view_end ] --END-- [ RunTime:0.001201s ]

[ 2012-11-25T11:50:25+08:00 ] 127.0.0.1 /blog/Home/loadFeed
INFO: [ route_check ] --START--
INFO: Run CheckRoute Behavior [ RunTime:0.001498s ]
INFO: [ route_check ] --END-- [ RunTime:0.001830s ]
INFO: [ app_begin ] --START--
INFO: Run ReadHtmlCache Behavior [ RunTime:-0.001186s ]
INFO: [ app_begin ] --END-- [ RunTime:0.001209s ]

[ 2012-11-25T11:50:46+08:00 ] 127.0.0.1 /blog/
INFO: [ app_begin ] --START--
INFO: Run ReadHtmlCache Behavior [ RunTime:0.001128s ]
INFO: [ app_begin ] --END-- [ RunTime:0.001476s ]

[ 2012-11-25T11:50:46+08:00 ] 127.0.0.1 /blog/Login/login
INFO: [ route_check ] --START--
INFO: Run CheckRoute Behavior [ RunTime:0.001142s ]
INFO: [ route_check ] --END-- [ RunTime:0.001579s ]
INFO: [ app_begin ] --START--
INFO: Run ReadHtmlCache Behavior [ RunTime:-0.001989s ]
INFO: [ app_begin ] --END-- [ RunTime:0.001216s ]
INFO: [ view_template ] --START--
INFO: Run LocationTemplate Behavior [ RunTime:-0.005243s ]
INFO: [ view_template ] --END-- [ RunTime:0.001432s ]
INFO: [ view_parse ] --START--
INFO: Run ParseTemplate Behavior [ RunTime:-0.006864s ]
INFO: [ view_parse ] --END-- [ RunTime:0.064311s ]
INFO: [ view_filter ] --START--
INFO: Run ContentReplace Behavior [ RunTime:-0.071547s ]
INFO: Run TokenBuild Behavior [ RunTime:-0.072691s ]
INFO: Run WriteHtmlCache Behavior [ RunTime:-0.073930s ]
INFO: Run ShowRuntime Behavior [ RunTime:-0.074724s ]
INFO: [ view_filter ] --END-- [ RunTime:0.004988s ]
INFO: [ view_end ] --START--
INFO: Run ShowPageTrace Behavior [ RunTime:-0.077002s ]
INFO: [ view_end ] --END-- [ RunTime:0.001801s ]

[ 2012-11-25T11:50:46+08:00 ] ERR: (ThinkException) 无法加载模块:Tpl
[ 2012-11-25T11:50:52+08:00 ] 127.0.0.1 /blog/Login/loginCheck
INFO: [ route_check ] --START--
INFO: Run CheckRoute Behavior [ RunTime:0.001443s ]
INFO: [ route_check ] --END-- [ RunTime:0.001804s ]
INFO: [ app_begin ] --START--
INFO: Run ReadHtmlCache Behavior [ RunTime:-0.001720s ]
INFO: [ app_begin ] --END-- [ RunTime:0.001643s ]
SQL: SHOW COLUMNS FROM `blog_user` [ RunTime:0.008628s ]
SQL: SELECT * FROM `blog_user` WHERE ( `name` = 'hlr' )  [ RunTime:0.000824s ]

[ 2012-11-25T11:50:52+08:00 ] 127.0.0.1 /blog/Home/home
INFO: [ route_check ] --START--
INFO: Run CheckRoute Behavior [ RunTime:0.001979s ]
INFO: [ route_check ] --END-- [ RunTime:0.002309s ]
INFO: [ app_begin ] --START--
INFO: Run ReadHtmlCache Behavior [ RunTime:-0.001474s ]
INFO: [ app_begin ] --END-- [ RunTime:0.001306s ]
INFO: [ view_template ] --START--
INFO: Run LocationTemplate Behavior [ RunTime:-0.005203s ]
INFO: [ view_template ] --END-- [ RunTime:0.001125s ]
INFO: [ view_parse ] --START--
INFO: Run ParseTemplate Behavior [ RunTime:-0.006610s ]
INFO: [ view_parse ] --END-- [ RunTime:0.016729s ]
INFO: [ view_filter ] --START--
INFO: Run ContentReplace Behavior [ RunTime:-0.023516s ]
INFO: Run TokenBuild Behavior [ RunTime:-0.024419s ]
INFO: Run WriteHtmlCache Behavior [ RunTime:-0.025301s ]
INFO: Run ShowRuntime Behavior [ RunTime:-0.025837s ]
INFO: [ view_filter ] --END-- [ RunTime:0.003468s ]
INFO: [ view_end ] --START--
INFO: Run ShowPageTrace Behavior [ RunTime:-0.027324s ]
INFO: [ view_end ] --END-- [ RunTime:0.001086s ]

[ 2012-11-25T11:50:52+08:00 ] 127.0.0.1 /blog/Home/loadFeed
INFO: [ route_check ] --START--
INFO: Run CheckRoute Behavior [ RunTime:0.001115s ]
INFO: [ route_check ] --END-- [ RunTime:0.001471s ]
INFO: [ app_begin ] --START--
INFO: Run ReadHtmlCache Behavior [ RunTime:-0.001247s ]
INFO: [ app_begin ] --END-- [ RunTime:0.001199s ]

[ 2012-11-25T11:51:12+08:00 ] 127.0.0.1 /blog/Home/home
INFO: [ route_check ] --START--
INFO: Run CheckRoute Behavior [ RunTime:0.003102s ]
INFO: [ route_check ] --END-- [ RunTime:0.003689s ]
INFO: [ app_begin ] --START--
INFO: Run ReadHtmlCache Behavior [ RunTime:-0.003129s ]
INFO: [ app_begin ] --END-- [ RunTime:0.002681s ]
INFO: [ view_template ] --START--
INFO: Run LocationTemplate Behavior [ RunTime:-0.011645s ]
INFO: [ view_template ] --END-- [ RunTime:0.001877s ]
INFO: [ view_parse ] --START--
INFO: Run ParseTemplate Behavior [ RunTime:-0.013612s ]
INFO: [ view_parse ] --END-- [ RunTime:0.029382s ]
INFO: [ view_filter ] --START--
INFO: Run ContentReplace Behavior [ RunTime:-0.043185s ]
INFO: Run TokenBuild Behavior [ RunTime:-0.044196s ]
INFO: Run WriteHtmlCache Behavior [ RunTime:-0.045138s ]
INFO: Run ShowRuntime Behavior [ RunTime:-0.045797s ]
INFO: [ view_filter ] --END-- [ RunTime:0.003854s ]
INFO: [ view_end ] --START--
INFO: Run ShowPageTrace Behavior [ RunTime:-0.047365s ]
INFO: [ view_end ] --END-- [ RunTime:0.001199s ]

[ 2012-11-25T11:51:13+08:00 ] 127.0.0.1 /blog/Home/loadFeed
INFO: [ route_check ] --START--
INFO: Run CheckRoute Behavior [ RunTime:0.001706s ]
INFO: [ route_check ] --END-- [ RunTime:0.002072s ]
INFO: [ app_begin ] --START--
INFO: Run ReadHtmlCache Behavior [ RunTime:-0.001422s ]
INFO: [ app_begin ] --END-- [ RunTime:0.001413s ]

[ 2012-11-25T11:53:29+08:00 ] 127.0.0.1 /blog/Home/home
INFO: [ route_check ] --START--
INFO: Run CheckRoute Behavior [ RunTime:0.001741s ]
INFO: [ route_check ] --END-- [ RunTime:0.002141s ]
INFO: [ app_begin ] --START--
INFO: Run ReadHtmlCache Behavior [ RunTime:-0.001431s ]
INFO: [ app_begin ] --END-- [ RunTime:0.001359s ]
INFO: [ view_template ] --START--
INFO: Run LocationTemplate Behavior [ RunTime:-0.006061s ]
INFO: [ view_template ] --END-- [ RunTime:0.001395s ]
INFO: [ view_parse ] --START--
INFO: Run ParseTemplate Behavior [ RunTime:-0.007656s ]
INFO: [ view_parse ] --END-- [ RunTime:0.017559s ]
INFO: [ view_filter ] --START--
INFO: Run ContentReplace Behavior [ RunTime:-0.025379s ]
INFO: Run TokenBuild Behavior [ RunTime:-0.026443s ]
INFO: Run WriteHtmlCache Behavior [ RunTime:-0.027365s ]
INFO: Run ShowRuntime Behavior [ RunTime:-0.027983s ]
INFO: [ view_filter ] --END-- [ RunTime:0.003814s ]
INFO: [ view_end ] --START--
INFO: Run ShowPageTrace Behavior [ RunTime:-0.029501s ]
INFO: [ view_end ] --END-- [ RunTime:0.001114s ]

[ 2012-11-25T11:53:30+08:00 ] 127.0.0.1 /blog/Home/loadFeed
INFO: [ route_check ] --START--
INFO: Run CheckRoute Behavior [ RunTime:0.001659s ]
INFO: [ route_check ] --END-- [ RunTime:0.002015s ]
INFO: [ app_begin ] --START--
INFO: Run ReadHtmlCache Behavior [ RunTime:-0.001320s ]
INFO: [ app_begin ] --END-- [ RunTime:0.001465s ]

[ 2012-11-25T11:53:44+08:00 ] 127.0.0.1 /blog/Home/home
INFO: [ route_check ] --START--
INFO: Run CheckRoute Behavior [ RunTime:0.001387s ]
INFO: [ route_check ] --END-- [ RunTime:0.001665s ]
INFO: [ app_begin ] --START--
INFO: Run ReadHtmlCache Behavior [ RunTime:-0.001577s ]
INFO: [ app_begin ] --END-- [ RunTime:0.001407s ]
INFO: [ view_template ] --START--
INFO: Run LocationTemplate Behavior [ RunTime:-0.006332s ]
INFO: [ view_template ] --END-- [ RunTime:0.001638s ]
INFO: [ view_parse ] --START--
INFO: Run ParseTemplate Behavior [ RunTime:-0.008194s ]
INFO: [ view_parse ] --END-- [ RunTime:0.018655s ]
INFO: [ view_filter ] --START--
INFO: Run ContentReplace Behavior [ RunTime:-0.026984s ]
INFO: Run TokenBuild Behavior [ RunTime:-0.027982s ]
INFO: Run WriteHtmlCache Behavior [ RunTime:-0.029047s ]
INFO: Run ShowRuntime Behavior [ RunTime:-0.030040s ]
INFO: [ view_filter ] --END-- [ RunTime:0.004652s ]
INFO: [ view_end ] --START--
INFO: Run ShowPageTrace Behavior [ RunTime:-0.032011s ]
INFO: [ view_end ] --END-- [ RunTime:0.001394s ]

[ 2012-11-25T11:53:45+08:00 ] 127.0.0.1 /blog/Home/loadFeed
INFO: [ route_check ] --START--
INFO: Run CheckRoute Behavior [ RunTime:0.002829s ]
INFO: [ route_check ] --END-- [ RunTime:0.003561s ]
INFO: [ app_begin ] --START--
INFO: Run ReadHtmlCache Behavior [ RunTime:-0.002554s ]
INFO: [ app_begin ] --END-- [ RunTime:0.002780s ]

[ 2012-11-25T11:54:20+08:00 ] 127.0.0.1 /blog/Home/home
INFO: [ route_check ] --START--
INFO: Run CheckRoute Behavior [ RunTime:0.001257s ]
INFO: [ route_check ] --END-- [ RunTime:0.001529s ]
INFO: [ app_begin ] --START--
INFO: Run ReadHtmlCache Behavior [ RunTime:-0.001388s ]
INFO: [ app_begin ] --END-- [ RunTime:0.001160s ]
INFO: [ view_template ] --START--
INFO: Run LocationTemplate Behavior [ RunTime:-0.005344s ]
INFO: [ view_template ] --END-- [ RunTime:0.001362s ]
INFO: [ view_parse ] --START--
INFO: Run ParseTemplate Behavior [ RunTime:-0.006960s ]
INFO: [ view_parse ] --END-- [ RunTime:0.016066s ]
INFO: [ view_filter ] --START--
INFO: Run ContentReplace Behavior [ RunTime:-0.023177s ]
INFO: Run TokenBuild Behavior [ RunTime:-0.024257s ]
INFO: Run WriteHtmlCache Behavior [ RunTime:-0.025199s ]
INFO: Run ShowRuntime Behavior [ RunTime:-0.025837s ]
INFO: [ view_filter ] --END-- [ RunTime:0.003929s ]
INFO: [ view_end ] --START--
INFO: Run ShowPageTrace Behavior [ RunTime:-0.027427s ]
INFO: [ view_end ] --END-- [ RunTime:0.001160s ]

[ 2012-11-25T11:54:21+08:00 ] 127.0.0.1 /blog/Home/loadFeed
INFO: [ route_check ] --START--
INFO: Run CheckRoute Behavior [ RunTime:0.001793s ]
INFO: [ route_check ] --END-- [ RunTime:0.002237s ]
INFO: [ app_begin ] --START--
INFO: Run ReadHtmlCache Behavior [ RunTime:-0.001327s ]
INFO: [ app_begin ] --END-- [ RunTime:0.001592s ]

[ 2012-11-25T11:58:55+08:00 ] 127.0.0.1 /blog/Home/home
INFO: [ route_check ] --START--
INFO: Run CheckRoute Behavior [ RunTime:0.001560s ]
INFO: [ route_check ] --END-- [ RunTime:0.001853s ]
INFO: [ app_begin ] --START--
INFO: Run ReadHtmlCache Behavior [ RunTime:-0.001531s ]
INFO: [ app_begin ] --END-- [ RunTime:0.001284s ]
INFO: [ view_template ] --START--
INFO: Run LocationTemplate Behavior [ RunTime:-0.005768s ]
INFO: [ view_template ] --END-- [ RunTime:0.001532s ]
INFO: [ view_parse ] --START--
INFO: Run ParseTemplate Behavior [ RunTime:-0.007793s ]
INFO: [ view_parse ] --END-- [ RunTime:0.021208s ]
INFO: [ view_filter ] --START--
INFO: Run ContentReplace Behavior [ RunTime:-0.029302s ]
INFO: Run TokenBuild Behavior [ RunTime:-0.030702s ]
INFO: Run WriteHtmlCache Behavior [ RunTime:-0.031756s ]
INFO: Run ShowRuntime Behavior [ RunTime:-0.033096s ]
INFO: [ view_filter ] --END-- [ RunTime:0.005302s ]
INFO: [ view_end ] --START--
INFO: Run ShowPageTrace Behavior [ RunTime:-0.034808s ]
INFO: [ view_end ] --END-- [ RunTime:0.001159s ]

[ 2012-11-25T11:58:56+08:00 ] 127.0.0.1 /blog/Home/loadFeed
INFO: [ route_check ] --START--
INFO: Run CheckRoute Behavior [ RunTime:0.001610s ]
INFO: [ route_check ] --END-- [ RunTime:0.001894s ]
INFO: [ app_begin ] --START--
INFO: Run ReadHtmlCache Behavior [ RunTime:-0.001215s ]
INFO: [ app_begin ] --END-- [ RunTime:0.001358s ]

[ 2012-11-25T12:01:21+08:00 ] 127.0.0.1 /blog/Home/home
INFO: [ route_check ] --START--
INFO: Run CheckRoute Behavior [ RunTime:0.001545s ]
INFO: [ route_check ] --END-- [ RunTime:0.001856s ]
INFO: [ app_begin ] --START--
INFO: Run ReadHtmlCache Behavior [ RunTime:-0.001475s ]
INFO: [ app_begin ] --END-- [ RunTime:0.001482s ]
INFO: [ view_template ] --START--
INFO: Run LocationTemplate Behavior [ RunTime:-0.006122s ]
INFO: [ view_template ] --END-- [ RunTime:0.001387s ]
INFO: [ view_parse ] --START--
INFO: Run ParseTemplate Behavior [ RunTime:-0.007730s ]
INFO: [ view_parse ] --END-- [ RunTime:0.016029s ]
INFO: [ view_filter ] --START--
INFO: Run ContentReplace Behavior [ RunTime:-0.023963s ]
INFO: Run TokenBuild Behavior [ RunTime:-0.025030s ]
INFO: Run WriteHtmlCache Behavior [ RunTime:-0.026047s ]
INFO: Run ShowRuntime Behavior [ RunTime:-0.026730s ]
INFO: [ view_filter ] --END-- [ RunTime:0.004135s ]
INFO: [ view_end ] --START--
INFO: Run ShowPageTrace Behavior [ RunTime:-0.028424s ]
INFO: [ view_end ] --END-- [ RunTime:0.001247s ]

[ 2012-11-25T12:01:22+08:00 ] 127.0.0.1 /blog/Home/loadFeed
INFO: [ route_check ] --START--
INFO: Run CheckRoute Behavior [ RunTime:0.001086s ]
INFO: [ route_check ] --END-- [ RunTime:0.001416s ]
INFO: [ app_begin ] --START--
INFO: Run ReadHtmlCache Behavior [ RunTime:-0.001186s ]
INFO: [ app_begin ] --END-- [ RunTime:0.001072s ]

[ 2012-11-25T12:55:48+08:00 ] 127.0.0.1 /blog/Home/home
INFO: [ route_check ] --START--
INFO: Run CheckRoute Behavior [ RunTime:0.003268s ]
INFO: [ route_check ] --END-- [ RunTime:0.003717s ]
INFO: [ app_begin ] --START--
INFO: Run ReadHtmlCache Behavior [ RunTime:-0.002597s ]
INFO: [ app_begin ] --END-- [ RunTime:0.018440s ]
INFO: [ view_template ] --START--
INFO: Run LocationTemplate Behavior [ RunTime:-0.026544s ]
INFO: [ view_template ] --END-- [ RunTime:0.010315s ]
INFO: [ view_parse ] --START--
NOTIC: [8] Undefined variable: home_self_text E:\workspace\webApplication\blog\Runtime\Cache\7e66580c47f9b1911a04bb9d9c96d7a2.php 第 32 行.
NOTIC: [8] Undefined variable: home_self_pic E:\workspace\webApplication\blog\Runtime\Cache\7e66580c47f9b1911a04bb9d9c96d7a2.php 第 34 行.
NOTIC: [8] Undefined variable: home_self_music E:\workspace\webApplication\blog\Runtime\Cache\7e66580c47f9b1911a04bb9d9c96d7a2.php 第 36 行.
NOTIC: [8] Undefined variable: home_self_video E:\workspace\webApplication\blog\Runtime\Cache\7e66580c47f9b1911a04bb9d9c96d7a2.php 第 38 行.
INFO: Run ParseTemplate Behavior [ RunTime:-0.037241s ]
INFO: [ view_parse ] --END-- [ RunTime:0.040463s ]
INFO: [ view_filter ] --START--
INFO: Run ContentReplace Behavior [ RunTime:-0.078012s ]
INFO: Run TokenBuild Behavior [ RunTime:-0.080307s ]
INFO: Run WriteHtmlCache Behavior [ RunTime:-0.090799s ]
INFO: Run ShowRuntime Behavior [ RunTime:-0.092716s ]
INFO: [ view_filter ] --END-- [ RunTime:0.017347s ]
INFO: [ view_end ] --START--
INFO: Run ShowPageTrace Behavior [ RunTime:-0.095865s ]
INFO: [ view_end ] --END-- [ RunTime:0.002660s ]

[ 2012-11-25T12:55:49+08:00 ] 127.0.0.1 /blog/Home/loadFeed
INFO: [ route_check ] --START--
INFO: Run CheckRoute Behavior [ RunTime:0.001296s ]
INFO: [ route_check ] --END-- [ RunTime:0.001575s ]
INFO: [ app_begin ] --START--
INFO: Run ReadHtmlCache Behavior [ RunTime:-0.001389s ]
INFO: [ app_begin ] --END-- [ RunTime:0.001306s ]

[ 2012-11-25T12:56:15+08:00 ] 127.0.0.1 /blog/Home/home
INFO: [ route_check ] --START--
INFO: Run CheckRoute Behavior [ RunTime:0.001949s ]
INFO: [ route_check ] --END-- [ RunTime:0.002267s ]
INFO: [ app_begin ] --START--
INFO: Run ReadHtmlCache Behavior [ RunTime:-0.001538s ]
INFO: [ app_begin ] --END-- [ RunTime:0.001413s ]
INFO: [ view_template ] --START--
INFO: Run LocationTemplate Behavior [ RunTime:-0.006482s ]
INFO: [ view_template ] --END-- [ RunTime:0.001755s ]
INFO: [ view_parse ] --START--
INFO: Run ParseTemplate Behavior [ RunTime:-0.008386s ]
INFO: [ view_parse ] --END-- [ RunTime:0.051380s ]
INFO: [ view_filter ] --START--
INFO: Run ContentReplace Behavior [ RunTime:-0.059924s ]
INFO: Run TokenBuild Behavior [ RunTime:-0.061044s ]
INFO: Run WriteHtmlCache Behavior [ RunTime:-0.062034s ]
INFO: Run ShowRuntime Behavior [ RunTime:-0.062714s ]
INFO: [ view_filter ] --END-- [ RunTime:0.004314s ]
INFO: [ view_end ] --START--
INFO: Run ShowPageTrace Behavior [ RunTime:-0.064616s ]
INFO: [ view_end ] --END-- [ RunTime:0.001225s ]

[ 2012-11-25T12:56:16+08:00 ] 127.0.0.1 /blog/Home/loadFeed
INFO: [ route_check ] --START--
INFO: Run CheckRoute Behavior [ RunTime:0.001186s ]
INFO: [ route_check ] --END-- [ RunTime:0.001456s ]
INFO: [ app_begin ] --START--
INFO: Run ReadHtmlCache Behavior [ RunTime:-0.001239s ]
INFO: [ app_begin ] --END-- [ RunTime:0.001195s ]

[ 2012-11-25T12:59:13+08:00 ] 127.0.0.1 /blog/Home/home
INFO: [ route_check ] --START--
INFO: Run CheckRoute Behavior [ RunTime:0.001536s ]
INFO: [ route_check ] --END-- [ RunTime:0.001861s ]
INFO: [ app_begin ] --START--
INFO: Run ReadHtmlCache Behavior [ RunTime:-0.001524s ]
INFO: [ app_begin ] --END-- [ RunTime:0.001440s ]
INFO: [ view_template ] --START--
INFO: Run LocationTemplate Behavior [ RunTime:-0.006205s ]
INFO: [ view_template ] --END-- [ RunTime:0.001400s ]
INFO: [ view_parse ] --START--
INFO: Run ParseTemplate Behavior [ RunTime:-0.007821s ]
INFO: [ view_parse ] --END-- [ RunTime:0.017803s ]
INFO: [ view_filter ] --START--
INFO: Run ContentReplace Behavior [ RunTime:-0.025824s ]
INFO: Run TokenBuild Behavior [ RunTime:-0.027075s ]
INFO: Run WriteHtmlCache Behavior [ RunTime:-0.028090s ]
INFO: Run ShowRuntime Behavior [ RunTime:-0.028730s ]
INFO: [ view_filter ] --END-- [ RunTime:0.004293s ]
INFO: [ view_end ] --START--
INFO: Run ShowPageTrace Behavior [ RunTime:-0.030500s ]
INFO: [ view_end ] --END-- [ RunTime:0.001251s ]

[ 2012-11-25T12:59:13+08:00 ] 127.0.0.1 /blog/Home/loadFeed
INFO: [ route_check ] --START--
INFO: Run CheckRoute Behavior [ RunTime:0.001113s ]
INFO: [ route_check ] --END-- [ RunTime:0.001392s ]
INFO: [ app_begin ] --START--
INFO: Run ReadHtmlCache Behavior [ RunTime:-0.001204s ]
INFO: [ app_begin ] --END-- [ RunTime:0.001236s ]

[ 2012-11-25T13:02:22+08:00 ] 127.0.0.1 /blog/Home/home
INFO: [ route_check ] --START--
INFO: Run CheckRoute Behavior [ RunTime:0.001543s ]
INFO: [ route_check ] --END-- [ RunTime:0.001866s ]
INFO: [ app_begin ] --START--
INFO: Run ReadHtmlCache Behavior [ RunTime:-0.001805s ]
INFO: [ app_begin ] --END-- [ RunTime:0.001394s ]
INFO: [ view_template ] --START--
INFO: Run LocationTemplate Behavior [ RunTime:-0.006112s ]
INFO: [ view_template ] --END-- [ RunTime:0.001419s ]
INFO: [ view_parse ] --START--
INFO: Run ParseTemplate Behavior [ RunTime:-0.007752s ]
INFO: [ view_parse ] --END-- [ RunTime:0.016895s ]
INFO: [ view_filter ] --START--
INFO: Run ContentReplace Behavior [ RunTime:-0.024893s ]
INFO: Run TokenBuild Behavior [ RunTime:-0.025916s ]
INFO: Run WriteHtmlCache Behavior [ RunTime:-0.026910s ]
INFO: Run ShowRuntime Behavior [ RunTime:-0.027656s ]
INFO: [ view_filter ] --END-- [ RunTime:0.004206s ]
INFO: [ view_end ] --START--
INFO: Run ShowPageTrace Behavior [ RunTime:-0.029524s ]
INFO: [ view_end ] --END-- [ RunTime:0.001342s ]

[ 2012-11-25T13:02:23+08:00 ] 127.0.0.1 /blog/Home/loadFeed
INFO: [ route_check ] --START--
INFO: Run CheckRoute Behavior [ RunTime:0.001336s ]
INFO: [ route_check ] --END-- [ RunTime:0.001629s ]
INFO: [ app_begin ] --START--
INFO: Run ReadHtmlCache Behavior [ RunTime:-0.001290s ]
INFO: [ app_begin ] --END-- [ RunTime:0.001255s ]

[ 2012-11-25T13:02:39+08:00 ] 127.0.0.1 /blog/
INFO: [ app_begin ] --START--
INFO: Run ReadHtmlCache Behavior [ RunTime:0.001108s ]
INFO: [ app_begin ] --END-- [ RunTime:0.001372s ]

[ 2012-11-25T13:02:39+08:00 ] 127.0.0.1 /blog/Login/login
INFO: [ route_check ] --START--
INFO: Run CheckRoute Behavior [ RunTime:0.001548s ]
INFO: [ route_check ] --END-- [ RunTime:0.001933s ]
INFO: [ app_begin ] --START--
INFO: Run ReadHtmlCache Behavior [ RunTime:-0.002102s ]
INFO: [ app_begin ] --END-- [ RunTime:0.001887s ]
INFO: [ view_template ] --START--
INFO: Run LocationTemplate Behavior [ RunTime:-0.045854s ]
INFO: [ view_template ] --END-- [ RunTime:0.001590s ]
INFO: [ view_parse ] --START--
INFO: Run ParseTemplate Behavior [ RunTime:-0.047680s ]
INFO: [ view_parse ] --END-- [ RunTime:0.063570s ]
INFO: [ view_filter ] --START--
INFO: Run ContentReplace Behavior [ RunTime:-0.111634s ]
INFO: Run TokenBuild Behavior [ RunTime:-0.113309s ]
INFO: Run WriteHtmlCache Behavior [ RunTime:-0.115345s ]
INFO: Run ShowRuntime Behavior [ RunTime:-0.116432s ]
INFO: [ view_filter ] --END-- [ RunTime:0.007073s ]
INFO: [ view_end ] --START--
INFO: Run ShowPageTrace Behavior [ RunTime:-0.119290s ]
INFO: [ view_end ] --END-- [ RunTime:0.002278s ]

[ 2012-11-25T13:02:40+08:00 ] ERR: (ThinkException) 无法加载模块:Tpl
[ 2012-11-25T13:02:45+08:00 ] 127.0.0.1 /blog/Login/loginCheck
INFO: [ route_check ] --START--
INFO: Run CheckRoute Behavior [ RunTime:0.001243s ]
INFO: [ route_check ] --END-- [ RunTime:0.001594s ]
INFO: [ app_begin ] --START--
INFO: Run ReadHtmlCache Behavior [ RunTime:-0.001259s ]
INFO: [ app_begin ] --END-- [ RunTime:0.001089s ]
SQL: SHOW COLUMNS FROM `blog_user` [ RunTime:0.024448s ]
SQL: SELECT * FROM `blog_user` WHERE ( `name` = 'hlr' )  [ RunTime:0.000795s ]

[ 2012-11-25T13:02:45+08:00 ] ERR: (ThinkException) 模板不存在[E:/workspace/webApplication/blog/Tpl/Home/hoemTpl.html]
[ 2012-11-25T13:02:45+08:00 ] 127.0.0.1 /blog/Home/home
INFO: [ route_check ] --START--
INFO: Run CheckRoute Behavior [ RunTime:0.001882s ]
INFO: [ route_check ] --END-- [ RunTime:0.002381s ]
INFO: [ app_begin ] --START--
INFO: Run ReadHtmlCache Behavior [ RunTime:-0.002152s ]
INFO: [ app_begin ] --END-- [ RunTime:0.002221s ]
INFO: [ view_template ] --START--
NOTIC: [8] Undefined index: class E:\workspace\webApplication\blog\ThinkPHP\Lib\Core\ThinkException.class.php 第 63 行.
NOTIC: [8] Undefined index: type E:\workspace\webApplication\blog\ThinkPHP\Lib\Core\ThinkException.class.php 第 63 行.
NOTIC: [8] Undefined index: class E:\workspace\webApplication\blog\ThinkPHP\Lib\Core\ThinkException.class.php 第 63 行.
NOTIC: [8] Undefined index: type E:\workspace\webApplication\blog\ThinkPHP\Lib\Core\ThinkException.class.php 第 63 行.
NOTIC: [8] Undefined index: file E:\workspace\webApplication\blog\ThinkPHP\Lib\Core\ThinkException.class.php 第 62 行.
NOTIC: [8] Undefined index: line E:\workspace\webApplication\blog\ThinkPHP\Lib\Core\ThinkException.class.php 第 62 行.
NOTIC: [4096] Object of class HomeAction could not be converted to string E:\workspace\webApplication\blog\ThinkPHP\Lib\Core\ThinkException.class.php 第 64 行.
NOTIC: [8] Undefined index: class E:\workspace\webApplication\blog\ThinkPHP\Lib\Core\ThinkException.class.php 第 63 行.
NOTIC: [8] Undefined index: type E:\workspace\webApplication\blog\ThinkPHP\Lib\Core\ThinkException.class.php 第 63 行.
NOTIC: [8] Undefined index: class E:\workspace\webApplication\blog\ThinkPHP\Lib\Core\ThinkException.class.php 第 63 行.
NOTIC: [8] Undefined index: type E:\workspace\webApplication\blog\ThinkPHP\Lib\Core\ThinkException.class.php 第 63 行.

[ 2012-11-25T13:02:59+08:00 ] 127.0.0.1 /blog/Login/loginCheck
INFO: [ route_check ] --START--
INFO: Run CheckRoute Behavior [ RunTime:0.002671s ]
INFO: [ route_check ] --END-- [ RunTime:0.003342s ]
INFO: [ app_begin ] --START--
INFO: Run ReadHtmlCache Behavior [ RunTime:-0.003551s ]
INFO: [ app_begin ] --END-- [ RunTime:0.002238s ]
SQL: SHOW COLUMNS FROM `blog_user` [ RunTime:0.008023s ]
SQL: SELECT * FROM `blog_user` WHERE ( `name` = 'hlr' )  [ RunTime:0.000874s ]

[ 2012-11-25T13:02:59+08:00 ] 127.0.0.1 /blog/Home/home
INFO: [ route_check ] --START--
INFO: Run CheckRoute Behavior [ RunTime:0.001364s ]
INFO: [ route_check ] --END-- [ RunTime:0.001718s ]
INFO: [ app_begin ] --START--
INFO: Run ReadHtmlCache Behavior [ RunTime:-0.001279s ]
INFO: [ app_begin ] --END-- [ RunTime:0.001162s ]
INFO: [ view_template ] --START--
INFO: Run LocationTemplate Behavior [ RunTime:-0.004965s ]
INFO: [ view_template ] --END-- [ RunTime:0.001342s ]
INFO: [ view_parse ] --START--
NOTIC: [8] Undefined variable: home_self_text E:\workspace\webApplication\blog\Runtime\Cache\7e66580c47f9b1911a04bb9d9c96d7a2.php 第 32 行.
NOTIC: [8] Undefined variable: home_self_pic E:\workspace\webApplication\blog\Runtime\Cache\7e66580c47f9b1911a04bb9d9c96d7a2.php 第 34 行.
NOTIC: [8] Undefined variable: home_self_music E:\workspace\webApplication\blog\Runtime\Cache\7e66580c47f9b1911a04bb9d9c96d7a2.php 第 36 行.
NOTIC: [8] Undefined variable: home_self_video E:\workspace\webApplication\blog\Runtime\Cache\7e66580c47f9b1911a04bb9d9c96d7a2.php 第 38 行.
INFO: Run ParseTemplate Behavior [ RunTime:-0.006516s ]
INFO: [ view_parse ] --END-- [ RunTime:0.012805s ]
INFO: [ view_filter ] --START--
INFO: Run ContentReplace Behavior [ RunTime:-0.019508s ]
INFO: Run TokenBuild Behavior [ RunTime:-0.020370s ]
INFO: Run WriteHtmlCache Behavior [ RunTime:-0.021422s ]
INFO: Run ShowRuntime Behavior [ RunTime:-0.022061s ]
INFO: [ view_filter ] --END-- [ RunTime:0.003888s ]
INFO: [ view_end ] --START--
INFO: Run ShowPageTrace Behavior [ RunTime:-0.023683s ]
INFO: [ view_end ] --END-- [ RunTime:0.001257s ]

[ 2012-11-25T13:02:59+08:00 ] 127.0.0.1 /blog/Home/loadFeed
INFO: [ route_check ] --START--
INFO: Run CheckRoute Behavior [ RunTime:0.002248s ]
INFO: [ route_check ] --END-- [ RunTime:0.002794s ]
INFO: [ app_begin ] --START--
INFO: Run ReadHtmlCache Behavior [ RunTime:-0.002068s ]
INFO: [ app_begin ] --END-- [ RunTime:0.002044s ]

