[ 2012-11-27T00:00:07+08:00 ] 127.0.0.1 /blog/Home/picture
INFO: [ route_check ] --START--
INFO: Run CheckRoute Behavior [ RunTime:0.001388s ]
INFO: [ route_check ] --END-- [ RunTime:0.001737s ]
INFO: [ app_begin ] --START--
INFO: Run ReadHtmlCache Behavior [ RunTime:-0.001384s ]
INFO: [ app_begin ] --END-- [ RunTime:0.001182s ]
INFO: [ view_template ] --START--
INFO: Run LocationTemplate Behavior [ RunTime:-0.005571s ]
INFO: [ view_template ] --END-- [ RunTime:0.001439s ]
INFO: [ view_parse ] --START--
INFO: Run ParseTemplate Behavior [ RunTime:-0.007197s ]
INFO: [ view_parse ] --END-- [ RunTime:0.012914s ]
INFO: [ view_filter ] --START--
INFO: Run ContentReplace Behavior [ RunTime:-0.020289s ]
INFO: Run TokenBuild Behavior [ RunTime:-0.021444s ]
INFO: Run WriteHtmlCache Behavior [ RunTime:-0.022395s ]
INFO: Run ShowRuntime Behavior [ RunTime:-0.023034s ]
INFO: [ view_filter ] --END-- [ RunTime:0.003980s ]
INFO: [ view_end ] --START--
INFO: Run ShowPageTrace Behavior [ RunTime:-0.024582s ]
INFO: [ view_end ] --END-- [ RunTime:0.001298s ]

[ 2012-11-27T00:00:07+08:00 ] ERR: (ThinkException) 非法操作:themes
[ 2012-11-27T00:00:07+08:00 ] 127.0.0.1 /blog/Home//themes/default/iframe.css
INFO: [ route_check ] --START--
INFO: Run CheckRoute Behavior [ RunTime:0.001853s ]
INFO: [ route_check ] --END-- [ RunTime:0.002198s ]
INFO: [ app_begin ] --START--
INFO: Run ReadHtmlCache Behavior [ RunTime:-0.002296s ]
INFO: [ app_begin ] --END-- [ RunTime:0.001692s ]
NOTIC: [8] Undefined index: class E:\workspace\webApplication\blog\ThinkPHP\Lib\Core\ThinkException.class.php 第 63 行.
NOTIC: [8] Undefined index: type E:\workspace\webApplication\blog\ThinkPHP\Lib\Core\ThinkException.class.php 第 63 行.
NOTIC: [8] Undefined index: file E:\workspace\webApplication\blog\ThinkPHP\Lib\Core\ThinkException.class.php 第 62 行.
NOTIC: [8] Undefined index: line E:\workspace\webApplication\blog\ThinkPHP\Lib\Core\ThinkException.class.php 第 62 行.
NOTIC: [4096] Object of class HomeAction could not be converted to string E:\workspace\webApplication\blog\ThinkPHP\Lib\Core\ThinkException.class.php 第 64 行.
NOTIC: [8] Array to string conversion E:\workspace\webApplication\blog\ThinkPHP\Lib\Core\ThinkException.class.php 第 64 行.
NOTIC: [8] Undefined index: class E:\workspace\webApplication\blog\ThinkPHP\Lib\Core\ThinkException.class.php 第 63 行.
NOTIC: [8] Undefined index: type E:\workspace\webApplication\blog\ThinkPHP\Lib\Core\ThinkException.class.php 第 63 行.
NOTIC: [8] Undefined index: class E:\workspace\webApplication\blog\ThinkPHP\Lib\Core\ThinkException.class.php 第 63 行.
NOTIC: [8] Undefined index: type E:\workspace\webApplication\blog\ThinkPHP\Lib\Core\ThinkException.class.php 第 63 行.

[ 2012-11-27T00:00:32+08:00 ] 127.0.0.1 /blog/Home/picture
INFO: [ route_check ] --START--
INFO: Run CheckRoute Behavior [ RunTime:0.001074s ]
INFO: [ route_check ] --END-- [ RunTime:0.001332s ]
INFO: [ app_begin ] --START--
INFO: Run ReadHtmlCache Behavior [ RunTime:-0.001225s ]
INFO: [ app_begin ] --END-- [ RunTime:0.001272s ]
INFO: [ view_template ] --START--
INFO: Run LocationTemplate Behavior [ RunTime:-0.004846s ]
INFO: [ view_template ] --END-- [ RunTime:0.001382s ]
INFO: [ view_parse ] --START--
INFO: Run ParseTemplate Behavior [ RunTime:-0.006454s ]
INFO: [ view_parse ] --END-- [ RunTime:0.016838s ]
INFO: [ view_filter ] --START--
INFO: Run ContentReplace Behavior [ RunTime:-0.023603s ]
INFO: Run TokenBuild Behavior [ RunTime:-0.025091s ]
INFO: Run WriteHtmlCache Behavior [ RunTime:-0.026787s ]
INFO: Run ShowRuntime Behavior [ RunTime:-0.027664s ]
INFO: [ view_filter ] --END-- [ RunTime:0.005454s ]
INFO: [ view_end ] --START--
INFO: Run ShowPageTrace Behavior [ RunTime:-0.029334s ]
INFO: [ view_end ] --END-- [ RunTime:0.001228s ]

[ 2012-11-27T00:00:33+08:00 ] ERR: (ThinkException) 非法操作:themes
[ 2012-11-27T00:00:33+08:00 ] 127.0.0.1 /blog/Home//themes/default/iframe.css
INFO: [ route_check ] --START--
INFO: Run CheckRoute Behavior [ RunTime:0.001858s ]
INFO: [ route_check ] --END-- [ RunTime:0.002281s ]
INFO: [ app_begin ] --START--
INFO: Run ReadHtmlCache Behavior [ RunTime:-0.002476s ]
INFO: [ app_begin ] --END-- [ RunTime:0.001851s ]
NOTIC: [8] Undefined index: class E:\workspace\webApplication\blog\ThinkPHP\Lib\Core\ThinkException.class.php 第 63 行.
NOTIC: [8] Undefined index: type E:\workspace\webApplication\blog\ThinkPHP\Lib\Core\ThinkException.class.php 第 63 行.
NOTIC: [8] Undefined index: file E:\workspace\webApplication\blog\ThinkPHP\Lib\Core\ThinkException.class.php 第 62 行.
NOTIC: [8] Undefined index: line E:\workspace\webApplication\blog\ThinkPHP\Lib\Core\ThinkException.class.php 第 62 行.
NOTIC: [4096] Object of class HomeAction could not be converted to string E:\workspace\webApplication\blog\ThinkPHP\Lib\Core\ThinkException.class.php 第 64 行.
NOTIC: [8] Array to string conversion E:\workspace\webApplication\blog\ThinkPHP\Lib\Core\ThinkException.class.php 第 64 行.
NOTIC: [8] Undefined index: class E:\workspace\webApplication\blog\ThinkPHP\Lib\Core\ThinkException.class.php 第 63 行.
NOTIC: [8] Undefined index: type E:\workspace\webApplication\blog\ThinkPHP\Lib\Core\ThinkException.class.php 第 63 行.
NOTIC: [8] Undefined index: class E:\workspace\webApplication\blog\ThinkPHP\Lib\Core\ThinkException.class.php 第 63 行.
NOTIC: [8] Undefined index: type E:\workspace\webApplication\blog\ThinkPHP\Lib\Core\ThinkException.class.php 第 63 行.

[ 2012-11-27T00:00:36+08:00 ] 127.0.0.1 /blog/Home/picture
INFO: [ route_check ] --START--
INFO: Run CheckRoute Behavior [ RunTime:0.001312s ]
INFO: [ route_check ] --END-- [ RunTime:0.001624s ]
INFO: [ app_begin ] --START--
INFO: Run ReadHtmlCache Behavior [ RunTime:-0.001404s ]
INFO: [ app_begin ] --END-- [ RunTime:0.001299s ]
INFO: [ view_template ] --START--
INFO: Run LocationTemplate Behavior [ RunTime:-0.005401s ]
INFO: [ view_template ] --END-- [ RunTime:0.001654s ]
INFO: [ view_parse ] --START--
INFO: Run ParseTemplate Behavior [ RunTime:-0.007315s ]
INFO: [ view_parse ] --END-- [ RunTime:0.013829s ]
INFO: [ view_filter ] --START--
INFO: Run ContentReplace Behavior [ RunTime:-0.021276s ]
INFO: Run TokenBuild Behavior [ RunTime:-0.022153s ]
INFO: Run WriteHtmlCache Behavior [ RunTime:-0.023048s ]
INFO: Run ShowRuntime Behavior [ RunTime:-0.023701s ]
INFO: [ view_filter ] --END-- [ RunTime:0.003743s ]
INFO: [ view_end ] --START--
INFO: Run ShowPageTrace Behavior [ RunTime:-0.025303s ]
INFO: [ view_end ] --END-- [ RunTime:0.001183s ]

[ 2012-11-27T00:00:36+08:00 ] ERR: (ThinkException) 非法操作:themes
[ 2012-11-27T00:00:36+08:00 ] 127.0.0.1 /blog/Home//themes/default/iframe.css
INFO: [ route_check ] --START--
INFO: Run CheckRoute Behavior [ RunTime:0.001066s ]
INFO: [ route_check ] --END-- [ RunTime:0.001320s ]
INFO: [ app_begin ] --START--
INFO: Run ReadHtmlCache Behavior [ RunTime:-0.001372s ]
INFO: [ app_begin ] --END-- [ RunTime:0.001711s ]
NOTIC: [8] Undefined index: class E:\workspace\webApplication\blog\ThinkPHP\Lib\Core\ThinkException.class.php 第 63 行.
NOTIC: [8] Undefined index: type E:\workspace\webApplication\blog\ThinkPHP\Lib\Core\ThinkException.class.php 第 63 行.
NOTIC: [8] Undefined index: file E:\workspace\webApplication\blog\ThinkPHP\Lib\Core\ThinkException.class.php 第 62 行.
NOTIC: [8] Undefined index: line E:\workspace\webApplication\blog\ThinkPHP\Lib\Core\ThinkException.class.php 第 62 行.
NOTIC: [4096] Object of class HomeAction could not be converted to string E:\workspace\webApplication\blog\ThinkPHP\Lib\Core\ThinkException.class.php 第 64 行.
NOTIC: [8] Array to string conversion E:\workspace\webApplication\blog\ThinkPHP\Lib\Core\ThinkException.class.php 第 64 行.
NOTIC: [8] Undefined index: class E:\workspace\webApplication\blog\ThinkPHP\Lib\Core\ThinkException.class.php 第 63 行.
NOTIC: [8] Undefined index: type E:\workspace\webApplication\blog\ThinkPHP\Lib\Core\ThinkException.class.php 第 63 行.
NOTIC: [8] Undefined index: class E:\workspace\webApplication\blog\ThinkPHP\Lib\Core\ThinkException.class.php 第 63 行.
NOTIC: [8] Undefined index: type E:\workspace\webApplication\blog\ThinkPHP\Lib\Core\ThinkException.class.php 第 63 行.

[ 2012-11-27T00:05:07+08:00 ] 127.0.0.1 /blog/Home/picture
INFO: [ route_check ] --START--
INFO: Run CheckRoute Behavior [ RunTime:0.001591s ]
INFO: [ route_check ] --END-- [ RunTime:0.001891s ]
INFO: [ app_begin ] --START--
INFO: Run ReadHtmlCache Behavior [ RunTime:-0.001518s ]
INFO: [ app_begin ] --END-- [ RunTime:0.001307s ]
INFO: [ view_template ] --START--
INFO: Run LocationTemplate Behavior [ RunTime:-0.005906s ]
INFO: [ view_template ] --END-- [ RunTime:0.001475s ]
INFO: [ view_parse ] --START--
INFO: Run ParseTemplate Behavior [ RunTime:-0.007616s ]
INFO: [ view_parse ] --END-- [ RunTime:0.013349s ]
INFO: [ view_filter ] --START--
INFO: Run ContentReplace Behavior [ RunTime:-0.021118s ]
INFO: Run TokenBuild Behavior [ RunTime:-0.021964s ]
INFO: Run WriteHtmlCache Behavior [ RunTime:-0.022843s ]
INFO: Run ShowRuntime Behavior [ RunTime:-0.023449s ]
INFO: [ view_filter ] --END-- [ RunTime:0.003507s ]
INFO: [ view_end ] --START--
INFO: Run ShowPageTrace Behavior [ RunTime:-0.024920s ]
INFO: [ view_end ] --END-- [ RunTime:0.001167s ]

[ 2012-11-27T00:05:07+08:00 ] ERR: (ThinkException) 非法操作:themes
[ 2012-11-27T00:05:07+08:00 ] 127.0.0.1 /blog/Home//themes/default/iframe.css
INFO: [ route_check ] --START--
INFO: Run CheckRoute Behavior [ RunTime:0.001490s ]
INFO: [ route_check ] --END-- [ RunTime:0.001799s ]
INFO: [ app_begin ] --START--
INFO: Run ReadHtmlCache Behavior [ RunTime:-0.001375s ]
INFO: [ app_begin ] --END-- [ RunTime:0.001189s ]
NOTIC: [8] Undefined index: class E:\workspace\webApplication\blog\ThinkPHP\Lib\Core\ThinkException.class.php 第 63 行.
NOTIC: [8] Undefined index: type E:\workspace\webApplication\blog\ThinkPHP\Lib\Core\ThinkException.class.php 第 63 行.
NOTIC: [8] Undefined index: file E:\workspace\webApplication\blog\ThinkPHP\Lib\Core\ThinkException.class.php 第 62 行.
NOTIC: [8] Undefined index: line E:\workspace\webApplication\blog\ThinkPHP\Lib\Core\ThinkException.class.php 第 62 行.
NOTIC: [4096] Object of class HomeAction could not be converted to string E:\workspace\webApplication\blog\ThinkPHP\Lib\Core\ThinkException.class.php 第 64 行.
NOTIC: [8] Array to string conversion E:\workspace\webApplication\blog\ThinkPHP\Lib\Core\ThinkException.class.php 第 64 行.
NOTIC: [8] Undefined index: class E:\workspace\webApplication\blog\ThinkPHP\Lib\Core\ThinkException.class.php 第 63 行.
NOTIC: [8] Undefined index: type E:\workspace\webApplication\blog\ThinkPHP\Lib\Core\ThinkException.class.php 第 63 行.
NOTIC: [8] Undefined index: class E:\workspace\webApplication\blog\ThinkPHP\Lib\Core\ThinkException.class.php 第 63 行.
NOTIC: [8] Undefined index: type E:\workspace\webApplication\blog\ThinkPHP\Lib\Core\ThinkException.class.php 第 63 行.

[ 2012-11-27T00:06:07+08:00 ] 127.0.0.1 /blog/Home/picture
INFO: [ route_check ] --START--
INFO: Run CheckRoute Behavior [ RunTime:0.001476s ]
INFO: [ route_check ] --END-- [ RunTime:0.001795s ]
INFO: [ app_begin ] --START--
INFO: Run ReadHtmlCache Behavior [ RunTime:-0.001226s ]
INFO: [ app_begin ] --END-- [ RunTime:0.001066s ]
INFO: [ view_template ] --START--
INFO: Run LocationTemplate Behavior [ RunTime:-0.004550s ]
INFO: [ view_template ] --END-- [ RunTime:0.001464s ]
INFO: [ view_parse ] --START--
INFO: Run ParseTemplate Behavior [ RunTime:-0.006298s ]
INFO: [ view_parse ] --END-- [ RunTime:0.012835s ]
INFO: [ view_filter ] --START--
INFO: Run ContentReplace Behavior [ RunTime:-0.019304s ]
INFO: Run TokenBuild Behavior [ RunTime:-0.020268s ]
INFO: Run WriteHtmlCache Behavior [ RunTime:-0.021307s ]
INFO: Run ShowRuntime Behavior [ RunTime:-0.022090s ]
INFO: [ view_filter ] --END-- [ RunTime:0.004051s ]
INFO: [ view_end ] --START--
INFO: Run ShowPageTrace Behavior [ RunTime:-0.023752s ]
INFO: [ view_end ] --END-- [ RunTime:0.001254s ]

[ 2012-11-27T00:06:07+08:00 ] ERR: (ThinkException) 非法操作:themes
[ 2012-11-27T00:06:07+08:00 ] 127.0.0.1 /blog/Home//themes/default/iframe.css
INFO: [ route_check ] --START--
INFO: Run CheckRoute Behavior [ RunTime:0.002853s ]
INFO: [ route_check ] --END-- [ RunTime:0.003619s ]
INFO: [ app_begin ] --START--
INFO: Run ReadHtmlCache Behavior [ RunTime:-0.002640s ]
INFO: [ app_begin ] --END-- [ RunTime:0.002068s ]
NOTIC: [8] Undefined index: class E:\workspace\webApplication\blog\ThinkPHP\Lib\Core\ThinkException.class.php 第 63 行.
NOTIC: [8] Undefined index: type E:\workspace\webApplication\blog\ThinkPHP\Lib\Core\ThinkException.class.php 第 63 行.
NOTIC: [8] Undefined index: file E:\workspace\webApplication\blog\ThinkPHP\Lib\Core\ThinkException.class.php 第 62 行.
NOTIC: [8] Undefined index: line E:\workspace\webApplication\blog\ThinkPHP\Lib\Core\ThinkException.class.php 第 62 行.
NOTIC: [4096] Object of class HomeAction could not be converted to string E:\workspace\webApplication\blog\ThinkPHP\Lib\Core\ThinkException.class.php 第 64 行.
NOTIC: [8] Array to string conversion E:\workspace\webApplication\blog\ThinkPHP\Lib\Core\ThinkException.class.php 第 64 行.
NOTIC: [8] Undefined index: class E:\workspace\webApplication\blog\ThinkPHP\Lib\Core\ThinkException.class.php 第 63 行.
NOTIC: [8] Undefined index: type E:\workspace\webApplication\blog\ThinkPHP\Lib\Core\ThinkException.class.php 第 63 行.
NOTIC: [8] Undefined index: class E:\workspace\webApplication\blog\ThinkPHP\Lib\Core\ThinkException.class.php 第 63 行.
NOTIC: [8] Undefined index: type E:\workspace\webApplication\blog\ThinkPHP\Lib\Core\ThinkException.class.php 第 63 行.

[ 2012-11-27T00:06:20+08:00 ] 127.0.0.1 /blog/Home/picture
INFO: [ route_check ] --START--
INFO: Run CheckRoute Behavior [ RunTime:0.001070s ]
INFO: [ route_check ] --END-- [ RunTime:0.001340s ]
INFO: [ app_begin ] --START--
INFO: Run ReadHtmlCache Behavior [ RunTime:-0.001208s ]
INFO: [ app_begin ] --END-- [ RunTime:0.001234s ]
INFO: [ view_template ] --START--
INFO: Run LocationTemplate Behavior [ RunTime:-0.004720s ]
INFO: [ view_template ] --END-- [ RunTime:0.001337s ]
INFO: [ view_parse ] --START--
INFO: Run ParseTemplate Behavior [ RunTime:-0.006289s ]
INFO: [ view_parse ] --END-- [ RunTime:0.013818s ]
INFO: [ view_filter ] --START--
INFO: Run ContentReplace Behavior [ RunTime:-0.020288s ]
INFO: Run TokenBuild Behavior [ RunTime:-0.021250s ]
INFO: Run WriteHtmlCache Behavior [ RunTime:-0.022219s ]
INFO: Run ShowRuntime Behavior [ RunTime:-0.022869s ]
INFO: [ view_filter ] --END-- [ RunTime:0.003812s ]
INFO: [ view_end ] --START--
INFO: Run ShowPageTrace Behavior [ RunTime:-0.024367s ]
INFO: [ view_end ] --END-- [ RunTime:0.001116s ]

[ 2012-11-27T00:06:21+08:00 ] ERR: (ThinkException) 非法操作:themes
[ 2012-11-27T00:06:21+08:00 ] 127.0.0.1 /blog/Home//themes/default/iframe.css
INFO: [ route_check ] --START--
INFO: Run CheckRoute Behavior [ RunTime:0.002308s ]
INFO: [ route_check ] --END-- [ RunTime:0.002782s ]
INFO: [ app_begin ] --START--
INFO: Run ReadHtmlCache Behavior [ RunTime:-0.002878s ]
INFO: [ app_begin ] --END-- [ RunTime:0.002495s ]
NOTIC: [8] Undefined index: class E:\workspace\webApplication\blog\ThinkPHP\Lib\Core\ThinkException.class.php 第 63 行.
NOTIC: [8] Undefined index: type E:\workspace\webApplication\blog\ThinkPHP\Lib\Core\ThinkException.class.php 第 63 行.
NOTIC: [8] Undefined index: file E:\workspace\webApplication\blog\ThinkPHP\Lib\Core\ThinkException.class.php 第 62 行.
NOTIC: [8] Undefined index: line E:\workspace\webApplication\blog\ThinkPHP\Lib\Core\ThinkException.class.php 第 62 行.
NOTIC: [4096] Object of class HomeAction could not be converted to string E:\workspace\webApplication\blog\ThinkPHP\Lib\Core\ThinkException.class.php 第 64 行.
NOTIC: [8] Array to string conversion E:\workspace\webApplication\blog\ThinkPHP\Lib\Core\ThinkException.class.php 第 64 行.
NOTIC: [8] Undefined index: class E:\workspace\webApplication\blog\ThinkPHP\Lib\Core\ThinkException.class.php 第 63 行.
NOTIC: [8] Undefined index: type E:\workspace\webApplication\blog\ThinkPHP\Lib\Core\ThinkException.class.php 第 63 行.
NOTIC: [8] Undefined index: class E:\workspace\webApplication\blog\ThinkPHP\Lib\Core\ThinkException.class.php 第 63 行.
NOTIC: [8] Undefined index: type E:\workspace\webApplication\blog\ThinkPHP\Lib\Core\ThinkException.class.php 第 63 行.

[ 2012-11-27T00:06:39+08:00 ] 127.0.0.1 /blog/Home/picture
INFO: [ route_check ] --START--
INFO: Run CheckRoute Behavior [ RunTime:0.001046s ]
INFO: [ route_check ] --END-- [ RunTime:0.001436s ]
INFO: [ app_begin ] --START--
INFO: Run ReadHtmlCache Behavior [ RunTime:-0.001138s ]
INFO: [ app_begin ] --END-- [ RunTime:0.001036s ]
INFO: [ view_template ] --START--
INFO: Run LocationTemplate Behavior [ RunTime:-0.004447s ]
INFO: [ view_template ] --END-- [ RunTime:0.001347s ]
INFO: [ view_parse ] --START--
INFO: Run ParseTemplate Behavior [ RunTime:-0.006059s ]
INFO: [ view_parse ] --END-- [ RunTime:0.012139s ]
INFO: [ view_filter ] --START--
INFO: Run ContentReplace Behavior [ RunTime:-0.018517s ]
INFO: Run TokenBuild Behavior [ RunTime:-0.019840s ]
INFO: Run WriteHtmlCache Behavior [ RunTime:-0.020813s ]
INFO: Run ShowRuntime Behavior [ RunTime:-0.021416s ]
INFO: [ view_filter ] --END-- [ RunTime:0.004174s ]
INFO: [ view_end ] --START--
INFO: Run ShowPageTrace Behavior [ RunTime:-0.022917s ]
INFO: [ view_end ] --END-- [ RunTime:0.001162s ]

[ 2012-11-27T00:06:40+08:00 ] ERR: (ThinkException) 非法操作:themes
[ 2012-11-27T00:06:40+08:00 ] 127.0.0.1 /blog/Home//themes/default/iframe.css
INFO: [ route_check ] --START--
INFO: Run CheckRoute Behavior [ RunTime:0.002317s ]
INFO: [ route_check ] --END-- [ RunTime:0.002742s ]
INFO: [ app_begin ] --START--
INFO: Run ReadHtmlCache Behavior [ RunTime:-0.002550s ]
INFO: [ app_begin ] --END-- [ RunTime:0.004275s ]
NOTIC: [8] Undefined index: class E:\workspace\webApplication\blog\ThinkPHP\Lib\Core\ThinkException.class.php 第 63 行.
NOTIC: [8] Undefined index: type E:\workspace\webApplication\blog\ThinkPHP\Lib\Core\ThinkException.class.php 第 63 行.
NOTIC: [8] Undefined index: file E:\workspace\webApplication\blog\ThinkPHP\Lib\Core\ThinkException.class.php 第 62 行.
NOTIC: [8] Undefined index: line E:\workspace\webApplication\blog\ThinkPHP\Lib\Core\ThinkException.class.php 第 62 行.
NOTIC: [4096] Object of class HomeAction could not be converted to string E:\workspace\webApplication\blog\ThinkPHP\Lib\Core\ThinkException.class.php 第 64 行.
NOTIC: [8] Array to string conversion E:\workspace\webApplication\blog\ThinkPHP\Lib\Core\ThinkException.class.php 第 64 行.
NOTIC: [8] Undefined index: class E:\workspace\webApplication\blog\ThinkPHP\Lib\Core\ThinkException.class.php 第 63 行.
NOTIC: [8] Undefined index: type E:\workspace\webApplication\blog\ThinkPHP\Lib\Core\ThinkException.class.php 第 63 行.
NOTIC: [8] Undefined index: class E:\workspace\webApplication\blog\ThinkPHP\Lib\Core\ThinkException.class.php 第 63 行.
NOTIC: [8] Undefined index: type E:\workspace\webApplication\blog\ThinkPHP\Lib\Core\ThinkException.class.php 第 63 行.

[ 2012-11-27T00:06:42+08:00 ] 127.0.0.1 /blog/Home/picture
INFO: [ route_check ] --START--
INFO: Run CheckRoute Behavior [ RunTime:0.001332s ]
INFO: [ route_check ] --END-- [ RunTime:0.001732s ]
INFO: [ app_begin ] --START--
INFO: Run ReadHtmlCache Behavior [ RunTime:-0.001971s ]
INFO: [ app_begin ] --END-- [ RunTime:0.001714s ]
INFO: [ view_template ] --START--
INFO: Run LocationTemplate Behavior [ RunTime:-0.007136s ]
INFO: [ view_template ] --END-- [ RunTime:0.002110s ]
INFO: [ view_parse ] --START--
INFO: Run ParseTemplate Behavior [ RunTime:-0.009438s ]
INFO: [ view_parse ] --END-- [ RunTime:0.015494s ]
INFO: [ view_filter ] --START--
INFO: Run ContentReplace Behavior [ RunTime:-0.025267s ]
INFO: Run TokenBuild Behavior [ RunTime:-0.026350s ]
INFO: Run WriteHtmlCache Behavior [ RunTime:-0.027683s ]
INFO: Run ShowRuntime Behavior [ RunTime:-0.028556s ]
INFO: [ view_filter ] --END-- [ RunTime:0.005517s ]
INFO: [ view_end ] --START--
INFO: Run ShowPageTrace Behavior [ RunTime:-0.031294s ]
INFO: [ view_end ] --END-- [ RunTime:0.002030s ]

[ 2012-11-27T00:06:43+08:00 ] ERR: (ThinkException) 非法操作:themes
[ 2012-11-27T00:06:43+08:00 ] 127.0.0.1 /blog/Home//themes/default/iframe.css
INFO: [ route_check ] --START--
INFO: Run CheckRoute Behavior [ RunTime:0.001701s ]
INFO: [ route_check ] --END-- [ RunTime:0.002130s ]
INFO: [ app_begin ] --START--
INFO: Run ReadHtmlCache Behavior [ RunTime:-0.003594s ]
INFO: [ app_begin ] --END-- [ RunTime:0.003398s ]
NOTIC: [8] Undefined index: class E:\workspace\webApplication\blog\ThinkPHP\Lib\Core\ThinkException.class.php 第 63 行.
NOTIC: [8] Undefined index: type E:\workspace\webApplication\blog\ThinkPHP\Lib\Core\ThinkException.class.php 第 63 行.
NOTIC: [8] Undefined index: file E:\workspace\webApplication\blog\ThinkPHP\Lib\Core\ThinkException.class.php 第 62 行.
NOTIC: [8] Undefined index: line E:\workspace\webApplication\blog\ThinkPHP\Lib\Core\ThinkException.class.php 第 62 行.
NOTIC: [4096] Object of class HomeAction could not be converted to string E:\workspace\webApplication\blog\ThinkPHP\Lib\Core\ThinkException.class.php 第 64 行.
NOTIC: [8] Array to string conversion E:\workspace\webApplication\blog\ThinkPHP\Lib\Core\ThinkException.class.php 第 64 行.
NOTIC: [8] Undefined index: class E:\workspace\webApplication\blog\ThinkPHP\Lib\Core\ThinkException.class.php 第 63 行.
NOTIC: [8] Undefined index: type E:\workspace\webApplication\blog\ThinkPHP\Lib\Core\ThinkException.class.php 第 63 行.
NOTIC: [8] Undefined index: class E:\workspace\webApplication\blog\ThinkPHP\Lib\Core\ThinkException.class.php 第 63 行.
NOTIC: [8] Undefined index: type E:\workspace\webApplication\blog\ThinkPHP\Lib\Core\ThinkException.class.php 第 63 行.

[ 2012-11-27T00:06:49+08:00 ] 127.0.0.1 /blog/Home/picture
INFO: [ route_check ] --START--
INFO: Run CheckRoute Behavior [ RunTime:0.001231s ]
INFO: [ route_check ] --END-- [ RunTime:0.001495s ]
INFO: [ app_begin ] --START--
INFO: Run ReadHtmlCache Behavior [ RunTime:-0.001198s ]
INFO: [ app_begin ] --END-- [ RunTime:0.001224s ]
INFO: [ view_template ] --START--
INFO: Run LocationTemplate Behavior [ RunTime:-0.004665s ]
INFO: [ view_template ] --END-- [ RunTime:0.000993s ]
INFO: [ view_parse ] --START--
INFO: Run ParseTemplate Behavior [ RunTime:-0.005888s ]
INFO: [ view_parse ] --END-- [ RunTime:0.011713s ]
INFO: [ view_filter ] --START--
INFO: Run ContentReplace Behavior [ RunTime:-0.017765s ]
INFO: Run TokenBuild Behavior [ RunTime:-0.018579s ]
INFO: Run WriteHtmlCache Behavior [ RunTime:-0.019451s ]
INFO: Run ShowRuntime Behavior [ RunTime:-0.019985s ]
INFO: [ view_filter ] --END-- [ RunTime:0.003350s ]
INFO: [ view_end ] --START--
INFO: Run ShowPageTrace Behavior [ RunTime:-0.021397s ]
INFO: [ view_end ] --END-- [ RunTime:0.001076s ]

[ 2012-11-27T00:06:49+08:00 ] ERR: (ThinkException) 非法操作:themes
[ 2012-11-27T00:06:49+08:00 ] 127.0.0.1 /blog/Home//themes/default/iframe.css
INFO: [ route_check ] --START--
INFO: Run CheckRoute Behavior [ RunTime:0.002134s ]
INFO: [ route_check ] --END-- [ RunTime:0.002551s ]
INFO: [ app_begin ] --START--
INFO: Run ReadHtmlCache Behavior [ RunTime:-0.002336s ]
INFO: [ app_begin ] --END-- [ RunTime:0.002074s ]
NOTIC: [8] Undefined index: class E:\workspace\webApplication\blog\ThinkPHP\Lib\Core\ThinkException.class.php 第 63 行.
NOTIC: [8] Undefined index: type E:\workspace\webApplication\blog\ThinkPHP\Lib\Core\ThinkException.class.php 第 63 行.
NOTIC: [8] Undefined index: file E:\workspace\webApplication\blog\ThinkPHP\Lib\Core\ThinkException.class.php 第 62 行.
NOTIC: [8] Undefined index: line E:\workspace\webApplication\blog\ThinkPHP\Lib\Core\ThinkException.class.php 第 62 行.
NOTIC: [4096] Object of class HomeAction could not be converted to string E:\workspace\webApplication\blog\ThinkPHP\Lib\Core\ThinkException.class.php 第 64 行.
NOTIC: [8] Array to string conversion E:\workspace\webApplication\blog\ThinkPHP\Lib\Core\ThinkException.class.php 第 64 行.
NOTIC: [8] Undefined index: class E:\workspace\webApplication\blog\ThinkPHP\Lib\Core\ThinkException.class.php 第 63 行.
NOTIC: [8] Undefined index: type E:\workspace\webApplication\blog\ThinkPHP\Lib\Core\ThinkException.class.php 第 63 行.
NOTIC: [8] Undefined index: class E:\workspace\webApplication\blog\ThinkPHP\Lib\Core\ThinkException.class.php 第 63 行.
NOTIC: [8] Undefined index: type E:\workspace\webApplication\blog\ThinkPHP\Lib\Core\ThinkException.class.php 第 63 行.

[ 2012-11-27T00:08:09+08:00 ] 127.0.0.1 /blog/Home/picture
INFO: [ route_check ] --START--
INFO: Run CheckRoute Behavior [ RunTime:0.001157s ]
INFO: [ route_check ] --END-- [ RunTime:0.001417s ]
INFO: [ app_begin ] --START--
INFO: Run ReadHtmlCache Behavior [ RunTime:-0.001238s ]
INFO: [ app_begin ] --END-- [ RunTime:0.001175s ]
INFO: [ view_template ] --START--
INFO: Run LocationTemplate Behavior [ RunTime:-0.065587s ]
INFO: [ view_template ] --END-- [ RunTime:0.001362s ]
INFO: [ view_parse ] --START--
INFO: Run ParseTemplate Behavior [ RunTime:-0.067158s ]
INFO: [ view_parse ] --END-- [ RunTime:0.011860s ]
INFO: [ view_filter ] --START--
INFO: Run ContentReplace Behavior [ RunTime:-0.079182s ]
INFO: Run TokenBuild Behavior [ RunTime:-0.080070s ]
INFO: Run WriteHtmlCache Behavior [ RunTime:-0.080951s ]
INFO: Run ShowRuntime Behavior [ RunTime:-0.081645s ]
INFO: [ view_filter ] --END-- [ RunTime:0.003814s ]
INFO: [ view_end ] --START--
INFO: Run ShowPageTrace Behavior [ RunTime:-0.083270s ]
INFO: [ view_end ] --END-- [ RunTime:0.001297s ]

[ 2012-11-27T00:08:09+08:00 ] ERR: (ThinkException) 非法操作:themes
[ 2012-11-27T00:08:09+08:00 ] 127.0.0.1 /blog/Home//themes/default/iframe.css
INFO: [ route_check ] --START--
INFO: Run CheckRoute Behavior [ RunTime:0.002166s ]
INFO: [ route_check ] --END-- [ RunTime:0.002638s ]
INFO: [ app_begin ] --START--
INFO: Run ReadHtmlCache Behavior [ RunTime:-0.002315s ]
INFO: [ app_begin ] --END-- [ RunTime:0.001896s ]
NOTIC: [8] Undefined index: class E:\workspace\webApplication\blog\ThinkPHP\Lib\Core\ThinkException.class.php 第 63 行.
NOTIC: [8] Undefined index: type E:\workspace\webApplication\blog\ThinkPHP\Lib\Core\ThinkException.class.php 第 63 行.
NOTIC: [8] Undefined index: file E:\workspace\webApplication\blog\ThinkPHP\Lib\Core\ThinkException.class.php 第 62 行.
NOTIC: [8] Undefined index: line E:\workspace\webApplication\blog\ThinkPHP\Lib\Core\ThinkException.class.php 第 62 行.
NOTIC: [4096] Object of class HomeAction could not be converted to string E:\workspace\webApplication\blog\ThinkPHP\Lib\Core\ThinkException.class.php 第 64 行.
NOTIC: [8] Array to string conversion E:\workspace\webApplication\blog\ThinkPHP\Lib\Core\ThinkException.class.php 第 64 行.
NOTIC: [8] Undefined index: class E:\workspace\webApplication\blog\ThinkPHP\Lib\Core\ThinkException.class.php 第 63 行.
NOTIC: [8] Undefined index: type E:\workspace\webApplication\blog\ThinkPHP\Lib\Core\ThinkException.class.php 第 63 行.
NOTIC: [8] Undefined index: class E:\workspace\webApplication\blog\ThinkPHP\Lib\Core\ThinkException.class.php 第 63 行.
NOTIC: [8] Undefined index: type E:\workspace\webApplication\blog\ThinkPHP\Lib\Core\ThinkException.class.php 第 63 行.

[ 2012-11-27T00:08:40+08:00 ] 127.0.0.1 /blog/Home/picture
INFO: [ route_check ] --START--
INFO: Run CheckRoute Behavior [ RunTime:0.001148s ]
INFO: [ route_check ] --END-- [ RunTime:0.001438s ]
INFO: [ app_begin ] --START--
INFO: Run ReadHtmlCache Behavior [ RunTime:-0.001330s ]
INFO: [ app_begin ] --END-- [ RunTime:0.001109s ]
INFO: [ view_template ] --START--
INFO: Run LocationTemplate Behavior [ RunTime:-0.004794s ]
INFO: [ view_template ] --END-- [ RunTime:0.001545s ]
INFO: [ view_parse ] --START--
INFO: Run ParseTemplate Behavior [ RunTime:-0.006559s ]
INFO: [ view_parse ] --END-- [ RunTime:0.013382s ]
INFO: [ view_filter ] --START--
INFO: Run ContentReplace Behavior [ RunTime:-0.020156s ]
INFO: Run TokenBuild Behavior [ RunTime:-0.021155s ]
INFO: Run WriteHtmlCache Behavior [ RunTime:-0.022457s ]
INFO: Run ShowRuntime Behavior [ RunTime:-0.023798s ]
INFO: [ view_filter ] --END-- [ RunTime:0.005715s ]
INFO: [ view_end ] --START--
INFO: Run ShowPageTrace Behavior [ RunTime:-0.026444s ]
INFO: [ view_end ] --END-- [ RunTime:0.002192s ]

[ 2012-11-27T00:08:40+08:00 ] ERR: (ThinkException) 非法操作:themes
[ 2012-11-27T00:08:40+08:00 ] 127.0.0.1 /blog/Home//themes/default/iframe.css
INFO: [ route_check ] --START--
INFO: Run CheckRoute Behavior [ RunTime:0.003160s ]
INFO: [ route_check ] --END-- [ RunTime:0.003582s ]
INFO: [ app_begin ] --START--
INFO: Run ReadHtmlCache Behavior [ RunTime:-0.002592s ]
INFO: [ app_begin ] --END-- [ RunTime:0.001925s ]
NOTIC: [8] Undefined index: class E:\workspace\webApplication\blog\ThinkPHP\Lib\Core\ThinkException.class.php 第 63 行.
NOTIC: [8] Undefined index: type E:\workspace\webApplication\blog\ThinkPHP\Lib\Core\ThinkException.class.php 第 63 行.
NOTIC: [8] Undefined index: file E:\workspace\webApplication\blog\ThinkPHP\Lib\Core\ThinkException.class.php 第 62 行.
NOTIC: [8] Undefined index: line E:\workspace\webApplication\blog\ThinkPHP\Lib\Core\ThinkException.class.php 第 62 行.
NOTIC: [4096] Object of class HomeAction could not be converted to string E:\workspace\webApplication\blog\ThinkPHP\Lib\Core\ThinkException.class.php 第 64 行.
NOTIC: [8] Array to string conversion E:\workspace\webApplication\blog\ThinkPHP\Lib\Core\ThinkException.class.php 第 64 行.
NOTIC: [8] Undefined index: class E:\workspace\webApplication\blog\ThinkPHP\Lib\Core\ThinkException.class.php 第 63 行.
NOTIC: [8] Undefined index: type E:\workspace\webApplication\blog\ThinkPHP\Lib\Core\ThinkException.class.php 第 63 行.
NOTIC: [8] Undefined index: class E:\workspace\webApplication\blog\ThinkPHP\Lib\Core\ThinkException.class.php 第 63 行.
NOTIC: [8] Undefined index: type E:\workspace\webApplication\blog\ThinkPHP\Lib\Core\ThinkException.class.php 第 63 行.

[ 2012-11-27T00:08:53+08:00 ] 127.0.0.1 /blog/Home/picture
INFO: [ route_check ] --START--
INFO: Run CheckRoute Behavior [ RunTime:0.001143s ]
INFO: [ route_check ] --END-- [ RunTime:0.001491s ]
INFO: [ app_begin ] --START--
INFO: Run ReadHtmlCache Behavior [ RunTime:-0.001765s ]
INFO: [ app_begin ] --END-- [ RunTime:0.001873s ]
INFO: [ view_template ] --START--
INFO: Run LocationTemplate Behavior [ RunTime:-0.005896s ]
INFO: [ view_template ] --END-- [ RunTime:0.001339s ]
INFO: [ view_parse ] --START--
INFO: Run ParseTemplate Behavior [ RunTime:-0.007448s ]
INFO: [ view_parse ] --END-- [ RunTime:0.012371s ]
INFO: [ view_filter ] --START--
INFO: Run ContentReplace Behavior [ RunTime:-0.020001s ]
INFO: Run TokenBuild Behavior [ RunTime:-0.020859s ]
INFO: Run WriteHtmlCache Behavior [ RunTime:-0.021740s ]
INFO: Run ShowRuntime Behavior [ RunTime:-0.022355s ]
INFO: [ view_filter ] --END-- [ RunTime:0.003707s ]
INFO: [ view_end ] --START--
INFO: Run ShowPageTrace Behavior [ RunTime:-0.023978s ]
INFO: [ view_end ] --END-- [ RunTime:0.001486s ]

[ 2012-11-27T00:08:54+08:00 ] ERR: (ThinkException) 非法操作:themes
[ 2012-11-27T00:08:54+08:00 ] 127.0.0.1 /blog/Home//themes/default/iframe.css
INFO: [ route_check ] --START--
INFO: Run CheckRoute Behavior [ RunTime:0.001490s ]
INFO: [ route_check ] --END-- [ RunTime:0.001775s ]
INFO: [ app_begin ] --START--
INFO: Run ReadHtmlCache Behavior [ RunTime:-0.001464s ]
INFO: [ app_begin ] --END-- [ RunTime:0.001734s ]
NOTIC: [8] Undefined index: class E:\workspace\webApplication\blog\ThinkPHP\Lib\Core\ThinkException.class.php 第 63 行.
NOTIC: [8] Undefined index: type E:\workspace\webApplication\blog\ThinkPHP\Lib\Core\ThinkException.class.php 第 63 行.
NOTIC: [8] Undefined index: file E:\workspace\webApplication\blog\ThinkPHP\Lib\Core\ThinkException.class.php 第 62 行.
NOTIC: [8] Undefined index: line E:\workspace\webApplication\blog\ThinkPHP\Lib\Core\ThinkException.class.php 第 62 行.
NOTIC: [4096] Object of class HomeAction could not be converted to string E:\workspace\webApplication\blog\ThinkPHP\Lib\Core\ThinkException.class.php 第 64 行.
NOTIC: [8] Array to string conversion E:\workspace\webApplication\blog\ThinkPHP\Lib\Core\ThinkException.class.php 第 64 行.
NOTIC: [8] Undefined index: class E:\workspace\webApplication\blog\ThinkPHP\Lib\Core\ThinkException.class.php 第 63 行.
NOTIC: [8] Undefined index: type E:\workspace\webApplication\blog\ThinkPHP\Lib\Core\ThinkException.class.php 第 63 行.
NOTIC: [8] Undefined index: class E:\workspace\webApplication\blog\ThinkPHP\Lib\Core\ThinkException.class.php 第 63 行.
NOTIC: [8] Undefined index: type E:\workspace\webApplication\blog\ThinkPHP\Lib\Core\ThinkException.class.php 第 63 行.

[ 2012-11-27T00:09:43+08:00 ] 127.0.0.1 /blog/Home/picture
INFO: [ route_check ] --START--
INFO: Run CheckRoute Behavior [ RunTime:0.000999s ]
INFO: [ route_check ] --END-- [ RunTime:0.001243s ]
INFO: [ app_begin ] --START--
INFO: Run ReadHtmlCache Behavior [ RunTime:-0.001169s ]
INFO: [ app_begin ] --END-- [ RunTime:0.001136s ]
INFO: [ view_template ] --START--
INFO: Run LocationTemplate Behavior [ RunTime:-0.004612s ]
INFO: [ view_template ] --END-- [ RunTime:0.001310s ]
INFO: [ view_parse ] --START--
INFO: Run ParseTemplate Behavior [ RunTime:-0.006128s ]
INFO: [ view_parse ] --END-- [ RunTime:0.011551s ]
INFO: [ view_filter ] --START--
INFO: Run ContentReplace Behavior [ RunTime:-0.017839s ]
INFO: Run TokenBuild Behavior [ RunTime:-0.018675s ]
INFO: Run WriteHtmlCache Behavior [ RunTime:-0.019560s ]
INFO: Run ShowRuntime Behavior [ RunTime:-0.020173s ]
INFO: [ view_filter ] --END-- [ RunTime:0.003539s ]
INFO: [ view_end ] --START--
INFO: Run ShowPageTrace Behavior [ RunTime:-0.021661s ]
INFO: [ view_end ] --END-- [ RunTime:0.001115s ]

[ 2012-11-27T00:09:43+08:00 ] ERR: (ThinkException) 非法操作:themes
[ 2012-11-27T00:09:43+08:00 ] 127.0.0.1 /blog/Home//themes/default/iframe.css
INFO: [ route_check ] --START--
INFO: Run CheckRoute Behavior [ RunTime:0.001746s ]
INFO: [ route_check ] --END-- [ RunTime:0.002275s ]
INFO: [ app_begin ] --START--
INFO: Run ReadHtmlCache Behavior [ RunTime:-0.001657s ]
INFO: [ app_begin ] --END-- [ RunTime:0.001254s ]
NOTIC: [8] Undefined index: class E:\workspace\webApplication\blog\ThinkPHP\Lib\Core\ThinkException.class.php 第 63 行.
NOTIC: [8] Undefined index: type E:\workspace\webApplication\blog\ThinkPHP\Lib\Core\ThinkException.class.php 第 63 行.
NOTIC: [8] Undefined index: file E:\workspace\webApplication\blog\ThinkPHP\Lib\Core\ThinkException.class.php 第 62 行.
NOTIC: [8] Undefined index: line E:\workspace\webApplication\blog\ThinkPHP\Lib\Core\ThinkException.class.php 第 62 行.
NOTIC: [4096] Object of class HomeAction could not be converted to string E:\workspace\webApplication\blog\ThinkPHP\Lib\Core\ThinkException.class.php 第 64 行.
NOTIC: [8] Array to string conversion E:\workspace\webApplication\blog\ThinkPHP\Lib\Core\ThinkException.class.php 第 64 行.
NOTIC: [8] Undefined index: class E:\workspace\webApplication\blog\ThinkPHP\Lib\Core\ThinkException.class.php 第 63 行.
NOTIC: [8] Undefined index: type E:\workspace\webApplication\blog\ThinkPHP\Lib\Core\ThinkException.class.php 第 63 行.
NOTIC: [8] Undefined index: class E:\workspace\webApplication\blog\ThinkPHP\Lib\Core\ThinkException.class.php 第 63 行.
NOTIC: [8] Undefined index: type E:\workspace\webApplication\blog\ThinkPHP\Lib\Core\ThinkException.class.php 第 63 行.

[ 2012-11-27T00:10:37+08:00 ] 127.0.0.1 /blog/Home/picture
INFO: [ route_check ] --START--
INFO: Run CheckRoute Behavior [ RunTime:0.001373s ]
INFO: [ route_check ] --END-- [ RunTime:0.001665s ]
INFO: [ app_begin ] --START--
INFO: Run ReadHtmlCache Behavior [ RunTime:-0.001327s ]
INFO: [ app_begin ] --END-- [ RunTime:0.001125s ]
INFO: [ view_template ] --START--
INFO: Run LocationTemplate Behavior [ RunTime:-0.005357s ]
INFO: [ view_template ] --END-- [ RunTime:0.000940s ]
INFO: [ view_parse ] --START--
INFO: Run ParseTemplate Behavior [ RunTime:-0.006495s ]
INFO: [ view_parse ] --END-- [ RunTime:0.010648s ]
INFO: [ view_filter ] --START--
INFO: Run ContentReplace Behavior [ RunTime:-0.017308s ]
INFO: Run TokenBuild Behavior [ RunTime:-0.018022s ]
INFO: Run WriteHtmlCache Behavior [ RunTime:-0.018785s ]
INFO: Run ShowRuntime Behavior [ RunTime:-0.019284s ]
INFO: [ view_filter ] --END-- [ RunTime:0.003063s ]
INFO: [ view_end ] --START--
INFO: Run ShowPageTrace Behavior [ RunTime:-0.020652s ]
INFO: [ view_end ] --END-- [ RunTime:0.001045s ]

[ 2012-11-27T00:10:38+08:00 ] ERR: (ThinkException) 非法操作:themes
[ 2012-11-27T00:10:38+08:00 ] 127.0.0.1 /blog/Home//themes/default/iframe.css
INFO: [ route_check ] --START--
INFO: Run CheckRoute Behavior [ RunTime:0.002222s ]
INFO: [ route_check ] --END-- [ RunTime:0.002672s ]
INFO: [ app_begin ] --START--
INFO: Run ReadHtmlCache Behavior [ RunTime:-0.002525s ]
INFO: [ app_begin ] --END-- [ RunTime:0.001864s ]
NOTIC: [8] Undefined index: class E:\workspace\webApplication\blog\ThinkPHP\Lib\Core\ThinkException.class.php 第 63 行.
NOTIC: [8] Undefined index: type E:\workspace\webApplication\blog\ThinkPHP\Lib\Core\ThinkException.class.php 第 63 行.
NOTIC: [8] Undefined index: file E:\workspace\webApplication\blog\ThinkPHP\Lib\Core\ThinkException.class.php 第 62 行.
NOTIC: [8] Undefined index: line E:\workspace\webApplication\blog\ThinkPHP\Lib\Core\ThinkException.class.php 第 62 行.
NOTIC: [4096] Object of class HomeAction could not be converted to string E:\workspace\webApplication\blog\ThinkPHP\Lib\Core\ThinkException.class.php 第 64 行.
NOTIC: [8] Array to string conversion E:\workspace\webApplication\blog\ThinkPHP\Lib\Core\ThinkException.class.php 第 64 行.
NOTIC: [8] Undefined index: class E:\workspace\webApplication\blog\ThinkPHP\Lib\Core\ThinkException.class.php 第 63 行.
NOTIC: [8] Undefined index: type E:\workspace\webApplication\blog\ThinkPHP\Lib\Core\ThinkException.class.php 第 63 行.
NOTIC: [8] Undefined index: class E:\workspace\webApplication\blog\ThinkPHP\Lib\Core\ThinkException.class.php 第 63 行.
NOTIC: [8] Undefined index: type E:\workspace\webApplication\blog\ThinkPHP\Lib\Core\ThinkException.class.php 第 63 行.

[ 2012-11-27T00:11:28+08:00 ] 127.0.0.1 /blog/Home/picture
INFO: [ route_check ] --START--
INFO: Run CheckRoute Behavior [ RunTime:0.001033s ]
INFO: [ route_check ] --END-- [ RunTime:0.001286s ]
INFO: [ app_begin ] --START--
INFO: Run ReadHtmlCache Behavior [ RunTime:-0.001397s ]
INFO: [ app_begin ] --END-- [ RunTime:0.001160s ]
INFO: [ view_template ] --START--
INFO: Run LocationTemplate Behavior [ RunTime:-0.004746s ]
INFO: [ view_template ] --END-- [ RunTime:0.001432s ]
INFO: [ view_parse ] --START--
INFO: Run ParseTemplate Behavior [ RunTime:-0.006412s ]
INFO: [ view_parse ] --END-- [ RunTime:0.013179s ]
INFO: [ view_filter ] --START--
INFO: Run ContentReplace Behavior [ RunTime:-0.019776s ]
INFO: Run TokenBuild Behavior [ RunTime:-0.020706s ]
INFO: Run WriteHtmlCache Behavior [ RunTime:-0.021679s ]
INFO: Run ShowRuntime Behavior [ RunTime:-0.022355s ]
INFO: [ view_filter ] --END-- [ RunTime:0.003827s ]
INFO: [ view_end ] --START--
INFO: Run ShowPageTrace Behavior [ RunTime:-0.023886s ]
INFO: [ view_end ] --END-- [ RunTime:0.001243s ]

[ 2012-11-27T00:11:29+08:00 ] ERR: (ThinkException) 非法操作:themes
[ 2012-11-27T00:11:29+08:00 ] 127.0.0.1 /blog/Home//themes/default/iframe.css
INFO: [ route_check ] --START--
INFO: Run CheckRoute Behavior [ RunTime:0.002218s ]
INFO: [ route_check ] --END-- [ RunTime:0.002638s ]
INFO: [ app_begin ] --START--
INFO: Run ReadHtmlCache Behavior [ RunTime:-0.002268s ]
INFO: [ app_begin ] --END-- [ RunTime:0.001781s ]
NOTIC: [8] Undefined index: class E:\workspace\webApplication\blog\ThinkPHP\Lib\Core\ThinkException.class.php 第 63 行.
NOTIC: [8] Undefined index: type E:\workspace\webApplication\blog\ThinkPHP\Lib\Core\ThinkException.class.php 第 63 行.
NOTIC: [8] Undefined index: file E:\workspace\webApplication\blog\ThinkPHP\Lib\Core\ThinkException.class.php 第 62 行.
NOTIC: [8] Undefined index: line E:\workspace\webApplication\blog\ThinkPHP\Lib\Core\ThinkException.class.php 第 62 行.
NOTIC: [4096] Object of class HomeAction could not be converted to string E:\workspace\webApplication\blog\ThinkPHP\Lib\Core\ThinkException.class.php 第 64 行.
NOTIC: [8] Array to string conversion E:\workspace\webApplication\blog\ThinkPHP\Lib\Core\ThinkException.class.php 第 64 行.
NOTIC: [8] Undefined index: class E:\workspace\webApplication\blog\ThinkPHP\Lib\Core\ThinkException.class.php 第 63 行.
NOTIC: [8] Undefined index: type E:\workspace\webApplication\blog\ThinkPHP\Lib\Core\ThinkException.class.php 第 63 行.
NOTIC: [8] Undefined index: class E:\workspace\webApplication\blog\ThinkPHP\Lib\Core\ThinkException.class.php 第 63 行.
NOTIC: [8] Undefined index: type E:\workspace\webApplication\blog\ThinkPHP\Lib\Core\ThinkException.class.php 第 63 行.

[ 2012-11-27T00:12:21+08:00 ] 127.0.0.1 /blog/Home/picture
INFO: [ route_check ] --START--
INFO: Run CheckRoute Behavior [ RunTime:0.001175s ]
INFO: [ route_check ] --END-- [ RunTime:0.001456s ]
INFO: [ app_begin ] --START--
INFO: Run ReadHtmlCache Behavior [ RunTime:-0.001315s ]
INFO: [ app_begin ] --END-- [ RunTime:0.001205s ]
INFO: [ view_template ] --START--
INFO: Run LocationTemplate Behavior [ RunTime:-0.005005s ]
INFO: [ view_template ] --END-- [ RunTime:0.001566s ]
INFO: [ view_parse ] --START--
INFO: Run ParseTemplate Behavior [ RunTime:-0.006821s ]
INFO: [ view_parse ] --END-- [ RunTime:0.016051s ]
INFO: [ view_filter ] --START--
INFO: Run ContentReplace Behavior [ RunTime:-0.023227s ]
INFO: Run TokenBuild Behavior [ RunTime:-0.024635s ]
INFO: Run WriteHtmlCache Behavior [ RunTime:-0.025961s ]
INFO: Run ShowRuntime Behavior [ RunTime:-0.026873s ]
INFO: [ view_filter ] --END-- [ RunTime:0.005336s ]
INFO: [ view_end ] --START--
INFO: Run ShowPageTrace Behavior [ RunTime:-0.028792s ]
INFO: [ view_end ] --END-- [ RunTime:0.001242s ]

[ 2012-11-27T00:12:21+08:00 ] ERR: (ThinkException) 非法操作:themes
[ 2012-11-27T00:12:21+08:00 ] 127.0.0.1 /blog/Home//themes/default/iframe.css
INFO: [ route_check ] --START--
INFO: Run CheckRoute Behavior [ RunTime:0.002003s ]
INFO: [ route_check ] --END-- [ RunTime:0.002416s ]
INFO: [ app_begin ] --START--
INFO: Run ReadHtmlCache Behavior [ RunTime:-0.002113s ]
INFO: [ app_begin ] --END-- [ RunTime:0.001264s ]
NOTIC: [8] Undefined index: class E:\workspace\webApplication\blog\ThinkPHP\Lib\Core\ThinkException.class.php 第 63 行.
NOTIC: [8] Undefined index: type E:\workspace\webApplication\blog\ThinkPHP\Lib\Core\ThinkException.class.php 第 63 行.
NOTIC: [8] Undefined index: file E:\workspace\webApplication\blog\ThinkPHP\Lib\Core\ThinkException.class.php 第 62 行.
NOTIC: [8] Undefined index: line E:\workspace\webApplication\blog\ThinkPHP\Lib\Core\ThinkException.class.php 第 62 行.
NOTIC: [4096] Object of class HomeAction could not be converted to string E:\workspace\webApplication\blog\ThinkPHP\Lib\Core\ThinkException.class.php 第 64 行.
NOTIC: [8] Array to string conversion E:\workspace\webApplication\blog\ThinkPHP\Lib\Core\ThinkException.class.php 第 64 行.
NOTIC: [8] Undefined index: class E:\workspace\webApplication\blog\ThinkPHP\Lib\Core\ThinkException.class.php 第 63 行.
NOTIC: [8] Undefined index: type E:\workspace\webApplication\blog\ThinkPHP\Lib\Core\ThinkException.class.php 第 63 行.
NOTIC: [8] Undefined index: class E:\workspace\webApplication\blog\ThinkPHP\Lib\Core\ThinkException.class.php 第 63 行.
NOTIC: [8] Undefined index: type E:\workspace\webApplication\blog\ThinkPHP\Lib\Core\ThinkException.class.php 第 63 行.

