[ 2012-11-13T17:53:44+08:00 ] 127.0.0.1 /blog/
INFO: [ app_begin ] --START--
INFO: Run ReadHtmlCache Behavior [ RunTime:0.012341s ]
INFO: [ app_begin ] --END-- [ RunTime:0.012695s ]
INFO: [ view_template ] --START--
INFO: Run LocationTemplate Behavior [ RunTime:-0.218465s ]
INFO: [ view_template ] --END-- [ RunTime:0.044859s ]
INFO: [ view_parse ] --START--
INFO: Run ParseTemplate Behavior [ RunTime:-0.263700s ]
INFO: [ view_parse ] --END-- [ RunTime:0.125437s ]
INFO: [ view_filter ] --START--
INFO: Run ContentReplace Behavior [ RunTime:-0.389385s ]
INFO: Run TokenBuild Behavior [ RunTime:-0.391948s ]
INFO: Run WriteHtmlCache Behavior [ RunTime:-0.408105s ]
INFO: Run ShowRuntime Behavior [ RunTime:-0.410073s ]
INFO: [ view_filter ] --END-- [ RunTime:0.023755s ]
INFO: [ view_end ] --START--
INFO: Run ShowPageTrace Behavior [ RunTime:-0.413417s ]
INFO: [ view_end ] --END-- [ RunTime:0.046412s ]

[ 2012-11-13T17:53:47+08:00 ] 127.0.0.1 /blog/
INFO: [ app_begin ] --START--
INFO: Run ReadHtmlCache Behavior [ RunTime:0.001029s ]
INFO: [ app_begin ] --END-- [ RunTime:0.001285s ]
INFO: [ view_template ] --START--
INFO: Run LocationTemplate Behavior [ RunTime:-0.001731s ]
INFO: [ view_template ] --END-- [ RunTime:0.001049s ]
INFO: [ view_parse ] --START--
INFO: Run ParseTemplate Behavior [ RunTime:-0.003083s ]
INFO: [ view_parse ] --END-- [ RunTime:0.009677s ]
INFO: [ view_filter ] --START--
INFO: Run ContentReplace Behavior [ RunTime:-0.012955s ]
INFO: Run TokenBuild Behavior [ RunTime:-0.013718s ]
INFO: Run WriteHtmlCache Behavior [ RunTime:-0.014518s ]
INFO: Run ShowRuntime Behavior [ RunTime:-0.015015s ]
INFO: [ view_filter ] --END-- [ RunTime:0.003119s ]
INFO: [ view_end ] --START--
INFO: Run ShowPageTrace Behavior [ RunTime:-0.016329s ]
INFO: [ view_end ] --END-- [ RunTime:0.001050s ]

[ 2012-11-13T17:53:58+08:00 ] 127.0.0.1 /blog/
INFO: [ app_begin ] --START--
INFO: Run ReadHtmlCache Behavior [ RunTime:0.001543s ]
INFO: [ app_begin ] --END-- [ RunTime:0.001883s ]
INFO: [ view_template ] --START--
INFO: Run LocationTemplate Behavior [ RunTime:-0.002144s ]
INFO: [ view_template ] --END-- [ RunTime:0.001333s ]
INFO: [ view_parse ] --START--
INFO: Run ParseTemplate Behavior [ RunTime:-0.003684s ]
INFO: [ view_parse ] --END-- [ RunTime:0.010039s ]
INFO: [ view_filter ] --START--
INFO: Run ContentReplace Behavior [ RunTime:-0.013891s ]
INFO: Run TokenBuild Behavior [ RunTime:-0.014686s ]
INFO: Run WriteHtmlCache Behavior [ RunTime:-0.015579s ]
INFO: Run ShowRuntime Behavior [ RunTime:-0.016190s ]
INFO: [ view_filter ] --END-- [ RunTime:0.003453s ]
INFO: [ view_end ] --START--
INFO: Run ShowPageTrace Behavior [ RunTime:-0.017611s ]
INFO: [ view_end ] --END-- [ RunTime:0.001156s ]

[ 2012-11-13T17:54:45+08:00 ] ERR: (ThinkException) 无法加载模块:Login
[ 2012-11-13T17:55:00+08:00 ] ERR: (ThinkException) 无法加载模块:Login
[ 2012-11-13T17:55:02+08:00 ] ERR: (ThinkException) 无法加载模块:Login
[ 2012-11-13T17:55:03+08:00 ] ERR: (ThinkException) 无法加载模块:Login
[ 2012-11-13T17:59:05+08:00 ] 127.0.0.1 /blog/
INFO: [ app_begin ] --START--
INFO: Run ReadHtmlCache Behavior [ RunTime:0.001237s ]
INFO: [ app_begin ] --END-- [ RunTime:0.001517s ]
INFO: [ view_template ] --START--
INFO: Run LocationTemplate Behavior [ RunTime:-0.002273s ]
INFO: [ view_template ] --END-- [ RunTime:0.001690s ]
INFO: [ view_parse ] --START--
INFO: Run ParseTemplate Behavior [ RunTime:-0.004236s ]
INFO: [ view_parse ] --END-- [ RunTime:0.013337s ]
INFO: [ view_filter ] --START--
INFO: Run ContentReplace Behavior [ RunTime:-0.017926s ]
INFO: Run TokenBuild Behavior [ RunTime:-0.019496s ]
INFO: Run WriteHtmlCache Behavior [ RunTime:-0.021147s ]
INFO: Run ShowRuntime Behavior [ RunTime:-0.022164s ]
INFO: [ view_filter ] --END-- [ RunTime:0.006237s ]
INFO: [ view_end ] --START--
INFO: Run ShowPageTrace Behavior [ RunTime:-0.024608s ]
INFO: [ view_end ] --END-- [ RunTime:0.001942s ]

[ 2012-11-13T17:59:07+08:00 ] 127.0.0.1 /blog/
INFO: [ app_begin ] --START--
INFO: Run ReadHtmlCache Behavior [ RunTime:0.000903s ]
INFO: [ app_begin ] --END-- [ RunTime:0.001197s ]
INFO: [ view_template ] --START--
INFO: Run LocationTemplate Behavior [ RunTime:-0.001720s ]
INFO: [ view_template ] --END-- [ RunTime:0.000930s ]
INFO: [ view_parse ] --START--
INFO: Run ParseTemplate Behavior [ RunTime:-0.002883s ]
INFO: [ view_parse ] --END-- [ RunTime:0.009785s ]
INFO: [ view_filter ] --START--
INFO: Run ContentReplace Behavior [ RunTime:-0.012840s ]
INFO: Run TokenBuild Behavior [ RunTime:-0.013584s ]
INFO: Run WriteHtmlCache Behavior [ RunTime:-0.014470s ]
INFO: Run ShowRuntime Behavior [ RunTime:-0.015045s ]
INFO: [ view_filter ] --END-- [ RunTime:0.003387s ]
INFO: [ view_end ] --START--
INFO: Run ShowPageTrace Behavior [ RunTime:-0.016518s ]
INFO: [ view_end ] --END-- [ RunTime:0.001091s ]

[ 2012-11-13T17:59:08+08:00 ] 127.0.0.1 /blog/
INFO: [ app_begin ] --START--
INFO: Run ReadHtmlCache Behavior [ RunTime:0.001626s ]
INFO: [ app_begin ] --END-- [ RunTime:0.001964s ]
INFO: [ view_template ] --START--
INFO: Run LocationTemplate Behavior [ RunTime:-0.001559s ]
INFO: [ view_template ] --END-- [ RunTime:0.000866s ]
INFO: [ view_parse ] --START--
INFO: Run ParseTemplate Behavior [ RunTime:-0.002622s ]
INFO: [ view_parse ] --END-- [ RunTime:0.012044s ]
INFO: [ view_filter ] --START--
INFO: Run ContentReplace Behavior [ RunTime:-0.014868s ]
INFO: Run TokenBuild Behavior [ RunTime:-0.015590s ]
INFO: Run WriteHtmlCache Behavior [ RunTime:-0.016416s ]
INFO: Run ShowRuntime Behavior [ RunTime:-0.016976s ]
INFO: [ view_filter ] --END-- [ RunTime:0.003302s ]
INFO: [ view_end ] --START--
INFO: Run ShowPageTrace Behavior [ RunTime:-0.018468s ]
INFO: [ view_end ] --END-- [ RunTime:0.001137s ]

[ 2012-11-13T17:59:09+08:00 ] ERR: (ThinkException) 无法加载模块:Login
[ 2012-11-13T17:59:16+08:00 ] 127.0.0.1 /blog/
INFO: [ app_begin ] --START--
INFO: Run ReadHtmlCache Behavior [ RunTime:0.001441s ]
INFO: [ app_begin ] --END-- [ RunTime:0.001831s ]
INFO: [ view_template ] --START--
INFO: Run LocationTemplate Behavior [ RunTime:-0.002563s ]
INFO: [ view_template ] --END-- [ RunTime:0.001200s ]
INFO: [ view_parse ] --START--
INFO: Run ParseTemplate Behavior [ RunTime:-0.003906s ]
INFO: [ view_parse ] --END-- [ RunTime:0.008860s ]
INFO: [ view_filter ] --START--
INFO: Run ContentReplace Behavior [ RunTime:-0.012952s ]
INFO: Run TokenBuild Behavior [ RunTime:-0.013669s ]
INFO: Run WriteHtmlCache Behavior [ RunTime:-0.014632s ]
INFO: Run ShowRuntime Behavior [ RunTime:-0.015167s ]
INFO: [ view_filter ] --END-- [ RunTime:0.003294s ]
INFO: [ view_end ] --START--
INFO: Run ShowPageTrace Behavior [ RunTime:-0.016534s ]
INFO: [ view_end ] --END-- [ RunTime:0.001045s ]

[ 2012-11-13T17:59:18+08:00 ] 127.0.0.1 /blog/
INFO: [ app_begin ] --START--
INFO: Run ReadHtmlCache Behavior [ RunTime:0.000882s ]
INFO: [ app_begin ] --END-- [ RunTime:0.001141s ]
INFO: [ view_template ] --START--
INFO: Run LocationTemplate Behavior [ RunTime:-0.001604s ]
INFO: [ view_template ] --END-- [ RunTime:0.000881s ]
INFO: [ view_parse ] --START--
INFO: Run ParseTemplate Behavior [ RunTime:-0.002738s ]
INFO: [ view_parse ] --END-- [ RunTime:0.009583s ]
INFO: [ view_filter ] --START--
INFO: Run ContentReplace Behavior [ RunTime:-0.012468s ]
INFO: Run TokenBuild Behavior [ RunTime:-0.013487s ]
INFO: Run WriteHtmlCache Behavior [ RunTime:-0.014870s ]
INFO: Run ShowRuntime Behavior [ RunTime:-0.015421s ]
INFO: [ view_filter ] --END-- [ RunTime:0.004044s ]
INFO: [ view_end ] --START--
INFO: Run ShowPageTrace Behavior [ RunTime:-0.016787s ]
INFO: [ view_end ] --END-- [ RunTime:0.001002s ]

[ 2012-11-13T17:59:19+08:00 ] 127.0.0.1 /blog/
INFO: [ app_begin ] --START--
INFO: Run ReadHtmlCache Behavior [ RunTime:0.001524s ]
INFO: [ app_begin ] --END-- [ RunTime:0.001979s ]
INFO: [ view_template ] --START--
INFO: Run LocationTemplate Behavior [ RunTime:-0.002825s ]
INFO: [ view_template ] --END-- [ RunTime:0.001439s ]
INFO: [ view_parse ] --START--
INFO: Run ParseTemplate Behavior [ RunTime:-0.004401s ]
INFO: [ view_parse ] --END-- [ RunTime:0.009186s ]
INFO: [ view_filter ] --START--
INFO: Run ContentReplace Behavior [ RunTime:-0.013731s ]
INFO: Run TokenBuild Behavior [ RunTime:-0.014449s ]
INFO: Run WriteHtmlCache Behavior [ RunTime:-0.015306s ]
INFO: Run ShowRuntime Behavior [ RunTime:-0.015868s ]
INFO: [ view_filter ] --END-- [ RunTime:0.003364s ]
INFO: [ view_end ] --START--
INFO: Run ShowPageTrace Behavior [ RunTime:-0.017411s ]
INFO: [ view_end ] --END-- [ RunTime:0.001073s ]

[ 2012-11-13T17:59:25+08:00 ] 127.0.0.1 /blog/
INFO: [ app_begin ] --START--
INFO: Run ReadHtmlCache Behavior [ RunTime:0.001497s ]
INFO: [ app_begin ] --END-- [ RunTime:0.001984s ]
INFO: [ view_template ] --START--
INFO: Run LocationTemplate Behavior [ RunTime:-0.002538s ]
INFO: [ view_template ] --END-- [ RunTime:0.001441s ]
INFO: [ view_parse ] --START--
INFO: Run ParseTemplate Behavior [ RunTime:-0.004265s ]
INFO: [ view_parse ] --END-- [ RunTime:0.013424s ]
INFO: [ view_filter ] --START--
INFO: Run ContentReplace Behavior [ RunTime:-0.017803s ]
INFO: Run TokenBuild Behavior [ RunTime:-0.018483s ]
INFO: Run WriteHtmlCache Behavior [ RunTime:-0.019263s ]
INFO: Run ShowRuntime Behavior [ RunTime:-0.019770s ]
INFO: [ view_filter ] --END-- [ RunTime:0.003172s ]
INFO: [ view_end ] --START--
INFO: Run ShowPageTrace Behavior [ RunTime:-0.021250s ]
INFO: [ view_end ] --END-- [ RunTime:0.001092s ]

[ 2012-11-13T18:21:12+08:00 ] 127.0.0.1 /blog/
INFO: [ app_begin ] --START--
INFO: Run ReadHtmlCache Behavior [ RunTime:0.001743s ]
INFO: [ app_begin ] --END-- [ RunTime:0.002220s ]
INFO: [ view_template ] --START--
INFO: Run LocationTemplate Behavior [ RunTime:-0.002612s ]
INFO: [ view_template ] --END-- [ RunTime:0.001444s ]
INFO: [ view_parse ] --START--
INFO: Run ParseTemplate Behavior [ RunTime:-0.004245s ]
INFO: [ view_parse ] --END-- [ RunTime:0.010837s ]
INFO: [ view_filter ] --START--
INFO: Run ContentReplace Behavior [ RunTime:-0.015295s ]
INFO: Run TokenBuild Behavior [ RunTime:-0.016204s ]
INFO: Run WriteHtmlCache Behavior [ RunTime:-0.017158s ]
INFO: Run ShowRuntime Behavior [ RunTime:-0.017807s ]
INFO: [ view_filter ] --END-- [ RunTime:0.004134s ]
INFO: [ view_end ] --START--
INFO: Run ShowPageTrace Behavior [ RunTime:-0.019890s ]
INFO: [ view_end ] --END-- [ RunTime:0.001823s ]

[ 2012-11-13T18:30:54+08:00 ] 127.0.0.1 /blog/index.php/Login/test
INFO: [ route_check ] --START--
INFO: Run CheckRoute Behavior [ RunTime:0.003268s ]
INFO: [ route_check ] --END-- [ RunTime:0.003707s ]
INFO: [ app_begin ] --START--
INFO: Run ReadHtmlCache Behavior [ RunTime:-0.002471s ]
INFO: [ app_begin ] --END-- [ RunTime:0.012344s ]
INFO: [ view_template ] --START--
INFO: Run LocationTemplate Behavior [ RunTime:-0.027595s ]
INFO: [ view_template ] --END-- [ RunTime:0.011276s ]
INFO: [ view_parse ] --START--
INFO: Run ParseTemplate Behavior [ RunTime:-0.039236s ]
INFO: [ view_parse ] --END-- [ RunTime:0.044300s ]
INFO: [ view_filter ] --START--
INFO: Run ContentReplace Behavior [ RunTime:-0.083849s ]
INFO: Run TokenBuild Behavior [ RunTime:-0.086368s ]
INFO: Run WriteHtmlCache Behavior [ RunTime:-0.100887s ]
INFO: Run ShowRuntime Behavior [ RunTime:-0.103181s ]
INFO: [ view_filter ] --END-- [ RunTime:0.022459s ]
INFO: [ view_end ] --START--
INFO: Run ShowPageTrace Behavior [ RunTime:-0.106778s ]
INFO: [ view_end ] --END-- [ RunTime:0.012832s ]

[ 2012-11-13T18:35:23+08:00 ] 127.0.0.1 /blog/
INFO: [ app_begin ] --START--
INFO: Run ReadHtmlCache Behavior [ RunTime:0.002377s ]
INFO: [ app_begin ] --END-- [ RunTime:0.002921s ]
INFO: [ view_template ] --START--
INFO: Run LocationTemplate Behavior [ RunTime:-0.003705s ]
INFO: [ view_template ] --END-- [ RunTime:0.001498s ]
INFO: [ view_parse ] --START--
INFO: Run ParseTemplate Behavior [ RunTime:-0.005375s ]
INFO: [ view_parse ] --END-- [ RunTime:0.010746s ]
INFO: [ view_filter ] --START--
INFO: Run ContentReplace Behavior [ RunTime:-0.016362s ]
INFO: Run TokenBuild Behavior [ RunTime:-0.017280s ]
INFO: Run WriteHtmlCache Behavior [ RunTime:-0.018275s ]
INFO: Run ShowRuntime Behavior [ RunTime:-0.018953s ]
INFO: [ view_filter ] --END-- [ RunTime:0.003840s ]
INFO: [ view_end ] --START--
INFO: Run ShowPageTrace Behavior [ RunTime:-0.020461s ]
INFO: [ view_end ] --END-- [ RunTime:0.001259s ]

[ 2012-11-13T18:35:29+08:00 ] 127.0.0.1 /blog/
INFO: [ app_begin ] --START--
INFO: Run ReadHtmlCache Behavior [ RunTime:0.001528s ]
INFO: [ app_begin ] --END-- [ RunTime:0.001947s ]
INFO: [ view_template ] --START--
INFO: Run LocationTemplate Behavior [ RunTime:-0.002738s ]
INFO: [ view_template ] --END-- [ RunTime:0.001663s ]
INFO: [ view_parse ] --START--
INFO: Run ParseTemplate Behavior [ RunTime:-0.004769s ]
INFO: [ view_parse ] --END-- [ RunTime:0.012590s ]
INFO: [ view_filter ] --START--
INFO: Run ContentReplace Behavior [ RunTime:-0.017439s ]
INFO: Run TokenBuild Behavior [ RunTime:-0.018144s ]
INFO: Run WriteHtmlCache Behavior [ RunTime:-0.018918s ]
INFO: Run ShowRuntime Behavior [ RunTime:-0.019406s ]
INFO: [ view_filter ] --END-- [ RunTime:0.003094s ]
INFO: [ view_end ] --START--
INFO: Run ShowPageTrace Behavior [ RunTime:-0.020954s ]
INFO: [ view_end ] --END-- [ RunTime:0.001230s ]

[ 2012-11-13T18:35:29+08:00 ] 127.0.0.1 /blog/
INFO: [ app_begin ] --START--
INFO: Run ReadHtmlCache Behavior [ RunTime:0.000860s ]
INFO: [ app_begin ] --END-- [ RunTime:0.001097s ]
INFO: [ view_template ] --START--
INFO: Run LocationTemplate Behavior [ RunTime:-0.001526s ]
INFO: [ view_template ] --END-- [ RunTime:0.000897s ]
INFO: [ view_parse ] --START--
INFO: Run ParseTemplate Behavior [ RunTime:-0.002617s ]
INFO: [ view_parse ] --END-- [ RunTime:0.009195s ]
INFO: [ view_filter ] --START--
INFO: Run ContentReplace Behavior [ RunTime:-0.012012s ]
INFO: Run TokenBuild Behavior [ RunTime:-0.012755s ]
INFO: Run WriteHtmlCache Behavior [ RunTime:-0.013661s ]
INFO: Run ShowRuntime Behavior [ RunTime:-0.014229s ]
INFO: [ view_filter ] --END-- [ RunTime:0.003332s ]
INFO: [ view_end ] --START--
INFO: Run ShowPageTrace Behavior [ RunTime:-0.015652s ]
INFO: [ view_end ] --END-- [ RunTime:0.001030s ]

[ 2012-11-13T18:36:20+08:00 ] 127.0.0.1 /blog/
INFO: [ app_begin ] --START--
INFO: Run ReadHtmlCache Behavior [ RunTime:0.000871s ]
INFO: [ app_begin ] --END-- [ RunTime:0.001110s ]
INFO: [ view_template ] --START--
INFO: Run LocationTemplate Behavior [ RunTime:-0.001751s ]
INFO: [ view_template ] --END-- [ RunTime:0.001013s ]
INFO: [ view_parse ] --START--
NOTIC: [8] Undefined variable: __INFO__ E:\workspace\webApplication\blog\Runtime\Cache\9e9ae2e848d235322f2f05444fd73adf.php 第 10 行.
INFO: Run ParseTemplate Behavior [ RunTime:-0.002965s ]
INFO: [ view_parse ] --END-- [ RunTime:0.009094s ]
INFO: [ view_filter ] --START--
INFO: Run ContentReplace Behavior [ RunTime:-0.012225s ]
INFO: Run TokenBuild Behavior [ RunTime:-0.012911s ]
INFO: Run WriteHtmlCache Behavior [ RunTime:-0.013888s ]
INFO: Run ShowRuntime Behavior [ RunTime:-0.014460s ]
INFO: [ view_filter ] --END-- [ RunTime:0.003371s ]
INFO: [ view_end ] --START--
INFO: Run ShowPageTrace Behavior [ RunTime:-0.015904s ]
INFO: [ view_end ] --END-- [ RunTime:0.001191s ]

[ 2012-11-13T18:36:22+08:00 ] 127.0.0.1 /blog/
INFO: [ app_begin ] --START--
INFO: Run ReadHtmlCache Behavior [ RunTime:0.001507s ]
INFO: [ app_begin ] --END-- [ RunTime:0.001935s ]
INFO: [ view_template ] --START--
INFO: Run LocationTemplate Behavior [ RunTime:-0.002644s ]
INFO: [ view_template ] --END-- [ RunTime:0.001583s ]
INFO: [ view_parse ] --START--
NOTIC: [8] Undefined variable: __INFO__ E:\workspace\webApplication\blog\Runtime\Cache\9e9ae2e848d235322f2f05444fd73adf.php 第 10 行.
INFO: Run ParseTemplate Behavior [ RunTime:-0.004620s ]
INFO: [ view_parse ] --END-- [ RunTime:0.010568s ]
INFO: [ view_filter ] --START--
INFO: Run ContentReplace Behavior [ RunTime:-0.015291s ]
INFO: Run TokenBuild Behavior [ RunTime:-0.016500s ]
INFO: Run WriteHtmlCache Behavior [ RunTime:-0.017846s ]
INFO: Run ShowRuntime Behavior [ RunTime:-0.018624s ]
INFO: [ view_filter ] --END-- [ RunTime:0.005006s ]
INFO: [ view_end ] --START--
INFO: Run ShowPageTrace Behavior [ RunTime:-0.020825s ]
INFO: [ view_end ] --END-- [ RunTime:0.001771s ]

[ 2012-11-13T18:36:22+08:00 ] 127.0.0.1 /blog/
INFO: [ app_begin ] --START--
INFO: Run ReadHtmlCache Behavior [ RunTime:0.001049s ]
INFO: [ app_begin ] --END-- [ RunTime:0.001345s ]
INFO: [ view_template ] --START--
INFO: Run LocationTemplate Behavior [ RunTime:-0.001840s ]
INFO: [ view_template ] --END-- [ RunTime:0.001104s ]
INFO: [ view_parse ] --START--
NOTIC: [8] Undefined variable: __INFO__ E:\workspace\webApplication\blog\Runtime\Cache\9e9ae2e848d235322f2f05444fd73adf.php 第 10 行.
INFO: Run ParseTemplate Behavior [ RunTime:-0.003187s ]
INFO: [ view_parse ] --END-- [ RunTime:0.011987s ]
INFO: [ view_filter ] --START--
INFO: Run ContentReplace Behavior [ RunTime:-0.015386s ]
INFO: Run TokenBuild Behavior [ RunTime:-0.016256s ]
INFO: Run WriteHtmlCache Behavior [ RunTime:-0.017303s ]
INFO: Run ShowRuntime Behavior [ RunTime:-0.017929s ]
INFO: [ view_filter ] --END-- [ RunTime:0.004050s ]
INFO: [ view_end ] --START--
INFO: Run ShowPageTrace Behavior [ RunTime:-0.019923s ]
INFO: [ view_end ] --END-- [ RunTime:0.001497s ]

[ 2012-11-13T18:36:23+08:00 ] 127.0.0.1 /blog/
INFO: [ app_begin ] --START--
INFO: Run ReadHtmlCache Behavior [ RunTime:0.001589s ]
INFO: [ app_begin ] --END-- [ RunTime:0.002049s ]
INFO: [ view_template ] --START--
INFO: Run LocationTemplate Behavior [ RunTime:-0.002650s ]
INFO: [ view_template ] --END-- [ RunTime:0.001638s ]
INFO: [ view_parse ] --START--
NOTIC: [8] Undefined variable: __INFO__ E:\workspace\webApplication\blog\Runtime\Cache\9e9ae2e848d235322f2f05444fd73adf.php 第 10 行.
INFO: Run ParseTemplate Behavior [ RunTime:-0.004662s ]
INFO: [ view_parse ] --END-- [ RunTime:0.010827s ]
INFO: [ view_filter ] --START--
INFO: Run ContentReplace Behavior [ RunTime:-0.015576s ]
INFO: Run TokenBuild Behavior [ RunTime:-0.016292s ]
INFO: Run WriteHtmlCache Behavior [ RunTime:-0.017111s ]
INFO: Run ShowRuntime Behavior [ RunTime:-0.017617s ]
INFO: [ view_filter ] --END-- [ RunTime:0.003158s ]
INFO: [ view_end ] --START--
INFO: Run ShowPageTrace Behavior [ RunTime:-0.019033s ]
INFO: [ view_end ] --END-- [ RunTime:0.001218s ]

[ 2012-11-13T18:36:34+08:00 ] 127.0.0.1 /blog/
INFO: [ app_begin ] --START--
INFO: Run ReadHtmlCache Behavior [ RunTime:0.001424s ]
INFO: [ app_begin ] --END-- [ RunTime:0.001825s ]
INFO: [ view_template ] --START--
INFO: Run LocationTemplate Behavior [ RunTime:-0.002447s ]
INFO: [ view_template ] --END-- [ RunTime:0.001496s ]
INFO: [ view_parse ] --START--
NOTIC: [8] Undefined variable: __URL__ E:\workspace\webApplication\blog\Runtime\Cache\9e9ae2e848d235322f2f05444fd73adf.php 第 10 行.
INFO: Run ParseTemplate Behavior [ RunTime:-0.004279s ]
INFO: [ view_parse ] --END-- [ RunTime:0.010714s ]
INFO: [ view_filter ] --START--
INFO: Run ContentReplace Behavior [ RunTime:-0.015316s ]
INFO: Run TokenBuild Behavior [ RunTime:-0.016480s ]
INFO: Run WriteHtmlCache Behavior [ RunTime:-0.017650s ]
INFO: Run ShowRuntime Behavior [ RunTime:-0.018175s ]
INFO: [ view_filter ] --END-- [ RunTime:0.004007s ]
INFO: [ view_end ] --START--
INFO: Run ShowPageTrace Behavior [ RunTime:-0.019649s ]
INFO: [ view_end ] --END-- [ RunTime:0.001210s ]

[ 2012-11-13T18:36:35+08:00 ] 127.0.0.1 /blog/
INFO: [ app_begin ] --START--
INFO: Run ReadHtmlCache Behavior [ RunTime:0.001357s ]
INFO: [ app_begin ] --END-- [ RunTime:0.001859s ]
INFO: [ view_template ] --START--
INFO: Run LocationTemplate Behavior [ RunTime:-0.001791s ]
INFO: [ view_template ] --END-- [ RunTime:0.001055s ]
INFO: [ view_parse ] --START--
NOTIC: [8] Undefined variable: __URL__ E:\workspace\webApplication\blog\Runtime\Cache\9e9ae2e848d235322f2f05444fd73adf.php 第 10 行.
INFO: Run ParseTemplate Behavior [ RunTime:-0.003056s ]
INFO: [ view_parse ] --END-- [ RunTime:0.009867s ]
INFO: [ view_filter ] --START--
INFO: Run ContentReplace Behavior [ RunTime:-0.013105s ]
INFO: Run TokenBuild Behavior [ RunTime:-0.013893s ]
INFO: Run WriteHtmlCache Behavior [ RunTime:-0.014834s ]
INFO: Run ShowRuntime Behavior [ RunTime:-0.015439s ]
INFO: [ view_filter ] --END-- [ RunTime:0.003978s ]
INFO: [ view_end ] --START--
INFO: Run ShowPageTrace Behavior [ RunTime:-0.017587s ]
INFO: [ view_end ] --END-- [ RunTime:0.001568s ]

[ 2012-11-13T18:36:40+08:00 ] 127.0.0.1 /blog/
INFO: [ app_begin ] --START--
INFO: Run ReadHtmlCache Behavior [ RunTime:0.001349s ]
INFO: [ app_begin ] --END-- [ RunTime:0.001774s ]
INFO: [ view_template ] --START--
INFO: Run LocationTemplate Behavior [ RunTime:-0.002557s ]
INFO: [ view_template ] --END-- [ RunTime:0.001161s ]
INFO: [ view_parse ] --START--
NOTIC: [8] Undefined variable: __URL__ E:\workspace\webApplication\blog\Runtime\Cache\9e9ae2e848d235322f2f05444fd73adf.php 第 10 行.
INFO: Run ParseTemplate Behavior [ RunTime:-0.003850s ]
INFO: [ view_parse ] --END-- [ RunTime:0.012986s ]
INFO: [ view_filter ] --START--
INFO: Run ContentReplace Behavior [ RunTime:-0.017005s ]
INFO: Run TokenBuild Behavior [ RunTime:-0.017726s ]
INFO: Run WriteHtmlCache Behavior [ RunTime:-0.018519s ]
INFO: Run ShowRuntime Behavior [ RunTime:-0.019026s ]
INFO: [ view_filter ] --END-- [ RunTime:0.003212s ]
INFO: [ view_end ] --START--
INFO: Run ShowPageTrace Behavior [ RunTime:-0.020614s ]
INFO: [ view_end ] --END-- [ RunTime:0.001273s ]

[ 2012-11-13T18:37:09+08:00 ] 127.0.0.1 /blog/
INFO: [ app_begin ] --START--
INFO: Run ReadHtmlCache Behavior [ RunTime:0.001137s ]
INFO: [ app_begin ] --END-- [ RunTime:0.001455s ]
INFO: [ view_template ] --START--
INFO: Run LocationTemplate Behavior [ RunTime:-0.001632s ]
INFO: [ view_template ] --END-- [ RunTime:0.000992s ]
INFO: [ view_parse ] --START--
INFO: Run ParseTemplate Behavior [ RunTime:-0.002877s ]
INFO: [ view_parse ] --END-- [ RunTime:0.009237s ]
INFO: [ view_filter ] --START--
INFO: Run ContentReplace Behavior [ RunTime:-0.012307s ]
INFO: Run TokenBuild Behavior [ RunTime:-0.013075s ]
INFO: Run WriteHtmlCache Behavior [ RunTime:-0.013889s ]
INFO: Run ShowRuntime Behavior [ RunTime:-0.014421s ]
INFO: [ view_filter ] --END-- [ RunTime:0.003174s ]
INFO: [ view_end ] --START--
INFO: Run ShowPageTrace Behavior [ RunTime:-0.015738s ]
INFO: [ view_end ] --END-- [ RunTime:0.001305s ]

[ 2012-11-13T18:39:07+08:00 ] 127.0.0.1 /blog/
INFO: [ app_begin ] --START--
INFO: Run ReadHtmlCache Behavior [ RunTime:0.001315s ]
INFO: [ app_begin ] --END-- [ RunTime:0.001595s ]
NOTIC: [8] Undefined variable: __INFO__ E:\workspace\webApplication\blog\Lib\Action\IndexAction.class.php 第 5 行.

[ 2012-11-13T18:39:07+08:00 ] 127.0.0.1 /blog/
INFO: [ app_begin ] --START--
INFO: Run ReadHtmlCache Behavior [ RunTime:0.001537s ]
INFO: [ app_begin ] --END-- [ RunTime:0.001974s ]
NOTIC: [8] Undefined variable: __INFO__ E:\workspace\webApplication\blog\Lib\Action\IndexAction.class.php 第 5 行.

[ 2012-11-13T18:39:19+08:00 ] 127.0.0.1 /blog/
INFO: [ app_begin ] --START--
INFO: Run ReadHtmlCache Behavior [ RunTime:0.001011s ]
INFO: [ app_begin ] --END-- [ RunTime:0.001312s ]

[ 2012-11-13T18:39:20+08:00 ] 127.0.0.1 /blog/
INFO: [ app_begin ] --START--
INFO: Run ReadHtmlCache Behavior [ RunTime:0.001660s ]
INFO: [ app_begin ] --END-- [ RunTime:0.002087s ]

[ 2012-11-13T18:47:04+08:00 ] 127.0.0.1 /blog/
INFO: [ app_begin ] --START--
INFO: Run ReadHtmlCache Behavior [ RunTime:0.001221s ]
INFO: [ app_begin ] --END-- [ RunTime:0.001495s ]
INFO: [ view_template ] --START--
INFO: Run LocationTemplate Behavior [ RunTime:-0.002316s ]
INFO: [ view_template ] --END-- [ RunTime:0.001491s ]
INFO: [ view_parse ] --START--
INFO: Run ParseTemplate Behavior [ RunTime:-0.003903s ]
INFO: [ view_parse ] --END-- [ RunTime:0.010259s ]
INFO: [ view_filter ] --START--
INFO: Run ContentReplace Behavior [ RunTime:-0.014384s ]
INFO: Run TokenBuild Behavior [ RunTime:-0.015308s ]
INFO: Run WriteHtmlCache Behavior [ RunTime:-0.016304s ]
INFO: Run ShowRuntime Behavior [ RunTime:-0.016960s ]
INFO: [ view_filter ] --END-- [ RunTime:0.003796s ]
INFO: [ view_end ] --START--
INFO: Run ShowPageTrace Behavior [ RunTime:-0.018650s ]
INFO: [ view_end ] --END-- [ RunTime:0.001753s ]

[ 2012-11-13T19:01:00+08:00 ] 127.0.0.1 /blog/
INFO: [ app_begin ] --START--
INFO: Run ReadHtmlCache Behavior [ RunTime:0.022426s ]
INFO: [ app_begin ] --END-- [ RunTime:0.022695s ]
INFO: [ view_template ] --START--
INFO: Run LocationTemplate Behavior [ RunTime:-0.070315s ]
INFO: [ view_template ] --END-- [ RunTime:0.011953s ]
INFO: [ view_parse ] --START--
INFO: Run ParseTemplate Behavior [ RunTime:-0.082466s ]
INFO: [ view_parse ] --END-- [ RunTime:0.039022s ]
INFO: [ view_filter ] --START--
INFO: Run ContentReplace Behavior [ RunTime:-0.121669s ]
INFO: Run TokenBuild Behavior [ RunTime:-0.123730s ]
INFO: Run WriteHtmlCache Behavior [ RunTime:-0.136076s ]
INFO: Run ShowRuntime Behavior [ RunTime:-0.137996s ]
INFO: [ view_filter ] --END-- [ RunTime:0.018056s ]
INFO: [ view_end ] --START--
INFO: Run ShowPageTrace Behavior [ RunTime:-0.140000s ]
INFO: [ view_end ] --END-- [ RunTime:0.014421s ]

[ 2012-11-13T19:01:01+08:00 ] 127.0.0.1 /blog/
INFO: [ app_begin ] --START--
INFO: Run ReadHtmlCache Behavior [ RunTime:0.000829s ]
INFO: [ app_begin ] --END-- [ RunTime:0.001123s ]
INFO: [ view_template ] --START--
INFO: Run LocationTemplate Behavior [ RunTime:-0.001575s ]
INFO: [ view_template ] --END-- [ RunTime:0.000972s ]
INFO: [ view_parse ] --START--
INFO: Run ParseTemplate Behavior [ RunTime:-0.002782s ]
INFO: [ view_parse ] --END-- [ RunTime:0.022935s ]
INFO: [ view_filter ] --START--
INFO: Run ContentReplace Behavior [ RunTime:-0.026076s ]
INFO: Run TokenBuild Behavior [ RunTime:-0.027139s ]
INFO: Run WriteHtmlCache Behavior [ RunTime:-0.028374s ]
INFO: Run ShowRuntime Behavior [ RunTime:-0.029263s ]
INFO: [ view_filter ] --END-- [ RunTime:0.004971s ]
INFO: [ view_end ] --START--
INFO: Run ShowPageTrace Behavior [ RunTime:-0.031521s ]
INFO: [ view_end ] --END-- [ RunTime:0.001762s ]

[ 2012-11-13T19:01:01+08:00 ] 127.0.0.1 /blog/
INFO: [ app_begin ] --START--
INFO: Run ReadHtmlCache Behavior [ RunTime:0.001531s ]
INFO: [ app_begin ] --END-- [ RunTime:0.001925s ]
INFO: [ view_template ] --START--
INFO: Run LocationTemplate Behavior [ RunTime:-0.002201s ]
INFO: [ view_template ] --END-- [ RunTime:0.001040s ]
INFO: [ view_parse ] --START--
INFO: Run ParseTemplate Behavior [ RunTime:-0.003449s ]
INFO: [ view_parse ] --END-- [ RunTime:0.010023s ]
INFO: [ view_filter ] --START--
INFO: Run ContentReplace Behavior [ RunTime:-0.013653s ]
INFO: Run TokenBuild Behavior [ RunTime:-0.014387s ]
INFO: Run WriteHtmlCache Behavior [ RunTime:-0.015228s ]
INFO: Run ShowRuntime Behavior [ RunTime:-0.015770s ]
INFO: [ view_filter ] --END-- [ RunTime:0.003262s ]
INFO: [ view_end ] --START--
INFO: Run ShowPageTrace Behavior [ RunTime:-0.017203s ]
INFO: [ view_end ] --END-- [ RunTime:0.001062s ]

[ 2012-11-13T19:01:02+08:00 ] 127.0.0.1 /blog/
INFO: [ app_begin ] --START--
INFO: Run ReadHtmlCache Behavior [ RunTime:0.000844s ]
INFO: [ app_begin ] --END-- [ RunTime:0.001091s ]
INFO: [ view_template ] --START--
INFO: Run LocationTemplate Behavior [ RunTime:-0.001510s ]
INFO: [ view_template ] --END-- [ RunTime:0.000925s ]
INFO: [ view_parse ] --START--
INFO: Run ParseTemplate Behavior [ RunTime:-0.002632s ]
INFO: [ view_parse ] --END-- [ RunTime:0.010163s ]
INFO: [ view_filter ] --START--
INFO: Run ContentReplace Behavior [ RunTime:-0.012984s ]
INFO: Run TokenBuild Behavior [ RunTime:-0.013700s ]
INFO: Run WriteHtmlCache Behavior [ RunTime:-0.014553s ]
INFO: Run ShowRuntime Behavior [ RunTime:-0.015065s ]
INFO: [ view_filter ] --END-- [ RunTime:0.003157s ]
INFO: [ view_end ] --START--
INFO: Run ShowPageTrace Behavior [ RunTime:-0.016412s ]
INFO: [ view_end ] --END-- [ RunTime:0.001051s ]

[ 2012-11-13T19:02:13+08:00 ] ERR: (ThinkException) 无法加载模块:index.php
[ 2012-11-13T19:02:37+08:00 ] 127.0.0.1 /blog/
INFO: [ app_begin ] --START--
INFO: Run ReadHtmlCache Behavior [ RunTime:0.000883s ]
INFO: [ app_begin ] --END-- [ RunTime:0.001130s ]
INFO: [ view_template ] --START--
INFO: Run LocationTemplate Behavior [ RunTime:-0.002029s ]
INFO: [ view_template ] --END-- [ RunTime:0.001542s ]
INFO: [ view_parse ] --START--
INFO: Run ParseTemplate Behavior [ RunTime:-0.003852s ]
INFO: [ view_parse ] --END-- [ RunTime:0.013950s ]
INFO: [ view_filter ] --START--
INFO: Run ContentReplace Behavior [ RunTime:-0.018188s ]
INFO: Run TokenBuild Behavior [ RunTime:-0.019652s ]
INFO: Run WriteHtmlCache Behavior [ RunTime:-0.021085s ]
INFO: Run ShowRuntime Behavior [ RunTime:-0.022117s ]
INFO: [ view_filter ] --END-- [ RunTime:0.005980s ]
INFO: [ view_end ] --START--
INFO: Run ShowPageTrace Behavior [ RunTime:-0.024641s ]
INFO: [ view_end ] --END-- [ RunTime:0.001917s ]

[ 2012-11-13T19:02:42+08:00 ] ERR: (ThinkException) Unknown database 'thinkphp'
[ 2012-11-13T19:02:42+08:00 ] 127.0.0.1 /blog/index.php/Login/loginCheck
INFO: [ route_check ] --START--
INFO: Run CheckRoute Behavior [ RunTime:0.001079s ]
INFO: [ route_check ] --END-- [ RunTime:0.001358s ]
INFO: [ app_begin ] --START--
INFO: Run ReadHtmlCache Behavior [ RunTime:-0.001205s ]
INFO: [ app_begin ] --END-- [ RunTime:0.001155s ]
NOTIC: [8] Undefined index: class E:\workspace\webApplication\blog\ThinkPHP\Lib\Core\ThinkException.class.php 第 63 行.
NOTIC: [8] Undefined index: type E:\workspace\webApplication\blog\ThinkPHP\Lib\Core\ThinkException.class.php 第 63 行.
NOTIC: [8] Undefined index: file E:\workspace\webApplication\blog\ThinkPHP\Lib\Core\ThinkException.class.php 第 62 行.
NOTIC: [8] Undefined index: line E:\workspace\webApplication\blog\ThinkPHP\Lib\Core\ThinkException.class.php 第 62 行.
NOTIC: [4096] Object of class LoginAction could not be converted to string E:\workspace\webApplication\blog\ThinkPHP\Lib\Core\ThinkException.class.php 第 64 行.
NOTIC: [8] Undefined index: class E:\workspace\webApplication\blog\ThinkPHP\Lib\Core\ThinkException.class.php 第 63 行.
NOTIC: [8] Undefined index: type E:\workspace\webApplication\blog\ThinkPHP\Lib\Core\ThinkException.class.php 第 63 行.
NOTIC: [8] Undefined index: class E:\workspace\webApplication\blog\ThinkPHP\Lib\Core\ThinkException.class.php 第 63 行.
NOTIC: [8] Undefined index: type E:\workspace\webApplication\blog\ThinkPHP\Lib\Core\ThinkException.class.php 第 63 行.

[ 2012-11-13T19:06:22+08:00 ] 127.0.0.1 /blog/
INFO: [ app_begin ] --START--
INFO: Run ReadHtmlCache Behavior [ RunTime:0.001227s ]
INFO: [ app_begin ] --END-- [ RunTime:0.001503s ]
INFO: [ view_template ] --START--
INFO: Run LocationTemplate Behavior [ RunTime:-0.002150s ]
INFO: [ view_template ] --END-- [ RunTime:0.001483s ]
INFO: [ view_parse ] --START--
INFO: Run ParseTemplate Behavior [ RunTime:-0.003994s ]
INFO: [ view_parse ] --END-- [ RunTime:0.023520s ]
INFO: [ view_filter ] --START--
INFO: Run ContentReplace Behavior [ RunTime:-0.027771s ]
INFO: Run TokenBuild Behavior [ RunTime:-0.029100s ]
INFO: Run WriteHtmlCache Behavior [ RunTime:-0.030619s ]
INFO: Run ShowRuntime Behavior [ RunTime:-0.031614s ]
INFO: [ view_filter ] --END-- [ RunTime:0.005215s ]
INFO: [ view_end ] --START--
INFO: Run ShowPageTrace Behavior [ RunTime:-0.033201s ]
INFO: [ view_end ] --END-- [ RunTime:0.001858s ]

[ 2012-11-13T19:06:26+08:00 ] ERR: (ThinkException) Table 'onlymyblog.bloguser' doesn't exist
 [ SQL语句 ] : SHOW COLUMNS FROM `bloguser`
[ 2012-11-13T19:06:26+08:00 ] 127.0.0.1 /blog/index.php/Login/loginCheck
INFO: [ route_check ] --START--
INFO: Run CheckRoute Behavior [ RunTime:0.001259s ]
INFO: [ route_check ] --END-- [ RunTime:0.001520s ]
INFO: [ app_begin ] --START--
INFO: Run ReadHtmlCache Behavior [ RunTime:-0.001117s ]
INFO: [ app_begin ] --END-- [ RunTime:0.001022s ]
NOTIC: [8] Undefined variable: id E:\workspace\webApplication\blog\Lib\Action\LoginAction.class.php 第 18 行.
SQL: SHOW COLUMNS FROM `bloguser` [ RunTime:0.047237s ]
NOTIC: [8] Undefined index: class E:\workspace\webApplication\blog\ThinkPHP\Lib\Core\ThinkException.class.php 第 63 行.
NOTIC: [8] Undefined index: type E:\workspace\webApplication\blog\ThinkPHP\Lib\Core\ThinkException.class.php 第 63 行.
NOTIC: [8] Undefined index: class E:\workspace\webApplication\blog\ThinkPHP\Lib\Core\ThinkException.class.php 第 63 行.
NOTIC: [8] Undefined index: type E:\workspace\webApplication\blog\ThinkPHP\Lib\Core\ThinkException.class.php 第 63 行.
NOTIC: [8] Undefined index: file E:\workspace\webApplication\blog\ThinkPHP\Lib\Core\ThinkException.class.php 第 62 行.
NOTIC: [8] Undefined index: line E:\workspace\webApplication\blog\ThinkPHP\Lib\Core\ThinkException.class.php 第 62 行.
NOTIC: [4096] Object of class LoginAction could not be converted to string E:\workspace\webApplication\blog\ThinkPHP\Lib\Core\ThinkException.class.php 第 64 行.
NOTIC: [8] Undefined index: class E:\workspace\webApplication\blog\ThinkPHP\Lib\Core\ThinkException.class.php 第 63 行.
NOTIC: [8] Undefined index: type E:\workspace\webApplication\blog\ThinkPHP\Lib\Core\ThinkException.class.php 第 63 行.
NOTIC: [8] Undefined index: class E:\workspace\webApplication\blog\ThinkPHP\Lib\Core\ThinkException.class.php 第 63 行.
NOTIC: [8] Undefined index: type E:\workspace\webApplication\blog\ThinkPHP\Lib\Core\ThinkException.class.php 第 63 行.

[ 2012-11-13T19:07:13+08:00 ] 127.0.0.1 /blog/
INFO: [ app_begin ] --START--
INFO: Run ReadHtmlCache Behavior [ RunTime:0.001275s ]
INFO: [ app_begin ] --END-- [ RunTime:0.001558s ]
INFO: [ view_template ] --START--
INFO: Run LocationTemplate Behavior [ RunTime:-0.002091s ]
INFO: [ view_template ] --END-- [ RunTime:0.001353s ]
INFO: [ view_parse ] --START--
INFO: Run ParseTemplate Behavior [ RunTime:-0.003645s ]
INFO: [ view_parse ] --END-- [ RunTime:0.019590s ]
INFO: [ view_filter ] --START--
INFO: Run ContentReplace Behavior [ RunTime:-0.023424s ]
INFO: Run TokenBuild Behavior [ RunTime:-0.024333s ]
INFO: Run WriteHtmlCache Behavior [ RunTime:-0.025336s ]
INFO: Run ShowRuntime Behavior [ RunTime:-0.026013s ]
INFO: [ view_filter ] --END-- [ RunTime:0.004049s ]
INFO: [ view_end ] --START--
INFO: Run ShowPageTrace Behavior [ RunTime:-0.027757s ]
INFO: [ view_end ] --END-- [ RunTime:0.001327s ]

[ 2012-11-13T19:07:17+08:00 ] 127.0.0.1 /blog/index.php/Login/loginCheck
INFO: [ route_check ] --START--
INFO: Run CheckRoute Behavior [ RunTime:0.001332s ]
INFO: [ route_check ] --END-- [ RunTime:0.001611s ]
INFO: [ app_begin ] --START--
INFO: Run ReadHtmlCache Behavior [ RunTime:-0.001192s ]
INFO: [ app_begin ] --END-- [ RunTime:0.001052s ]
SQL: SHOW COLUMNS FROM `blog_user` [ RunTime:0.004500s ]
SQL: SELECT * FROM `blog_user` WHERE ( `name` = 'hlr' )  [ RunTime:0.000646s ]
NOTIC: [8] Undefined index: password E:\workspace\webApplication\blog\Lib\Action\LoginAction.class.php 第 26 行.

[ 2012-11-13T19:08:32+08:00 ] 127.0.0.1 /blog/
INFO: [ app_begin ] --START--
INFO: Run ReadHtmlCache Behavior [ RunTime:0.001788s ]
INFO: [ app_begin ] --END-- [ RunTime:0.002182s ]
INFO: [ view_template ] --START--
INFO: Run LocationTemplate Behavior [ RunTime:-0.003279s ]
INFO: [ view_template ] --END-- [ RunTime:0.002170s ]
INFO: [ view_parse ] --START--
INFO: Run ParseTemplate Behavior [ RunTime:-0.005796s ]
INFO: [ view_parse ] --END-- [ RunTime:0.010469s ]
INFO: [ view_filter ] --START--
INFO: Run ContentReplace Behavior [ RunTime:-0.016404s ]
INFO: Run TokenBuild Behavior [ RunTime:-0.017303s ]
INFO: Run WriteHtmlCache Behavior [ RunTime:-0.018206s ]
INFO: Run ShowRuntime Behavior [ RunTime:-0.018825s ]
INFO: [ view_filter ] --END-- [ RunTime:0.003657s ]
INFO: [ view_end ] --START--
INFO: Run ShowPageTrace Behavior [ RunTime:-0.020373s ]
INFO: [ view_end ] --END-- [ RunTime:0.001390s ]

[ 2012-11-13T19:08:36+08:00 ] 127.0.0.1 /blog/index.php/Login/loginCheck
INFO: [ route_check ] --START--
INFO: Run CheckRoute Behavior [ RunTime:0.001948s ]
INFO: [ route_check ] --END-- [ RunTime:0.002390s ]
INFO: [ app_begin ] --START--
INFO: Run ReadHtmlCache Behavior [ RunTime:-0.001997s ]
INFO: [ app_begin ] --END-- [ RunTime:0.001771s ]
SQL: SHOW COLUMNS FROM `blog_user` [ RunTime:0.005004s ]
SQL: SELECT * FROM `blog_user` WHERE ( `name` = 'hlr' )  [ RunTime:0.000486s ]
NOTIC: [8] Array to string conversion E:\workspace\webApplication\blog\Lib\Action\LoginAction.class.php 第 26 行.
NOTIC: [8] Undefined index: password E:\workspace\webApplication\blog\Lib\Action\LoginAction.class.php 第 28 行.

[ 2012-11-13T19:10:54+08:00 ] 127.0.0.1 /blog/
INFO: [ app_begin ] --START--
INFO: Run ReadHtmlCache Behavior [ RunTime:0.001396s ]
INFO: [ app_begin ] --END-- [ RunTime:0.001726s ]
INFO: [ view_template ] --START--
INFO: Run LocationTemplate Behavior [ RunTime:-0.002454s ]
INFO: [ view_template ] --END-- [ RunTime:0.001703s ]
INFO: [ view_parse ] --START--
INFO: Run ParseTemplate Behavior [ RunTime:-0.004407s ]
INFO: [ view_parse ] --END-- [ RunTime:0.011631s ]
INFO: [ view_filter ] --START--
INFO: Run ContentReplace Behavior [ RunTime:-0.016297s ]
INFO: Run TokenBuild Behavior [ RunTime:-0.017200s ]
INFO: Run WriteHtmlCache Behavior [ RunTime:-0.018249s ]
INFO: Run ShowRuntime Behavior [ RunTime:-0.019036s ]
INFO: [ view_filter ] --END-- [ RunTime:0.004136s ]
INFO: [ view_end ] --START--
INFO: Run ShowPageTrace Behavior [ RunTime:-0.020757s ]
INFO: [ view_end ] --END-- [ RunTime:0.001415s ]

[ 2012-11-13T19:10:57+08:00 ] 127.0.0.1 /blog/index.php/Login/loginCheck
INFO: [ route_check ] --START--
INFO: Run CheckRoute Behavior [ RunTime:0.002090s ]
INFO: [ route_check ] --END-- [ RunTime:0.002539s ]
INFO: [ app_begin ] --START--
INFO: Run ReadHtmlCache Behavior [ RunTime:-0.002152s ]
INFO: [ app_begin ] --END-- [ RunTime:0.001955s ]
SQL: SHOW COLUMNS FROM `blog_user` [ RunTime:0.007601s ]
SQL: SELECT * FROM `blog_user` WHERE ( `name` = 'hlr' )  [ RunTime:0.000806s ]
NOTIC: [8] Undefined index: password E:\workspace\webApplication\blog\Lib\Action\LoginAction.class.php 第 26 行.
NOTIC: [8] Undefined index: password E:\workspace\webApplication\blog\Lib\Action\LoginAction.class.php 第 28 行.

[ 2012-11-13T19:11:50+08:00 ] ERR: (ThinkException) Unknown column 'hlr' in 'where clause'
 [ SQL语句 ] : SELECT * FROM `blog_user` WHERE name=hlr 
[ 2012-11-13T19:11:50+08:00 ] 127.0.0.1 /blog/index.php/Login/loginCheck
INFO: [ route_check ] --START--
INFO: Run CheckRoute Behavior [ RunTime:0.001425s ]
INFO: [ route_check ] --END-- [ RunTime:0.001696s ]
INFO: [ app_begin ] --START--
INFO: Run ReadHtmlCache Behavior [ RunTime:-0.001483s ]
INFO: [ app_begin ] --END-- [ RunTime:0.001394s ]
SQL: SHOW COLUMNS FROM `blog_user` [ RunTime:0.005404s ]
SQL: SELECT * FROM `blog_user` WHERE name=hlr  [ RunTime:0.000581s ]
NOTIC: [8] Undefined index: class E:\workspace\webApplication\blog\ThinkPHP\Lib\Core\ThinkException.class.php 第 63 行.
NOTIC: [8] Undefined index: type E:\workspace\webApplication\blog\ThinkPHP\Lib\Core\ThinkException.class.php 第 63 行.
NOTIC: [8] Array to string conversion E:\workspace\webApplication\blog\ThinkPHP\Lib\Core\ThinkException.class.php 第 64 行.
NOTIC: [8] Undefined index: file E:\workspace\webApplication\blog\ThinkPHP\Lib\Core\ThinkException.class.php 第 62 行.
NOTIC: [8] Undefined index: line E:\workspace\webApplication\blog\ThinkPHP\Lib\Core\ThinkException.class.php 第 62 行.
NOTIC: [4096] Object of class LoginAction could not be converted to string E:\workspace\webApplication\blog\ThinkPHP\Lib\Core\ThinkException.class.php 第 64 行.
NOTIC: [8] Undefined index: class E:\workspace\webApplication\blog\ThinkPHP\Lib\Core\ThinkException.class.php 第 63 行.
NOTIC: [8] Undefined index: type E:\workspace\webApplication\blog\ThinkPHP\Lib\Core\ThinkException.class.php 第 63 行.
NOTIC: [8] Undefined index: class E:\workspace\webApplication\blog\ThinkPHP\Lib\Core\ThinkException.class.php 第 63 行.
NOTIC: [8] Undefined index: type E:\workspace\webApplication\blog\ThinkPHP\Lib\Core\ThinkException.class.php 第 63 行.

[ 2012-11-13T19:12:07+08:00 ] 127.0.0.1 /blog/index.php/Login/loginCheck
INFO: [ route_check ] --START--
INFO: Run CheckRoute Behavior [ RunTime:0.001030s ]
INFO: [ route_check ] --END-- [ RunTime:0.001283s ]
INFO: [ app_begin ] --START--
INFO: Run ReadHtmlCache Behavior [ RunTime:-0.001132s ]
INFO: [ app_begin ] --END-- [ RunTime:0.001092s ]
SQL: SHOW COLUMNS FROM `blog_user` [ RunTime:0.005507s ]
SQL: SELECT * FROM `blog_user` WHERE name='hlr'  [ RunTime:0.000495s ]
NOTIC: [8] Undefined index: password E:\workspace\webApplication\blog\Lib\Action\LoginAction.class.php 第 26 行.
NOTIC: [8] Undefined index: password E:\workspace\webApplication\blog\Lib\Action\LoginAction.class.php 第 28 行.

[ 2012-11-13T19:12:37+08:00 ] 127.0.0.1 /blog/index.php/Login/loginCheck
INFO: [ route_check ] --START--
INFO: Run CheckRoute Behavior [ RunTime:0.001699s ]
INFO: [ route_check ] --END-- [ RunTime:0.002108s ]
INFO: [ app_begin ] --START--
INFO: Run ReadHtmlCache Behavior [ RunTime:-0.001906s ]
INFO: [ app_begin ] --END-- [ RunTime:0.001777s ]
SQL: SHOW COLUMNS FROM `blog_user` [ RunTime:0.005542s ]
SQL: SELECT * FROM `blog_user`  [ RunTime:0.000681s ]
NOTIC: [8] Array to string conversion E:\workspace\webApplication\blog\Lib\Action\LoginAction.class.php 第 26 行.
NOTIC: [8] Undefined index: password E:\workspace\webApplication\blog\Lib\Action\LoginAction.class.php 第 28 行.

[ 2012-11-13T19:12:51+08:00 ] 127.0.0.1 /blog/index.php/Login/loginCheck
INFO: [ route_check ] --START--
INFO: Run CheckRoute Behavior [ RunTime:0.001050s ]
INFO: [ route_check ] --END-- [ RunTime:0.001310s ]
INFO: [ app_begin ] --START--
INFO: Run ReadHtmlCache Behavior [ RunTime:-0.001258s ]
INFO: [ app_begin ] --END-- [ RunTime:0.001175s ]
SQL: SHOW COLUMNS FROM `blog_user` [ RunTime:0.005340s ]
SQL: SELECT * FROM `blog_user`  [ RunTime:0.000673s ]
NOTIC: [8] Undefined offset: 1 E:\workspace\webApplication\blog\Lib\Action\LoginAction.class.php 第 26 行.
NOTIC: [8] Undefined index: password E:\workspace\webApplication\blog\Lib\Action\LoginAction.class.php 第 28 行.

[ 2012-11-13T19:15:32+08:00 ] 127.0.0.1 /blog/index.php/Login/loginCheck
INFO: [ route_check ] --START--
INFO: Run CheckRoute Behavior [ RunTime:0.001346s ]
INFO: [ route_check ] --END-- [ RunTime:0.001613s ]
INFO: [ app_begin ] --START--
INFO: Run ReadHtmlCache Behavior [ RunTime:-0.001393s ]
INFO: [ app_begin ] --END-- [ RunTime:0.001277s ]
SQL: SHOW COLUMNS FROM `blog_user` [ RunTime:0.017417s ]
SQL: SELECT * FROM `blog_user` WHERE ( `id` = 1 ) LIMIT 1   [ RunTime:0.019991s ]

[ 2012-11-13T19:16:39+08:00 ] 127.0.0.1 /blog/index.php/Login/loginCheck
INFO: [ route_check ] --START--
INFO: Run CheckRoute Behavior [ RunTime:0.002382s ]
INFO: [ route_check ] --END-- [ RunTime:0.002822s ]
INFO: [ app_begin ] --START--
INFO: Run ReadHtmlCache Behavior [ RunTime:-0.002541s ]
INFO: [ app_begin ] --END-- [ RunTime:0.001817s ]
SQL: SHOW COLUMNS FROM `blog_user` [ RunTime:0.004522s ]
SQL: SELECT * FROM `blog_user`  [ RunTime:0.000388s ]
NOTIC: [8] Undefined index: hlr E:\workspace\webApplication\blog\Lib\Action\LoginAction.class.php 第 26 行.
NOTIC: [8] Undefined index: password E:\workspace\webApplication\blog\Lib\Action\LoginAction.class.php 第 28 行.

[ 2012-11-13T19:17:05+08:00 ] 127.0.0.1 /blog/index.php/Login/loginCheck
INFO: [ route_check ] --START--
INFO: Run CheckRoute Behavior [ RunTime:0.001110s ]
INFO: [ route_check ] --END-- [ RunTime:0.001469s ]
INFO: [ app_begin ] --START--
INFO: Run ReadHtmlCache Behavior [ RunTime:-0.001189s ]
INFO: [ app_begin ] --END-- [ RunTime:0.001151s ]
SQL: SHOW COLUMNS FROM `blog_user` [ RunTime:0.005806s ]
SQL: SELECT * FROM `blog_user`  [ RunTime:0.000484s ]
NOTIC: [8] Undefined index: password E:\workspace\webApplication\blog\Lib\Action\LoginAction.class.php 第 28 行.

[ 2012-11-13T19:18:04+08:00 ] 127.0.0.1 /blog/index.php/Login/loginCheck
INFO: [ route_check ] --START--
INFO: Run CheckRoute Behavior [ RunTime:0.001028s ]
INFO: [ route_check ] --END-- [ RunTime:0.001280s ]
INFO: [ app_begin ] --START--
INFO: Run ReadHtmlCache Behavior [ RunTime:-0.001189s ]
INFO: [ app_begin ] --END-- [ RunTime:0.001231s ]
SQL: SHOW COLUMNS FROM `blog_user` [ RunTime:0.004649s ]
SQL: SELECT * FROM `blog_user`  [ RunTime:0.000285s ]
NOTIC: [8] Undefined index: password E:\workspace\webApplication\blog\Lib\Action\LoginAction.class.php 第 28 行.

[ 2012-11-13T19:18:20+08:00 ] 127.0.0.1 /blog/index.php/Login/loginCheck
INFO: [ route_check ] --START--
INFO: Run CheckRoute Behavior [ RunTime:0.002298s ]
INFO: [ route_check ] --END-- [ RunTime:0.002755s ]
INFO: [ app_begin ] --START--
INFO: Run ReadHtmlCache Behavior [ RunTime:-0.002428s ]
INFO: [ app_begin ] --END-- [ RunTime:0.001907s ]
SQL: SHOW COLUMNS FROM `blog_user` [ RunTime:0.004953s ]
SQL: SELECT * FROM `blog_user`  [ RunTime:0.000477s ]
NOTIC: [8] Undefined index: password E:\workspace\webApplication\blog\Lib\Action\LoginAction.class.php 第 28 行.

[ 2012-11-13T19:19:23+08:00 ] 127.0.0.1 /blog/index.php/Login/loginCheck
INFO: [ route_check ] --START--
INFO: Run CheckRoute Behavior [ RunTime:0.002137s ]
INFO: [ route_check ] --END-- [ RunTime:0.002499s ]
INFO: [ app_begin ] --START--
INFO: Run ReadHtmlCache Behavior [ RunTime:-0.001489s ]
INFO: [ app_begin ] --END-- [ RunTime:0.001297s ]
SQL: SHOW COLUMNS FROM `blog_user` [ RunTime:0.004347s ]
SQL: SELECT * FROM `blog_user`  [ RunTime:0.000616s ]
NOTIC: [8] Undefined offset: 1 E:\workspace\webApplication\blog\Lib\Action\LoginAction.class.php 第 26 行.
NOTIC: [8] Undefined index: password E:\workspace\webApplication\blog\Lib\Action\LoginAction.class.php 第 28 行.

[ 2012-11-13T19:19:43+08:00 ] 127.0.0.1 /blog/index.php/Login/loginCheck
INFO: [ route_check ] --START--
INFO: Run CheckRoute Behavior [ RunTime:0.001123s ]
INFO: [ route_check ] --END-- [ RunTime:0.001406s ]
INFO: [ app_begin ] --START--
INFO: Run ReadHtmlCache Behavior [ RunTime:-0.001194s ]
INFO: [ app_begin ] --END-- [ RunTime:0.001088s ]
SQL: SHOW COLUMNS FROM `blog_user` [ RunTime:0.005335s ]
SQL: SELECT * FROM `blog_user`  [ RunTime:0.000566s ]
NOTIC: [8] Undefined offset: 1 E:\workspace\webApplication\blog\Lib\Action\LoginAction.class.php 第 26 行.
NOTIC: [8] Undefined index: password E:\workspace\webApplication\blog\Lib\Action\LoginAction.class.php 第 28 行.

[ 2012-11-13T19:22:02+08:00 ] 127.0.0.1 /blog/index.php/Login/loginCheck
INFO: [ route_check ] --START--
INFO: Run CheckRoute Behavior [ RunTime:0.001372s ]
INFO: [ route_check ] --END-- [ RunTime:0.001642s ]
INFO: [ app_begin ] --START--
INFO: Run ReadHtmlCache Behavior [ RunTime:-0.001495s ]
INFO: [ app_begin ] --END-- [ RunTime:0.001301s ]
SQL: SHOW COLUMNS FROM `blog_user` [ RunTime:0.006167s ]
SQL: SELECT * FROM `blog_user`  [ RunTime:0.000494s ]
NOTIC: [8] Undefined index: password E:\workspace\webApplication\blog\Lib\Action\LoginAction.class.php 第 28 行.

[ 2012-11-13T19:23:15+08:00 ] 127.0.0.1 /blog/index.php/Login/loginCheck
INFO: [ route_check ] --START--
INFO: Run CheckRoute Behavior [ RunTime:0.001294s ]
INFO: [ route_check ] --END-- [ RunTime:0.001625s ]
INFO: [ app_begin ] --START--
INFO: Run ReadHtmlCache Behavior [ RunTime:-0.001494s ]
INFO: [ app_begin ] --END-- [ RunTime:0.001275s ]
SQL: SHOW COLUMNS FROM `blog_user` [ RunTime:0.004473s ]
SQL: SELECT * FROM `blog_user`  [ RunTime:0.000426s ]
NOTIC: [8] Use of undefined constant password - assumed 'password' E:\workspace\webApplication\blog\Lib\Action\LoginAction.class.php 第 26 行.
NOTIC: [8] Undefined index: password E:\workspace\webApplication\blog\Lib\Action\LoginAction.class.php 第 28 行.

[ 2012-11-13T19:23:28+08:00 ] 127.0.0.1 /blog/index.php/Login/loginCheck
INFO: [ route_check ] --START--
INFO: Run CheckRoute Behavior [ RunTime:0.003598s ]
INFO: [ route_check ] --END-- [ RunTime:0.004080s ]
INFO: [ app_begin ] --START--
INFO: Run ReadHtmlCache Behavior [ RunTime:-0.001665s ]
INFO: [ app_begin ] --END-- [ RunTime:0.001349s ]
SQL: SHOW COLUMNS FROM `blog_user` [ RunTime:0.004366s ]
SQL: SELECT * FROM `blog_user`  [ RunTime:0.000679s ]
NOTIC: [8] Undefined index: password E:\workspace\webApplication\blog\Lib\Action\LoginAction.class.php 第 28 行.

[ 2012-11-13T19:24:29+08:00 ] 127.0.0.1 /blog/index.php/Login/loginCheck
INFO: [ route_check ] --START--
INFO: Run CheckRoute Behavior [ RunTime:0.001644s ]
INFO: [ route_check ] --END-- [ RunTime:0.002077s ]
INFO: [ app_begin ] --START--
INFO: Run ReadHtmlCache Behavior [ RunTime:-0.001890s ]
INFO: [ app_begin ] --END-- [ RunTime:0.001673s ]
SQL: SHOW COLUMNS FROM `blog_user` [ RunTime:0.004633s ]
SQL: SELECT * FROM `blog_user` WHERE ( `name` = 'hlr' )  [ RunTime:0.000415s ]

[ 2012-11-13T19:24:33+08:00 ] 127.0.0.1 /blog/index.php/Login/loginCheck
INFO: [ route_check ] --START--
INFO: Run CheckRoute Behavior [ RunTime:0.001104s ]
INFO: [ route_check ] --END-- [ RunTime:0.001374s ]
INFO: [ app_begin ] --START--
INFO: Run ReadHtmlCache Behavior [ RunTime:-0.001159s ]
INFO: [ app_begin ] --END-- [ RunTime:0.001111s ]
SQL: SHOW COLUMNS FROM `blog_user` [ RunTime:0.005181s ]
SQL: SELECT * FROM `blog_user` WHERE ( `name` = 'hlr' )  [ RunTime:0.000417s ]

[ 2012-11-13T19:24:41+08:00 ] 127.0.0.1 /blog/index.php/Login/loginCheck
INFO: [ route_check ] --START--
INFO: Run CheckRoute Behavior [ RunTime:0.001869s ]
INFO: [ route_check ] --END-- [ RunTime:0.002266s ]
INFO: [ app_begin ] --START--
INFO: Run ReadHtmlCache Behavior [ RunTime:-0.001773s ]
INFO: [ app_begin ] --END-- [ RunTime:0.001674s ]
SQL: SHOW COLUMNS FROM `blog_user` [ RunTime:0.004380s ]
SQL: SELECT * FROM `blog_user` WHERE ( `name` = 'hlrdf' )  [ RunTime:0.000442s ]

[ 2012-11-13T19:24:53+08:00 ] 127.0.0.1 /blog/index.php/Login/loginCheck
INFO: [ route_check ] --START--
INFO: Run CheckRoute Behavior [ RunTime:0.001148s ]
INFO: [ route_check ] --END-- [ RunTime:0.001431s ]
INFO: [ app_begin ] --START--
INFO: Run ReadHtmlCache Behavior [ RunTime:-0.001199s ]
INFO: [ app_begin ] --END-- [ RunTime:0.001117s ]
SQL: SHOW COLUMNS FROM `blog_user` [ RunTime:0.004434s ]
SQL: SELECT * FROM `blog_user` WHERE ( `name` = 'hlrdf' )  [ RunTime:0.000456s ]

[ 2012-11-13T19:31:15+08:00 ] 127.0.0.1 /blog/index.php/Login/loginCheck
INFO: [ route_check ] --START--
INFO: Run CheckRoute Behavior [ RunTime:0.002044s ]
INFO: [ route_check ] --END-- [ RunTime:0.002461s ]
INFO: [ app_begin ] --START--
INFO: Run ReadHtmlCache Behavior [ RunTime:-0.001375s ]
INFO: [ app_begin ] --END-- [ RunTime:0.001159s ]
SQL: SHOW COLUMNS FROM `blog_user` [ RunTime:0.005382s ]
SQL: SELECT * FROM `blog_user` WHERE ( `name` = 'hlr' )  [ RunTime:0.000693s ]
NOTIC: [8] A session had already been started - ignoring session_start() E:\workspace\webApplication\blog\ThinkPHP\Common\functions.php 第 526 行.
INFO: [ view_template ] --START--
INFO: Run LocationTemplate Behavior [ RunTime:-1.024650s ]
INFO: [ view_template ] --END-- [ RunTime:0.027624s ]
INFO: [ view_parse ] --START--
INFO: Run ParseTemplate Behavior [ RunTime:-1.052607s ]
INFO: [ view_parse ] --END-- [ RunTime:0.033219s ]
INFO: [ view_filter ] --START--
INFO: Run ContentReplace Behavior [ RunTime:-1.085956s ]
INFO: Run TokenBuild Behavior [ RunTime:-1.096039s ]
INFO: Run WriteHtmlCache Behavior [ RunTime:-1.106672s ]
INFO: Run ShowRuntime Behavior [ RunTime:-1.108589s ]
INFO: [ view_filter ] --END-- [ RunTime:0.024451s ]
INFO: [ view_end ] --START--
INFO: Run ShowPageTrace Behavior [ RunTime:-1.110791s ]
INFO: [ view_end ] --END-- [ RunTime:0.014378s ]

[ 2012-11-13T19:31:21+08:00 ] 127.0.0.1 /blog/index.php/Login/loginCheck
INFO: [ route_check ] --START--
INFO: Run CheckRoute Behavior [ RunTime:0.001119s ]
INFO: [ route_check ] --END-- [ RunTime:0.001380s ]
INFO: [ app_begin ] --START--
INFO: Run ReadHtmlCache Behavior [ RunTime:-0.001164s ]
INFO: [ app_begin ] --END-- [ RunTime:0.001233s ]
SQL: SHOW COLUMNS FROM `blog_user` [ RunTime:0.005791s ]
SQL: SELECT * FROM `blog_user` WHERE ( `name` = 'hlr' )  [ RunTime:0.001436s ]
NOTIC: [8] A session had already been started - ignoring session_start() E:\workspace\webApplication\blog\ThinkPHP\Common\functions.php 第 526 行.
INFO: [ view_template ] --START--
INFO: Run LocationTemplate Behavior [ RunTime:-1.078269s ]
INFO: [ view_template ] --END-- [ RunTime:0.001269s ]
INFO: [ view_parse ] --START--
INFO: Run ParseTemplate Behavior [ RunTime:-1.079745s ]
INFO: [ view_parse ] --END-- [ RunTime:0.005696s ]
INFO: [ view_filter ] --START--
INFO: Run ContentReplace Behavior [ RunTime:-1.085937s ]
INFO: Run TokenBuild Behavior [ RunTime:-1.086873s ]
INFO: Run WriteHtmlCache Behavior [ RunTime:-1.087638s ]
INFO: Run ShowRuntime Behavior [ RunTime:-1.088168s ]
INFO: [ view_filter ] --END-- [ RunTime:0.003340s ]
INFO: [ view_end ] --START--
INFO: Run ShowPageTrace Behavior [ RunTime:-1.089549s ]
INFO: [ view_end ] --END-- [ RunTime:0.001084s ]

[ 2012-11-13T19:38:39+08:00 ] ERR: (ThinkException) 模板不存在[E:/workspace/webApplication/blog/Tpl/Login/LoginFail.html]
[ 2012-11-13T19:38:39+08:00 ] 127.0.0.1 /blog/index.php/Login/loginCheck
INFO: [ route_check ] --START--
INFO: Run CheckRoute Behavior [ RunTime:0.001519s ]
INFO: [ route_check ] --END-- [ RunTime:0.001822s ]
INFO: [ app_begin ] --START--
INFO: Run ReadHtmlCache Behavior [ RunTime:-0.001660s ]
INFO: [ app_begin ] --END-- [ RunTime:0.001339s ]
INFO: [ view_template ] --START--
INFO: Run LocationTemplate Behavior [ RunTime:-0.005040s ]
INFO: [ view_template ] --END-- [ RunTime:0.001725s ]
INFO: [ view_parse ] --START--
INFO: Run ParseTemplate Behavior [ RunTime:-0.006992s ]
INFO: [ view_parse ] --END-- [ RunTime:0.084636s ]
INFO: [ view_filter ] --START--
INFO: Run ContentReplace Behavior [ RunTime:-0.091787s ]
INFO: Run TokenBuild Behavior [ RunTime:-0.092660s ]
INFO: Run WriteHtmlCache Behavior [ RunTime:-0.093598s ]
INFO: Run ShowRuntime Behavior [ RunTime:-0.094224s ]
INFO: [ view_filter ] --END-- [ RunTime:0.003861s ]
INFO: [ view_end ] --START--
INFO: Run ShowPageTrace Behavior [ RunTime:-0.095948s ]
INFO: [ view_end ] --END-- [ RunTime:0.001270s ]
SQL: SHOW COLUMNS FROM `blog_user` [ RunTime:0.004589s ]
SQL: SELECT * FROM `blog_user` WHERE ( `name` = 'hlr' )  [ RunTime:0.000450s ]
INFO: [ view_template ] --START--
NOTIC: [8] Undefined index: class E:\workspace\webApplication\blog\ThinkPHP\Lib\Core\ThinkException.class.php 第 63 行.
NOTIC: [8] Undefined index: type E:\workspace\webApplication\blog\ThinkPHP\Lib\Core\ThinkException.class.php 第 63 行.
NOTIC: [8] Undefined index: class E:\workspace\webApplication\blog\ThinkPHP\Lib\Core\ThinkException.class.php 第 63 行.
NOTIC: [8] Undefined index: type E:\workspace\webApplication\blog\ThinkPHP\Lib\Core\ThinkException.class.php 第 63 行.
NOTIC: [8] Undefined index: file E:\workspace\webApplication\blog\ThinkPHP\Lib\Core\ThinkException.class.php 第 62 行.
NOTIC: [8] Undefined index: line E:\workspace\webApplication\blog\ThinkPHP\Lib\Core\ThinkException.class.php 第 62 行.
NOTIC: [4096] Object of class LoginAction could not be converted to string E:\workspace\webApplication\blog\ThinkPHP\Lib\Core\ThinkException.class.php 第 64 行.
NOTIC: [8] Undefined index: class E:\workspace\webApplication\blog\ThinkPHP\Lib\Core\ThinkException.class.php 第 63 行.
NOTIC: [8] Undefined index: type E:\workspace\webApplication\blog\ThinkPHP\Lib\Core\ThinkException.class.php 第 63 行.
NOTIC: [8] Undefined index: class E:\workspace\webApplication\blog\ThinkPHP\Lib\Core\ThinkException.class.php 第 63 行.
NOTIC: [8] Undefined index: type E:\workspace\webApplication\blog\ThinkPHP\Lib\Core\ThinkException.class.php 第 63 行.

[ 2012-11-13T19:39:49+08:00 ] 127.0.0.1 /blog/index.php/Login/loginCheck
INFO: [ route_check ] --START--
INFO: Run CheckRoute Behavior [ RunTime:0.001146s ]
INFO: [ route_check ] --END-- [ RunTime:0.001435s ]
INFO: [ app_begin ] --START--
INFO: Run ReadHtmlCache Behavior [ RunTime:-0.001276s ]
INFO: [ app_begin ] --END-- [ RunTime:0.001095s ]
INFO: [ view_template ] --START--
INFO: Run LocationTemplate Behavior [ RunTime:-0.003887s ]
INFO: [ view_template ] --END-- [ RunTime:0.001005s ]
INFO: [ view_parse ] --START--
INFO: Run ParseTemplate Behavior [ RunTime:-0.005115s ]
INFO: [ view_parse ] --END-- [ RunTime:0.009111s ]
INFO: [ view_filter ] --START--
INFO: Run ContentReplace Behavior [ RunTime:-0.014428s ]
INFO: Run TokenBuild Behavior [ RunTime:-0.015252s ]
INFO: Run WriteHtmlCache Behavior [ RunTime:-0.016097s ]
INFO: Run ShowRuntime Behavior [ RunTime:-0.016610s ]
INFO: [ view_filter ] --END-- [ RunTime:0.003276s ]
INFO: [ view_end ] --START--
INFO: Run ShowPageTrace Behavior [ RunTime:-0.017996s ]
INFO: [ view_end ] --END-- [ RunTime:0.001210s ]
SQL: SHOW COLUMNS FROM `blog_user` [ RunTime:0.005201s ]
SQL: SELECT * FROM `blog_user` WHERE ( `name` = 'hlr' )  [ RunTime:0.000576s ]
INFO: [ view_template ] --START--
INFO: Run LocationTemplate Behavior [ RunTime:-1.048596s ]
INFO: [ view_template ] --END-- [ RunTime:-1.043705s ]
INFO: [ view_parse ] --START--
NOTIC: [8] Undefined variable: message E:\workspace\webApplication\blog\Runtime\Cache\47698466908958623f61c81f6c950658.php 第 10 行.
INFO: Run ParseTemplate Behavior [ RunTime:-1.049417s ]
INFO: [ view_parse ] --END-- [ RunTime:-1.035197s ]
INFO: [ view_filter ] --START--
INFO: Run ContentReplace Behavior [ RunTime:-1.053903s ]
INFO: Run TokenBuild Behavior [ RunTime:-1.054224s ]
INFO: Run WriteHtmlCache Behavior [ RunTime:-1.054625s ]
INFO: Run ShowRuntime Behavior [ RunTime:-1.054789s ]
INFO: [ view_filter ] --END-- [ RunTime:-1.036201s ]
INFO: [ view_end ] --START--
INFO: Run ShowPageTrace Behavior [ RunTime:-1.055691s ]
INFO: [ view_end ] --END-- [ RunTime:-1.036495s ]

[ 2012-11-13T19:39:52+08:00 ] 127.0.0.1 /blog/index.php/Login/loginCheck
INFO: [ route_check ] --START--
INFO: Run CheckRoute Behavior [ RunTime:0.001667s ]
INFO: [ route_check ] --END-- [ RunTime:0.002059s ]
INFO: [ app_begin ] --START--
INFO: Run ReadHtmlCache Behavior [ RunTime:-0.002606s ]
INFO: [ app_begin ] --END-- [ RunTime:0.001228s ]
INFO: [ view_template ] --START--
INFO: Run LocationTemplate Behavior [ RunTime:-0.005445s ]
INFO: [ view_template ] --END-- [ RunTime:0.001098s ]
INFO: [ view_parse ] --START--
INFO: Run ParseTemplate Behavior [ RunTime:-0.006760s ]
INFO: [ view_parse ] --END-- [ RunTime:0.010533s ]
INFO: [ view_filter ] --START--
INFO: Run ContentReplace Behavior [ RunTime:-0.017476s ]
INFO: Run TokenBuild Behavior [ RunTime:-0.018283s ]
INFO: Run WriteHtmlCache Behavior [ RunTime:-0.019315s ]
INFO: Run ShowRuntime Behavior [ RunTime:-0.019955s ]
INFO: [ view_filter ] --END-- [ RunTime:0.003671s ]
INFO: [ view_end ] --START--
INFO: Run ShowPageTrace Behavior [ RunTime:-0.021452s ]
INFO: [ view_end ] --END-- [ RunTime:0.001154s ]
SQL: SHOW COLUMNS FROM `blog_user` [ RunTime:0.006581s ]
SQL: SELECT * FROM `blog_user` WHERE ( `name` = 'hlr' )  [ RunTime:0.001753s ]
INFO: [ view_template ] --START--
INFO: Run LocationTemplate Behavior [ RunTime:-1.043116s ]
INFO: [ view_template ] --END-- [ RunTime:-1.036569s ]
INFO: [ view_parse ] --START--
NOTIC: [8] Undefined variable: message E:\workspace\webApplication\blog\Runtime\Cache\47698466908958623f61c81f6c950658.php 第 10 行.
INFO: Run ParseTemplate Behavior [ RunTime:-1.044017s ]
INFO: [ view_parse ] --END-- [ RunTime:-1.026716s ]
INFO: [ view_filter ] --START--
INFO: Run ContentReplace Behavior [ RunTime:-1.049048s ]
INFO: Run TokenBuild Behavior [ RunTime:-1.049411s ]
INFO: Run WriteHtmlCache Behavior [ RunTime:-1.049857s ]
INFO: Run ShowRuntime Behavior [ RunTime:-1.050014s ]
INFO: [ view_filter ] --END-- [ RunTime:-1.027732s ]
INFO: [ view_end ] --START--
INFO: Run ShowPageTrace Behavior [ RunTime:-1.050895s ]
INFO: [ view_end ] --END-- [ RunTime:-1.028303s ]

[ 2012-11-13T19:40:23+08:00 ] 127.0.0.1 /blog/
INFO: [ app_begin ] --START--
INFO: Run ReadHtmlCache Behavior [ RunTime:0.000855s ]
INFO: [ app_begin ] --END-- [ RunTime:0.001101s ]
INFO: [ view_template ] --START--
INFO: Run LocationTemplate Behavior [ RunTime:-0.002224s ]
INFO: [ view_template ] --END-- [ RunTime:0.001170s ]
INFO: [ view_parse ] --START--
INFO: Run ParseTemplate Behavior [ RunTime:-0.003613s ]
INFO: [ view_parse ] --END-- [ RunTime:0.009900s ]
INFO: [ view_filter ] --START--
INFO: Run ContentReplace Behavior [ RunTime:-0.013694s ]
INFO: Run TokenBuild Behavior [ RunTime:-0.014444s ]
INFO: Run WriteHtmlCache Behavior [ RunTime:-0.015283s ]
INFO: Run ShowRuntime Behavior [ RunTime:-0.015815s ]
INFO: [ view_filter ] --END-- [ RunTime:0.003282s ]
INFO: [ view_end ] --START--
INFO: Run ShowPageTrace Behavior [ RunTime:-0.017247s ]
INFO: [ view_end ] --END-- [ RunTime:0.001058s ]

[ 2012-11-13T19:40:29+08:00 ] 127.0.0.1 /blog/index.php/Login/loginCheck
INFO: [ route_check ] --START--
INFO: Run CheckRoute Behavior [ RunTime:0.001138s ]
INFO: [ route_check ] --END-- [ RunTime:0.001408s ]
INFO: [ app_begin ] --START--
INFO: Run ReadHtmlCache Behavior [ RunTime:-0.001162s ]
INFO: [ app_begin ] --END-- [ RunTime:0.001090s ]
SQL: SHOW COLUMNS FROM `blog_user` [ RunTime:0.004740s ]
SQL: SELECT * FROM `blog_user` WHERE ( `name` = 'hlr' )  [ RunTime:0.000474s ]
INFO: [ view_template ] --START--
INFO: Run LocationTemplate Behavior [ RunTime:-1.032626s ]
INFO: [ view_template ] --END-- [ RunTime:0.001297s ]
INFO: [ view_parse ] --START--
NOTIC: [8] Undefined variable: message E:\workspace\webApplication\blog\Runtime\Cache\47698466908958623f61c81f6c950658.php 第 10 行.
INFO: Run ParseTemplate Behavior [ RunTime:-1.034174s ]
INFO: [ view_parse ] --END-- [ RunTime:0.014386s ]
INFO: [ view_filter ] --START--
INFO: Run ContentReplace Behavior [ RunTime:-1.048716s ]
INFO: Run TokenBuild Behavior [ RunTime:-1.050007s ]
INFO: Run WriteHtmlCache Behavior [ RunTime:-1.050887s ]
INFO: Run ShowRuntime Behavior [ RunTime:-1.055155s ]
INFO: [ view_filter ] --END-- [ RunTime:0.007580s ]
INFO: [ view_end ] --START--
INFO: Run ShowPageTrace Behavior [ RunTime:-1.056592s ]
INFO: [ view_end ] --END-- [ RunTime:0.001156s ]

[ 2012-11-13T19:40:40+08:00 ] 127.0.0.1 /blog/index.php/Login/loginCheck
INFO: [ route_check ] --START--
INFO: Run CheckRoute Behavior [ RunTime:0.001410s ]
INFO: [ route_check ] --END-- [ RunTime:0.001685s ]
INFO: [ app_begin ] --START--
INFO: Run ReadHtmlCache Behavior [ RunTime:-0.001390s ]
INFO: [ app_begin ] --END-- [ RunTime:0.001232s ]
SQL: SHOW COLUMNS FROM `blog_user` [ RunTime:0.005536s ]
SQL: SELECT * FROM `blog_user` WHERE ( `name` = 'hlr' )  [ RunTime:0.000596s ]
INFO: [ view_template ] --START--
INFO: Run LocationTemplate Behavior [ RunTime:-1.026950s ]
INFO: [ view_template ] --END-- [ RunTime:0.001930s ]
INFO: [ view_parse ] --START--
NOTIC: [8] Undefined variable: message E:\workspace\webApplication\blog\Runtime\Cache\47698466908958623f61c81f6c950658.php 第 10 行.
INFO: Run ParseTemplate Behavior [ RunTime:-1.029159s ]
INFO: [ view_parse ] --END-- [ RunTime:0.010421s ]
INFO: [ view_filter ] --START--
INFO: Run ContentReplace Behavior [ RunTime:-1.039731s ]
INFO: Run TokenBuild Behavior [ RunTime:-1.040594s ]
INFO: Run WriteHtmlCache Behavior [ RunTime:-1.041597s ]
INFO: Run ShowRuntime Behavior [ RunTime:-1.042235s ]
INFO: [ view_filter ] --END-- [ RunTime:0.003730s ]
INFO: [ view_end ] --START--
INFO: Run ShowPageTrace Behavior [ RunTime:-1.043724s ]
INFO: [ view_end ] --END-- [ RunTime:0.001115s ]

[ 2012-11-13T19:41:16+08:00 ] 127.0.0.1 /blog/index.php/Login/loginCheck
INFO: [ route_check ] --START--
INFO: Run CheckRoute Behavior [ RunTime:0.001699s ]
INFO: [ route_check ] --END-- [ RunTime:0.002103s ]
INFO: [ app_begin ] --START--
INFO: Run ReadHtmlCache Behavior [ RunTime:-0.001913s ]
INFO: [ app_begin ] --END-- [ RunTime:0.001762s ]
SQL: SHOW COLUMNS FROM `blog_user` [ RunTime:0.006036s ]
SQL: SELECT * FROM `blog_user` WHERE ( `name` = 'hlr' )  [ RunTime:0.000585s ]
INFO: [ view_template ] --START--
INFO: Run LocationTemplate Behavior [ RunTime:-1.033559s ]
INFO: [ view_template ] --END-- [ RunTime:0.001271s ]
INFO: [ view_parse ] --START--
INFO: Run ParseTemplate Behavior [ RunTime:-1.035069s ]
INFO: [ view_parse ] --END-- [ RunTime:0.008934s ]
INFO: [ view_filter ] --START--
INFO: Run ContentReplace Behavior [ RunTime:-1.044179s ]
INFO: Run TokenBuild Behavior [ RunTime:-1.044869s ]
INFO: Run WriteHtmlCache Behavior [ RunTime:-1.045639s ]
INFO: Run ShowRuntime Behavior [ RunTime:-1.046132s ]
INFO: [ view_filter ] --END-- [ RunTime:0.003019s ]
INFO: [ view_end ] --START--
INFO: Run ShowPageTrace Behavior [ RunTime:-1.047475s ]
INFO: [ view_end ] --END-- [ RunTime:0.001104s ]

[ 2012-11-13T19:41:20+08:00 ] 127.0.0.1 /blog/index.php/Login/loginCheck
INFO: [ route_check ] --START--
INFO: Run CheckRoute Behavior [ RunTime:0.001805s ]
INFO: [ route_check ] --END-- [ RunTime:0.002246s ]
INFO: [ app_begin ] --START--
INFO: Run ReadHtmlCache Behavior [ RunTime:-0.001951s ]
INFO: [ app_begin ] --END-- [ RunTime:0.001767s ]
SQL: SHOW COLUMNS FROM `blog_user` [ RunTime:0.005560s ]
SQL: SELECT * FROM `blog_user` WHERE ( `name` = 'hlr3' )  [ RunTime:0.000761s ]
INFO: [ view_template ] --START--
INFO: Run LocationTemplate Behavior [ RunTime:-1.050779s ]
INFO: [ view_template ] --END-- [ RunTime:0.001305s ]
INFO: [ view_parse ] --START--
INFO: Run ParseTemplate Behavior [ RunTime:-1.052347s ]
INFO: [ view_parse ] --END-- [ RunTime:0.010318s ]
INFO: [ view_filter ] --START--
INFO: Run ContentReplace Behavior [ RunTime:-1.062809s ]
INFO: Run TokenBuild Behavior [ RunTime:-1.063483s ]
INFO: Run WriteHtmlCache Behavior [ RunTime:-1.064342s ]
INFO: Run ShowRuntime Behavior [ RunTime:-1.064834s ]
INFO: [ view_filter ] --END-- [ RunTime:0.003066s ]
INFO: [ view_end ] --START--
INFO: Run ShowPageTrace Behavior [ RunTime:-1.066198s ]
INFO: [ view_end ] --END-- [ RunTime:0.001050s ]

[ 2012-11-13T19:41:25+08:00 ] 127.0.0.1 /blog/index.php/Login/loginCheck
INFO: [ route_check ] --START--
INFO: Run CheckRoute Behavior [ RunTime:0.001613s ]
INFO: [ route_check ] --END-- [ RunTime:0.001939s ]
INFO: [ app_begin ] --START--
INFO: Run ReadHtmlCache Behavior [ RunTime:-0.001153s ]
INFO: [ app_begin ] --END-- [ RunTime:0.001163s ]
SQL: SHOW COLUMNS FROM `blog_user` [ RunTime:0.006718s ]
SQL: SELECT * FROM `blog_user` WHERE ( `name` = 'hlr' )  [ RunTime:0.000748s ]
NOTIC: [8] A session had already been started - ignoring session_start() E:\workspace\webApplication\blog\ThinkPHP\Common\functions.php 第 526 行.
INFO: [ view_template ] --START--
INFO: Run LocationTemplate Behavior [ RunTime:-1.032978s ]
INFO: [ view_template ] --END-- [ RunTime:0.001764s ]
INFO: [ view_parse ] --START--
INFO: Run ParseTemplate Behavior [ RunTime:-1.035051s ]
INFO: [ view_parse ] --END-- [ RunTime:0.011702s ]
INFO: [ view_filter ] --START--
INFO: Run ContentReplace Behavior [ RunTime:-1.046985s ]
INFO: Run TokenBuild Behavior [ RunTime:-1.047948s ]
INFO: Run WriteHtmlCache Behavior [ RunTime:-1.048976s ]
INFO: Run ShowRuntime Behavior [ RunTime:-1.049626s ]
INFO: [ view_filter ] --END-- [ RunTime:0.003842s ]
INFO: [ view_end ] --START--
INFO: Run ShowPageTrace Behavior [ RunTime:-1.051074s ]
INFO: [ view_end ] --END-- [ RunTime:0.001063s ]

[ 2012-11-13T19:43:56+08:00 ] 127.0.0.1 /blog/
INFO: [ app_begin ] --START--
INFO: Run ReadHtmlCache Behavior [ RunTime:0.001198s ]
INFO: [ app_begin ] --END-- [ RunTime:0.001461s ]
INFO: [ view_template ] --START--
INFO: Run LocationTemplate Behavior [ RunTime:-0.002334s ]
INFO: [ view_template ] --END-- [ RunTime:0.001385s ]
INFO: [ view_parse ] --START--
INFO: Run ParseTemplate Behavior [ RunTime:-0.003920s ]
INFO: [ view_parse ] --END-- [ RunTime:0.020556s ]
INFO: [ view_filter ] --START--
INFO: Run ContentReplace Behavior [ RunTime:-0.024998s ]
INFO: Run TokenBuild Behavior [ RunTime:-0.026472s ]
INFO: Run WriteHtmlCache Behavior [ RunTime:-0.029299s ]
INFO: Run ShowRuntime Behavior [ RunTime:-0.030443s ]
INFO: [ view_filter ] --END-- [ RunTime:0.007530s ]
INFO: [ view_end ] --START--
INFO: Run ShowPageTrace Behavior [ RunTime:-0.033046s ]
INFO: [ view_end ] --END-- [ RunTime:0.002022s ]
INFO: [ view_template ] --START--
INFO: Run LocationTemplate Behavior [ RunTime:-0.035605s ]
INFO: [ view_template ] --END-- [ RunTime:-0.031813s ]
INFO: [ view_parse ] --START--
INFO: Run ParseTemplate Behavior [ RunTime:-0.037203s ]
INFO: [ view_parse ] --END-- [ RunTime:-0.012622s ]
INFO: [ view_filter ] --START--
INFO: Run ContentReplace Behavior [ RunTime:-0.044194s ]
INFO: Run TokenBuild Behavior [ RunTime:-0.044553s ]
INFO: Run WriteHtmlCache Behavior [ RunTime:-0.044919s ]
INFO: Run ShowRuntime Behavior [ RunTime:-0.045089s ]
INFO: [ view_filter ] --END-- [ RunTime:-0.011680s ]
INFO: [ view_end ] --START--
INFO: Run ShowPageTrace Behavior [ RunTime:-0.046032s ]
INFO: [ view_end ] --END-- [ RunTime:-0.011041s ]

[ 2012-11-13T19:43:58+08:00 ] 127.0.0.1 /blog/
INFO: [ app_begin ] --START--
INFO: Run ReadHtmlCache Behavior [ RunTime:0.001408s ]
INFO: [ app_begin ] --END-- [ RunTime:0.001803s ]
INFO: [ view_template ] --START--
INFO: Run LocationTemplate Behavior [ RunTime:-0.002619s ]
INFO: [ view_template ] --END-- [ RunTime:0.001455s ]
INFO: [ view_parse ] --START--
INFO: Run ParseTemplate Behavior [ RunTime:-0.004296s ]
INFO: [ view_parse ] --END-- [ RunTime:0.009141s ]
INFO: [ view_filter ] --START--
INFO: Run ContentReplace Behavior [ RunTime:-0.013615s ]
INFO: Run TokenBuild Behavior [ RunTime:-0.014315s ]
INFO: Run WriteHtmlCache Behavior [ RunTime:-0.015091s ]
INFO: Run ShowRuntime Behavior [ RunTime:-0.015601s ]
INFO: [ view_filter ] --END-- [ RunTime:0.003208s ]
INFO: [ view_end ] --START--
INFO: Run ShowPageTrace Behavior [ RunTime:-0.017134s ]
INFO: [ view_end ] --END-- [ RunTime:0.001120s ]
INFO: [ view_template ] --START--
INFO: Run LocationTemplate Behavior [ RunTime:-0.018540s ]
INFO: [ view_template ] --END-- [ RunTime:-0.014545s ]
INFO: [ view_parse ] --START--
INFO: Run ParseTemplate Behavior [ RunTime:-0.019262s ]
INFO: [ view_parse ] --END-- [ RunTime:-0.005819s ]
INFO: [ view_filter ] --START--
INFO: Run ContentReplace Behavior [ RunTime:-0.023110s ]
INFO: Run TokenBuild Behavior [ RunTime:-0.023408s ]
INFO: Run WriteHtmlCache Behavior [ RunTime:-0.023783s ]
INFO: Run ShowRuntime Behavior [ RunTime:-0.023943s ]
INFO: [ view_filter ] --END-- [ RunTime:-0.006288s ]
INFO: [ view_end ] --START--
INFO: Run ShowPageTrace Behavior [ RunTime:-0.024806s ]
INFO: [ view_end ] --END-- [ RunTime:-0.006559s ]

[ 2012-11-13T19:44:09+08:00 ] 127.0.0.1 /blog/
INFO: [ app_begin ] --START--
INFO: Run ReadHtmlCache Behavior [ RunTime:0.000934s ]
INFO: [ app_begin ] --END-- [ RunTime:0.001205s ]
INFO: [ view_template ] --START--
INFO: Run LocationTemplate Behavior [ RunTime:-0.001815s ]
INFO: [ view_template ] --END-- [ RunTime:0.001012s ]
INFO: [ view_parse ] --START--
INFO: Run ParseTemplate Behavior [ RunTime:-0.003098s ]
INFO: [ view_parse ] --END-- [ RunTime:0.018913s ]
INFO: [ view_filter ] --START--
INFO: Run ContentReplace Behavior [ RunTime:-0.022155s ]
INFO: Run TokenBuild Behavior [ RunTime:-0.022901s ]
INFO: Run WriteHtmlCache Behavior [ RunTime:-0.023717s ]
INFO: Run ShowRuntime Behavior [ RunTime:-0.024231s ]
INFO: [ view_filter ] --END-- [ RunTime:0.003172s ]
INFO: [ view_end ] --START--
INFO: Run ShowPageTrace Behavior [ RunTime:-0.025618s ]
INFO: [ view_end ] --END-- [ RunTime:0.001106s ]
INFO: [ view_template ] --START--
INFO: Run LocationTemplate Behavior [ RunTime:-0.027047s ]
INFO: [ view_template ] --END-- [ RunTime:-0.024217s ]
INFO: [ view_parse ] --START--
INFO: Run ParseTemplate Behavior [ RunTime:-0.027787s ]
INFO: [ view_parse ] --END-- [ RunTime:-0.005805s ]
INFO: [ view_filter ] --START--
INFO: Run ContentReplace Behavior [ RunTime:-0.031512s ]
INFO: Run TokenBuild Behavior [ RunTime:-0.031794s ]
INFO: Run WriteHtmlCache Behavior [ RunTime:-0.032214s ]
INFO: Run ShowRuntime Behavior [ RunTime:-0.032375s ]
INFO: [ view_filter ] --END-- [ RunTime:-0.006193s ]
INFO: [ view_end ] --START--
INFO: Run ShowPageTrace Behavior [ RunTime:-0.033308s ]
INFO: [ view_end ] --END-- [ RunTime:-0.006583s ]

[ 2012-11-13T19:44:22+08:00 ] 127.0.0.1 /blog/
INFO: [ app_begin ] --START--
INFO: Run ReadHtmlCache Behavior [ RunTime:0.001190s ]
INFO: [ app_begin ] --END-- [ RunTime:0.001447s ]
INFO: [ view_template ] --START--
INFO: Run LocationTemplate Behavior [ RunTime:-0.002366s ]
INFO: [ view_template ] --END-- [ RunTime:0.001436s ]
INFO: [ view_parse ] --START--
INFO: Run ParseTemplate Behavior [ RunTime:-0.003998s ]
INFO: [ view_parse ] --END-- [ RunTime:0.013265s ]
INFO: [ view_filter ] --START--
INFO: Run ContentReplace Behavior [ RunTime:-0.017497s ]
INFO: Run TokenBuild Behavior [ RunTime:-0.018402s ]
INFO: Run WriteHtmlCache Behavior [ RunTime:-0.019288s ]
INFO: Run ShowRuntime Behavior [ RunTime:-0.019904s ]
INFO: [ view_filter ] --END-- [ RunTime:0.003627s ]
INFO: [ view_end ] --START--
INFO: Run ShowPageTrace Behavior [ RunTime:-0.021330s ]
INFO: [ view_end ] --END-- [ RunTime:0.001173s ]

[ 2012-11-13T19:46:09+08:00 ] 127.0.0.1 /blog/
INFO: [ app_begin ] --START--
INFO: Run ReadHtmlCache Behavior [ RunTime:0.001055s ]
INFO: [ app_begin ] --END-- [ RunTime:0.001295s ]
INFO: [ view_template ] --START--
INFO: Run LocationTemplate Behavior [ RunTime:-0.002030s ]
INFO: [ view_template ] --END-- [ RunTime:0.001271s ]
INFO: [ view_parse ] --START--
INFO: Run ParseTemplate Behavior [ RunTime:-0.003505s ]
INFO: [ view_parse ] --END-- [ RunTime:0.009352s ]
INFO: [ view_filter ] --START--
INFO: Run ContentReplace Behavior [ RunTime:-0.013049s ]
INFO: Run TokenBuild Behavior [ RunTime:-0.013954s ]
INFO: Run WriteHtmlCache Behavior [ RunTime:-0.014960s ]
INFO: Run ShowRuntime Behavior [ RunTime:-0.015625s ]
INFO: [ view_filter ] --END-- [ RunTime:0.003808s ]
INFO: [ view_end ] --START--
INFO: Run ShowPageTrace Behavior [ RunTime:-0.017125s ]
INFO: [ view_end ] --END-- [ RunTime:0.001118s ]

[ 2012-11-13T19:50:07+08:00 ] 127.0.0.1 /blog/
INFO: [ app_begin ] --START--
INFO: Run ReadHtmlCache Behavior [ RunTime:0.001226s ]
INFO: [ app_begin ] --END-- [ RunTime:0.001521s ]
INFO: [ view_template ] --START--
INFO: Run LocationTemplate Behavior [ RunTime:-0.002522s ]
INFO: [ view_template ] --END-- [ RunTime:0.001709s ]
INFO: [ view_parse ] --START--
INFO: Run ParseTemplate Behavior [ RunTime:-0.004365s ]
INFO: [ view_parse ] --END-- [ RunTime:0.012245s ]
INFO: [ view_filter ] --START--
INFO: Run ContentReplace Behavior [ RunTime:-0.016924s ]
INFO: Run TokenBuild Behavior [ RunTime:-0.017823s ]
INFO: Run WriteHtmlCache Behavior [ RunTime:-0.019183s ]
INFO: Run ShowRuntime Behavior [ RunTime:-0.020091s ]
INFO: [ view_filter ] --END-- [ RunTime:0.004960s ]
INFO: [ view_end ] --START--
INFO: Run ShowPageTrace Behavior [ RunTime:-0.022408s ]
INFO: [ view_end ] --END-- [ RunTime:0.001792s ]

[ 2012-11-13T19:53:28+08:00 ] 127.0.0.1 /blog/
INFO: [ app_begin ] --START--
INFO: Run ReadHtmlCache Behavior [ RunTime:0.001212s ]
INFO: [ app_begin ] --END-- [ RunTime:0.001476s ]
INFO: [ view_template ] --START--
INFO: Run LocationTemplate Behavior [ RunTime:-0.002147s ]
INFO: [ view_template ] --END-- [ RunTime:0.001619s ]
INFO: [ view_parse ] --START--
INFO: Run ParseTemplate Behavior [ RunTime:-0.003991s ]
INFO: [ view_parse ] --END-- [ RunTime:0.010205s ]
INFO: [ view_filter ] --START--
INFO: Run ContentReplace Behavior [ RunTime:-0.014373s ]
INFO: Run TokenBuild Behavior [ RunTime:-0.015210s ]
INFO: Run WriteHtmlCache Behavior [ RunTime:-0.016178s ]
INFO: Run ShowRuntime Behavior [ RunTime:-0.016847s ]
INFO: [ view_filter ] --END-- [ RunTime:0.003892s ]
INFO: [ view_end ] --START--
INFO: Run ShowPageTrace Behavior [ RunTime:-0.018589s ]
INFO: [ view_end ] --END-- [ RunTime:0.001504s ]

[ 2012-11-13T19:53:31+08:00 ] 127.0.0.1 /blog/
INFO: [ app_begin ] --START--
INFO: Run ReadHtmlCache Behavior [ RunTime:0.000993s ]
INFO: [ app_begin ] --END-- [ RunTime:0.001272s ]
INFO: [ view_template ] --START--
INFO: Run LocationTemplate Behavior [ RunTime:-0.001928s ]
INFO: [ view_template ] --END-- [ RunTime:0.001121s ]
INFO: [ view_parse ] --START--
INFO: Run ParseTemplate Behavior [ RunTime:-0.003286s ]
INFO: [ view_parse ] --END-- [ RunTime:0.012114s ]
INFO: [ view_filter ] --START--
INFO: Run ContentReplace Behavior [ RunTime:-0.015632s ]
INFO: Run TokenBuild Behavior [ RunTime:-0.016425s ]
INFO: Run WriteHtmlCache Behavior [ RunTime:-0.017334s ]
INFO: Run ShowRuntime Behavior [ RunTime:-0.017948s ]
INFO: [ view_filter ] --END-- [ RunTime:0.003597s ]
INFO: [ view_end ] --START--
INFO: Run ShowPageTrace Behavior [ RunTime:-0.019523s ]
INFO: [ view_end ] --END-- [ RunTime:0.001604s ]

[ 2012-11-13T19:53:34+08:00 ] 127.0.0.1 /blog/
INFO: [ app_begin ] --START--
INFO: Run ReadHtmlCache Behavior [ RunTime:0.001407s ]
INFO: [ app_begin ] --END-- [ RunTime:0.001798s ]
INFO: [ view_template ] --START--
INFO: Run LocationTemplate Behavior [ RunTime:-0.002612s ]
INFO: [ view_template ] --END-- [ RunTime:0.001473s ]
INFO: [ view_parse ] --START--
INFO: Run ParseTemplate Behavior [ RunTime:-0.004398s ]
INFO: [ view_parse ] --END-- [ RunTime:0.011696s ]
INFO: [ view_filter ] --START--
INFO: Run ContentReplace Behavior [ RunTime:-0.016277s ]
INFO: Run TokenBuild Behavior [ RunTime:-0.017061s ]
INFO: Run WriteHtmlCache Behavior [ RunTime:-0.017931s ]
INFO: Run ShowRuntime Behavior [ RunTime:-0.018516s ]
INFO: [ view_filter ] --END-- [ RunTime:0.003403s ]
INFO: [ view_end ] --START--
INFO: Run ShowPageTrace Behavior [ RunTime:-0.019987s ]
INFO: [ view_end ] --END-- [ RunTime:0.001035s ]

[ 2012-11-13T20:06:58+08:00 ] 127.0.0.1 /blog/
INFO: [ app_begin ] --START--
INFO: Run ReadHtmlCache Behavior [ RunTime:0.038426s ]
INFO: [ app_begin ] --END-- [ RunTime:0.038858s ]
INFO: [ view_template ] --START--
INFO: Run LocationTemplate Behavior [ RunTime:-0.003889s ]
INFO: [ view_template ] --END-- [ RunTime:0.011949s ]
INFO: [ view_parse ] --START--
INFO: Run ParseTemplate Behavior [ RunTime:-0.016179s ]
INFO: [ view_parse ] --END-- [ RunTime:0.043880s ]
INFO: [ view_filter ] --START--
INFO: Run ContentReplace Behavior [ RunTime:-0.060163s ]
INFO: Run TokenBuild Behavior [ RunTime:-0.061726s ]
INFO: Run WriteHtmlCache Behavior [ RunTime:-0.077383s ]
INFO: Run ShowRuntime Behavior [ RunTime:-0.079076s ]
INFO: [ view_filter ] --END-- [ RunTime:0.020920s ]
INFO: [ view_end ] --START--
INFO: Run ShowPageTrace Behavior [ RunTime:-0.081410s ]
INFO: [ view_end ] --END-- [ RunTime:0.001945s ]

[ 2012-11-13T20:07:03+08:00 ] 127.0.0.1 /blog/index.php/Login/loginCheck
INFO: [ route_check ] --START--
INFO: Run CheckRoute Behavior [ RunTime:0.029115s ]
INFO: [ route_check ] --END-- [ RunTime:0.029412s ]
INFO: [ app_begin ] --START--
INFO: Run ReadHtmlCache Behavior [ RunTime:-0.001240s ]
INFO: [ app_begin ] --END-- [ RunTime:0.001116s ]
SQL: SHOW COLUMNS FROM `blog_user` [ RunTime:0.005908s ]
SQL: SELECT * FROM `blog_user` WHERE ( `name` = 'hlr' )  [ RunTime:0.000730s ]
NOTIC: [8] A session had already been started - ignoring session_start() E:\workspace\webApplication\blog\ThinkPHP\Common\functions.php 第 526 行.
INFO: [ view_template ] --START--
INFO: Run LocationTemplate Behavior [ RunTime:-1.202243s ]
INFO: [ view_template ] --END-- [ RunTime:0.001941s ]
INFO: [ view_parse ] --START--
INFO: Run ParseTemplate Behavior [ RunTime:-1.204355s ]
INFO: [ view_parse ] --END-- [ RunTime:0.012093s ]
INFO: [ view_filter ] --START--
INFO: Run ContentReplace Behavior [ RunTime:-1.216681s ]
INFO: Run TokenBuild Behavior [ RunTime:-1.217600s ]
INFO: Run WriteHtmlCache Behavior [ RunTime:-1.218635s ]
INFO: Run ShowRuntime Behavior [ RunTime:-1.219278s ]
INFO: [ view_filter ] --END-- [ RunTime:0.004026s ]
INFO: [ view_end ] --START--
INFO: Run ShowPageTrace Behavior [ RunTime:-1.221094s ]
INFO: [ view_end ] --END-- [ RunTime:0.001352s ]

[ 2012-11-13T20:07:05+08:00 ] 127.0.0.1 /blog/
INFO: [ app_begin ] --START--
INFO: Run ReadHtmlCache Behavior [ RunTime:0.000927s ]
INFO: [ app_begin ] --END-- [ RunTime:0.001170s ]
INFO: [ view_template ] --START--
INFO: Run LocationTemplate Behavior [ RunTime:-0.001628s ]
INFO: [ view_template ] --END-- [ RunTime:0.000946s ]
INFO: [ view_parse ] --START--
INFO: Run ParseTemplate Behavior [ RunTime:-0.002818s ]
INFO: [ view_parse ] --END-- [ RunTime:0.009250s ]
INFO: [ view_filter ] --START--
INFO: Run ContentReplace Behavior [ RunTime:-0.012272s ]
INFO: Run TokenBuild Behavior [ RunTime:-0.013014s ]
INFO: Run WriteHtmlCache Behavior [ RunTime:-0.013795s ]
INFO: Run ShowRuntime Behavior [ RunTime:-0.014287s ]
INFO: [ view_filter ] --END-- [ RunTime:0.003131s ]
INFO: [ view_end ] --START--
INFO: Run ShowPageTrace Behavior [ RunTime:-0.015667s ]
INFO: [ view_end ] --END-- [ RunTime:0.001157s ]

[ 2012-11-13T23:58:29+08:00 ] 127.0.0.1 /blog/
INFO: [ app_begin ] --START--
INFO: Run ReadHtmlCache Behavior [ RunTime:0.041118s ]
INFO: [ app_begin ] --END-- [ RunTime:0.072217s ]
INFO: [ view_template ] --START--
INFO: Run LocationTemplate Behavior [ RunTime:-0.256179s ]
INFO: [ view_template ] --END-- [ RunTime:0.013989s ]
INFO: [ view_parse ] --START--
INFO: Run ParseTemplate Behavior [ RunTime:-0.270535s ]
INFO: [ view_parse ] --END-- [ RunTime:0.164494s ]
INFO: [ view_filter ] --START--
INFO: Run ContentReplace Behavior [ RunTime:-0.435162s ]
INFO: Run TokenBuild Behavior [ RunTime:-0.446627s ]
INFO: Run WriteHtmlCache Behavior [ RunTime:-0.473890s ]
INFO: Run ShowRuntime Behavior [ RunTime:-0.475675s ]
INFO: [ view_filter ] --END-- [ RunTime:0.042416s ]
INFO: [ view_end ] --START--
INFO: Run ShowPageTrace Behavior [ RunTime:-0.477915s ]
INFO: [ view_end ] --END-- [ RunTime:0.002066s ]

[ 2012-11-13T23:58:34+08:00 ] 127.0.0.1 /blog/
INFO: [ app_begin ] --START--
INFO: Run ReadHtmlCache Behavior [ RunTime:0.001501s ]
INFO: [ app_begin ] --END-- [ RunTime:0.001937s ]
INFO: [ view_template ] --START--
INFO: Run LocationTemplate Behavior [ RunTime:-0.002808s ]
INFO: [ view_template ] --END-- [ RunTime:0.001949s ]
INFO: [ view_parse ] --START--
INFO: Run ParseTemplate Behavior [ RunTime:-0.005115s ]
INFO: [ view_parse ] --END-- [ RunTime:0.013837s ]
INFO: [ view_filter ] --START--
INFO: Run ContentReplace Behavior [ RunTime:-0.019274s ]
INFO: Run TokenBuild Behavior [ RunTime:-0.020475s ]
INFO: Run WriteHtmlCache Behavior [ RunTime:-0.021563s ]
INFO: Run ShowRuntime Behavior [ RunTime:-0.022223s ]
INFO: [ view_filter ] --END-- [ RunTime:0.004259s ]
INFO: [ view_end ] --START--
INFO: Run ShowPageTrace Behavior [ RunTime:-0.023917s ]
INFO: [ view_end ] --END-- [ RunTime:0.001710s ]

[ 2012-11-13T23:58:35+08:00 ] 127.0.0.1 /blog/
INFO: [ app_begin ] --START--
INFO: Run ReadHtmlCache Behavior [ RunTime:0.001517s ]
INFO: [ app_begin ] --END-- [ RunTime:0.001940s ]
INFO: [ view_template ] --START--
INFO: Run LocationTemplate Behavior [ RunTime:-0.002855s ]
INFO: [ view_template ] --END-- [ RunTime:0.001717s ]
INFO: [ view_parse ] --START--
INFO: Run ParseTemplate Behavior [ RunTime:-0.004944s ]
INFO: [ view_parse ] --END-- [ RunTime:0.010396s ]
INFO: [ view_filter ] --START--
INFO: Run ContentReplace Behavior [ RunTime:-0.015457s ]
INFO: Run TokenBuild Behavior [ RunTime:-0.016269s ]
INFO: Run WriteHtmlCache Behavior [ RunTime:-0.017275s ]
INFO: Run ShowRuntime Behavior [ RunTime:-0.018101s ]
INFO: [ view_filter ] --END-- [ RunTime:0.003974s ]
INFO: [ view_end ] --START--
INFO: Run ShowPageTrace Behavior [ RunTime:-0.019741s ]
INFO: [ view_end ] --END-- [ RunTime:0.001260s ]

[ 2012-11-13T23:58:35+08:00 ] 127.0.0.1 /blog/
INFO: [ app_begin ] --START--
INFO: Run ReadHtmlCache Behavior [ RunTime:0.001647s ]
INFO: [ app_begin ] --END-- [ RunTime:0.002125s ]
INFO: [ view_template ] --START--
INFO: Run LocationTemplate Behavior [ RunTime:-0.003189s ]
INFO: [ view_template ] --END-- [ RunTime:0.001814s ]
INFO: [ view_parse ] --START--
INFO: Run ParseTemplate Behavior [ RunTime:-0.005415s ]
INFO: [ view_parse ] --END-- [ RunTime:0.013733s ]
INFO: [ view_filter ] --START--
INFO: Run ContentReplace Behavior [ RunTime:-0.019315s ]
INFO: Run TokenBuild Behavior [ RunTime:-0.020392s ]
INFO: Run WriteHtmlCache Behavior [ RunTime:-0.021406s ]
INFO: Run ShowRuntime Behavior [ RunTime:-0.022243s ]
INFO: [ view_filter ] --END-- [ RunTime:0.004268s ]
INFO: [ view_end ] --START--
INFO: Run ShowPageTrace Behavior [ RunTime:-0.023932s ]
INFO: [ view_end ] --END-- [ RunTime:0.001276s ]

[ 2012-11-13T23:58:36+08:00 ] 127.0.0.1 /blog/
INFO: [ app_begin ] --START--
INFO: Run ReadHtmlCache Behavior [ RunTime:0.001046s ]
INFO: [ app_begin ] --END-- [ RunTime:0.001374s ]
INFO: [ view_template ] --START--
INFO: Run LocationTemplate Behavior [ RunTime:-0.002206s ]
INFO: [ view_template ] --END-- [ RunTime:0.001101s ]
INFO: [ view_parse ] --START--
INFO: Run ParseTemplate Behavior [ RunTime:-0.003531s ]
INFO: [ view_parse ] --END-- [ RunTime:0.012377s ]
INFO: [ view_filter ] --START--
INFO: Run ContentReplace Behavior [ RunTime:-0.016090s ]
INFO: Run TokenBuild Behavior [ RunTime:-0.016831s ]
INFO: Run WriteHtmlCache Behavior [ RunTime:-0.017635s ]
INFO: Run ShowRuntime Behavior [ RunTime:-0.018139s ]
INFO: [ view_filter ] --END-- [ RunTime:0.003117s ]
INFO: [ view_end ] --START--
INFO: Run ShowPageTrace Behavior [ RunTime:-0.019482s ]
INFO: [ view_end ] --END-- [ RunTime:0.001035s ]

[ 2012-11-13T23:58:53+08:00 ] 127.0.0.1 /blog/
INFO: [ app_begin ] --START--
INFO: Run ReadHtmlCache Behavior [ RunTime:0.001832s ]
INFO: [ app_begin ] --END-- [ RunTime:0.002277s ]
INFO: [ view_template ] --START--
INFO: Run LocationTemplate Behavior [ RunTime:-0.003278s ]
INFO: [ view_template ] --END-- [ RunTime:0.002425s ]
INFO: [ view_parse ] --START--
INFO: Run ParseTemplate Behavior [ RunTime:-0.006049s ]
INFO: [ view_parse ] --END-- [ RunTime:0.014121s ]
INFO: [ view_filter ] --START--
INFO: Run ContentReplace Behavior [ RunTime:-0.020274s ]
INFO: Run TokenBuild Behavior [ RunTime:-0.021101s ]
INFO: Run WriteHtmlCache Behavior [ RunTime:-0.022126s ]
INFO: Run ShowRuntime Behavior [ RunTime:-0.022753s ]
INFO: [ view_filter ] --END-- [ RunTime:0.003769s ]
INFO: [ view_end ] --START--
INFO: Run ShowPageTrace Behavior [ RunTime:-0.024325s ]
INFO: [ view_end ] --END-- [ RunTime:0.001408s ]

[ 2012-11-13T23:59:10+08:00 ] 127.0.0.1 /blog/
INFO: [ app_begin ] --START--
INFO: Run ReadHtmlCache Behavior [ RunTime:0.001144s ]
INFO: [ app_begin ] --END-- [ RunTime:0.001382s ]
INFO: [ view_template ] --START--
INFO: Run LocationTemplate Behavior [ RunTime:-0.013388s ]
INFO: [ view_template ] --END-- [ RunTime:0.001390s ]
INFO: [ view_parse ] --START--
INFO: Run ParseTemplate Behavior [ RunTime:-0.014969s ]
INFO: [ view_parse ] --END-- [ RunTime:0.009762s ]
INFO: [ view_filter ] --START--
INFO: Run ContentReplace Behavior [ RunTime:-0.024902s ]
INFO: Run TokenBuild Behavior [ RunTime:-0.025754s ]
INFO: Run WriteHtmlCache Behavior [ RunTime:-0.026664s ]
INFO: Run ShowRuntime Behavior [ RunTime:-0.027379s ]
INFO: [ view_filter ] --END-- [ RunTime:0.003757s ]
INFO: [ view_end ] --START--
INFO: Run ShowPageTrace Behavior [ RunTime:-0.028931s ]
INFO: [ view_end ] --END-- [ RunTime:0.001586s ]

