[ 2012-11-28T00:00:05+08:00 ] ERR: [1] Call to a member function insert() on a non-object E:\workspace\webApplication\blog\ThinkPHP\Lib\Core\Model.class.php 第 318 行.
[ 2012-11-28T00:01:02+08:00 ] ERR: [1] Call to a member function insert() on a non-object E:\workspace\webApplication\blog\ThinkPHP\Lib\Core\Model.class.php 第 318 行.
[ 2012-11-28T00:01:37+08:00 ] 127.0.0.1 /blog/Home/text
INFO: [ route_check ] --START--
INFO: Run CheckRoute Behavior [ RunTime:0.001525s ]
INFO: [ route_check ] --END-- [ RunTime:0.001870s ]
INFO: [ app_begin ] --START--
INFO: Run ReadHtmlCache Behavior [ RunTime:-0.001647s ]
INFO: [ app_begin ] --END-- [ RunTime:0.001623s ]
INFO: [ view_template ] --START--
INFO: Run LocationTemplate Behavior [ RunTime:-0.006614s ]
INFO: [ view_template ] --END-- [ RunTime:0.001429s ]
INFO: [ view_parse ] --START--
INFO: Run ParseTemplate Behavior [ RunTime:-0.008283s ]
INFO: [ view_parse ] --END-- [ RunTime:0.011337s ]
INFO: [ view_filter ] --START--
INFO: Run ContentReplace Behavior [ RunTime:-0.019792s ]
INFO: Run TokenBuild Behavior [ RunTime:-0.020670s ]
INFO: Run WriteHtmlCache Behavior [ RunTime:-0.021593s ]
INFO: Run ShowRuntime Behavior [ RunTime:-0.022221s ]
INFO: [ view_filter ] --END-- [ RunTime:0.003683s ]
INFO: [ view_end ] --START--
INFO: Run ShowPageTrace Behavior [ RunTime:-0.023782s ]
INFO: [ view_end ] --END-- [ RunTime:0.001209s ]

[ 2012-11-28T00:01:38+08:00 ] ERR: (ThinkException) 非法操作:themes
[ 2012-11-28T00:01:38+08:00 ] 127.0.0.1 /blog/Home//themes/default/iframe.css
INFO: [ route_check ] --START--
INFO: Run CheckRoute Behavior [ RunTime:0.001572s ]
INFO: [ route_check ] --END-- [ RunTime:0.002007s ]
INFO: [ app_begin ] --START--
INFO: Run ReadHtmlCache Behavior [ RunTime:-0.002243s ]
INFO: [ app_begin ] --END-- [ RunTime:0.002002s ]
NOTIC: [8] Undefined index: class E:\workspace\webApplication\blog\ThinkPHP\Lib\Core\ThinkException.class.php 第 63 行.
NOTIC: [8] Undefined index: type E:\workspace\webApplication\blog\ThinkPHP\Lib\Core\ThinkException.class.php 第 63 行.
NOTIC: [8] Undefined index: file E:\workspace\webApplication\blog\ThinkPHP\Lib\Core\ThinkException.class.php 第 62 行.
NOTIC: [8] Undefined index: line E:\workspace\webApplication\blog\ThinkPHP\Lib\Core\ThinkException.class.php 第 62 行.
NOTIC: [4096] Object of class HomeAction could not be converted to string E:\workspace\webApplication\blog\ThinkPHP\Lib\Core\ThinkException.class.php 第 64 行.
NOTIC: [8] Array to string conversion E:\workspace\webApplication\blog\ThinkPHP\Lib\Core\ThinkException.class.php 第 64 行.
NOTIC: [8] Undefined index: class E:\workspace\webApplication\blog\ThinkPHP\Lib\Core\ThinkException.class.php 第 63 行.
NOTIC: [8] Undefined index: type E:\workspace\webApplication\blog\ThinkPHP\Lib\Core\ThinkException.class.php 第 63 行.
NOTIC: [8] Undefined index: class E:\workspace\webApplication\blog\ThinkPHP\Lib\Core\ThinkException.class.php 第 63 行.
NOTIC: [8] Undefined index: type E:\workspace\webApplication\blog\ThinkPHP\Lib\Core\ThinkException.class.php 第 63 行.

[ 2012-11-28T00:02:11+08:00 ] ERR: [1] Call to a member function insert() on a non-object E:\workspace\webApplication\blog\ThinkPHP\Lib\Core\Model.class.php 第 318 行.
[ 2012-11-28T00:09:30+08:00 ] ERR: (ThinkException) Table 'onlymyblog.blog_blog_item' doesn't exist
 [ SQL语句 ] : SHOW COLUMNS FROM `blog_blog_item`
[ 2012-11-28T00:16:26+08:00 ] 127.0.0.1 /blog/PostBlog/postWord
INFO: [ route_check ] --START--
INFO: Run CheckRoute Behavior [ RunTime:0.002346s ]
INFO: [ route_check ] --END-- [ RunTime:0.002793s ]
INFO: [ app_begin ] --START--
INFO: Run ReadHtmlCache Behavior [ RunTime:-0.002285s ]
INFO: [ app_begin ] --END-- [ RunTime:0.001924s ]
SQL: SHOW COLUMNS FROM `blog_blogitem` [ RunTime:0.009302s ]
SQL: INSERT INTO `blog_blogitem` (`user_id`,`type`,`title`,`desc_content`,`tag`,`time`) VALUES (1,1,'TEST','&lt;p&gt;TEST&lt;br /&gt;&lt;/p&gt;&lt;p&gt;TEST11!!&lt;/p&gt;','sadf,sadfdf','2012-11-28 0:16:9') [ RunTime:0.001082s ]

[ 2012-11-28T00:23:25+08:00 ] 127.0.0.1 /blog/PostBlog/postWord
INFO: [ route_check ] --START--
INFO: Run CheckRoute Behavior [ RunTime:0.002289s ]
INFO: [ route_check ] --END-- [ RunTime:0.002695s ]
INFO: [ app_begin ] --START--
INFO: Run ReadHtmlCache Behavior [ RunTime:-0.001484s ]
INFO: [ app_begin ] --END-- [ RunTime:0.001162s ]
SQL: SHOW COLUMNS FROM `blog_blogitem` [ RunTime:0.008140s ]
SQL: INSERT INTO `blog_blogitem` (`user_id`,`type`,`title`,`desc_content`,`tag`,`time`) VALUES (1,1,'TEST','&lt;p&gt;TEST&lt;br /&gt;&lt;/p&gt;&lt;p&gt;TEST11!!&lt;/p&gt;','sadf,sadfdf','2012-11-28 0:22:47') [ RunTime:0.000818s ]

[ 2012-11-28T00:23:45+08:00 ] 127.0.0.1 /blog/Home/loadFeed
INFO: [ route_check ] --START--
INFO: Run CheckRoute Behavior [ RunTime:0.002161s ]
INFO: [ route_check ] --END-- [ RunTime:0.003304s ]
INFO: [ app_begin ] --START--
INFO: Run ReadHtmlCache Behavior [ RunTime:-0.005689s ]
INFO: [ app_begin ] --END-- [ RunTime:0.003287s ]

[ 2012-11-28T00:23:56+08:00 ] 127.0.0.1 /blog/Home/picture
INFO: [ route_check ] --START--
INFO: Run CheckRoute Behavior [ RunTime:0.002619s ]
INFO: [ route_check ] --END-- [ RunTime:0.003731s ]
INFO: [ app_begin ] --START--
INFO: Run ReadHtmlCache Behavior [ RunTime:-0.006449s ]
INFO: [ app_begin ] --END-- [ RunTime:0.003603s ]
INFO: [ view_template ] --START--
INFO: Run LocationTemplate Behavior [ RunTime:-0.017284s ]
INFO: [ view_template ] --END-- [ RunTime:0.009914s ]
INFO: [ view_parse ] --START--
INFO: Run ParseTemplate Behavior [ RunTime:-0.028334s ]
INFO: [ view_parse ] --END-- [ RunTime:0.103889s ]
INFO: [ view_filter ] --START--
INFO: Run ContentReplace Behavior [ RunTime:-0.133278s ]
INFO: Run TokenBuild Behavior [ RunTime:-0.136877s ]
INFO: Run WriteHtmlCache Behavior [ RunTime:-0.140629s ]
INFO: Run ShowRuntime Behavior [ RunTime:-0.142978s ]
INFO: [ view_filter ] --END-- [ RunTime:0.015110s ]
INFO: [ view_end ] --START--
INFO: Run ShowPageTrace Behavior [ RunTime:-0.150109s ]
INFO: [ view_end ] --END-- [ RunTime:0.004826s ]

[ 2012-11-28T00:23:56+08:00 ] 127.0.0.1 /blog/Picture/fileupload
INFO: [ route_check ] --START--
INFO: Run CheckRoute Behavior [ RunTime:0.002612s ]
INFO: [ route_check ] --END-- [ RunTime:0.004036s ]
INFO: [ app_begin ] --START--
INFO: Run ReadHtmlCache Behavior [ RunTime:-0.006329s ]
INFO: [ app_begin ] --END-- [ RunTime:0.003785s ]

[ 2012-11-28T00:23:57+08:00 ] ERR: (ThinkException) 无法加载模块:Tpl
[ 2012-11-28T00:23:57+08:00 ] ERR: (ThinkException) 非法操作:themes
[ 2012-11-28T00:23:57+08:00 ] 127.0.0.1 /blog/Home//themes/default/iframe.css
INFO: [ route_check ] --START--
INFO: Run CheckRoute Behavior [ RunTime:0.003888s ]
INFO: [ route_check ] --END-- [ RunTime:0.005845s ]
INFO: [ app_begin ] --START--
INFO: Run ReadHtmlCache Behavior [ RunTime:-0.010232s ]
INFO: [ app_begin ] --END-- [ RunTime:0.003910s ]
NOTIC: [8] Undefined index: class E:\workspace\webApplication\blog\ThinkPHP\Lib\Core\ThinkException.class.php 第 63 行.
NOTIC: [8] Undefined index: type E:\workspace\webApplication\blog\ThinkPHP\Lib\Core\ThinkException.class.php 第 63 行.
NOTIC: [8] Undefined index: file E:\workspace\webApplication\blog\ThinkPHP\Lib\Core\ThinkException.class.php 第 62 行.
NOTIC: [8] Undefined index: line E:\workspace\webApplication\blog\ThinkPHP\Lib\Core\ThinkException.class.php 第 62 行.
NOTIC: [4096] Object of class HomeAction could not be converted to string E:\workspace\webApplication\blog\ThinkPHP\Lib\Core\ThinkException.class.php 第 64 行.
NOTIC: [8] Array to string conversion E:\workspace\webApplication\blog\ThinkPHP\Lib\Core\ThinkException.class.php 第 64 行.
NOTIC: [8] Undefined index: class E:\workspace\webApplication\blog\ThinkPHP\Lib\Core\ThinkException.class.php 第 63 行.
NOTIC: [8] Undefined index: type E:\workspace\webApplication\blog\ThinkPHP\Lib\Core\ThinkException.class.php 第 63 行.
NOTIC: [8] Undefined index: class E:\workspace\webApplication\blog\ThinkPHP\Lib\Core\ThinkException.class.php 第 63 行.
NOTIC: [8] Undefined index: type E:\workspace\webApplication\blog\ThinkPHP\Lib\Core\ThinkException.class.php 第 63 行.

[ 2012-11-28T00:32:58+08:00 ] 127.0.0.1 /blog/Home/loadFeed
INFO: [ route_check ] --START--
INFO: Run CheckRoute Behavior [ RunTime:0.002714s ]
INFO: [ route_check ] --END-- [ RunTime:0.003845s ]
INFO: [ app_begin ] --START--
INFO: Run ReadHtmlCache Behavior [ RunTime:-0.006536s ]
INFO: [ app_begin ] --END-- [ RunTime:0.003512s ]

[ 2012-11-28T00:32:59+08:00 ] 127.0.0.1 /blog/Home/text
INFO: [ route_check ] --START--
INFO: Run CheckRoute Behavior [ RunTime:0.002147s ]
INFO: [ route_check ] --END-- [ RunTime:0.003302s ]
INFO: [ app_begin ] --START--
INFO: Run ReadHtmlCache Behavior [ RunTime:-0.006579s ]
INFO: [ app_begin ] --END-- [ RunTime:0.003637s ]
INFO: [ view_template ] --START--
INFO: Run LocationTemplate Behavior [ RunTime:-0.016594s ]
INFO: [ view_template ] --END-- [ RunTime:0.003621s ]
INFO: [ view_parse ] --START--
INFO: Run ParseTemplate Behavior [ RunTime:-0.021240s ]
INFO: [ view_parse ] --END-- [ RunTime:0.048483s ]
INFO: [ view_filter ] --START--
INFO: Run ContentReplace Behavior [ RunTime:-0.070628s ]
INFO: Run TokenBuild Behavior [ RunTime:-0.073162s ]
INFO: Run WriteHtmlCache Behavior [ RunTime:-0.076188s ]
INFO: Run ShowRuntime Behavior [ RunTime:-0.078007s ]
INFO: [ view_filter ] --END-- [ RunTime:0.011907s ]
INFO: [ view_end ] --START--
INFO: Run ShowPageTrace Behavior [ RunTime:-0.084184s ]
INFO: [ view_end ] --END-- [ RunTime:0.003696s ]

[ 2012-11-28T00:32:59+08:00 ] ERR: (ThinkException) 非法操作:themes
[ 2012-11-28T00:32:59+08:00 ] 127.0.0.1 /blog/Home//themes/default/iframe.css
INFO: [ route_check ] --START--
INFO: Run CheckRoute Behavior [ RunTime:0.002525s ]
INFO: [ route_check ] --END-- [ RunTime:0.003918s ]
INFO: [ app_begin ] --START--
INFO: Run ReadHtmlCache Behavior [ RunTime:-0.006976s ]
INFO: [ app_begin ] --END-- [ RunTime:0.003792s ]
NOTIC: [8] Undefined index: class E:\workspace\webApplication\blog\ThinkPHP\Lib\Core\ThinkException.class.php 第 63 行.
NOTIC: [8] Undefined index: type E:\workspace\webApplication\blog\ThinkPHP\Lib\Core\ThinkException.class.php 第 63 行.
NOTIC: [8] Undefined index: file E:\workspace\webApplication\blog\ThinkPHP\Lib\Core\ThinkException.class.php 第 62 行.
NOTIC: [8] Undefined index: line E:\workspace\webApplication\blog\ThinkPHP\Lib\Core\ThinkException.class.php 第 62 行.
NOTIC: [4096] Object of class HomeAction could not be converted to string E:\workspace\webApplication\blog\ThinkPHP\Lib\Core\ThinkException.class.php 第 64 行.
NOTIC: [8] Array to string conversion E:\workspace\webApplication\blog\ThinkPHP\Lib\Core\ThinkException.class.php 第 64 行.
NOTIC: [8] Undefined index: class E:\workspace\webApplication\blog\ThinkPHP\Lib\Core\ThinkException.class.php 第 63 行.
NOTIC: [8] Undefined index: type E:\workspace\webApplication\blog\ThinkPHP\Lib\Core\ThinkException.class.php 第 63 行.
NOTIC: [8] Undefined index: class E:\workspace\webApplication\blog\ThinkPHP\Lib\Core\ThinkException.class.php 第 63 行.
NOTIC: [8] Undefined index: type E:\workspace\webApplication\blog\ThinkPHP\Lib\Core\ThinkException.class.php 第 63 行.

[ 2012-11-28T00:36:49+08:00 ] 127.0.0.1 /blog/PostBlog/postWord
INFO: [ route_check ] --START--
INFO: Run CheckRoute Behavior [ RunTime:0.002519s ]
INFO: [ route_check ] --END-- [ RunTime:0.003693s ]
INFO: [ app_begin ] --START--
INFO: Run ReadHtmlCache Behavior [ RunTime:-0.005996s ]
INFO: [ app_begin ] --END-- [ RunTime:0.003491s ]
SQL: SHOW COLUMNS FROM `blog_blogitem` [ RunTime:0.007590s ]
SQL: INSERT INTO `blog_blogitem` (`user_id`,`type`,`title`,`desc_content`,`tag`,`time`) VALUES (1,1,'我要表白！！','&lt;p&gt;谭畅，我喜欢你！！&lt;br /&gt;&lt;/p&gt;','表白,中二骚年','2012-11-28 0:36:49') [ RunTime:0.000933s ]

[ 2012-11-28T00:36:49+08:00 ] 127.0.0.1 /blog/Home/home
INFO: [ route_check ] --START--
INFO: Run CheckRoute Behavior [ RunTime:0.002167s ]
INFO: [ route_check ] --END-- [ RunTime:0.003305s ]
INFO: [ app_begin ] --START--
INFO: Run ReadHtmlCache Behavior [ RunTime:-0.005709s ]
INFO: [ app_begin ] --END-- [ RunTime:0.003233s ]
INFO: [ view_template ] --START--
INFO: Run LocationTemplate Behavior [ RunTime:-0.016046s ]
INFO: [ view_template ] --END-- [ RunTime:0.003182s ]
INFO: [ view_parse ] --START--
NOTIC: [8] Undefined variable: home_self_music E:\workspace\webApplication\blog\Runtime\Cache\7e66580c47f9b1911a04bb9d9c96d7a2.php 第 36 行.
INFO: Run ParseTemplate Behavior [ RunTime:-0.020241s ]
INFO: [ view_parse ] --END-- [ RunTime:0.048610s ]
INFO: [ view_filter ] --START--
INFO: Run ContentReplace Behavior [ RunTime:-0.069621s ]
INFO: Run TokenBuild Behavior [ RunTime:-0.071907s ]
INFO: Run WriteHtmlCache Behavior [ RunTime:-0.074668s ]
INFO: Run ShowRuntime Behavior [ RunTime:-0.076371s ]
INFO: [ view_filter ] --END-- [ RunTime:0.011021s ]
INFO: [ view_end ] --START--
INFO: Run ShowPageTrace Behavior [ RunTime:-0.082081s ]
INFO: [ view_end ] --END-- [ RunTime:0.002957s ]

[ 2012-11-28T00:38:44+08:00 ] 127.0.0.1 /blog/PostBlog/postWord
INFO: [ route_check ] --START--
INFO: Run CheckRoute Behavior [ RunTime:0.002112s ]
INFO: [ route_check ] --END-- [ RunTime:0.003256s ]
INFO: [ app_begin ] --START--
INFO: Run ReadHtmlCache Behavior [ RunTime:-0.005727s ]
INFO: [ app_begin ] --END-- [ RunTime:0.003209s ]
SQL: SHOW COLUMNS FROM `blog_blogitem` [ RunTime:0.008778s ]
SQL: INSERT INTO `blog_blogitem` (`user_id`,`type`,`title`,`desc_content`,`tag`,`time`) VALUES (1,1,'我要表白！！','&lt;p&gt;谭畅，我喜欢你！！&lt;br /&gt;&lt;/p&gt;','表白,中二骚年','2012-11-28 0:38:44') [ RunTime:0.001395s ]

[ 2012-11-28T00:38:44+08:00 ] 127.0.0.1 /blog/Home/home
INFO: [ route_check ] --START--
INFO: Run CheckRoute Behavior [ RunTime:0.002262s ]
INFO: [ route_check ] --END-- [ RunTime:0.003433s ]
INFO: [ app_begin ] --START--
INFO: Run ReadHtmlCache Behavior [ RunTime:-0.006276s ]
INFO: [ app_begin ] --END-- [ RunTime:0.003409s ]
INFO: [ view_template ] --START--
INFO: Run LocationTemplate Behavior [ RunTime:-0.016425s ]
INFO: [ view_template ] --END-- [ RunTime:0.002694s ]
INFO: [ view_parse ] --START--
NOTIC: [8] Undefined variable: home_self_music E:\workspace\webApplication\blog\Runtime\Cache\7e66580c47f9b1911a04bb9d9c96d7a2.php 第 36 行.
INFO: Run ParseTemplate Behavior [ RunTime:-0.020333s ]
INFO: [ view_parse ] --END-- [ RunTime:0.028272s ]
INFO: [ view_filter ] --START--
INFO: Run ContentReplace Behavior [ RunTime:-0.049204s ]
INFO: Run TokenBuild Behavior [ RunTime:-0.051359s ]
INFO: Run WriteHtmlCache Behavior [ RunTime:-0.054274s ]
INFO: Run ShowRuntime Behavior [ RunTime:-0.055777s ]
INFO: [ view_filter ] --END-- [ RunTime:0.010545s ]
INFO: [ view_end ] --START--
INFO: Run ShowPageTrace Behavior [ RunTime:-0.061259s ]
INFO: [ view_end ] --END-- [ RunTime:0.002901s ]

[ 2012-11-28T00:38:54+08:00 ] 127.0.0.1 /blog/Home/text
INFO: [ route_check ] --START--
INFO: Run CheckRoute Behavior [ RunTime:0.002596s ]
INFO: [ route_check ] --END-- [ RunTime:0.003806s ]
INFO: [ app_begin ] --START--
INFO: Run ReadHtmlCache Behavior [ RunTime:-0.006478s ]
INFO: [ app_begin ] --END-- [ RunTime:0.004221s ]
INFO: [ view_template ] --START--
INFO: Run LocationTemplate Behavior [ RunTime:-0.018260s ]
INFO: [ view_template ] --END-- [ RunTime:0.003717s ]
INFO: [ view_parse ] --START--
INFO: Run ParseTemplate Behavior [ RunTime:-0.023103s ]
INFO: [ view_parse ] --END-- [ RunTime:0.031586s ]
INFO: [ view_filter ] --START--
INFO: Run ContentReplace Behavior [ RunTime:-0.055586s ]
INFO: Run TokenBuild Behavior [ RunTime:-0.058119s ]
INFO: Run WriteHtmlCache Behavior [ RunTime:-0.061379s ]
INFO: Run ShowRuntime Behavior [ RunTime:-0.063418s ]
INFO: [ view_filter ] --END-- [ RunTime:0.012592s ]
INFO: [ view_end ] --START--
INFO: Run ShowPageTrace Behavior [ RunTime:-0.069715s ]
INFO: [ view_end ] --END-- [ RunTime:0.003548s ]

[ 2012-11-28T00:38:54+08:00 ] ERR: (ThinkException) 非法操作:themes
[ 2012-11-28T00:38:54+08:00 ] 127.0.0.1 /blog/Home//themes/default/iframe.css
INFO: [ route_check ] --START--
INFO: Run CheckRoute Behavior [ RunTime:0.004174s ]
INFO: [ route_check ] --END-- [ RunTime:0.006424s ]
INFO: [ app_begin ] --START--
INFO: Run ReadHtmlCache Behavior [ RunTime:-0.009829s ]
INFO: [ app_begin ] --END-- [ RunTime:0.004480s ]
NOTIC: [8] Undefined index: class E:\workspace\webApplication\blog\ThinkPHP\Lib\Core\ThinkException.class.php 第 63 行.
NOTIC: [8] Undefined index: type E:\workspace\webApplication\blog\ThinkPHP\Lib\Core\ThinkException.class.php 第 63 行.
NOTIC: [8] Undefined index: file E:\workspace\webApplication\blog\ThinkPHP\Lib\Core\ThinkException.class.php 第 62 行.
NOTIC: [8] Undefined index: line E:\workspace\webApplication\blog\ThinkPHP\Lib\Core\ThinkException.class.php 第 62 行.
NOTIC: [4096] Object of class HomeAction could not be converted to string E:\workspace\webApplication\blog\ThinkPHP\Lib\Core\ThinkException.class.php 第 64 行.
NOTIC: [8] Array to string conversion E:\workspace\webApplication\blog\ThinkPHP\Lib\Core\ThinkException.class.php 第 64 行.
NOTIC: [8] Undefined index: class E:\workspace\webApplication\blog\ThinkPHP\Lib\Core\ThinkException.class.php 第 63 行.
NOTIC: [8] Undefined index: type E:\workspace\webApplication\blog\ThinkPHP\Lib\Core\ThinkException.class.php 第 63 行.
NOTIC: [8] Undefined index: class E:\workspace\webApplication\blog\ThinkPHP\Lib\Core\ThinkException.class.php 第 63 行.
NOTIC: [8] Undefined index: type E:\workspace\webApplication\blog\ThinkPHP\Lib\Core\ThinkException.class.php 第 63 行.

[ 2012-11-28T00:40:39+08:00 ] 127.0.0.1 /blog/Home/text
INFO: [ route_check ] --START--
INFO: Run CheckRoute Behavior [ RunTime:0.002681s ]
INFO: [ route_check ] --END-- [ RunTime:0.003883s ]
INFO: [ app_begin ] --START--
INFO: Run ReadHtmlCache Behavior [ RunTime:-0.006426s ]
INFO: [ app_begin ] --END-- [ RunTime:0.003639s ]
INFO: [ view_template ] --START--
INFO: Run LocationTemplate Behavior [ RunTime:-0.017203s ]
INFO: [ view_template ] --END-- [ RunTime:0.003401s ]
INFO: [ view_parse ] --START--
INFO: Run ParseTemplate Behavior [ RunTime:-0.021731s ]
INFO: [ view_parse ] --END-- [ RunTime:0.027443s ]
INFO: [ view_filter ] --START--
INFO: Run ContentReplace Behavior [ RunTime:-0.050072s ]
INFO: Run TokenBuild Behavior [ RunTime:-0.052746s ]
INFO: Run WriteHtmlCache Behavior [ RunTime:-0.055949s ]
INFO: Run ShowRuntime Behavior [ RunTime:-0.057752s ]
INFO: [ view_filter ] --END-- [ RunTime:0.012269s ]
INFO: [ view_end ] --START--
INFO: Run ShowPageTrace Behavior [ RunTime:-0.064083s ]
INFO: [ view_end ] --END-- [ RunTime:0.003665s ]

[ 2012-11-28T00:40:39+08:00 ] ERR: (ThinkException) 非法操作:themes
[ 2012-11-28T00:40:39+08:00 ] 127.0.0.1 /blog/Home//themes/default/iframe.css
INFO: [ route_check ] --START--
INFO: Run CheckRoute Behavior [ RunTime:0.003573s ]
INFO: [ route_check ] --END-- [ RunTime:0.005450s ]
INFO: [ app_begin ] --START--
INFO: Run ReadHtmlCache Behavior [ RunTime:-0.012158s ]
INFO: [ app_begin ] --END-- [ RunTime:0.006712s ]
NOTIC: [8] Undefined index: class E:\workspace\webApplication\blog\ThinkPHP\Lib\Core\ThinkException.class.php 第 63 行.
NOTIC: [8] Undefined index: type E:\workspace\webApplication\blog\ThinkPHP\Lib\Core\ThinkException.class.php 第 63 行.
NOTIC: [8] Undefined index: file E:\workspace\webApplication\blog\ThinkPHP\Lib\Core\ThinkException.class.php 第 62 行.
NOTIC: [8] Undefined index: line E:\workspace\webApplication\blog\ThinkPHP\Lib\Core\ThinkException.class.php 第 62 行.
NOTIC: [4096] Object of class HomeAction could not be converted to string E:\workspace\webApplication\blog\ThinkPHP\Lib\Core\ThinkException.class.php 第 64 行.
NOTIC: [8] Array to string conversion E:\workspace\webApplication\blog\ThinkPHP\Lib\Core\ThinkException.class.php 第 64 行.
NOTIC: [8] Undefined index: class E:\workspace\webApplication\blog\ThinkPHP\Lib\Core\ThinkException.class.php 第 63 行.
NOTIC: [8] Undefined index: type E:\workspace\webApplication\blog\ThinkPHP\Lib\Core\ThinkException.class.php 第 63 行.
NOTIC: [8] Undefined index: class E:\workspace\webApplication\blog\ThinkPHP\Lib\Core\ThinkException.class.php 第 63 行.
NOTIC: [8] Undefined index: type E:\workspace\webApplication\blog\ThinkPHP\Lib\Core\ThinkException.class.php 第 63 行.

[ 2012-11-28T00:41:07+08:00 ] 127.0.0.1 /blog/PostBlog/postWord
INFO: [ route_check ] --START--
INFO: Run CheckRoute Behavior [ RunTime:0.002529s ]
INFO: [ route_check ] --END-- [ RunTime:0.003775s ]
INFO: [ app_begin ] --START--
INFO: Run ReadHtmlCache Behavior [ RunTime:-0.006003s ]
INFO: [ app_begin ] --END-- [ RunTime:0.003265s ]
SQL: SHOW COLUMNS FROM `blog_blogitem` [ RunTime:0.008807s ]
SQL: INSERT INTO `blog_blogitem` (`user_id`,`type`,`title`,`desc_content`,`tag`,`time`) VALUES (1,1,'112312','&lt;p&gt;1232343&lt;br /&gt;&lt;/p&gt;','小电风扇','2012-11-28 0:41:7') [ RunTime:0.000902s ]

[ 2012-11-28T00:41:14+08:00 ] 127.0.0.1 /blog/Home/text
INFO: [ route_check ] --START--
INFO: Run CheckRoute Behavior [ RunTime:0.002219s ]
INFO: [ route_check ] --END-- [ RunTime:0.003363s ]
INFO: [ app_begin ] --START--
INFO: Run ReadHtmlCache Behavior [ RunTime:-0.006111s ]
INFO: [ app_begin ] --END-- [ RunTime:0.003432s ]
INFO: [ view_template ] --START--
INFO: Run LocationTemplate Behavior [ RunTime:-0.015981s ]
INFO: [ view_template ] --END-- [ RunTime:0.002925s ]
INFO: [ view_parse ] --START--
INFO: Run ParseTemplate Behavior [ RunTime:-0.020049s ]
INFO: [ view_parse ] --END-- [ RunTime:0.024336s ]
INFO: [ view_filter ] --START--
INFO: Run ContentReplace Behavior [ RunTime:-0.045305s ]
INFO: Run TokenBuild Behavior [ RunTime:-0.047645s ]
INFO: Run WriteHtmlCache Behavior [ RunTime:-0.050452s ]
INFO: Run ShowRuntime Behavior [ RunTime:-0.052089s ]
INFO: [ view_filter ] --END-- [ RunTime:0.010883s ]
INFO: [ view_end ] --START--
INFO: Run ShowPageTrace Behavior [ RunTime:-0.057659s ]
INFO: [ view_end ] --END-- [ RunTime:0.003253s ]

[ 2012-11-28T00:41:14+08:00 ] ERR: (ThinkException) 非法操作:themes
[ 2012-11-28T00:41:14+08:00 ] 127.0.0.1 /blog/Home//themes/default/iframe.css
INFO: [ route_check ] --START--
INFO: Run CheckRoute Behavior [ RunTime:0.003203s ]
INFO: [ route_check ] --END-- [ RunTime:0.005918s ]
INFO: [ app_begin ] --START--
INFO: Run ReadHtmlCache Behavior [ RunTime:-0.010991s ]
INFO: [ app_begin ] --END-- [ RunTime:0.005359s ]
NOTIC: [8] Undefined index: class E:\workspace\webApplication\blog\ThinkPHP\Lib\Core\ThinkException.class.php 第 63 行.
NOTIC: [8] Undefined index: type E:\workspace\webApplication\blog\ThinkPHP\Lib\Core\ThinkException.class.php 第 63 行.
NOTIC: [8] Undefined index: file E:\workspace\webApplication\blog\ThinkPHP\Lib\Core\ThinkException.class.php 第 62 行.
NOTIC: [8] Undefined index: line E:\workspace\webApplication\blog\ThinkPHP\Lib\Core\ThinkException.class.php 第 62 行.
NOTIC: [4096] Object of class HomeAction could not be converted to string E:\workspace\webApplication\blog\ThinkPHP\Lib\Core\ThinkException.class.php 第 64 行.
NOTIC: [8] Array to string conversion E:\workspace\webApplication\blog\ThinkPHP\Lib\Core\ThinkException.class.php 第 64 行.
NOTIC: [8] Undefined index: class E:\workspace\webApplication\blog\ThinkPHP\Lib\Core\ThinkException.class.php 第 63 行.
NOTIC: [8] Undefined index: type E:\workspace\webApplication\blog\ThinkPHP\Lib\Core\ThinkException.class.php 第 63 行.
NOTIC: [8] Undefined index: class E:\workspace\webApplication\blog\ThinkPHP\Lib\Core\ThinkException.class.php 第 63 行.
NOTIC: [8] Undefined index: type E:\workspace\webApplication\blog\ThinkPHP\Lib\Core\ThinkException.class.php 第 63 行.

[ 2012-11-28T00:41:22+08:00 ] 127.0.0.1 /blog/PostBlog/postWord
INFO: [ route_check ] --START--
INFO: Run CheckRoute Behavior [ RunTime:0.002176s ]
INFO: [ route_check ] --END-- [ RunTime:0.003407s ]
INFO: [ app_begin ] --START--
INFO: Run ReadHtmlCache Behavior [ RunTime:-0.005759s ]
INFO: [ app_begin ] --END-- [ RunTime:0.003184s ]
SQL: SHOW COLUMNS FROM `blog_blogitem` [ RunTime:0.008750s ]
SQL: INSERT INTO `blog_blogitem` (`user_id`,`type`,`title`,`desc_content`,`tag`,`time`) VALUES (1,1,'撒地方','&lt;p&gt;sdfqwer&lt;br /&gt;&lt;/p&gt;','','2012-11-28 0:41:22') [ RunTime:0.001242s ]

[ 2012-11-28T00:41:36+08:00 ] ERR: (ThinkException) 非法操作:www.baidu
[ 2012-11-28T00:41:36+08:00 ] 127.0.0.1 /blog/Home/www.baidu.com
INFO: [ route_check ] --START--
INFO: Run CheckRoute Behavior [ RunTime:0.003249s ]
INFO: [ route_check ] --END-- [ RunTime:0.005532s ]
INFO: [ app_begin ] --START--
INFO: Run ReadHtmlCache Behavior [ RunTime:-0.007886s ]
INFO: [ app_begin ] --END-- [ RunTime:0.003625s ]
NOTIC: [8] Undefined index: class E:\workspace\webApplication\blog\ThinkPHP\Lib\Core\ThinkException.class.php 第 63 行.
NOTIC: [8] Undefined index: type E:\workspace\webApplication\blog\ThinkPHP\Lib\Core\ThinkException.class.php 第 63 行.
NOTIC: [8] Undefined index: file E:\workspace\webApplication\blog\ThinkPHP\Lib\Core\ThinkException.class.php 第 62 行.
NOTIC: [8] Undefined index: line E:\workspace\webApplication\blog\ThinkPHP\Lib\Core\ThinkException.class.php 第 62 行.
NOTIC: [4096] Object of class HomeAction could not be converted to string E:\workspace\webApplication\blog\ThinkPHP\Lib\Core\ThinkException.class.php 第 64 行.
NOTIC: [8] Array to string conversion E:\workspace\webApplication\blog\ThinkPHP\Lib\Core\ThinkException.class.php 第 64 行.
NOTIC: [8] Undefined index: class E:\workspace\webApplication\blog\ThinkPHP\Lib\Core\ThinkException.class.php 第 63 行.
NOTIC: [8] Undefined index: type E:\workspace\webApplication\blog\ThinkPHP\Lib\Core\ThinkException.class.php 第 63 行.
NOTIC: [8] Undefined index: class E:\workspace\webApplication\blog\ThinkPHP\Lib\Core\ThinkException.class.php 第 63 行.
NOTIC: [8] Undefined index: type E:\workspace\webApplication\blog\ThinkPHP\Lib\Core\ThinkException.class.php 第 63 行.

[ 2012-11-28T00:42:11+08:00 ] ERR: (ThinkException) 非法操作:index
[ 2012-11-28T00:42:11+08:00 ] 127.0.0.1 /blog/Home/
INFO: [ route_check ] --START--
INFO: Run CheckRoute Behavior [ RunTime:0.002521s ]
INFO: [ route_check ] --END-- [ RunTime:0.003720s ]
INFO: [ app_begin ] --START--
INFO: Run ReadHtmlCache Behavior [ RunTime:-0.006740s ]
INFO: [ app_begin ] --END-- [ RunTime:0.003750s ]
NOTIC: [8] Undefined index: class E:\workspace\webApplication\blog\ThinkPHP\Lib\Core\ThinkException.class.php 第 63 行.
NOTIC: [8] Undefined index: type E:\workspace\webApplication\blog\ThinkPHP\Lib\Core\ThinkException.class.php 第 63 行.
NOTIC: [8] Undefined index: file E:\workspace\webApplication\blog\ThinkPHP\Lib\Core\ThinkException.class.php 第 62 行.
NOTIC: [8] Undefined index: line E:\workspace\webApplication\blog\ThinkPHP\Lib\Core\ThinkException.class.php 第 62 行.
NOTIC: [4096] Object of class HomeAction could not be converted to string E:\workspace\webApplication\blog\ThinkPHP\Lib\Core\ThinkException.class.php 第 64 行.
NOTIC: [8] Array to string conversion E:\workspace\webApplication\blog\ThinkPHP\Lib\Core\ThinkException.class.php 第 64 行.
NOTIC: [8] Undefined index: class E:\workspace\webApplication\blog\ThinkPHP\Lib\Core\ThinkException.class.php 第 63 行.
NOTIC: [8] Undefined index: type E:\workspace\webApplication\blog\ThinkPHP\Lib\Core\ThinkException.class.php 第 63 行.
NOTIC: [8] Undefined index: class E:\workspace\webApplication\blog\ThinkPHP\Lib\Core\ThinkException.class.php 第 63 行.
NOTIC: [8] Undefined index: type E:\workspace\webApplication\blog\ThinkPHP\Lib\Core\ThinkException.class.php 第 63 行.

[ 2012-11-28T00:42:12+08:00 ] ERR: (ThinkException) 非法操作:index
[ 2012-11-28T00:42:12+08:00 ] 127.0.0.1 /blog/Home/
INFO: [ route_check ] --START--
INFO: Run CheckRoute Behavior [ RunTime:0.002331s ]
INFO: [ route_check ] --END-- [ RunTime:0.003555s ]
INFO: [ app_begin ] --START--
INFO: Run ReadHtmlCache Behavior [ RunTime:-0.008573s ]
INFO: [ app_begin ] --END-- [ RunTime:0.004911s ]
NOTIC: [8] Undefined index: class E:\workspace\webApplication\blog\ThinkPHP\Lib\Core\ThinkException.class.php 第 63 行.
NOTIC: [8] Undefined index: type E:\workspace\webApplication\blog\ThinkPHP\Lib\Core\ThinkException.class.php 第 63 行.
NOTIC: [8] Undefined index: file E:\workspace\webApplication\blog\ThinkPHP\Lib\Core\ThinkException.class.php 第 62 行.
NOTIC: [8] Undefined index: line E:\workspace\webApplication\blog\ThinkPHP\Lib\Core\ThinkException.class.php 第 62 行.
NOTIC: [4096] Object of class HomeAction could not be converted to string E:\workspace\webApplication\blog\ThinkPHP\Lib\Core\ThinkException.class.php 第 64 行.
NOTIC: [8] Array to string conversion E:\workspace\webApplication\blog\ThinkPHP\Lib\Core\ThinkException.class.php 第 64 行.
NOTIC: [8] Undefined index: class E:\workspace\webApplication\blog\ThinkPHP\Lib\Core\ThinkException.class.php 第 63 行.
NOTIC: [8] Undefined index: type E:\workspace\webApplication\blog\ThinkPHP\Lib\Core\ThinkException.class.php 第 63 行.
NOTIC: [8] Undefined index: class E:\workspace\webApplication\blog\ThinkPHP\Lib\Core\ThinkException.class.php 第 63 行.
NOTIC: [8] Undefined index: type E:\workspace\webApplication\blog\ThinkPHP\Lib\Core\ThinkException.class.php 第 63 行.

[ 2012-11-28T00:42:14+08:00 ] ERR: (ThinkException) 非法操作:index
[ 2012-11-28T00:42:14+08:00 ] 127.0.0.1 /blog/Home/
INFO: [ route_check ] --START--
INFO: Run CheckRoute Behavior [ RunTime:0.002209s ]
INFO: [ route_check ] --END-- [ RunTime:0.003372s ]
INFO: [ app_begin ] --START--
INFO: Run ReadHtmlCache Behavior [ RunTime:-0.006270s ]
INFO: [ app_begin ] --END-- [ RunTime:0.003431s ]
NOTIC: [8] Undefined index: class E:\workspace\webApplication\blog\ThinkPHP\Lib\Core\ThinkException.class.php 第 63 行.
NOTIC: [8] Undefined index: type E:\workspace\webApplication\blog\ThinkPHP\Lib\Core\ThinkException.class.php 第 63 行.
NOTIC: [8] Undefined index: file E:\workspace\webApplication\blog\ThinkPHP\Lib\Core\ThinkException.class.php 第 62 行.
NOTIC: [8] Undefined index: line E:\workspace\webApplication\blog\ThinkPHP\Lib\Core\ThinkException.class.php 第 62 行.
NOTIC: [4096] Object of class HomeAction could not be converted to string E:\workspace\webApplication\blog\ThinkPHP\Lib\Core\ThinkException.class.php 第 64 行.
NOTIC: [8] Array to string conversion E:\workspace\webApplication\blog\ThinkPHP\Lib\Core\ThinkException.class.php 第 64 行.
NOTIC: [8] Undefined index: class E:\workspace\webApplication\blog\ThinkPHP\Lib\Core\ThinkException.class.php 第 63 行.
NOTIC: [8] Undefined index: type E:\workspace\webApplication\blog\ThinkPHP\Lib\Core\ThinkException.class.php 第 63 行.
NOTIC: [8] Undefined index: class E:\workspace\webApplication\blog\ThinkPHP\Lib\Core\ThinkException.class.php 第 63 行.
NOTIC: [8] Undefined index: type E:\workspace\webApplication\blog\ThinkPHP\Lib\Core\ThinkException.class.php 第 63 行.

[ 2012-11-28T00:42:18+08:00 ] 127.0.0.1 /blog/Home/home
INFO: [ route_check ] --START--
INFO: Run CheckRoute Behavior [ RunTime:0.002219s ]
INFO: [ route_check ] --END-- [ RunTime:0.003422s ]
INFO: [ app_begin ] --START--
INFO: Run ReadHtmlCache Behavior [ RunTime:-0.006160s ]
INFO: [ app_begin ] --END-- [ RunTime:0.003488s ]
INFO: [ view_template ] --START--
INFO: Run LocationTemplate Behavior [ RunTime:-0.016916s ]
INFO: [ view_template ] --END-- [ RunTime:0.003521s ]
INFO: [ view_parse ] --START--
NOTIC: [8] Undefined variable: home_self_music E:\workspace\webApplication\blog\Runtime\Cache\7e66580c47f9b1911a04bb9d9c96d7a2.php 第 36 行.
INFO: Run ParseTemplate Behavior [ RunTime:-0.021544s ]
INFO: [ view_parse ] --END-- [ RunTime:0.030214s ]
INFO: [ view_filter ] --START--
INFO: Run ContentReplace Behavior [ RunTime:-0.052670s ]
INFO: Run TokenBuild Behavior [ RunTime:-0.055204s ]
INFO: Run WriteHtmlCache Behavior [ RunTime:-0.058130s ]
INFO: Run ShowRuntime Behavior [ RunTime:-0.059851s ]
INFO: [ view_filter ] --END-- [ RunTime:0.011929s ]
INFO: [ view_end ] --START--
INFO: Run ShowPageTrace Behavior [ RunTime:-0.066218s ]
INFO: [ view_end ] --END-- [ RunTime:0.003496s ]

[ 2012-11-28T00:42:18+08:00 ] 127.0.0.1 /blog/Home/loadFeed
INFO: [ route_check ] --START--
INFO: Run CheckRoute Behavior [ RunTime:0.002440s ]
INFO: [ route_check ] --END-- [ RunTime:0.004264s ]
INFO: [ app_begin ] --START--
INFO: Run ReadHtmlCache Behavior [ RunTime:-0.006034s ]
INFO: [ app_begin ] --END-- [ RunTime:0.003464s ]

[ 2012-11-28T00:42:19+08:00 ] 127.0.0.1 /blog/Home/text
INFO: [ route_check ] --START--
INFO: Run CheckRoute Behavior [ RunTime:0.002399s ]
INFO: [ route_check ] --END-- [ RunTime:0.003626s ]
INFO: [ app_begin ] --START--
INFO: Run ReadHtmlCache Behavior [ RunTime:-0.006328s ]
INFO: [ app_begin ] --END-- [ RunTime:0.003543s ]
INFO: [ view_template ] --START--
INFO: Run LocationTemplate Behavior [ RunTime:-0.016443s ]
INFO: [ view_template ] --END-- [ RunTime:0.003274s ]
INFO: [ view_parse ] --START--
INFO: Run ParseTemplate Behavior [ RunTime:-0.020820s ]
INFO: [ view_parse ] --END-- [ RunTime:0.024770s ]
INFO: [ view_filter ] --START--
INFO: Run ContentReplace Behavior [ RunTime:-0.046673s ]
INFO: Run TokenBuild Behavior [ RunTime:-0.049021s ]
INFO: Run WriteHtmlCache Behavior [ RunTime:-0.051827s ]
INFO: Run ShowRuntime Behavior [ RunTime:-0.053460s ]
INFO: [ view_filter ] --END-- [ RunTime:0.011179s ]
INFO: [ view_end ] --START--
INFO: Run ShowPageTrace Behavior [ RunTime:-0.059205s ]
INFO: [ view_end ] --END-- [ RunTime:0.003336s ]

[ 2012-11-28T00:42:19+08:00 ] ERR: (ThinkException) 非法操作:themes
[ 2012-11-28T00:42:19+08:00 ] 127.0.0.1 /blog/Home//themes/default/iframe.css
INFO: [ route_check ] --START--
INFO: Run CheckRoute Behavior [ RunTime:0.003719s ]
INFO: [ route_check ] --END-- [ RunTime:0.005982s ]
INFO: [ app_begin ] --START--
INFO: Run ReadHtmlCache Behavior [ RunTime:-0.011236s ]
INFO: [ app_begin ] --END-- [ RunTime:0.004330s ]
NOTIC: [8] Undefined index: class E:\workspace\webApplication\blog\ThinkPHP\Lib\Core\ThinkException.class.php 第 63 行.
NOTIC: [8] Undefined index: type E:\workspace\webApplication\blog\ThinkPHP\Lib\Core\ThinkException.class.php 第 63 行.
NOTIC: [8] Undefined index: file E:\workspace\webApplication\blog\ThinkPHP\Lib\Core\ThinkException.class.php 第 62 行.
NOTIC: [8] Undefined index: line E:\workspace\webApplication\blog\ThinkPHP\Lib\Core\ThinkException.class.php 第 62 行.
NOTIC: [4096] Object of class HomeAction could not be converted to string E:\workspace\webApplication\blog\ThinkPHP\Lib\Core\ThinkException.class.php 第 64 行.
NOTIC: [8] Array to string conversion E:\workspace\webApplication\blog\ThinkPHP\Lib\Core\ThinkException.class.php 第 64 行.
NOTIC: [8] Undefined index: class E:\workspace\webApplication\blog\ThinkPHP\Lib\Core\ThinkException.class.php 第 63 行.
NOTIC: [8] Undefined index: type E:\workspace\webApplication\blog\ThinkPHP\Lib\Core\ThinkException.class.php 第 63 行.
NOTIC: [8] Undefined index: class E:\workspace\webApplication\blog\ThinkPHP\Lib\Core\ThinkException.class.php 第 63 行.
NOTIC: [8] Undefined index: type E:\workspace\webApplication\blog\ThinkPHP\Lib\Core\ThinkException.class.php 第 63 行.

[ 2012-11-28T00:42:24+08:00 ] 127.0.0.1 /blog/PostBlog/postWord
INFO: [ route_check ] --START--
INFO: Run CheckRoute Behavior [ RunTime:0.002418s ]
INFO: [ route_check ] --END-- [ RunTime:0.003642s ]
INFO: [ app_begin ] --START--
INFO: Run ReadHtmlCache Behavior [ RunTime:-0.006204s ]
INFO: [ app_begin ] --END-- [ RunTime:0.003419s ]
SQL: SHOW COLUMNS FROM `blog_blogitem` [ RunTime:0.009477s ]
SQL: INSERT INTO `blog_blogitem` (`user_id`,`type`,`title`,`desc_content`,`tag`,`time`) VALUES (1,1,'sdsd','&lt;p&gt;serqwer&lt;br /&gt;&lt;/p&gt;','','2012-11-28 0:42:24') [ RunTime:0.001349s ]

[ 2012-11-28T00:42:24+08:00 ] 127.0.0.1 /blog/Home/home
INFO: [ route_check ] --START--
INFO: Run CheckRoute Behavior [ RunTime:0.002657s ]
INFO: [ route_check ] --END-- [ RunTime:0.004061s ]
INFO: [ app_begin ] --START--
INFO: Run ReadHtmlCache Behavior [ RunTime:-0.006865s ]
INFO: [ app_begin ] --END-- [ RunTime:0.003789s ]
INFO: [ view_template ] --START--
INFO: Run LocationTemplate Behavior [ RunTime:-0.017631s ]
INFO: [ view_template ] --END-- [ RunTime:0.002962s ]
INFO: [ view_parse ] --START--
NOTIC: [8] Undefined variable: home_self_music E:\workspace\webApplication\blog\Runtime\Cache\7e66580c47f9b1911a04bb9d9c96d7a2.php 第 36 行.
INFO: Run ParseTemplate Behavior [ RunTime:-0.021732s ]
INFO: [ view_parse ] --END-- [ RunTime:0.029687s ]
INFO: [ view_filter ] --START--
INFO: Run ContentReplace Behavior [ RunTime:-0.052327s ]
INFO: Run TokenBuild Behavior [ RunTime:-0.054722s ]
INFO: Run WriteHtmlCache Behavior [ RunTime:-0.057559s ]
INFO: Run ShowRuntime Behavior [ RunTime:-0.059323s ]
INFO: [ view_filter ] --END-- [ RunTime:0.011677s ]
INFO: [ view_end ] --START--
INFO: Run ShowPageTrace Behavior [ RunTime:-0.065464s ]
INFO: [ view_end ] --END-- [ RunTime:0.003445s ]

[ 2012-11-28T00:42:25+08:00 ] 127.0.0.1 /blog/Home/loadFeed
INFO: [ route_check ] --START--
INFO: Run CheckRoute Behavior [ RunTime:0.002209s ]
INFO: [ route_check ] --END-- [ RunTime:0.003362s ]
INFO: [ app_begin ] --START--
INFO: Run ReadHtmlCache Behavior [ RunTime:-0.005998s ]
INFO: [ app_begin ] --END-- [ RunTime:0.003561s ]

[ 2012-11-28T00:42:38+08:00 ] 127.0.0.1 /blog/Home/link
INFO: [ route_check ] --START--
INFO: Run CheckRoute Behavior [ RunTime:0.002361s ]
INFO: [ route_check ] --END-- [ RunTime:0.003525s ]
INFO: [ app_begin ] --START--
INFO: Run ReadHtmlCache Behavior [ RunTime:-0.007338s ]
INFO: [ app_begin ] --END-- [ RunTime:0.008429s ]
INFO: [ view_template ] --START--
INFO: Run LocationTemplate Behavior [ RunTime:-0.024588s ]
INFO: [ view_template ] --END-- [ RunTime:0.003560s ]
INFO: [ view_parse ] --START--
INFO: Run ParseTemplate Behavior [ RunTime:-0.029306s ]
INFO: [ view_parse ] --END-- [ RunTime:0.054532s ]
INFO: [ view_filter ] --START--
INFO: Run ContentReplace Behavior [ RunTime:-0.084829s ]
INFO: Run TokenBuild Behavior [ RunTime:-0.087370s ]
INFO: Run WriteHtmlCache Behavior [ RunTime:-0.090651s ]
INFO: Run ShowRuntime Behavior [ RunTime:-0.092568s ]
INFO: [ view_filter ] --END-- [ RunTime:0.013025s ]
INFO: [ view_end ] --START--
INFO: Run ShowPageTrace Behavior [ RunTime:-0.099397s ]
INFO: [ view_end ] --END-- [ RunTime:0.003600s ]

[ 2012-11-28T00:42:38+08:00 ] ERR: (ThinkException) 非法操作:themes
[ 2012-11-28T00:42:38+08:00 ] 127.0.0.1 /blog/Home//themes/default/iframe.css
INFO: [ route_check ] --START--
INFO: Run CheckRoute Behavior [ RunTime:0.002717s ]
INFO: [ route_check ] --END-- [ RunTime:0.004782s ]
INFO: [ app_begin ] --START--
INFO: Run ReadHtmlCache Behavior [ RunTime:-0.011489s ]
INFO: [ app_begin ] --END-- [ RunTime:0.004335s ]
NOTIC: [8] Undefined index: class E:\workspace\webApplication\blog\ThinkPHP\Lib\Core\ThinkException.class.php 第 63 行.
NOTIC: [8] Undefined index: type E:\workspace\webApplication\blog\ThinkPHP\Lib\Core\ThinkException.class.php 第 63 行.
NOTIC: [8] Undefined index: file E:\workspace\webApplication\blog\ThinkPHP\Lib\Core\ThinkException.class.php 第 62 行.
NOTIC: [8] Undefined index: line E:\workspace\webApplication\blog\ThinkPHP\Lib\Core\ThinkException.class.php 第 62 行.
NOTIC: [4096] Object of class HomeAction could not be converted to string E:\workspace\webApplication\blog\ThinkPHP\Lib\Core\ThinkException.class.php 第 64 行.
NOTIC: [8] Array to string conversion E:\workspace\webApplication\blog\ThinkPHP\Lib\Core\ThinkException.class.php 第 64 行.
NOTIC: [8] Undefined index: class E:\workspace\webApplication\blog\ThinkPHP\Lib\Core\ThinkException.class.php 第 63 行.
NOTIC: [8] Undefined index: type E:\workspace\webApplication\blog\ThinkPHP\Lib\Core\ThinkException.class.php 第 63 行.
NOTIC: [8] Undefined index: class E:\workspace\webApplication\blog\ThinkPHP\Lib\Core\ThinkException.class.php 第 63 行.
NOTIC: [8] Undefined index: type E:\workspace\webApplication\blog\ThinkPHP\Lib\Core\ThinkException.class.php 第 63 行.

[ 2012-11-28T00:42:39+08:00 ] 127.0.0.1 /blog/Home/loadFeed
INFO: [ route_check ] --START--
INFO: Run CheckRoute Behavior [ RunTime:0.002360s ]
INFO: [ route_check ] --END-- [ RunTime:0.003498s ]
INFO: [ app_begin ] --START--
INFO: Run ReadHtmlCache Behavior [ RunTime:-0.005686s ]
INFO: [ app_begin ] --END-- [ RunTime:0.003370s ]

[ 2012-11-28T00:42:40+08:00 ] 127.0.0.1 /blog/Home/text
INFO: [ route_check ] --START--
INFO: Run CheckRoute Behavior [ RunTime:0.002741s ]
INFO: [ route_check ] --END-- [ RunTime:0.004110s ]
INFO: [ app_begin ] --START--
INFO: Run ReadHtmlCache Behavior [ RunTime:-0.007377s ]
INFO: [ app_begin ] --END-- [ RunTime:0.004097s ]
INFO: [ view_template ] --START--
INFO: Run LocationTemplate Behavior [ RunTime:-0.018122s ]
INFO: [ view_template ] --END-- [ RunTime:0.003323s ]
INFO: [ view_parse ] --START--
INFO: Run ParseTemplate Behavior [ RunTime:-0.022569s ]
INFO: [ view_parse ] --END-- [ RunTime:0.025630s ]
INFO: [ view_filter ] --START--
INFO: Run ContentReplace Behavior [ RunTime:-0.049574s ]
INFO: Run TokenBuild Behavior [ RunTime:-0.052338s ]
INFO: Run WriteHtmlCache Behavior [ RunTime:-0.055133s ]
INFO: Run ShowRuntime Behavior [ RunTime:-0.056726s ]
INFO: [ view_filter ] --END-- [ RunTime:0.011625s ]
INFO: [ view_end ] --START--
INFO: Run ShowPageTrace Behavior [ RunTime:-0.062358s ]
INFO: [ view_end ] --END-- [ RunTime:0.004824s ]

[ 2012-11-28T00:42:40+08:00 ] ERR: (ThinkException) 非法操作:themes
[ 2012-11-28T00:42:40+08:00 ] 127.0.0.1 /blog/Home//themes/default/iframe.css
INFO: [ route_check ] --START--
INFO: Run CheckRoute Behavior [ RunTime:0.004038s ]
INFO: [ route_check ] --END-- [ RunTime:0.006110s ]
INFO: [ app_begin ] --START--
INFO: Run ReadHtmlCache Behavior [ RunTime:-0.009876s ]
INFO: [ app_begin ] --END-- [ RunTime:0.004213s ]
NOTIC: [8] Undefined index: class E:\workspace\webApplication\blog\ThinkPHP\Lib\Core\ThinkException.class.php 第 63 行.
NOTIC: [8] Undefined index: type E:\workspace\webApplication\blog\ThinkPHP\Lib\Core\ThinkException.class.php 第 63 行.
NOTIC: [8] Undefined index: file E:\workspace\webApplication\blog\ThinkPHP\Lib\Core\ThinkException.class.php 第 62 行.
NOTIC: [8] Undefined index: line E:\workspace\webApplication\blog\ThinkPHP\Lib\Core\ThinkException.class.php 第 62 行.
NOTIC: [4096] Object of class HomeAction could not be converted to string E:\workspace\webApplication\blog\ThinkPHP\Lib\Core\ThinkException.class.php 第 64 行.
NOTIC: [8] Array to string conversion E:\workspace\webApplication\blog\ThinkPHP\Lib\Core\ThinkException.class.php 第 64 行.
NOTIC: [8] Undefined index: class E:\workspace\webApplication\blog\ThinkPHP\Lib\Core\ThinkException.class.php 第 63 行.
NOTIC: [8] Undefined index: type E:\workspace\webApplication\blog\ThinkPHP\Lib\Core\ThinkException.class.php 第 63 行.
NOTIC: [8] Undefined index: class E:\workspace\webApplication\blog\ThinkPHP\Lib\Core\ThinkException.class.php 第 63 行.
NOTIC: [8] Undefined index: type E:\workspace\webApplication\blog\ThinkPHP\Lib\Core\ThinkException.class.php 第 63 行.

[ 2012-11-28T00:42:41+08:00 ] 127.0.0.1 /blog/Home/loadFeed
INFO: [ route_check ] --START--
INFO: Run CheckRoute Behavior [ RunTime:0.003553s ]
INFO: [ route_check ] --END-- [ RunTime:0.005459s ]
INFO: [ app_begin ] --START--
INFO: Run ReadHtmlCache Behavior [ RunTime:-0.007786s ]
INFO: [ app_begin ] --END-- [ RunTime:0.003588s ]

[ 2012-11-28T00:43:27+08:00 ] 127.0.0.1 /blog/Home/video
INFO: [ route_check ] --START--
INFO: Run CheckRoute Behavior [ RunTime:0.053538s ]
INFO: [ route_check ] --END-- [ RunTime:0.055681s ]
INFO: [ app_begin ] --START--
INFO: Run ReadHtmlCache Behavior [ RunTime:-0.013983s ]
INFO: [ app_begin ] --END-- [ RunTime:0.049505s ]
INFO: [ view_template ] --START--
INFO: Run LocationTemplate Behavior [ RunTime:-0.093459s ]
INFO: [ view_template ] --END-- [ RunTime:0.006834s ]
INFO: [ view_parse ] --START--
INFO: Run ParseTemplate Behavior [ RunTime:-0.102372s ]
INFO: [ view_parse ] --END-- [ RunTime:0.097603s ]
INFO: [ view_filter ] --START--
INFO: Run ContentReplace Behavior [ RunTime:-0.201331s ]
INFO: Run TokenBuild Behavior [ RunTime:-0.204532s ]
INFO: Run WriteHtmlCache Behavior [ RunTime:-0.208058s ]
INFO: Run ShowRuntime Behavior [ RunTime:-0.210212s ]
INFO: [ view_filter ] --END-- [ RunTime:0.014333s ]
INFO: [ view_end ] --START--
INFO: Run ShowPageTrace Behavior [ RunTime:-0.216986s ]
INFO: [ view_end ] --END-- [ RunTime:0.004456s ]

[ 2012-11-28T00:43:28+08:00 ] ERR: (ThinkException) 非法操作:themes
[ 2012-11-28T00:43:28+08:00 ] 127.0.0.1 /blog/Home//themes/default/iframe.css
INFO: [ route_check ] --START--
INFO: Run CheckRoute Behavior [ RunTime:0.002902s ]
INFO: [ route_check ] --END-- [ RunTime:0.004513s ]
INFO: [ app_begin ] --START--
INFO: Run ReadHtmlCache Behavior [ RunTime:-0.010113s ]
INFO: [ app_begin ] --END-- [ RunTime:0.004225s ]
NOTIC: [8] Undefined index: class E:\workspace\webApplication\blog\ThinkPHP\Lib\Core\ThinkException.class.php 第 63 行.
NOTIC: [8] Undefined index: type E:\workspace\webApplication\blog\ThinkPHP\Lib\Core\ThinkException.class.php 第 63 行.
NOTIC: [8] Undefined index: file E:\workspace\webApplication\blog\ThinkPHP\Lib\Core\ThinkException.class.php 第 62 行.
NOTIC: [8] Undefined index: line E:\workspace\webApplication\blog\ThinkPHP\Lib\Core\ThinkException.class.php 第 62 行.
NOTIC: [4096] Object of class HomeAction could not be converted to string E:\workspace\webApplication\blog\ThinkPHP\Lib\Core\ThinkException.class.php 第 64 行.
NOTIC: [8] Array to string conversion E:\workspace\webApplication\blog\ThinkPHP\Lib\Core\ThinkException.class.php 第 64 行.
NOTIC: [8] Undefined index: class E:\workspace\webApplication\blog\ThinkPHP\Lib\Core\ThinkException.class.php 第 63 行.
NOTIC: [8] Undefined index: type E:\workspace\webApplication\blog\ThinkPHP\Lib\Core\ThinkException.class.php 第 63 行.
NOTIC: [8] Undefined index: class E:\workspace\webApplication\blog\ThinkPHP\Lib\Core\ThinkException.class.php 第 63 行.
NOTIC: [8] Undefined index: type E:\workspace\webApplication\blog\ThinkPHP\Lib\Core\ThinkException.class.php 第 63 行.

[ 2012-11-28T00:43:32+08:00 ] 127.0.0.1 /blog/VideoCrawler/crawler?video_url=http%3A%2F%2Fv.youku.com%2Fv_show%2Fid_XNDc4NTcxNzI0.html
INFO: [ route_check ] --START--
INFO: Run CheckRoute Behavior [ RunTime:0.002244s ]
INFO: [ route_check ] --END-- [ RunTime:0.003426s ]
INFO: [ app_begin ] --START--
INFO: Run ReadHtmlCache Behavior [ RunTime:-0.006176s ]
INFO: [ app_begin ] --END-- [ RunTime:0.003345s ]
NOTIC: [2048] Non-static method VideoUrlParser::_parseYouku() should not be called statically E:\workspace\webApplication\blog\Lib\Ext\VideoUrlParser.class.php 第 78 行.
NOTIC: [2048] Non-static method VideoUrlParser::_cget() should not be called statically E:\workspace\webApplication\blog\Lib\Ext\VideoUrlParser.class.php 第 165 行.

[ 2012-11-28T00:43:59+08:00 ] 127.0.0.1 /blog/Home/video
INFO: [ route_check ] --START--
INFO: Run CheckRoute Behavior [ RunTime:0.002221s ]
INFO: [ route_check ] --END-- [ RunTime:0.003476s ]
INFO: [ app_begin ] --START--
INFO: Run ReadHtmlCache Behavior [ RunTime:-0.006333s ]
INFO: [ app_begin ] --END-- [ RunTime:0.003561s ]
INFO: [ view_template ] --START--
INFO: Run LocationTemplate Behavior [ RunTime:-0.016243s ]
INFO: [ view_template ] --END-- [ RunTime:0.003203s ]
INFO: [ view_parse ] --START--
INFO: Run ParseTemplate Behavior [ RunTime:-0.020598s ]
INFO: [ view_parse ] --END-- [ RunTime:0.025407s ]
INFO: [ view_filter ] --START--
INFO: Run ContentReplace Behavior [ RunTime:-0.046899s ]
INFO: Run TokenBuild Behavior [ RunTime:-0.049198s ]
INFO: Run WriteHtmlCache Behavior [ RunTime:-0.052084s ]
INFO: Run ShowRuntime Behavior [ RunTime:-0.053802s ]
INFO: [ view_filter ] --END-- [ RunTime:0.011267s ]
INFO: [ view_end ] --START--
INFO: Run ShowPageTrace Behavior [ RunTime:-0.059683s ]
INFO: [ view_end ] --END-- [ RunTime:0.003343s ]

[ 2012-11-28T00:44:00+08:00 ] ERR: (ThinkException) 非法操作:themes
[ 2012-11-28T00:44:00+08:00 ] 127.0.0.1 /blog/Home//themes/default/iframe.css
INFO: [ route_check ] --START--
INFO: Run CheckRoute Behavior [ RunTime:0.002483s ]
INFO: [ route_check ] --END-- [ RunTime:0.003828s ]
INFO: [ app_begin ] --START--
INFO: Run ReadHtmlCache Behavior [ RunTime:-0.010681s ]
INFO: [ app_begin ] --END-- [ RunTime:0.008549s ]
NOTIC: [8] Undefined index: class E:\workspace\webApplication\blog\ThinkPHP\Lib\Core\ThinkException.class.php 第 63 行.
NOTIC: [8] Undefined index: type E:\workspace\webApplication\blog\ThinkPHP\Lib\Core\ThinkException.class.php 第 63 行.
NOTIC: [8] Undefined index: file E:\workspace\webApplication\blog\ThinkPHP\Lib\Core\ThinkException.class.php 第 62 行.
NOTIC: [8] Undefined index: line E:\workspace\webApplication\blog\ThinkPHP\Lib\Core\ThinkException.class.php 第 62 行.
NOTIC: [4096] Object of class HomeAction could not be converted to string E:\workspace\webApplication\blog\ThinkPHP\Lib\Core\ThinkException.class.php 第 64 行.
NOTIC: [8] Array to string conversion E:\workspace\webApplication\blog\ThinkPHP\Lib\Core\ThinkException.class.php 第 64 行.
NOTIC: [8] Undefined index: class E:\workspace\webApplication\blog\ThinkPHP\Lib\Core\ThinkException.class.php 第 63 行.
NOTIC: [8] Undefined index: type E:\workspace\webApplication\blog\ThinkPHP\Lib\Core\ThinkException.class.php 第 63 行.
NOTIC: [8] Undefined index: class E:\workspace\webApplication\blog\ThinkPHP\Lib\Core\ThinkException.class.php 第 63 行.
NOTIC: [8] Undefined index: type E:\workspace\webApplication\blog\ThinkPHP\Lib\Core\ThinkException.class.php 第 63 行.

[ 2012-11-28T00:44:04+08:00 ] 127.0.0.1 /blog/VideoCrawler/crawler?video_url=http%3A%2F%2Fv.youku.com%2Fv_show%2Fid_XNDgwMDM2NzA0.html
INFO: [ route_check ] --START--
INFO: Run CheckRoute Behavior [ RunTime:0.002804s ]
INFO: [ route_check ] --END-- [ RunTime:0.004248s ]
INFO: [ app_begin ] --START--
INFO: Run ReadHtmlCache Behavior [ RunTime:-0.006737s ]
INFO: [ app_begin ] --END-- [ RunTime:0.003340s ]
NOTIC: [2048] Non-static method VideoUrlParser::_parseYouku() should not be called statically E:\workspace\webApplication\blog\Lib\Ext\VideoUrlParser.class.php 第 78 行.
NOTIC: [2048] Non-static method VideoUrlParser::_cget() should not be called statically E:\workspace\webApplication\blog\Lib\Ext\VideoUrlParser.class.php 第 165 行.

[ 2012-11-28T00:44:21+08:00 ] 127.0.0.1 /blog/
INFO: [ app_begin ] --START--
INFO: Run ReadHtmlCache Behavior [ RunTime:0.002966s ]
INFO: [ app_begin ] --END-- [ RunTime:0.004313s ]

[ 2012-11-28T00:44:21+08:00 ] 127.0.0.1 /blog/Login/login
INFO: [ route_check ] --START--
INFO: Run CheckRoute Behavior [ RunTime:0.002330s ]
INFO: [ route_check ] --END-- [ RunTime:0.003535s ]
INFO: [ app_begin ] --START--
INFO: Run ReadHtmlCache Behavior [ RunTime:-0.006341s ]
INFO: [ app_begin ] --END-- [ RunTime:0.004133s ]
INFO: [ view_template ] --START--
INFO: Run LocationTemplate Behavior [ RunTime:-0.055989s ]
INFO: [ view_template ] --END-- [ RunTime:0.003644s ]
INFO: [ view_parse ] --START--
INFO: Run ParseTemplate Behavior [ RunTime:-0.060755s ]
INFO: [ view_parse ] --END-- [ RunTime:0.088999s ]
INFO: [ view_filter ] --START--
INFO: Run ContentReplace Behavior [ RunTime:-0.150868s ]
INFO: Run TokenBuild Behavior [ RunTime:-0.153375s ]
INFO: Run WriteHtmlCache Behavior [ RunTime:-0.156496s ]
INFO: Run ShowRuntime Behavior [ RunTime:-0.158302s ]
INFO: [ view_filter ] --END-- [ RunTime:0.012394s ]
INFO: [ view_end ] --START--
INFO: Run ShowPageTrace Behavior [ RunTime:-0.164529s ]
INFO: [ view_end ] --END-- [ RunTime:0.003631s ]

[ 2012-11-28T00:44:22+08:00 ] ERR: (ThinkException) 无法加载模块:Tpl
[ 2012-11-28T00:44:26+08:00 ] 127.0.0.1 /blog/Login/loginCheck
INFO: [ route_check ] --START--
INFO: Run CheckRoute Behavior [ RunTime:0.002466s ]
INFO: [ route_check ] --END-- [ RunTime:0.003709s ]
INFO: [ app_begin ] --START--
INFO: Run ReadHtmlCache Behavior [ RunTime:-0.006380s ]
INFO: [ app_begin ] --END-- [ RunTime:0.003716s ]
SQL: SHOW COLUMNS FROM `blog_user` [ RunTime:0.069224s ]
SQL: SELECT * FROM `blog_user` WHERE ( `name` = 'hlr' )  [ RunTime:0.036383s ]

[ 2012-11-28T00:44:26+08:00 ] 127.0.0.1 /blog/Home/home
INFO: [ route_check ] --START--
INFO: Run CheckRoute Behavior [ RunTime:0.002530s ]
INFO: [ route_check ] --END-- [ RunTime:0.003736s ]
INFO: [ app_begin ] --START--
INFO: Run ReadHtmlCache Behavior [ RunTime:-0.006250s ]
INFO: [ app_begin ] --END-- [ RunTime:0.003766s ]
INFO: [ view_template ] --START--
INFO: Run LocationTemplate Behavior [ RunTime:-0.017452s ]
INFO: [ view_template ] --END-- [ RunTime:0.003339s ]
INFO: [ view_parse ] --START--
NOTIC: [8] Undefined variable: home_self_music E:\workspace\webApplication\blog\Runtime\Cache\7e66580c47f9b1911a04bb9d9c96d7a2.php 第 36 行.
INFO: Run ParseTemplate Behavior [ RunTime:-0.021970s ]
INFO: [ view_parse ] --END-- [ RunTime:0.060290s ]
INFO: [ view_filter ] --START--
INFO: Run ContentReplace Behavior [ RunTime:-0.083264s ]
INFO: Run TokenBuild Behavior [ RunTime:-0.085790s ]
INFO: Run WriteHtmlCache Behavior [ RunTime:-0.088631s ]
INFO: Run ShowRuntime Behavior [ RunTime:-0.090228s ]
INFO: [ view_filter ] --END-- [ RunTime:0.011345s ]
INFO: [ view_end ] --START--
INFO: Run ShowPageTrace Behavior [ RunTime:-0.096299s ]
INFO: [ view_end ] --END-- [ RunTime:0.003378s ]

[ 2012-11-28T00:44:27+08:00 ] 127.0.0.1 /blog/Home/loadFeed
INFO: [ route_check ] --START--
INFO: Run CheckRoute Behavior [ RunTime:0.002295s ]
INFO: [ route_check ] --END-- [ RunTime:0.003492s ]
INFO: [ app_begin ] --START--
INFO: Run ReadHtmlCache Behavior [ RunTime:-0.005788s ]
INFO: [ app_begin ] --END-- [ RunTime:0.003289s ]

[ 2012-11-28T00:44:28+08:00 ] 127.0.0.1 /blog/Home/home
INFO: [ route_check ] --START--
INFO: Run CheckRoute Behavior [ RunTime:0.002493s ]
INFO: [ route_check ] --END-- [ RunTime:0.004010s ]
INFO: [ app_begin ] --START--
INFO: Run ReadHtmlCache Behavior [ RunTime:-0.006720s ]
INFO: [ app_begin ] --END-- [ RunTime:0.003726s ]
INFO: [ view_template ] --START--
INFO: Run LocationTemplate Behavior [ RunTime:-0.017732s ]
INFO: [ view_template ] --END-- [ RunTime:0.003192s ]
INFO: [ view_parse ] --START--
NOTIC: [8] Undefined variable: home_self_music E:\workspace\webApplication\blog\Runtime\Cache\7e66580c47f9b1911a04bb9d9c96d7a2.php 第 36 行.
INFO: Run ParseTemplate Behavior [ RunTime:-0.022030s ]
INFO: [ view_parse ] --END-- [ RunTime:0.028651s ]
INFO: [ view_filter ] --START--
INFO: Run ContentReplace Behavior [ RunTime:-0.051594s ]
INFO: Run TokenBuild Behavior [ RunTime:-0.053913s ]
INFO: Run WriteHtmlCache Behavior [ RunTime:-0.056767s ]
INFO: Run ShowRuntime Behavior [ RunTime:-0.058515s ]
INFO: [ view_filter ] --END-- [ RunTime:0.011627s ]
INFO: [ view_end ] --START--
INFO: Run ShowPageTrace Behavior [ RunTime:-0.065307s ]
INFO: [ view_end ] --END-- [ RunTime:0.003959s ]

[ 2012-11-28T00:44:28+08:00 ] 127.0.0.1 /blog/Home/loadFeed
INFO: [ route_check ] --START--
INFO: Run CheckRoute Behavior [ RunTime:0.002327s ]
INFO: [ route_check ] --END-- [ RunTime:0.003591s ]
INFO: [ app_begin ] --START--
INFO: Run ReadHtmlCache Behavior [ RunTime:-0.005708s ]
INFO: [ app_begin ] --END-- [ RunTime:0.003192s ]

[ 2012-11-28T00:44:29+08:00 ] 127.0.0.1 /blog/Home/link
INFO: [ route_check ] --START--
INFO: Run CheckRoute Behavior [ RunTime:0.002262s ]
INFO: [ route_check ] --END-- [ RunTime:0.003468s ]
INFO: [ app_begin ] --START--
INFO: Run ReadHtmlCache Behavior [ RunTime:-0.006432s ]
INFO: [ app_begin ] --END-- [ RunTime:0.003759s ]
INFO: [ view_template ] --START--
INFO: Run LocationTemplate Behavior [ RunTime:-0.016711s ]
INFO: [ view_template ] --END-- [ RunTime:0.003385s ]
INFO: [ view_parse ] --START--
INFO: Run ParseTemplate Behavior [ RunTime:-0.021209s ]
INFO: [ view_parse ] --END-- [ RunTime:0.052533s ]
INFO: [ view_filter ] --START--
INFO: Run ContentReplace Behavior [ RunTime:-0.074698s ]
INFO: Run TokenBuild Behavior [ RunTime:-0.077173s ]
INFO: Run WriteHtmlCache Behavior [ RunTime:-0.080030s ]
INFO: Run ShowRuntime Behavior [ RunTime:-0.081631s ]
INFO: [ view_filter ] --END-- [ RunTime:0.011096s ]
INFO: [ view_end ] --START--
INFO: Run ShowPageTrace Behavior [ RunTime:-0.087369s ]
INFO: [ view_end ] --END-- [ RunTime:0.003356s ]

[ 2012-11-28T00:44:30+08:00 ] ERR: (ThinkException) 非法操作:themes
[ 2012-11-28T00:44:30+08:00 ] 127.0.0.1 /blog/Home//themes/default/iframe.css
INFO: [ route_check ] --START--
INFO: Run CheckRoute Behavior [ RunTime:0.002832s ]
INFO: [ route_check ] --END-- [ RunTime:0.004298s ]
INFO: [ app_begin ] --START--
INFO: Run ReadHtmlCache Behavior [ RunTime:-0.007022s ]
INFO: [ app_begin ] --END-- [ RunTime:0.004197s ]
NOTIC: [8] Undefined index: class E:\workspace\webApplication\blog\ThinkPHP\Lib\Core\ThinkException.class.php 第 63 行.
NOTIC: [8] Undefined index: type E:\workspace\webApplication\blog\ThinkPHP\Lib\Core\ThinkException.class.php 第 63 行.
NOTIC: [8] Undefined index: file E:\workspace\webApplication\blog\ThinkPHP\Lib\Core\ThinkException.class.php 第 62 行.
NOTIC: [8] Undefined index: line E:\workspace\webApplication\blog\ThinkPHP\Lib\Core\ThinkException.class.php 第 62 行.
NOTIC: [4096] Object of class HomeAction could not be converted to string E:\workspace\webApplication\blog\ThinkPHP\Lib\Core\ThinkException.class.php 第 64 行.
NOTIC: [8] Array to string conversion E:\workspace\webApplication\blog\ThinkPHP\Lib\Core\ThinkException.class.php 第 64 行.
NOTIC: [8] Undefined index: class E:\workspace\webApplication\blog\ThinkPHP\Lib\Core\ThinkException.class.php 第 63 行.
NOTIC: [8] Undefined index: type E:\workspace\webApplication\blog\ThinkPHP\Lib\Core\ThinkException.class.php 第 63 行.
NOTIC: [8] Undefined index: class E:\workspace\webApplication\blog\ThinkPHP\Lib\Core\ThinkException.class.php 第 63 行.
NOTIC: [8] Undefined index: type E:\workspace\webApplication\blog\ThinkPHP\Lib\Core\ThinkException.class.php 第 63 行.

[ 2012-11-28T00:44:31+08:00 ] 127.0.0.1 /blog/Home/loadFeed
INFO: [ route_check ] --START--
INFO: Run CheckRoute Behavior [ RunTime:0.002157s ]
INFO: [ route_check ] --END-- [ RunTime:0.003317s ]
INFO: [ app_begin ] --START--
INFO: Run ReadHtmlCache Behavior [ RunTime:-0.006468s ]
INFO: [ app_begin ] --END-- [ RunTime:0.003677s ]

[ 2012-11-28T00:44:35+08:00 ] 127.0.0.1 /blog/Home/text
INFO: [ route_check ] --START--
INFO: Run CheckRoute Behavior [ RunTime:0.002267s ]
INFO: [ route_check ] --END-- [ RunTime:0.003422s ]
INFO: [ app_begin ] --START--
INFO: Run ReadHtmlCache Behavior [ RunTime:-0.006307s ]
INFO: [ app_begin ] --END-- [ RunTime:0.003707s ]
INFO: [ view_template ] --START--
INFO: Run LocationTemplate Behavior [ RunTime:-0.016637s ]
INFO: [ view_template ] --END-- [ RunTime:0.003400s ]
INFO: [ view_parse ] --START--
INFO: Run ParseTemplate Behavior [ RunTime:-0.021146s ]
INFO: [ view_parse ] --END-- [ RunTime:0.046646s ]
INFO: [ view_filter ] --START--
INFO: Run ContentReplace Behavior [ RunTime:-0.068867s ]
INFO: Run TokenBuild Behavior [ RunTime:-0.071347s ]
INFO: Run WriteHtmlCache Behavior [ RunTime:-0.074227s ]
INFO: Run ShowRuntime Behavior [ RunTime:-0.075897s ]
INFO: [ view_filter ] --END-- [ RunTime:0.011314s ]
INFO: [ view_end ] --START--
INFO: Run ShowPageTrace Behavior [ RunTime:-0.081594s ]
INFO: [ view_end ] --END-- [ RunTime:0.003374s ]

[ 2012-11-28T00:44:35+08:00 ] ERR: (ThinkException) 非法操作:themes
[ 2012-11-28T00:44:35+08:00 ] 127.0.0.1 /blog/Home//themes/default/iframe.css
INFO: [ route_check ] --START--
INFO: Run CheckRoute Behavior [ RunTime:0.002488s ]
INFO: [ route_check ] --END-- [ RunTime:0.004202s ]
INFO: [ app_begin ] --START--
INFO: Run ReadHtmlCache Behavior [ RunTime:-0.011935s ]
INFO: [ app_begin ] --END-- [ RunTime:0.005163s ]
NOTIC: [8] Undefined index: class E:\workspace\webApplication\blog\ThinkPHP\Lib\Core\ThinkException.class.php 第 63 行.
NOTIC: [8] Undefined index: type E:\workspace\webApplication\blog\ThinkPHP\Lib\Core\ThinkException.class.php 第 63 行.
NOTIC: [8] Undefined index: file E:\workspace\webApplication\blog\ThinkPHP\Lib\Core\ThinkException.class.php 第 62 行.
NOTIC: [8] Undefined index: line E:\workspace\webApplication\blog\ThinkPHP\Lib\Core\ThinkException.class.php 第 62 行.
NOTIC: [4096] Object of class HomeAction could not be converted to string E:\workspace\webApplication\blog\ThinkPHP\Lib\Core\ThinkException.class.php 第 64 行.
NOTIC: [8] Array to string conversion E:\workspace\webApplication\blog\ThinkPHP\Lib\Core\ThinkException.class.php 第 64 行.
NOTIC: [8] Undefined index: class E:\workspace\webApplication\blog\ThinkPHP\Lib\Core\ThinkException.class.php 第 63 行.
NOTIC: [8] Undefined index: type E:\workspace\webApplication\blog\ThinkPHP\Lib\Core\ThinkException.class.php 第 63 行.
NOTIC: [8] Undefined index: class E:\workspace\webApplication\blog\ThinkPHP\Lib\Core\ThinkException.class.php 第 63 行.
NOTIC: [8] Undefined index: type E:\workspace\webApplication\blog\ThinkPHP\Lib\Core\ThinkException.class.php 第 63 行.

[ 2012-11-28T00:44:37+08:00 ] 127.0.0.1 /blog/Home/loadFeed
INFO: [ route_check ] --START--
INFO: Run CheckRoute Behavior [ RunTime:0.003679s ]
INFO: [ route_check ] --END-- [ RunTime:0.005682s ]
INFO: [ app_begin ] --START--
INFO: Run ReadHtmlCache Behavior [ RunTime:-0.007423s ]
INFO: [ app_begin ] --END-- [ RunTime:0.003233s ]

[ 2012-11-28T09:33:04+08:00 ] 127.0.0.1 /blog/
INFO: [ app_begin ] --START--
INFO: Run ReadHtmlCache Behavior [ RunTime:0.045790s ]
INFO: [ app_begin ] --END-- [ RunTime:0.074487s ]

[ 2012-11-28T09:33:05+08:00 ] 127.0.0.1 /blog/Login/login
INFO: [ route_check ] --START--
INFO: Run CheckRoute Behavior [ RunTime:0.028607s ]
INFO: [ route_check ] --END-- [ RunTime:0.029041s ]
INFO: [ app_begin ] --START--
INFO: Run ReadHtmlCache Behavior [ RunTime:-0.002085s ]
INFO: [ app_begin ] --END-- [ RunTime:0.001813s ]
INFO: [ view_template ] --START--
INFO: Run LocationTemplate Behavior [ RunTime:-0.058879s ]
INFO: [ view_template ] --END-- [ RunTime:0.086013s ]
INFO: [ view_parse ] --START--
INFO: Run ParseTemplate Behavior [ RunTime:-0.145292s ]
INFO: [ view_parse ] --END-- [ RunTime:0.203425s ]
INFO: [ view_filter ] --START--
INFO: Run ContentReplace Behavior [ RunTime:-0.349177s ]
INFO: Run TokenBuild Behavior [ RunTime:-0.356521s ]
INFO: Run WriteHtmlCache Behavior [ RunTime:-0.360135s ]
INFO: Run ShowRuntime Behavior [ RunTime:-0.399495s ]
INFO: [ view_filter ] --END-- [ RunTime:0.053252s ]
INFO: [ view_end ] --START--
INFO: Run ShowPageTrace Behavior [ RunTime:-0.402863s ]
INFO: [ view_end ] --END-- [ RunTime:0.002588s ]

[ 2012-11-28T09:33:05+08:00 ] ERR: (ThinkException) 无法加载模块:Tpl
[ 2012-11-28T09:33:11+08:00 ] 127.0.0.1 /blog/Login/loginCheck
INFO: [ route_check ] --START--
INFO: Run CheckRoute Behavior [ RunTime:0.001434s ]
INFO: [ route_check ] --END-- [ RunTime:0.001941s ]
INFO: [ app_begin ] --START--
INFO: Run ReadHtmlCache Behavior [ RunTime:-0.001762s ]
INFO: [ app_begin ] --END-- [ RunTime:0.001682s ]
SQL: SHOW COLUMNS FROM `blog_user` [ RunTime:0.105803s ]
SQL: SELECT * FROM `blog_user` WHERE ( `name` = 'hlr' )  [ RunTime:0.025555s ]

[ 2012-11-28T09:33:11+08:00 ] 127.0.0.1 /blog/Home/home
INFO: [ route_check ] --START--
INFO: Run CheckRoute Behavior [ RunTime:0.001678s ]
INFO: [ route_check ] --END-- [ RunTime:0.002095s ]
INFO: [ app_begin ] --START--
INFO: Run ReadHtmlCache Behavior [ RunTime:-0.001862s ]
INFO: [ app_begin ] --END-- [ RunTime:0.001667s ]
INFO: [ view_template ] --START--
INFO: Run LocationTemplate Behavior [ RunTime:-0.081887s ]
INFO: [ view_template ] --END-- [ RunTime:0.060188s ]
INFO: [ view_parse ] --START--
NOTIC: [8] Undefined variable: home_self_music E:\workspace\webApplication\blog\Runtime\Cache\7e66580c47f9b1911a04bb9d9c96d7a2.php 第 36 行.
INFO: Run ParseTemplate Behavior [ RunTime:-0.142547s ]
INFO: [ view_parse ] --END-- [ RunTime:0.020191s ]
INFO: [ view_filter ] --START--
INFO: Run ContentReplace Behavior [ RunTime:-0.163004s ]
INFO: Run TokenBuild Behavior [ RunTime:-0.164269s ]
INFO: Run WriteHtmlCache Behavior [ RunTime:-0.166536s ]
INFO: Run ShowRuntime Behavior [ RunTime:-0.167582s ]
INFO: [ view_filter ] --END-- [ RunTime:0.007111s ]
INFO: [ view_end ] --START--
INFO: Run ShowPageTrace Behavior [ RunTime:-0.170739s ]
INFO: [ view_end ] --END-- [ RunTime:0.002698s ]

[ 2012-11-28T09:33:12+08:00 ] 127.0.0.1 /blog/Home/loadFeed
INFO: [ route_check ] --START--
INFO: Run CheckRoute Behavior [ RunTime:0.002109s ]
INFO: [ route_check ] --END-- [ RunTime:0.002622s ]
INFO: [ app_begin ] --START--
INFO: Run ReadHtmlCache Behavior [ RunTime:-0.001796s ]
INFO: [ app_begin ] --END-- [ RunTime:0.001374s ]

[ 2012-11-28T09:33:12+08:00 ] 127.0.0.1 /blog/Home/text
INFO: [ route_check ] --START--
INFO: Run CheckRoute Behavior [ RunTime:0.001043s ]
INFO: [ route_check ] --END-- [ RunTime:0.001290s ]
INFO: [ app_begin ] --START--
INFO: Run ReadHtmlCache Behavior [ RunTime:-0.001122s ]
INFO: [ app_begin ] --END-- [ RunTime:0.001007s ]
INFO: [ view_template ] --START--
INFO: Run LocationTemplate Behavior [ RunTime:-0.004203s ]
INFO: [ view_template ] --END-- [ RunTime:0.034784s ]
INFO: [ view_parse ] --START--
INFO: Run ParseTemplate Behavior [ RunTime:-0.039533s ]
INFO: [ view_parse ] --END-- [ RunTime:0.050947s ]
INFO: [ view_filter ] --START--
INFO: Run ContentReplace Behavior [ RunTime:-0.090797s ]
INFO: Run TokenBuild Behavior [ RunTime:-0.092068s ]
INFO: Run WriteHtmlCache Behavior [ RunTime:-0.093445s ]
INFO: Run ShowRuntime Behavior [ RunTime:-0.094315s ]
INFO: [ view_filter ] --END-- [ RunTime:0.005497s ]
INFO: [ view_end ] --START--
INFO: Run ShowPageTrace Behavior [ RunTime:-0.096747s ]
INFO: [ view_end ] --END-- [ RunTime:0.001653s ]

[ 2012-11-28T09:33:13+08:00 ] ERR: (ThinkException) 非法操作:themes
[ 2012-11-28T09:33:13+08:00 ] 127.0.0.1 /blog/Home//themes/default/iframe.css
INFO: [ route_check ] --START--
INFO: Run CheckRoute Behavior [ RunTime:0.001500s ]
INFO: [ route_check ] --END-- [ RunTime:0.001898s ]
INFO: [ app_begin ] --START--
INFO: Run ReadHtmlCache Behavior [ RunTime:-0.002118s ]
INFO: [ app_begin ] --END-- [ RunTime:0.001946s ]
NOTIC: [8] Undefined index: class E:\workspace\webApplication\blog\ThinkPHP\Lib\Core\ThinkException.class.php 第 63 行.
NOTIC: [8] Undefined index: type E:\workspace\webApplication\blog\ThinkPHP\Lib\Core\ThinkException.class.php 第 63 行.
NOTIC: [8] Undefined index: file E:\workspace\webApplication\blog\ThinkPHP\Lib\Core\ThinkException.class.php 第 62 行.
NOTIC: [8] Undefined index: line E:\workspace\webApplication\blog\ThinkPHP\Lib\Core\ThinkException.class.php 第 62 行.
NOTIC: [4096] Object of class HomeAction could not be converted to string E:\workspace\webApplication\blog\ThinkPHP\Lib\Core\ThinkException.class.php 第 64 行.
NOTIC: [8] Array to string conversion E:\workspace\webApplication\blog\ThinkPHP\Lib\Core\ThinkException.class.php 第 64 行.
NOTIC: [8] Undefined index: class E:\workspace\webApplication\blog\ThinkPHP\Lib\Core\ThinkException.class.php 第 63 行.
NOTIC: [8] Undefined index: type E:\workspace\webApplication\blog\ThinkPHP\Lib\Core\ThinkException.class.php 第 63 行.
NOTIC: [8] Undefined index: class E:\workspace\webApplication\blog\ThinkPHP\Lib\Core\ThinkException.class.php 第 63 行.
NOTIC: [8] Undefined index: type E:\workspace\webApplication\blog\ThinkPHP\Lib\Core\ThinkException.class.php 第 63 行.

[ 2012-11-28T09:40:14+08:00 ] 127.0.0.1 /blog/Home/loadFeed
INFO: [ route_check ] --START--
INFO: Run CheckRoute Behavior [ RunTime:0.001551s ]
INFO: [ route_check ] --END-- [ RunTime:0.001845s ]
INFO: [ app_begin ] --START--
INFO: Run ReadHtmlCache Behavior [ RunTime:-0.001529s ]
INFO: [ app_begin ] --END-- [ RunTime:0.001479s ]

[ 2012-11-28T09:40:15+08:00 ] 127.0.0.1 /blog/Home/video
INFO: [ route_check ] --START--
INFO: Run CheckRoute Behavior [ RunTime:0.001150s ]
INFO: [ route_check ] --END-- [ RunTime:0.001427s ]
INFO: [ app_begin ] --START--
INFO: Run ReadHtmlCache Behavior [ RunTime:-0.001393s ]
INFO: [ app_begin ] --END-- [ RunTime:0.001267s ]
INFO: [ view_template ] --START--
INFO: Run LocationTemplate Behavior [ RunTime:-0.005107s ]
INFO: [ view_template ] --END-- [ RunTime:0.022350s ]
INFO: [ view_parse ] --START--
INFO: Run ParseTemplate Behavior [ RunTime:-0.027750s ]
INFO: [ view_parse ] --END-- [ RunTime:0.024468s ]
INFO: [ view_filter ] --START--
INFO: Run ContentReplace Behavior [ RunTime:-0.052396s ]
INFO: Run TokenBuild Behavior [ RunTime:-0.053334s ]
INFO: Run WriteHtmlCache Behavior [ RunTime:-0.054321s ]
INFO: Run ShowRuntime Behavior [ RunTime:-0.055006s ]
INFO: [ view_filter ] --END-- [ RunTime:0.003959s ]
INFO: [ view_end ] --START--
INFO: Run ShowPageTrace Behavior [ RunTime:-0.056690s ]
INFO: [ view_end ] --END-- [ RunTime:0.001265s ]

[ 2012-11-28T09:40:16+08:00 ] ERR: (ThinkException) 非法操作:themes
[ 2012-11-28T09:40:16+08:00 ] 127.0.0.1 /blog/Home//themes/default/iframe.css
INFO: [ route_check ] --START--
INFO: Run CheckRoute Behavior [ RunTime:0.001223s ]
INFO: [ route_check ] --END-- [ RunTime:0.001528s ]
INFO: [ app_begin ] --START--
INFO: Run ReadHtmlCache Behavior [ RunTime:-0.001380s ]
INFO: [ app_begin ] --END-- [ RunTime:0.001206s ]
NOTIC: [8] Undefined index: class E:\workspace\webApplication\blog\ThinkPHP\Lib\Core\ThinkException.class.php 第 63 行.
NOTIC: [8] Undefined index: type E:\workspace\webApplication\blog\ThinkPHP\Lib\Core\ThinkException.class.php 第 63 行.
NOTIC: [8] Undefined index: file E:\workspace\webApplication\blog\ThinkPHP\Lib\Core\ThinkException.class.php 第 62 行.
NOTIC: [8] Undefined index: line E:\workspace\webApplication\blog\ThinkPHP\Lib\Core\ThinkException.class.php 第 62 行.
NOTIC: [4096] Object of class HomeAction could not be converted to string E:\workspace\webApplication\blog\ThinkPHP\Lib\Core\ThinkException.class.php 第 64 行.
NOTIC: [8] Array to string conversion E:\workspace\webApplication\blog\ThinkPHP\Lib\Core\ThinkException.class.php 第 64 行.
NOTIC: [8] Undefined index: class E:\workspace\webApplication\blog\ThinkPHP\Lib\Core\ThinkException.class.php 第 63 行.
NOTIC: [8] Undefined index: type E:\workspace\webApplication\blog\ThinkPHP\Lib\Core\ThinkException.class.php 第 63 行.
NOTIC: [8] Undefined index: class E:\workspace\webApplication\blog\ThinkPHP\Lib\Core\ThinkException.class.php 第 63 行.
NOTIC: [8] Undefined index: type E:\workspace\webApplication\blog\ThinkPHP\Lib\Core\ThinkException.class.php 第 63 行.

[ 2012-11-28T09:44:46+08:00 ] 127.0.0.1 /blog/Home/loadFeed
INFO: [ route_check ] --START--
INFO: Run CheckRoute Behavior [ RunTime:0.001426s ]
INFO: [ route_check ] --END-- [ RunTime:0.001719s ]
INFO: [ app_begin ] --START--
INFO: Run ReadHtmlCache Behavior [ RunTime:-0.001385s ]
INFO: [ app_begin ] --END-- [ RunTime:0.001217s ]

[ 2012-11-28T09:44:46+08:00 ] 127.0.0.1 /blog/Home/text
INFO: [ route_check ] --START--
INFO: Run CheckRoute Behavior [ RunTime:0.001348s ]
INFO: [ route_check ] --END-- [ RunTime:0.001675s ]
INFO: [ app_begin ] --START--
INFO: Run ReadHtmlCache Behavior [ RunTime:-0.001459s ]
INFO: [ app_begin ] --END-- [ RunTime:0.001328s ]
INFO: [ view_template ] --START--
INFO: Run LocationTemplate Behavior [ RunTime:-0.005449s ]
INFO: [ view_template ] --END-- [ RunTime:0.001645s ]
INFO: [ view_parse ] --START--
INFO: Run ParseTemplate Behavior [ RunTime:-0.007367s ]
INFO: [ view_parse ] --END-- [ RunTime:0.013818s ]
INFO: [ view_filter ] --START--
INFO: Run ContentReplace Behavior [ RunTime:-0.021385s ]
INFO: Run TokenBuild Behavior [ RunTime:-0.022401s ]
INFO: Run WriteHtmlCache Behavior [ RunTime:-0.023506s ]
INFO: Run ShowRuntime Behavior [ RunTime:-0.024260s ]
INFO: [ view_filter ] --END-- [ RunTime:0.004423s ]
INFO: [ view_end ] --START--
INFO: Run ShowPageTrace Behavior [ RunTime:-0.026156s ]
INFO: [ view_end ] --END-- [ RunTime:0.001440s ]

[ 2012-11-28T09:44:46+08:00 ] ERR: (ThinkException) 非法操作:themes
[ 2012-11-28T09:44:46+08:00 ] 127.0.0.1 /blog/Home//themes/default/iframe.css
INFO: [ route_check ] --START--
INFO: Run CheckRoute Behavior [ RunTime:0.001160s ]
INFO: [ route_check ] --END-- [ RunTime:0.001459s ]
INFO: [ app_begin ] --START--
INFO: Run ReadHtmlCache Behavior [ RunTime:-0.001290s ]
INFO: [ app_begin ] --END-- [ RunTime:0.001221s ]
NOTIC: [8] Undefined index: class E:\workspace\webApplication\blog\ThinkPHP\Lib\Core\ThinkException.class.php 第 63 行.
NOTIC: [8] Undefined index: type E:\workspace\webApplication\blog\ThinkPHP\Lib\Core\ThinkException.class.php 第 63 行.
NOTIC: [8] Undefined index: file E:\workspace\webApplication\blog\ThinkPHP\Lib\Core\ThinkException.class.php 第 62 行.
NOTIC: [8] Undefined index: line E:\workspace\webApplication\blog\ThinkPHP\Lib\Core\ThinkException.class.php 第 62 行.
NOTIC: [4096] Object of class HomeAction could not be converted to string E:\workspace\webApplication\blog\ThinkPHP\Lib\Core\ThinkException.class.php 第 64 行.
NOTIC: [8] Array to string conversion E:\workspace\webApplication\blog\ThinkPHP\Lib\Core\ThinkException.class.php 第 64 行.
NOTIC: [8] Undefined index: class E:\workspace\webApplication\blog\ThinkPHP\Lib\Core\ThinkException.class.php 第 63 行.
NOTIC: [8] Undefined index: type E:\workspace\webApplication\blog\ThinkPHP\Lib\Core\ThinkException.class.php 第 63 行.
NOTIC: [8] Undefined index: class E:\workspace\webApplication\blog\ThinkPHP\Lib\Core\ThinkException.class.php 第 63 行.
NOTIC: [8] Undefined index: type E:\workspace\webApplication\blog\ThinkPHP\Lib\Core\ThinkException.class.php 第 63 行.

[ 2012-11-28T09:50:15+08:00 ] 127.0.0.1 /blog/Home/loadFeed
INFO: [ route_check ] --START--
INFO: Run CheckRoute Behavior [ RunTime:0.001568s ]
INFO: [ route_check ] --END-- [ RunTime:0.001886s ]
INFO: [ app_begin ] --START--
INFO: Run ReadHtmlCache Behavior [ RunTime:-0.001566s ]
INFO: [ app_begin ] --END-- [ RunTime:0.001451s ]

[ 2012-11-28T09:50:17+08:00 ] 127.0.0.1 /blog/Home/video
INFO: [ route_check ] --START--
INFO: Run CheckRoute Behavior [ RunTime:0.002188s ]
INFO: [ route_check ] --END-- [ RunTime:0.002687s ]
INFO: [ app_begin ] --START--
INFO: Run ReadHtmlCache Behavior [ RunTime:-0.002365s ]
INFO: [ app_begin ] --END-- [ RunTime:0.002161s ]
INFO: [ view_template ] --START--
INFO: Run LocationTemplate Behavior [ RunTime:-0.008728s ]
INFO: [ view_template ] --END-- [ RunTime:0.002636s ]
INFO: [ view_parse ] --START--
INFO: Run ParseTemplate Behavior [ RunTime:-0.011796s ]
INFO: [ view_parse ] --END-- [ RunTime:0.015225s ]
INFO: [ view_filter ] --START--
INFO: Run ContentReplace Behavior [ RunTime:-0.027129s ]
INFO: Run TokenBuild Behavior [ RunTime:-0.028161s ]
INFO: Run WriteHtmlCache Behavior [ RunTime:-0.029330s ]
INFO: Run ShowRuntime Behavior [ RunTime:-0.030202s ]
INFO: [ view_filter ] --END-- [ RunTime:0.004771s ]
INFO: [ view_end ] --START--
INFO: Run ShowPageTrace Behavior [ RunTime:-0.032319s ]
INFO: [ view_end ] --END-- [ RunTime:0.001469s ]

[ 2012-11-28T09:50:17+08:00 ] ERR: (ThinkException) 非法操作:themes
[ 2012-11-28T09:50:17+08:00 ] 127.0.0.1 /blog/Home//themes/default/iframe.css
INFO: [ route_check ] --START--
INFO: Run CheckRoute Behavior [ RunTime:0.002306s ]
INFO: [ route_check ] --END-- [ RunTime:0.002747s ]
INFO: [ app_begin ] --START--
INFO: Run ReadHtmlCache Behavior [ RunTime:-0.002049s ]
INFO: [ app_begin ] --END-- [ RunTime:0.002031s ]
NOTIC: [8] Undefined index: class E:\workspace\webApplication\blog\ThinkPHP\Lib\Core\ThinkException.class.php 第 63 行.
NOTIC: [8] Undefined index: type E:\workspace\webApplication\blog\ThinkPHP\Lib\Core\ThinkException.class.php 第 63 行.
NOTIC: [8] Undefined index: file E:\workspace\webApplication\blog\ThinkPHP\Lib\Core\ThinkException.class.php 第 62 行.
NOTIC: [8] Undefined index: line E:\workspace\webApplication\blog\ThinkPHP\Lib\Core\ThinkException.class.php 第 62 行.
NOTIC: [4096] Object of class HomeAction could not be converted to string E:\workspace\webApplication\blog\ThinkPHP\Lib\Core\ThinkException.class.php 第 64 行.
NOTIC: [8] Array to string conversion E:\workspace\webApplication\blog\ThinkPHP\Lib\Core\ThinkException.class.php 第 64 行.
NOTIC: [8] Undefined index: class E:\workspace\webApplication\blog\ThinkPHP\Lib\Core\ThinkException.class.php 第 63 行.
NOTIC: [8] Undefined index: type E:\workspace\webApplication\blog\ThinkPHP\Lib\Core\ThinkException.class.php 第 63 行.
NOTIC: [8] Undefined index: class E:\workspace\webApplication\blog\ThinkPHP\Lib\Core\ThinkException.class.php 第 63 行.
NOTIC: [8] Undefined index: type E:\workspace\webApplication\blog\ThinkPHP\Lib\Core\ThinkException.class.php 第 63 行.

[ 2012-11-28T09:50:19+08:00 ] 127.0.0.1 /blog/Home/loadFeed
INFO: [ route_check ] --START--
INFO: Run CheckRoute Behavior [ RunTime:0.001294s ]
INFO: [ route_check ] --END-- [ RunTime:0.001615s ]
INFO: [ app_begin ] --START--
INFO: Run ReadHtmlCache Behavior [ RunTime:-0.001376s ]
INFO: [ app_begin ] --END-- [ RunTime:0.001274s ]

[ 2012-11-28T09:50:19+08:00 ] 127.0.0.1 /blog/Home/link
INFO: [ route_check ] --START--
INFO: Run CheckRoute Behavior [ RunTime:0.001706s ]
INFO: [ route_check ] --END-- [ RunTime:0.002113s ]
INFO: [ app_begin ] --START--
INFO: Run ReadHtmlCache Behavior [ RunTime:-0.001864s ]
INFO: [ app_begin ] --END-- [ RunTime:0.001751s ]
INFO: [ view_template ] --START--
INFO: Run LocationTemplate Behavior [ RunTime:-0.007018s ]
INFO: [ view_template ] --END-- [ RunTime:0.001995s ]
INFO: [ view_parse ] --START--
INFO: Run ParseTemplate Behavior [ RunTime:-0.009375s ]
INFO: [ view_parse ] --END-- [ RunTime:0.043870s ]
INFO: [ view_filter ] --START--
INFO: Run ContentReplace Behavior [ RunTime:-0.053524s ]
INFO: Run TokenBuild Behavior [ RunTime:-0.054687s ]
INFO: Run WriteHtmlCache Behavior [ RunTime:-0.055972s ]
INFO: Run ShowRuntime Behavior [ RunTime:-0.056793s ]
INFO: [ view_filter ] --END-- [ RunTime:0.005128s ]
INFO: [ view_end ] --START--
INFO: Run ShowPageTrace Behavior [ RunTime:-0.059126s ]
INFO: [ view_end ] --END-- [ RunTime:0.001809s ]

[ 2012-11-28T09:50:20+08:00 ] ERR: (ThinkException) 非法操作:themes
[ 2012-11-28T09:50:20+08:00 ] 127.0.0.1 /blog/Home//themes/default/iframe.css
INFO: [ route_check ] --START--
INFO: Run CheckRoute Behavior [ RunTime:0.001601s ]
INFO: [ route_check ] --END-- [ RunTime:0.001953s ]
INFO: [ app_begin ] --START--
INFO: Run ReadHtmlCache Behavior [ RunTime:-0.002153s ]
INFO: [ app_begin ] --END-- [ RunTime:0.001882s ]
NOTIC: [8] Undefined index: class E:\workspace\webApplication\blog\ThinkPHP\Lib\Core\ThinkException.class.php 第 63 行.
NOTIC: [8] Undefined index: type E:\workspace\webApplication\blog\ThinkPHP\Lib\Core\ThinkException.class.php 第 63 行.
NOTIC: [8] Undefined index: file E:\workspace\webApplication\blog\ThinkPHP\Lib\Core\ThinkException.class.php 第 62 行.
NOTIC: [8] Undefined index: line E:\workspace\webApplication\blog\ThinkPHP\Lib\Core\ThinkException.class.php 第 62 行.
NOTIC: [4096] Object of class HomeAction could not be converted to string E:\workspace\webApplication\blog\ThinkPHP\Lib\Core\ThinkException.class.php 第 64 行.
NOTIC: [8] Array to string conversion E:\workspace\webApplication\blog\ThinkPHP\Lib\Core\ThinkException.class.php 第 64 行.
NOTIC: [8] Undefined index: class E:\workspace\webApplication\blog\ThinkPHP\Lib\Core\ThinkException.class.php 第 63 行.
NOTIC: [8] Undefined index: type E:\workspace\webApplication\blog\ThinkPHP\Lib\Core\ThinkException.class.php 第 63 行.
NOTIC: [8] Undefined index: class E:\workspace\webApplication\blog\ThinkPHP\Lib\Core\ThinkException.class.php 第 63 行.
NOTIC: [8] Undefined index: type E:\workspace\webApplication\blog\ThinkPHP\Lib\Core\ThinkException.class.php 第 63 行.

[ 2012-11-28T09:50:21+08:00 ] 127.0.0.1 /blog/Home/loadFeed
INFO: [ route_check ] --START--
INFO: Run CheckRoute Behavior [ RunTime:0.001843s ]
INFO: [ route_check ] --END-- [ RunTime:0.002280s ]
INFO: [ app_begin ] --START--
INFO: Run ReadHtmlCache Behavior [ RunTime:-0.001908s ]
INFO: [ app_begin ] --END-- [ RunTime:0.001744s ]

[ 2012-11-28T09:50:21+08:00 ] 127.0.0.1 /blog/Home/picture
INFO: [ route_check ] --START--
INFO: Run CheckRoute Behavior [ RunTime:0.001761s ]
INFO: [ route_check ] --END-- [ RunTime:0.002197s ]
INFO: [ app_begin ] --START--
INFO: Run ReadHtmlCache Behavior [ RunTime:-0.002033s ]
INFO: [ app_begin ] --END-- [ RunTime:0.001827s ]
INFO: [ view_template ] --START--
INFO: Run LocationTemplate Behavior [ RunTime:-0.007782s ]
INFO: [ view_template ] --END-- [ RunTime:0.002063s ]
INFO: [ view_parse ] --START--
INFO: Run ParseTemplate Behavior [ RunTime:-0.010232s ]
INFO: [ view_parse ] --END-- [ RunTime:0.045977s ]
INFO: [ view_filter ] --START--
INFO: Run ContentReplace Behavior [ RunTime:-0.056477s ]
INFO: Run TokenBuild Behavior [ RunTime:-0.057695s ]
INFO: Run WriteHtmlCache Behavior [ RunTime:-0.058974s ]
INFO: Run ShowRuntime Behavior [ RunTime:-0.059816s ]
INFO: [ view_filter ] --END-- [ RunTime:0.005142s ]
INFO: [ view_end ] --START--
INFO: Run ShowPageTrace Behavior [ RunTime:-0.062082s ]
INFO: [ view_end ] --END-- [ RunTime:0.001661s ]

[ 2012-11-28T09:50:22+08:00 ] 127.0.0.1 /blog/Picture/fileupload
INFO: [ route_check ] --START--
INFO: Run CheckRoute Behavior [ RunTime:0.001178s ]
INFO: [ route_check ] --END-- [ RunTime:0.001463s ]
INFO: [ app_begin ] --START--
INFO: Run ReadHtmlCache Behavior [ RunTime:-0.001167s ]
INFO: [ app_begin ] --END-- [ RunTime:0.001086s ]

[ 2012-11-28T09:50:22+08:00 ] ERR: (ThinkException) 无法加载模块:Tpl
[ 2012-11-28T09:50:22+08:00 ] ERR: (ThinkException) 非法操作:themes
[ 2012-11-28T09:50:22+08:00 ] 127.0.0.1 /blog/Home//themes/default/iframe.css
INFO: [ route_check ] --START--
INFO: Run CheckRoute Behavior [ RunTime:0.001659s ]
INFO: [ route_check ] --END-- [ RunTime:0.002064s ]
INFO: [ app_begin ] --START--
INFO: Run ReadHtmlCache Behavior [ RunTime:-0.001687s ]
INFO: [ app_begin ] --END-- [ RunTime:0.001527s ]
NOTIC: [8] Undefined index: class E:\workspace\webApplication\blog\ThinkPHP\Lib\Core\ThinkException.class.php 第 63 行.
NOTIC: [8] Undefined index: type E:\workspace\webApplication\blog\ThinkPHP\Lib\Core\ThinkException.class.php 第 63 行.
NOTIC: [8] Undefined index: file E:\workspace\webApplication\blog\ThinkPHP\Lib\Core\ThinkException.class.php 第 62 行.
NOTIC: [8] Undefined index: line E:\workspace\webApplication\blog\ThinkPHP\Lib\Core\ThinkException.class.php 第 62 行.
NOTIC: [4096] Object of class HomeAction could not be converted to string E:\workspace\webApplication\blog\ThinkPHP\Lib\Core\ThinkException.class.php 第 64 行.
NOTIC: [8] Array to string conversion E:\workspace\webApplication\blog\ThinkPHP\Lib\Core\ThinkException.class.php 第 64 行.
NOTIC: [8] Undefined index: class E:\workspace\webApplication\blog\ThinkPHP\Lib\Core\ThinkException.class.php 第 63 行.
NOTIC: [8] Undefined index: type E:\workspace\webApplication\blog\ThinkPHP\Lib\Core\ThinkException.class.php 第 63 行.
NOTIC: [8] Undefined index: class E:\workspace\webApplication\blog\ThinkPHP\Lib\Core\ThinkException.class.php 第 63 行.
NOTIC: [8] Undefined index: type E:\workspace\webApplication\blog\ThinkPHP\Lib\Core\ThinkException.class.php 第 63 行.

[ 2012-11-28T09:50:24+08:00 ] 127.0.0.1 /blog/Home/loadFeed
INFO: [ route_check ] --START--
INFO: Run CheckRoute Behavior [ RunTime:0.001231s ]
INFO: [ route_check ] --END-- [ RunTime:0.001537s ]
INFO: [ app_begin ] --START--
INFO: Run ReadHtmlCache Behavior [ RunTime:-0.001344s ]
INFO: [ app_begin ] --END-- [ RunTime:0.001252s ]

[ 2012-11-28T09:53:34+08:00 ] 127.0.0.1 /blog/
INFO: [ app_begin ] --START--
INFO: Run ReadHtmlCache Behavior [ RunTime:0.001099s ]
INFO: [ app_begin ] --END-- [ RunTime:0.001353s ]

[ 2012-11-28T09:53:34+08:00 ] 127.0.0.1 /blog/Login/login
INFO: [ route_check ] --START--
INFO: Run CheckRoute Behavior [ RunTime:0.001148s ]
INFO: [ route_check ] --END-- [ RunTime:0.001405s ]
INFO: [ app_begin ] --START--
INFO: Run ReadHtmlCache Behavior [ RunTime:-0.001145s ]
INFO: [ app_begin ] --END-- [ RunTime:0.001046s ]

[ 2012-11-28T09:53:34+08:00 ] 127.0.0.1 /blog/Home/home
INFO: [ route_check ] --START--
INFO: Run CheckRoute Behavior [ RunTime:0.001618s ]
INFO: [ route_check ] --END-- [ RunTime:0.002057s ]
INFO: [ app_begin ] --START--
INFO: Run ReadHtmlCache Behavior [ RunTime:-0.001891s ]
INFO: [ app_begin ] --END-- [ RunTime:0.001285s ]
INFO: [ view_template ] --START--
INFO: Run LocationTemplate Behavior [ RunTime:-0.005719s ]
INFO: [ view_template ] --END-- [ RunTime:0.001412s ]
INFO: [ view_parse ] --START--
NOTIC: [8] Undefined variable: home_self_music E:\workspace\webApplication\blog\Runtime\Cache\7e66580c47f9b1911a04bb9d9c96d7a2.php 第 36 行.
INFO: Run ParseTemplate Behavior [ RunTime:-0.007344s ]
INFO: [ view_parse ] --END-- [ RunTime:0.013119s ]
INFO: [ view_filter ] --START--
INFO: Run ContentReplace Behavior [ RunTime:-0.020624s ]
INFO: Run TokenBuild Behavior [ RunTime:-0.021674s ]
INFO: Run WriteHtmlCache Behavior [ RunTime:-0.023053s ]
INFO: Run ShowRuntime Behavior [ RunTime:-0.024000s ]
INFO: [ view_filter ] --END-- [ RunTime:0.005380s ]
INFO: [ view_end ] --START--
INFO: Run ShowPageTrace Behavior [ RunTime:-0.026504s ]
INFO: [ view_end ] --END-- [ RunTime:0.001188s ]

[ 2012-11-28T09:53:35+08:00 ] 127.0.0.1 /blog/Home/loadFeed
INFO: [ route_check ] --START--
INFO: Run CheckRoute Behavior [ RunTime:0.001548s ]
INFO: [ route_check ] --END-- [ RunTime:0.001804s ]
INFO: [ app_begin ] --START--
INFO: Run ReadHtmlCache Behavior [ RunTime:-0.001096s ]
INFO: [ app_begin ] --END-- [ RunTime:0.001052s ]

[ 2012-11-28T09:56:46+08:00 ] 127.0.0.1 /blog/Home/text
INFO: [ route_check ] --START--
INFO: Run CheckRoute Behavior [ RunTime:0.001410s ]
INFO: [ route_check ] --END-- [ RunTime:0.001693s ]
INFO: [ app_begin ] --START--
INFO: Run ReadHtmlCache Behavior [ RunTime:-0.001522s ]
INFO: [ app_begin ] --END-- [ RunTime:0.001278s ]
INFO: [ view_template ] --START--
INFO: Run LocationTemplate Behavior [ RunTime:-0.005834s ]
INFO: [ view_template ] --END-- [ RunTime:0.001487s ]
INFO: [ view_parse ] --START--
INFO: Run ParseTemplate Behavior [ RunTime:-0.007562s ]
INFO: [ view_parse ] --END-- [ RunTime:0.012377s ]
INFO: [ view_filter ] --START--
INFO: Run ContentReplace Behavior [ RunTime:-0.020113s ]
INFO: Run TokenBuild Behavior [ RunTime:-0.021078s ]
INFO: Run WriteHtmlCache Behavior [ RunTime:-0.022112s ]
INFO: Run ShowRuntime Behavior [ RunTime:-0.022790s ]
INFO: [ view_filter ] --END-- [ RunTime:0.004095s ]
INFO: [ view_end ] --START--
INFO: Run ShowPageTrace Behavior [ RunTime:-0.024513s ]
INFO: [ view_end ] --END-- [ RunTime:0.001227s ]

[ 2012-11-28T09:56:46+08:00 ] ERR: (ThinkException) 非法操作:themes
[ 2012-11-28T09:56:46+08:00 ] 127.0.0.1 /blog/Home//themes/default/iframe.css
INFO: [ route_check ] --START--
INFO: Run CheckRoute Behavior [ RunTime:0.001127s ]
INFO: [ route_check ] --END-- [ RunTime:0.001391s ]
INFO: [ app_begin ] --START--
INFO: Run ReadHtmlCache Behavior [ RunTime:-0.001245s ]
INFO: [ app_begin ] --END-- [ RunTime:0.001158s ]
NOTIC: [8] Undefined index: class E:\workspace\webApplication\blog\ThinkPHP\Lib\Core\ThinkException.class.php 第 63 行.
NOTIC: [8] Undefined index: type E:\workspace\webApplication\blog\ThinkPHP\Lib\Core\ThinkException.class.php 第 63 行.
NOTIC: [8] Undefined index: file E:\workspace\webApplication\blog\ThinkPHP\Lib\Core\ThinkException.class.php 第 62 行.
NOTIC: [8] Undefined index: line E:\workspace\webApplication\blog\ThinkPHP\Lib\Core\ThinkException.class.php 第 62 行.
NOTIC: [4096] Object of class HomeAction could not be converted to string E:\workspace\webApplication\blog\ThinkPHP\Lib\Core\ThinkException.class.php 第 64 行.
NOTIC: [8] Array to string conversion E:\workspace\webApplication\blog\ThinkPHP\Lib\Core\ThinkException.class.php 第 64 行.
NOTIC: [8] Undefined index: class E:\workspace\webApplication\blog\ThinkPHP\Lib\Core\ThinkException.class.php 第 63 行.
NOTIC: [8] Undefined index: type E:\workspace\webApplication\blog\ThinkPHP\Lib\Core\ThinkException.class.php 第 63 行.
NOTIC: [8] Undefined index: class E:\workspace\webApplication\blog\ThinkPHP\Lib\Core\ThinkException.class.php 第 63 行.
NOTIC: [8] Undefined index: type E:\workspace\webApplication\blog\ThinkPHP\Lib\Core\ThinkException.class.php 第 63 行.

[ 2012-11-28T09:56:47+08:00 ] 127.0.0.1 /blog/Home/loadFeed
INFO: [ route_check ] --START--
INFO: Run CheckRoute Behavior [ RunTime:0.001279s ]
INFO: [ route_check ] --END-- [ RunTime:0.001596s ]
INFO: [ app_begin ] --START--
INFO: Run ReadHtmlCache Behavior [ RunTime:-0.001363s ]
INFO: [ app_begin ] --END-- [ RunTime:0.001251s ]

[ 2012-11-28T10:36:49+08:00 ] 127.0.0.1 /blog/Home/home
INFO: [ route_check ] --START--
INFO: Run CheckRoute Behavior [ RunTime:0.010072s ]
INFO: [ route_check ] --END-- [ RunTime:0.010525s ]
INFO: [ app_begin ] --START--
INFO: Run ReadHtmlCache Behavior [ RunTime:-0.017123s ]
INFO: [ app_begin ] --END-- [ RunTime:0.012023s ]
INFO: [ view_template ] --START--
INFO: Run LocationTemplate Behavior [ RunTime:-0.041719s ]
INFO: [ view_template ] --END-- [ RunTime:0.013887s ]
INFO: [ view_parse ] --START--
NOTIC: [8] Undefined variable: home_self_music E:\workspace\webApplication\blog\Runtime\Cache\7e66580c47f9b1911a04bb9d9c96d7a2.php 第 36 行.
INFO: Run ParseTemplate Behavior [ RunTime:-0.056081s ]
INFO: [ view_parse ] --END-- [ RunTime:0.077506s ]
INFO: [ view_filter ] --START--
INFO: Run ContentReplace Behavior [ RunTime:-0.133810s ]
INFO: Run TokenBuild Behavior [ RunTime:-0.136998s ]
INFO: Run WriteHtmlCache Behavior [ RunTime:-0.139221s ]
INFO: Run ShowRuntime Behavior [ RunTime:-0.140822s ]
INFO: [ view_filter ] --END-- [ RunTime:0.009825s ]
INFO: [ view_end ] --START--
INFO: Run ShowPageTrace Behavior [ RunTime:-0.144118s ]
INFO: [ view_end ] --END-- [ RunTime:0.002798s ]

