[ 2012-11-26T00:00:05+08:00 ] 127.0.0.1 /blog/Home/picture
INFO: [ route_check ] --START--
INFO: Run CheckRoute Behavior [ RunTime:0.002483s ]
INFO: [ route_check ] --END-- [ RunTime:0.002936s ]
INFO: [ app_begin ] --START--
INFO: Run ReadHtmlCache Behavior [ RunTime:-0.002352s ]
INFO: [ app_begin ] --END-- [ RunTime:0.002033s ]
INFO: [ view_template ] --START--
INFO: Run LocationTemplate Behavior [ RunTime:-0.008347s ]
INFO: [ view_template ] --END-- [ RunTime:0.003107s ]
INFO: [ view_parse ] --START--
INFO: Run ParseTemplate Behavior [ RunTime:-0.011992s ]
INFO: [ view_parse ] --END-- [ RunTime:0.024561s ]
INFO: [ view_filter ] --START--
INFO: Run ContentReplace Behavior [ RunTime:-0.036651s ]
INFO: Run TokenBuild Behavior [ RunTime:-0.037573s ]
INFO: Run WriteHtmlCache Behavior [ RunTime:-0.038533s ]
INFO: Run ShowRuntime Behavior [ RunTime:-0.039200s ]
INFO: [ view_filter ] --END-- [ RunTime:0.003946s ]
INFO: [ view_end ] --START--
INFO: Run ShowPageTrace Behavior [ RunTime:-0.040940s ]
INFO: [ view_end ] --END-- [ RunTime:0.002056s ]

[ 2012-11-26T00:00:05+08:00 ] ERR: (ThinkException) 非法操作:themes
[ 2012-11-26T00:00:05+08:00 ] 127.0.0.1 /blog/Home//themes/default/iframe.css
INFO: [ route_check ] --START--
INFO: Run CheckRoute Behavior [ RunTime:0.002729s ]
INFO: [ route_check ] --END-- [ RunTime:0.003316s ]
INFO: [ app_begin ] --START--
INFO: Run ReadHtmlCache Behavior [ RunTime:-0.002477s ]
INFO: [ app_begin ] --END-- [ RunTime:0.002314s ]
NOTIC: [8] Undefined index: class E:\workspace\webApplication\blog\ThinkPHP\Lib\Core\ThinkException.class.php 第 63 行.
NOTIC: [8] Undefined index: type E:\workspace\webApplication\blog\ThinkPHP\Lib\Core\ThinkException.class.php 第 63 行.
NOTIC: [8] Undefined index: file E:\workspace\webApplication\blog\ThinkPHP\Lib\Core\ThinkException.class.php 第 62 行.
NOTIC: [8] Undefined index: line E:\workspace\webApplication\blog\ThinkPHP\Lib\Core\ThinkException.class.php 第 62 行.
NOTIC: [4096] Object of class HomeAction could not be converted to string E:\workspace\webApplication\blog\ThinkPHP\Lib\Core\ThinkException.class.php 第 64 行.
NOTIC: [8] Array to string conversion E:\workspace\webApplication\blog\ThinkPHP\Lib\Core\ThinkException.class.php 第 64 行.
NOTIC: [8] Undefined index: class E:\workspace\webApplication\blog\ThinkPHP\Lib\Core\ThinkException.class.php 第 63 行.
NOTIC: [8] Undefined index: type E:\workspace\webApplication\blog\ThinkPHP\Lib\Core\ThinkException.class.php 第 63 行.
NOTIC: [8] Undefined index: class E:\workspace\webApplication\blog\ThinkPHP\Lib\Core\ThinkException.class.php 第 63 行.
NOTIC: [8] Undefined index: type E:\workspace\webApplication\blog\ThinkPHP\Lib\Core\ThinkException.class.php 第 63 行.

[ 2012-11-26T00:00:12+08:00 ] 127.0.0.1 /blog/Home/picture
INFO: [ route_check ] --START--
INFO: Run CheckRoute Behavior [ RunTime:0.001161s ]
INFO: [ route_check ] --END-- [ RunTime:0.001441s ]
INFO: [ app_begin ] --START--
INFO: Run ReadHtmlCache Behavior [ RunTime:-0.001285s ]
INFO: [ app_begin ] --END-- [ RunTime:0.001192s ]
INFO: [ view_template ] --START--
INFO: Run LocationTemplate Behavior [ RunTime:-0.004745s ]
INFO: [ view_template ] --END-- [ RunTime:0.001495s ]
INFO: [ view_parse ] --START--
INFO: Run ParseTemplate Behavior [ RunTime:-0.006533s ]
INFO: [ view_parse ] --END-- [ RunTime:0.012796s ]
INFO: [ view_filter ] --START--
INFO: Run ContentReplace Behavior [ RunTime:-0.019450s ]
INFO: Run TokenBuild Behavior [ RunTime:-0.020344s ]
INFO: Run WriteHtmlCache Behavior [ RunTime:-0.021266s ]
INFO: Run ShowRuntime Behavior [ RunTime:-0.021896s ]
INFO: [ view_filter ] --END-- [ RunTime:0.003741s ]
INFO: [ view_end ] --START--
INFO: Run ShowPageTrace Behavior [ RunTime:-0.023494s ]
INFO: [ view_end ] --END-- [ RunTime:0.001303s ]

[ 2012-11-26T00:00:12+08:00 ] ERR: (ThinkException) 非法操作:themes
[ 2012-11-26T00:00:12+08:00 ] 127.0.0.1 /blog/Home//themes/default/iframe.css
INFO: [ route_check ] --START--
INFO: Run CheckRoute Behavior [ RunTime:0.001872s ]
INFO: [ route_check ] --END-- [ RunTime:0.002358s ]
INFO: [ app_begin ] --START--
INFO: Run ReadHtmlCache Behavior [ RunTime:-0.002983s ]
INFO: [ app_begin ] --END-- [ RunTime:0.002380s ]
NOTIC: [8] Undefined index: class E:\workspace\webApplication\blog\ThinkPHP\Lib\Core\ThinkException.class.php 第 63 行.
NOTIC: [8] Undefined index: type E:\workspace\webApplication\blog\ThinkPHP\Lib\Core\ThinkException.class.php 第 63 行.
NOTIC: [8] Undefined index: file E:\workspace\webApplication\blog\ThinkPHP\Lib\Core\ThinkException.class.php 第 62 行.
NOTIC: [8] Undefined index: line E:\workspace\webApplication\blog\ThinkPHP\Lib\Core\ThinkException.class.php 第 62 行.
NOTIC: [4096] Object of class HomeAction could not be converted to string E:\workspace\webApplication\blog\ThinkPHP\Lib\Core\ThinkException.class.php 第 64 行.
NOTIC: [8] Array to string conversion E:\workspace\webApplication\blog\ThinkPHP\Lib\Core\ThinkException.class.php 第 64 行.
NOTIC: [8] Undefined index: class E:\workspace\webApplication\blog\ThinkPHP\Lib\Core\ThinkException.class.php 第 63 行.
NOTIC: [8] Undefined index: type E:\workspace\webApplication\blog\ThinkPHP\Lib\Core\ThinkException.class.php 第 63 行.
NOTIC: [8] Undefined index: class E:\workspace\webApplication\blog\ThinkPHP\Lib\Core\ThinkException.class.php 第 63 行.
NOTIC: [8] Undefined index: type E:\workspace\webApplication\blog\ThinkPHP\Lib\Core\ThinkException.class.php 第 63 行.

[ 2012-11-26T00:00:17+08:00 ] 127.0.0.1 /blog/Home/picture
INFO: [ route_check ] --START--
INFO: Run CheckRoute Behavior [ RunTime:0.001179s ]
INFO: [ route_check ] --END-- [ RunTime:0.001452s ]
INFO: [ app_begin ] --START--
INFO: Run ReadHtmlCache Behavior [ RunTime:-0.001244s ]
INFO: [ app_begin ] --END-- [ RunTime:0.001396s ]
INFO: [ view_template ] --START--
INFO: Run LocationTemplate Behavior [ RunTime:-0.005346s ]
INFO: [ view_template ] --END-- [ RunTime:0.001077s ]
INFO: [ view_parse ] --START--
INFO: Run ParseTemplate Behavior [ RunTime:-0.006923s ]
INFO: [ view_parse ] --END-- [ RunTime:0.014442s ]
INFO: [ view_filter ] --START--
INFO: Run ContentReplace Behavior [ RunTime:-0.021803s ]
INFO: Run TokenBuild Behavior [ RunTime:-0.022797s ]
INFO: Run WriteHtmlCache Behavior [ RunTime:-0.023808s ]
INFO: Run ShowRuntime Behavior [ RunTime:-0.024340s ]
INFO: [ view_filter ] --END-- [ RunTime:0.004024s ]
INFO: [ view_end ] --START--
INFO: Run ShowPageTrace Behavior [ RunTime:-0.026046s ]
INFO: [ view_end ] --END-- [ RunTime:0.001167s ]

[ 2012-11-26T00:00:17+08:00 ] ERR: (ThinkException) 非法操作:themes
[ 2012-11-26T00:00:17+08:00 ] 127.0.0.1 /blog/Home//themes/default/iframe.css
INFO: [ route_check ] --START--
INFO: Run CheckRoute Behavior [ RunTime:0.001367s ]
INFO: [ route_check ] --END-- [ RunTime:0.001712s ]
INFO: [ app_begin ] --START--
INFO: Run ReadHtmlCache Behavior [ RunTime:-0.001615s ]
INFO: [ app_begin ] --END-- [ RunTime:0.001380s ]
NOTIC: [8] Undefined index: class E:\workspace\webApplication\blog\ThinkPHP\Lib\Core\ThinkException.class.php 第 63 行.
NOTIC: [8] Undefined index: type E:\workspace\webApplication\blog\ThinkPHP\Lib\Core\ThinkException.class.php 第 63 行.
NOTIC: [8] Undefined index: file E:\workspace\webApplication\blog\ThinkPHP\Lib\Core\ThinkException.class.php 第 62 行.
NOTIC: [8] Undefined index: line E:\workspace\webApplication\blog\ThinkPHP\Lib\Core\ThinkException.class.php 第 62 行.
NOTIC: [4096] Object of class HomeAction could not be converted to string E:\workspace\webApplication\blog\ThinkPHP\Lib\Core\ThinkException.class.php 第 64 行.
NOTIC: [8] Array to string conversion E:\workspace\webApplication\blog\ThinkPHP\Lib\Core\ThinkException.class.php 第 64 行.
NOTIC: [8] Undefined index: class E:\workspace\webApplication\blog\ThinkPHP\Lib\Core\ThinkException.class.php 第 63 行.
NOTIC: [8] Undefined index: type E:\workspace\webApplication\blog\ThinkPHP\Lib\Core\ThinkException.class.php 第 63 行.
NOTIC: [8] Undefined index: class E:\workspace\webApplication\blog\ThinkPHP\Lib\Core\ThinkException.class.php 第 63 行.
NOTIC: [8] Undefined index: type E:\workspace\webApplication\blog\ThinkPHP\Lib\Core\ThinkException.class.php 第 63 行.

